---------------------------------------------------------------
[ 2020-01-03T10:34:05+08:00 ] 183.14.19.24 GET /
[ info ] mojing.3sup0.top/ [运行时间：0.035104s][吞吐率：28.49req/s] [内存消耗：1,404.25kb] [文件加载：74]
[ info ] [ LANG ] /www/wwwroot/mojing/thinkphp/lang/zh-cn.php
[ info ] [ ROUTE ] array (
)
[ info ] [ HEADER ] array (
  'accept-language' => 'zh-CN,zh;q=0.9,en-US;q=0.8,en;q=0.7',
  'accept-encoding' => 'gzip, deflate',
  'referer' => 'http://zzjie.com/url/?http://mojing.3sup0.top/',
  'accept' => 'text/html,application/xhtml+xml,application/xml;q=0.9,image/webp,image/apng,*/*;q=0.8,application/signed-exchange;v=b3',
  'user-agent' => 'Mozilla/5.0 (Windows NT 10.0; Win64; x64) AppleWebKit/537.36 (KHTML, like Gecko) Chrome/78.0.3904.108 Safari/537.36 OPR/65.0.3467.78',
  'upgrade-insecure-requests' => '1',
  'connection' => 'keep-alive',
  'host' => 'mojing.3sup0.top',
  'content-type' => '',
  'content-length' => '',
)
[ info ] [ PARAM ] array (
)
[ info ] [ CACHE ] INIT File
[ info ] [ SESSION ] INIT array (
  'id' => '',
  'var_session_id' => '',
  'prefix' => 'think',
  'type' => '',
  'auto_start' => true,
  'httponly' => true,
  'secure' => false,
)
[ info ] [ LOG ] INIT File
---------------------------------------------------------------
[ 2020-01-03T10:34:05+08:00 ] 183.14.19.24 GET /index/publics/index.html
[ info ] mojing.3sup0.top/index/publics/index.html [运行时间：0.023496s][吞吐率：42.56req/s] [内存消耗：1,406.40kb] [文件加载：71]
[ info ] [ LANG ] /www/wwwroot/mojing/thinkphp/lang/zh-cn.php
[ info ] [ ROUTE ] array (
)
[ info ] [ HEADER ] array (
  'cookie' => 'PHPSESSID=upnsa3ff0k4ahhjhmccs7dmm3u',
  'accept-language' => 'zh-CN,zh;q=0.9,en-US;q=0.8,en;q=0.7',
  'accept-encoding' => 'gzip, deflate',
  'referer' => 'http://zzjie.com/url/?http://mojing.3sup0.top/',
  'accept' => 'text/html,application/xhtml+xml,application/xml;q=0.9,image/webp,image/apng,*/*;q=0.8,application/signed-exchange;v=b3',
  'user-agent' => 'Mozilla/5.0 (Windows NT 10.0; Win64; x64) AppleWebKit/537.36 (KHTML, like Gecko) Chrome/78.0.3904.108 Safari/537.36 OPR/65.0.3467.78',
  'upgrade-insecure-requests' => '1',
  'connection' => 'keep-alive',
  'host' => 'mojing.3sup0.top',
  'content-type' => '',
  'content-length' => '',
)
[ info ] [ PARAM ] array (
)
[ info ] [ CACHE ] INIT File
[ info ] [ VIEW ] /www/wwwroot/mojing/application/index/view/publics/login.html [ array (
) ]
[ info ] [ LOG ] INIT File
---------------------------------------------------------------
[ 2020-01-03T18:04:17+08:00 ] 66.249.79.176 GET /admin/login/index.html
[ info ] 103.122.92.168:9898/admin/login/index.html [运行时间：0.033901s][吞吐率：29.50req/s] [内存消耗：1,046.76kb] [文件加载：60]
[ info ] [ LANG ] /www/wwwroot/mojing/thinkphp/lang/zh-cn.php
[ info ] [ ROUTE ] array (
)
[ info ] [ HEADER ] array (
  'accept-encoding' => 'gzip,deflate,br',
  'user-agent' => 'Mozilla/5.0 (Linux; Android 6.0.1; Nexus 5X Build/MMB29P) AppleWebKit/537.36 (KHTML, like Gecko) Chrome/41.0.2272.96 Mobile Safari/537.36 (compatible; Googlebot/2.1; +http://www.google.com/bot.html)',
  'from' => 'googlebot(at)googlebot.com',
  'accept' => 'text/html,application/xhtml+xml,application/signed-exchange;v=b3,application/xml;q=0.9,*/*;q=0.8',
  'connection' => 'keep-alive',
  'amp-cache-transform' => 'google;v="1..2"',
  'host' => '103.122.92.168:9898',
  'content-type' => '',
  'content-length' => '',
)
[ info ] [ PARAM ] array (
)
[ info ] [ VIEW ] /www/wwwroot/mojing/application/admin/view/login/index.html [ array (
) ]
[ info ] [ LOG ] INIT File
---------------------------------------------------------------
[ 2020-01-03T18:58:05+08:00 ] 111.7.100.21 GET /
[ info ] mojing.3sup0.top/ [运行时间：0.038705s][吞吐率：25.84req/s] [内存消耗：1,402.98kb] [文件加载：74]
[ info ] [ LANG ] /www/wwwroot/mojing/thinkphp/lang/zh-cn.php
[ info ] [ ROUTE ] array (
)
[ info ] [ HEADER ] array (
  'connection' => 'close',
  'accept-encoding' => 'gzip',
  'user-agent' => 'Mozilla/5.0 (Windows NT 10.0; Win64; x64) AppleWebKit/537.36 (KHTML, like Gecko) Chrome/72.0.3626.119 Safari/537.36',
  'host' => 'mojing.3sup0.top',
  'content-type' => '',
  'content-length' => '',
)
[ info ] [ PARAM ] array (
)
[ info ] [ CACHE ] INIT File
[ info ] [ SESSION ] INIT array (
  'id' => '',
  'var_session_id' => '',
  'prefix' => 'think',
  'type' => '',
  'auto_start' => true,
  'httponly' => true,
  'secure' => false,
)
[ info ] [ LOG ] INIT File
---------------------------------------------------------------
[ 2020-01-03T18:58:05+08:00 ] 111.7.100.21 GET /index/publics/index.html
[ info ] mojing.3sup0.top/index/publics/index.html [运行时间：0.022498s][吞吐率：44.45req/s] [内存消耗：1,404.30kb] [文件加载：71]
[ info ] [ LANG ] /www/wwwroot/mojing/thinkphp/lang/zh-cn.php
[ info ] [ ROUTE ] array (
)
[ info ] [ HEADER ] array (
  'connection' => 'close',
  'accept-encoding' => 'gzip',
  'referer' => 'http://mojing.3sup0.top',
  'user-agent' => 'Mozilla/5.0 (Windows NT 10.0; Win64; x64) AppleWebKit/537.36 (KHTML, like Gecko) Chrome/72.0.3626.119 Safari/537.36',
  'host' => 'mojing.3sup0.top',
  'content-type' => '',
  'content-length' => '',
)
[ info ] [ PARAM ] array (
)
[ info ] [ CACHE ] INIT File
[ info ] [ VIEW ] /www/wwwroot/mojing/application/index/view/publics/login.html [ array (
) ]
[ info ] [ LOG ] INIT File
---------------------------------------------------------------
[ 2020-01-03T18:58:05+08:00 ] 111.7.100.22 GET /
[ info ] mojing.3sup0.top/ [运行时间：0.021889s][吞吐率：45.69req/s] [内存消耗：1,403.48kb] [文件加载：74]
[ info ] [ LANG ] /www/wwwroot/mojing/thinkphp/lang/zh-cn.php
[ info ] [ ROUTE ] array (
)
[ info ] [ HEADER ] array (
  'accept-encoding' => 'gzip, deflate',
  'accept' => 'text/html,application/xhtml+xml,application/xml;q=0.9,image/webp,image/apng,*/*;q=0.8,application/signed-exchange;v=b3',
  'user-agent' => 'Mozilla/5.0 (Windows NT 10.0; Win64; x64) AppleWebKit/537.36 (KHTML, like Gecko) Chrome/72.0.3626.119 Safari/537.36',
  'upgrade-insecure-requests' => '1',
  'connection' => 'keep-alive',
  'host' => 'mojing.3sup0.top',
  'content-type' => '',
  'content-length' => '',
)
[ info ] [ PARAM ] array (
)
[ info ] [ CACHE ] INIT File
[ info ] [ SESSION ] INIT array (
  'id' => '',
  'var_session_id' => '',
  'prefix' => 'think',
  'type' => '',
  'auto_start' => true,
  'httponly' => true,
  'secure' => false,
)
[ info ] [ LOG ] INIT File
---------------------------------------------------------------
[ 2020-01-03T18:58:05+08:00 ] 111.7.100.22 GET /index/publics/index.html
[ info ] mojing.3sup0.top/index/publics/index.html [运行时间：0.021884s][吞吐率：45.70req/s] [内存消耗：1,405.09kb] [文件加载：71]
[ info ] [ LANG ] /www/wwwroot/mojing/thinkphp/lang/zh-cn.php
[ info ] [ ROUTE ] array (
)
[ info ] [ HEADER ] array (
  'cookie' => 'PHPSESSID=9j4u8f721olibdjmbsat6kj3oj',
  'accept-encoding' => 'gzip, deflate',
  'accept' => 'text/html,application/xhtml+xml,application/xml;q=0.9,image/webp,image/apng,*/*;q=0.8,application/signed-exchange;v=b3',
  'user-agent' => 'Mozilla/5.0 (Windows NT 10.0; Win64; x64) AppleWebKit/537.36 (KHTML, like Gecko) Chrome/72.0.3626.119 Safari/537.36',
  'upgrade-insecure-requests' => '1',
  'connection' => 'keep-alive',
  'host' => 'mojing.3sup0.top',
  'content-type' => '',
  'content-length' => '',
)
[ info ] [ PARAM ] array (
)
[ info ] [ CACHE ] INIT File
[ info ] [ VIEW ] /www/wwwroot/mojing/application/index/view/publics/login.html [ array (
) ]
[ info ] [ LOG ] INIT File
---------------------------------------------------------------
[ 2020-01-03T19:30:46+08:00 ] 115.192.39.113 GET /
[ info ] mojing.3sup0.top/ [运行时间：0.024231s][吞吐率：41.27req/s] [内存消耗：1,404.78kb] [文件加载：74]
[ info ] [ LANG ] /www/wwwroot/mojing/thinkphp/lang/zh-cn.php
[ info ] [ ROUTE ] array (
)
[ info ] [ HEADER ] array (
  'accept-language' => 'en-US,en;q=0.9,zh;q=0.8,zh-CN;q=0.7',
  'accept-encoding' => 'gzip, deflate',
  'referer' => 'http://zzjie.com/url/?http://mojing.3sup0.top/',
  'accept' => 'text/html,application/xhtml+xml,application/xml;q=0.9,image/webp,image/apng,*/*;q=0.8,application/signed-exchange;v=b3;q=0.9',
  'user-agent' => 'Mozilla/5.0 (Windows NT 10.0; Win64; x64) AppleWebKit/537.36 (KHTML, like Gecko) Chrome/79.0.3945.88 Safari/537.36',
  'dnt' => '1',
  'upgrade-insecure-requests' => '1',
  'connection' => 'keep-alive',
  'host' => 'mojing.3sup0.top',
  'content-type' => '',
  'content-length' => '',
)
[ info ] [ PARAM ] array (
)
[ info ] [ CACHE ] INIT File
[ info ] [ SESSION ] INIT array (
  'id' => '',
  'var_session_id' => '',
  'prefix' => 'think',
  'type' => '',
  'auto_start' => true,
  'httponly' => true,
  'secure' => false,
)
[ info ] [ LOG ] INIT File
---------------------------------------------------------------
[ 2020-01-03T19:30:46+08:00 ] 115.192.39.113 GET /index/publics/index.html
[ info ] mojing.3sup0.top/index/publics/index.html [运行时间：0.022321s][吞吐率：44.80req/s] [内存消耗：1,406.42kb] [文件加载：71]
[ info ] [ LANG ] /www/wwwroot/mojing/thinkphp/lang/zh-cn.php
[ info ] [ ROUTE ] array (
)
[ info ] [ HEADER ] array (
  'cookie' => 'PHPSESSID=453ctbcu2r277sgbjjvfhmj6vc',
  'accept-language' => 'en-US,en;q=0.9,zh;q=0.8,zh-CN;q=0.7',
  'accept-encoding' => 'gzip, deflate',
  'referer' => 'http://zzjie.com/url/?http://mojing.3sup0.top/',
  'accept' => 'text/html,application/xhtml+xml,application/xml;q=0.9,image/webp,image/apng,*/*;q=0.8,application/signed-exchange;v=b3;q=0.9',
  'user-agent' => 'Mozilla/5.0 (Windows NT 10.0; Win64; x64) AppleWebKit/537.36 (KHTML, like Gecko) Chrome/79.0.3945.88 Safari/537.36',
  'dnt' => '1',
  'upgrade-insecure-requests' => '1',
  'connection' => 'keep-alive',
  'host' => 'mojing.3sup0.top',
  'content-type' => '',
  'content-length' => '',
)
[ info ] [ PARAM ] array (
)
[ info ] [ CACHE ] INIT File
[ info ] [ VIEW ] /www/wwwroot/mojing/application/index/view/publics/login.html [ array (
) ]
[ info ] [ LOG ] INIT File
---------------------------------------------------------------
[ 2020-01-03T19:31:08+08:00 ] 115.192.39.113 GET /admin/login?urlkey=6666
[ info ] mojing.3sup0.top/admin/login?urlkey=6666 [运行时间：0.016301s][吞吐率：61.35req/s] [内存消耗：1,048.11kb] [文件加载：60]
[ info ] [ LANG ] /www/wwwroot/mojing/thinkphp/lang/zh-cn.php
[ info ] [ ROUTE ] array (
)
[ info ] [ HEADER ] array (
  'cookie' => 'PHPSESSID=453ctbcu2r277sgbjjvfhmj6vc',
  'accept-language' => 'en-US,en;q=0.9,zh;q=0.8,zh-CN;q=0.7',
  'accept-encoding' => 'gzip, deflate',
  'accept' => 'text/html,application/xhtml+xml,application/xml;q=0.9,image/webp,image/apng,*/*;q=0.8,application/signed-exchange;v=b3;q=0.9',
  'user-agent' => 'Mozilla/5.0 (Windows NT 10.0; Win64; x64) AppleWebKit/537.36 (KHTML, like Gecko) Chrome/79.0.3945.88 Safari/537.36',
  'upgrade-insecure-requests' => '1',
  'dnt' => '1',
  'connection' => 'keep-alive',
  'host' => 'mojing.3sup0.top',
  'content-type' => '',
  'content-length' => '',
)
[ info ] [ PARAM ] array (
  'urlkey' => '6666',
)
[ info ] [ VIEW ] /www/wwwroot/mojing/application/admin/view/login/index.html [ array (
) ]
[ info ] [ LOG ] INIT File
---------------------------------------------------------------
[ 2020-01-03T19:31:21+08:00 ] 115.192.39.113 POST /admin/login/login.html
[ info ] mojing.3sup0.top/admin/login/login.html [运行时间：0.049139s][吞吐率：20.35req/s] [内存消耗：2,272.01kb] [文件加载：82]
[ info ] [ LANG ] /www/wwwroot/mojing/thinkphp/lang/zh-cn.php
[ info ] [ ROUTE ] array (
)
[ info ] [ HEADER ] array (
  'cookie' => 'PHPSESSID=453ctbcu2r277sgbjjvfhmj6vc',
  'accept-language' => 'en-US,en;q=0.9,zh;q=0.8,zh-CN;q=0.7',
  'accept-encoding' => 'gzip, deflate',
  'referer' => 'http://mojing.3sup0.top/admin/login?urlkey=6666',
  'content-type' => 'application/x-www-form-urlencoded; charset=UTF-8',
  'dnt' => '1',
  'user-agent' => 'Mozilla/5.0 (Windows NT 10.0; Win64; x64) AppleWebKit/537.36 (KHTML, like Gecko) Chrome/79.0.3945.88 Safari/537.36',
  'x-requested-with' => 'XMLHttpRequest',
  'origin' => 'http://mojing.3sup0.top',
  'accept' => 'application/json, text/javascript, */*; q=0.01',
  'content-length' => '30',
  'connection' => 'keep-alive',
  'host' => 'mojing.3sup0.top',
)
[ info ] [ PARAM ] array (
  'username' => 'admin',
  'password' => '123456',
)
[ info ] [ DB ] INIT mysql
[ info ] [ SESSION ] INIT array (
  'id' => '',
  'var_session_id' => '',
  'prefix' => 'think',
  'type' => '',
  'auto_start' => true,
  'httponly' => true,
  'secure' => false,
)
[ info ] [ CACHE ] INIT File
[ info ] [ LOG ] INIT File
[ sql ] [ DB ] CONNECT:[ UseTime:0.001064s ] mysql:host=127.0.0.1;port=3306;dbname=mojing;charset=utf8
[ sql ] [ SQL ] SHOW COLUMNS FROM `manage_user` [ RunTime:0.006144s ]
[ sql ] [ SQL ] SELECT * FROM `manage_user` WHERE  `manage_name` = 'admin' LIMIT 1 [ RunTime:0.001797s ]
---------------------------------------------------------------
[ 2020-01-03T19:31:21+08:00 ] 115.192.39.113 GET /admin/index/index.html
[ info ] mojing.3sup0.top/admin/index/index.html [运行时间：0.078046s][吞吐率：12.81req/s] [内存消耗：2,380.55kb] [文件加载：89]
[ info ] [ LANG ] /www/wwwroot/mojing/thinkphp/lang/zh-cn.php
[ info ] [ ROUTE ] array (
)
[ info ] [ HEADER ] array (
  'cookie' => 'PHPSESSID=453ctbcu2r277sgbjjvfhmj6vc',
  'accept-language' => 'en-US,en;q=0.9,zh;q=0.8,zh-CN;q=0.7',
  'accept-encoding' => 'gzip, deflate',
  'referer' => 'http://mojing.3sup0.top/admin/login?urlkey=6666',
  'accept' => 'text/html,application/xhtml+xml,application/xml;q=0.9,image/webp,image/apng,*/*;q=0.8,application/signed-exchange;v=b3;q=0.9',
  'user-agent' => 'Mozilla/5.0 (Windows NT 10.0; Win64; x64) AppleWebKit/537.36 (KHTML, like Gecko) Chrome/79.0.3945.88 Safari/537.36',
  'dnt' => '1',
  'upgrade-insecure-requests' => '1',
  'connection' => 'keep-alive',
  'host' => 'mojing.3sup0.top',
  'content-type' => '',
  'content-length' => '',
)
[ info ] [ PARAM ] array (
)
[ info ] [ SESSION ] INIT array (
  'id' => '',
  'var_session_id' => '',
  'prefix' => 'think',
  'type' => '',
  'auto_start' => true,
  'httponly' => true,
  'secure' => false,
)
[ info ] [ DB ] INIT mysql
[ info ] [ CACHE ] INIT File
[ info ] [ VIEW ] /www/wwwroot/mojing/application/admin/view/index/index.html [ array (
  0 => 'userLevel',
  1 => 'magic',
  2 => 'order',
  3 => 'user',
  4 => 'charge_number',
  5 => 'manage',
  6 => 'menus',
) ]
[ info ] [ LOG ] INIT File
[ sql ] [ DB ] CONNECT:[ UseTime:0.000489s ] mysql:host=127.0.0.1;port=3306;dbname=mojing;charset=utf8
[ sql ] [ SQL ] SHOW COLUMNS FROM `manage_user_group` [ RunTime:0.001382s ]
[ sql ] [ SQL ] SELECT `group_id` FROM `manage_user_group` WHERE  `user_id` = 1 [ RunTime:0.000667s ]
[ sql ] [ SQL ] SHOW COLUMNS FROM `manage_group` [ RunTime:0.012578s ]
[ sql ] [ SQL ] SELECT * FROM `manage_group` WHERE  `id` IN (1) [ RunTime:0.000887s ]
[ sql ] [ SQL ] SHOW COLUMNS FROM `user` [ RunTime:0.002319s ]
[ sql ] [ SQL ] SELECT COUNT(*) AS tp_count FROM `user` LIMIT 1 [ RunTime:0.000631s ]
[ sql ] [ SQL ] SELECT COUNT(*) AS tp_count FROM `user` WHERE  `register_time` BETWEEN 1577980800 AND 1578067200 LIMIT 1 [ RunTime:0.000537s ]
[ sql ] [ SQL ] SELECT COUNT(*) AS tp_count FROM `user` WHERE  `is_certification` = 1 LIMIT 1 [ RunTime:0.000569s ]
[ sql ] [ SQL ] SELECT COUNT(*) AS tp_count FROM `user` WHERE  `is_certification` = -1 LIMIT 1 [ RunTime:0.000535s ]
[ sql ] [ SQL ] SHOW COLUMNS FROM `orders` [ RunTime:0.001975s ]
[ sql ] [ SQL ] SELECT SUM(`charge_number`) AS tp_sum FROM `orders` WHERE  `status` = 4  AND `finish_time` < 1577980800  AND `finish_time` >= 1577894400 LIMIT 1 [ RunTime:0.001051s ]
[ sql ] [ SQL ] SELECT count(*) as total,`level` FROM user GROUP BY `level` [ RunTime:0.000460s ]
[ sql ] [ SQL ] SHOW COLUMNS FROM `user_product` [ RunTime:0.001185s ]
[ sql ] [ SQL ] SELECT COUNT(*) AS tp_count FROM `user_product` WHERE  `status` = 1 LIMIT 1 [ RunTime:0.000553s ]
[ sql ] [ SQL ] SELECT COUNT(*) AS tp_count FROM `user_product` WHERE  `status` = 0 LIMIT 1 [ RunTime:0.000280s ]
[ sql ] [ SQL ] SELECT SUM(`number`) AS tp_sum FROM `orders` WHERE  `status` = 1 LIMIT 1 [ RunTime:0.000291s ]
[ sql ] [ SQL ] SELECT SUM(`number`) AS tp_sum FROM `orders` WHERE  `status` = 2 LIMIT 1 [ RunTime:0.000285s ]
[ sql ] [ SQL ] SELECT SUM(`number`) AS tp_sum FROM `orders` WHERE  `status` = 3 LIMIT 1 [ RunTime:0.000278s ]
[ sql ] [ SQL ] SELECT SUM(`number`) AS tp_sum FROM `orders` WHERE  `status` = 4 LIMIT 1 [ RunTime:0.000475s ]
[ sql ] [ SQL ] SELECT `group_id` FROM `manage_user_group` WHERE  `user_id` = 1 [ RunTime:0.000425s ]
[ sql ] [ SQL ] SELECT * FROM `manage_group` WHERE  `id` IN (1) [ RunTime:0.000301s ]
[ sql ] [ SQL ] SHOW COLUMNS FROM `manage_menu` [ RunTime:0.001410s ]
[ sql ] [ SQL ] SELECT manage_power.path as url,`manage_menu`.* FROM `manage_menu` LEFT JOIN `manage_power` ON `manage_power`.`menu_id`=`manage_menu`.`id` WHERE  `manage_menu`.`level` IN ('1','2') ORDER BY `manage_menu`.`sort`  asc [ RunTime:0.001690s ]
---------------------------------------------------------------
[ 2020-01-03T19:31:30+08:00 ] 115.192.39.113 GET /admin/config/show
[ info ] mojing.3sup0.top/admin/config/show [运行时间：0.098573s][吞吐率：10.14req/s] [内存消耗：2,365.73kb] [文件加载：87]
[ info ] [ LANG ] /www/wwwroot/mojing/thinkphp/lang/zh-cn.php
[ info ] [ ROUTE ] array (
)
[ info ] [ HEADER ] array (
  'cookie' => 'PHPSESSID=453ctbcu2r277sgbjjvfhmj6vc',
  'accept-language' => 'en-US,en;q=0.9,zh;q=0.8,zh-CN;q=0.7',
  'accept-encoding' => 'gzip, deflate',
  'referer' => 'http://mojing.3sup0.top/admin/index/index.html',
  'accept' => 'text/html,application/xhtml+xml,application/xml;q=0.9,image/webp,image/apng,*/*;q=0.8,application/signed-exchange;v=b3;q=0.9',
  'user-agent' => 'Mozilla/5.0 (Windows NT 10.0; Win64; x64) AppleWebKit/537.36 (KHTML, like Gecko) Chrome/79.0.3945.88 Safari/537.36',
  'dnt' => '1',
  'upgrade-insecure-requests' => '1',
  'connection' => 'keep-alive',
  'host' => 'mojing.3sup0.top',
  'content-type' => '',
  'content-length' => '',
)
[ info ] [ PARAM ] array (
)
[ info ] [ SESSION ] INIT array (
  'id' => '',
  'var_session_id' => '',
  'prefix' => 'think',
  'type' => '',
  'auto_start' => true,
  'httponly' => true,
  'secure' => false,
)
[ info ] [ DB ] INIT mysql
[ info ] [ CACHE ] INIT File
[ info ] [ VIEW ] /www/wwwroot/mojing/application/admin/view/config/show.html [ array (
  0 => 'list',
  1 => 'manage',
  2 => 'menus',
) ]
[ info ] [ LOG ] INIT File
[ sql ] [ DB ] CONNECT:[ UseTime:0.001051s ] mysql:host=127.0.0.1;port=3306;dbname=mojing;charset=utf8
[ sql ] [ SQL ] SHOW COLUMNS FROM `manage_user_group` [ RunTime:0.001280s ]
[ sql ] [ SQL ] SELECT `group_id` FROM `manage_user_group` WHERE  `user_id` = 1 [ RunTime:0.000314s ]
[ sql ] [ SQL ] SHOW COLUMNS FROM `manage_group` [ RunTime:0.000756s ]
[ sql ] [ SQL ] SELECT * FROM `manage_group` WHERE  `id` IN (1) [ RunTime:0.000236s ]
[ sql ] [ SQL ] SHOW COLUMNS FROM `config` [ RunTime:0.046749s ]
[ sql ] [ SQL ] SELECT * FROM `config` WHERE  `type` = 2 [ RunTime:0.001515s ]
---------------------------------------------------------------
[ 2020-01-03T19:31:31+08:00 ] 115.192.39.113 GET /admin/config/logList
[ info ] mojing.3sup0.top/admin/config/logList [运行时间：0.064404s][吞吐率：15.53req/s] [内存消耗：2,380.41kb] [文件加载：89]
[ info ] [ LANG ] /www/wwwroot/mojing/thinkphp/lang/zh-cn.php
[ info ] [ ROUTE ] array (
)
[ info ] [ HEADER ] array (
  'cookie' => 'PHPSESSID=453ctbcu2r277sgbjjvfhmj6vc',
  'accept-language' => 'en-US,en;q=0.9,zh;q=0.8,zh-CN;q=0.7',
  'accept-encoding' => 'gzip, deflate',
  'referer' => 'http://mojing.3sup0.top/admin/config/show',
  'accept' => 'text/html,application/xhtml+xml,application/xml;q=0.9,image/webp,image/apng,*/*;q=0.8,application/signed-exchange;v=b3;q=0.9',
  'user-agent' => 'Mozilla/5.0 (Windows NT 10.0; Win64; x64) AppleWebKit/537.36 (KHTML, like Gecko) Chrome/79.0.3945.88 Safari/537.36',
  'dnt' => '1',
  'upgrade-insecure-requests' => '1',
  'connection' => 'keep-alive',
  'host' => 'mojing.3sup0.top',
  'content-type' => '',
  'content-length' => '',
)
[ info ] [ PARAM ] array (
)
[ info ] [ SESSION ] INIT array (
  'id' => '',
  'var_session_id' => '',
  'prefix' => 'think',
  'type' => '',
  'auto_start' => true,
  'httponly' => true,
  'secure' => false,
)
[ info ] [ DB ] INIT mysql
[ info ] [ CACHE ] INIT File
[ info ] [ VIEW ] /www/wwwroot/mojing/application/admin/view/config/logList.html [ array (
  0 => 'list',
  1 => 'manage',
  2 => 'menus',
) ]
[ info ] [ LOG ] INIT File
[ sql ] [ DB ] CONNECT:[ UseTime:0.000633s ] mysql:host=127.0.0.1;port=3306;dbname=mojing;charset=utf8
[ sql ] [ SQL ] SHOW COLUMNS FROM `manage_user_group` [ RunTime:0.001147s ]
[ sql ] [ SQL ] SELECT `group_id` FROM `manage_user_group` WHERE  `user_id` = 1 [ RunTime:0.000397s ]
[ sql ] [ SQL ] SHOW COLUMNS FROM `manage_group` [ RunTime:0.000837s ]
[ sql ] [ SQL ] SELECT * FROM `manage_group` WHERE  `id` IN (1) [ RunTime:0.000254s ]
[ sql ] [ SQL ] SHOW COLUMNS FROM `log` [ RunTime:0.020281s ]
[ sql ] [ SQL ] SELECT COUNT(*) AS tp_count FROM `log` LIMIT 1 [ RunTime:0.000389s ]
[ sql ] [ SQL ] SELECT * FROM `log` LIMIT 0,15 [ RunTime:0.000238s ]
---------------------------------------------------------------
[ 2020-01-03T19:31:38+08:00 ] 115.192.39.113 GET /admin/index/index.html
[ info ] mojing.3sup0.top/admin/index/index.html [运行时间：0.049787s][吞吐率：20.09req/s] [内存消耗：2,402.11kb] [文件加载：89]
[ info ] [ LANG ] /www/wwwroot/mojing/thinkphp/lang/zh-cn.php
[ info ] [ ROUTE ] array (
)
[ info ] [ HEADER ] array (
  'cookie' => 'PHPSESSID=453ctbcu2r277sgbjjvfhmj6vc',
  'accept-language' => 'en-US,en;q=0.9,zh;q=0.8,zh-CN;q=0.7',
  'accept-encoding' => 'gzip, deflate',
  'referer' => 'http://mojing.3sup0.top/admin/config/logList',
  'accept' => 'text/html,application/xhtml+xml,application/xml;q=0.9,image/webp,image/apng,*/*;q=0.8,application/signed-exchange;v=b3;q=0.9',
  'user-agent' => 'Mozilla/5.0 (Windows NT 10.0; Win64; x64) AppleWebKit/537.36 (KHTML, like Gecko) Chrome/79.0.3945.88 Safari/537.36',
  'dnt' => '1',
  'upgrade-insecure-requests' => '1',
  'connection' => 'keep-alive',
  'host' => 'mojing.3sup0.top',
  'content-type' => '',
  'content-length' => '',
)
[ info ] [ PARAM ] array (
)
[ info ] [ SESSION ] INIT array (
  'id' => '',
  'var_session_id' => '',
  'prefix' => 'think',
  'type' => '',
  'auto_start' => true,
  'httponly' => true,
  'secure' => false,
)
[ info ] [ DB ] INIT mysql
[ info ] [ CACHE ] INIT File
[ info ] [ VIEW ] /www/wwwroot/mojing/application/admin/view/index/index.html [ array (
  0 => 'userLevel',
  1 => 'magic',
  2 => 'order',
  3 => 'user',
  4 => 'charge_number',
  5 => 'manage',
  6 => 'menus',
) ]
[ info ] [ LOG ] INIT File
[ sql ] [ DB ] CONNECT:[ UseTime:0.000577s ] mysql:host=127.0.0.1;port=3306;dbname=mojing;charset=utf8
[ sql ] [ SQL ] SHOW COLUMNS FROM `manage_user_group` [ RunTime:0.001133s ]
[ sql ] [ SQL ] SELECT `group_id` FROM `manage_user_group` WHERE  `user_id` = 1 [ RunTime:0.000390s ]
[ sql ] [ SQL ] SHOW COLUMNS FROM `manage_group` [ RunTime:0.000702s ]
[ sql ] [ SQL ] SELECT * FROM `manage_group` WHERE  `id` IN (1) [ RunTime:0.000225s ]
[ sql ] [ SQL ] SHOW COLUMNS FROM `user` [ RunTime:0.001122s ]
[ sql ] [ SQL ] SELECT COUNT(*) AS tp_count FROM `user` LIMIT 1 [ RunTime:0.000248s ]
[ sql ] [ SQL ] SELECT COUNT(*) AS tp_count FROM `user` WHERE  `register_time` BETWEEN 1577980800 AND 1578067200 LIMIT 1 [ RunTime:0.000240s ]
[ sql ] [ SQL ] SELECT COUNT(*) AS tp_count FROM `user` WHERE  `is_certification` = 1 LIMIT 1 [ RunTime:0.000225s ]
[ sql ] [ SQL ] SELECT COUNT(*) AS tp_count FROM `user` WHERE  `is_certification` = -1 LIMIT 1 [ RunTime:0.000209s ]
[ sql ] [ SQL ] SHOW COLUMNS FROM `orders` [ RunTime:0.000912s ]
[ sql ] [ SQL ] SELECT SUM(`charge_number`) AS tp_sum FROM `orders` WHERE  `status` = 4  AND `finish_time` < 1577980800  AND `finish_time` >= 1577894400 LIMIT 1 [ RunTime:0.000240s ]
[ sql ] [ SQL ] SELECT count(*) as total,`level` FROM user GROUP BY `level` [ RunTime:0.000195s ]
[ sql ] [ SQL ] SHOW COLUMNS FROM `user_product` [ RunTime:0.001047s ]
[ sql ] [ SQL ] SELECT COUNT(*) AS tp_count FROM `user_product` WHERE  `status` = 1 LIMIT 1 [ RunTime:0.000340s ]
[ sql ] [ SQL ] SELECT COUNT(*) AS tp_count FROM `user_product` WHERE  `status` = 0 LIMIT 1 [ RunTime:0.000266s ]
[ sql ] [ SQL ] SELECT SUM(`number`) AS tp_sum FROM `orders` WHERE  `status` = 1 LIMIT 1 [ RunTime:0.000255s ]
[ sql ] [ SQL ] SELECT SUM(`number`) AS tp_sum FROM `orders` WHERE  `status` = 2 LIMIT 1 [ RunTime:0.000257s ]
[ sql ] [ SQL ] SELECT SUM(`number`) AS tp_sum FROM `orders` WHERE  `status` = 3 LIMIT 1 [ RunTime:0.000247s ]
[ sql ] [ SQL ] SELECT SUM(`number`) AS tp_sum FROM `orders` WHERE  `status` = 4 LIMIT 1 [ RunTime:0.000253s ]
---------------------------------------------------------------
[ 2020-01-03T19:32:15+08:00 ] 115.192.39.113 GET /
[ info ] mojing.3sup0.top/ [运行时间：0.024237s][吞吐率：41.26req/s] [内存消耗：1,405.02kb] [文件加载：74]
[ info ] [ LANG ] /www/wwwroot/mojing/thinkphp/lang/zh-cn.php
[ info ] [ ROUTE ] array (
)
[ info ] [ HEADER ] array (
  'cookie' => 'PHPSESSID=453ctbcu2r277sgbjjvfhmj6vc',
  'accept-language' => 'en-US,en;q=0.9,zh;q=0.8,zh-CN;q=0.7',
  'accept-encoding' => 'gzip, deflate',
  'accept' => 'text/html,application/xhtml+xml,application/xml;q=0.9,image/webp,image/apng,*/*;q=0.8,application/signed-exchange;v=b3;q=0.9',
  'user-agent' => 'Mozilla/5.0 (Windows NT 10.0; Win64; x64) AppleWebKit/537.36 (KHTML, like Gecko) Chrome/79.0.3945.88 Safari/537.36',
  'upgrade-insecure-requests' => '1',
  'dnt' => '1',
  'connection' => 'keep-alive',
  'host' => 'mojing.3sup0.top',
  'content-type' => '',
  'content-length' => '',
)
[ info ] [ PARAM ] array (
)
[ info ] [ CACHE ] INIT File
[ info ] [ SESSION ] INIT array (
  'id' => '',
  'var_session_id' => '',
  'prefix' => 'think',
  'type' => '',
  'auto_start' => true,
  'httponly' => true,
  'secure' => false,
)
[ info ] [ LOG ] INIT File
---------------------------------------------------------------
[ 2020-01-03T19:32:15+08:00 ] 115.192.39.113 GET /index/publics/index.html
[ info ] mojing.3sup0.top/index/publics/index.html [运行时间：0.026586s][吞吐率：37.61req/s] [内存消耗：1,406.27kb] [文件加载：71]
[ info ] [ LANG ] /www/wwwroot/mojing/thinkphp/lang/zh-cn.php
[ info ] [ ROUTE ] array (
)
[ info ] [ HEADER ] array (
  'cookie' => 'PHPSESSID=453ctbcu2r277sgbjjvfhmj6vc',
  'accept-language' => 'en-US,en;q=0.9,zh;q=0.8,zh-CN;q=0.7',
  'accept-encoding' => 'gzip, deflate',
  'accept' => 'text/html,application/xhtml+xml,application/xml;q=0.9,image/webp,image/apng,*/*;q=0.8,application/signed-exchange;v=b3;q=0.9',
  'user-agent' => 'Mozilla/5.0 (Windows NT 10.0; Win64; x64) AppleWebKit/537.36 (KHTML, like Gecko) Chrome/79.0.3945.88 Safari/537.36',
  'upgrade-insecure-requests' => '1',
  'dnt' => '1',
  'connection' => 'keep-alive',
  'host' => 'mojing.3sup0.top',
  'content-type' => '',
  'content-length' => '',
)
[ info ] [ PARAM ] array (
)
[ info ] [ CACHE ] INIT File
[ info ] [ VIEW ] /www/wwwroot/mojing/application/index/view/publics/login.html [ array (
) ]
[ info ] [ LOG ] INIT File
---------------------------------------------------------------
[ 2020-01-03T19:32:38+08:00 ] 115.192.39.113 POST /index/publics/login.html
[ info ] mojing.3sup0.top/index/publics/login.html [运行时间：0.039218s][吞吐率：25.50req/s] [内存消耗：2,347.28kb] [文件加载：85]
[ info ] [ LANG ] /www/wwwroot/mojing/thinkphp/lang/zh-cn.php
[ info ] [ ROUTE ] array (
)
[ info ] [ HEADER ] array (
  'cookie' => 'PHPSESSID=453ctbcu2r277sgbjjvfhmj6vc',
  'accept-language' => 'en-US,en;q=0.9,zh;q=0.8,zh-CN;q=0.7',
  'accept-encoding' => 'gzip, deflate',
  'referer' => 'http://mojing.3sup0.top/index/publics/index.html',
  'content-type' => 'application/x-www-form-urlencoded; charset=UTF-8',
  'dnt' => '1',
  'user-agent' => 'Mozilla/5.0 (Windows NT 10.0; Win64; x64) AppleWebKit/537.36 (KHTML, like Gecko) Chrome/79.0.3945.88 Safari/537.36',
  'x-requested-with' => 'XMLHttpRequest',
  'origin' => 'http://mojing.3sup0.top',
  'accept' => 'application/json, text/javascript, */*; q=0.01',
  'content-length' => '43',
  'connection' => 'keep-alive',
  'host' => 'mojing.3sup0.top',
)
[ info ] [ PARAM ] array (
  'account' => '15951255073     ',
  'password' => '123456789',
)
[ info ] [ CACHE ] INIT File
[ info ] [ DB ] INIT mysql
[ info ] [ SESSION ] INIT array (
  'id' => '',
  'var_session_id' => '',
  'prefix' => 'think',
  'type' => '',
  'auto_start' => true,
  'httponly' => true,
  'secure' => false,
)
[ info ] [ LOG ] INIT File
[ sql ] [ DB ] CONNECT:[ UseTime:0.001080s ] mysql:host=127.0.0.1;port=3306;dbname=mojing;charset=utf8
[ sql ] [ SQL ] SHOW COLUMNS FROM `user` [ RunTime:0.002206s ]
[ sql ] [ SQL ] SELECT * FROM `user` WHERE  `mobile` = '15951255073     ' LIMIT 1 [ RunTime:0.001582s ]
---------------------------------------------------------------
[ 2020-01-03T19:32:42+08:00 ] 115.192.39.113 GET /index/index/index.html
[ info ] mojing.3sup0.top/index/index/index.html [运行时间：0.131991s][吞吐率：7.58req/s] [内存消耗：2,242.18kb] [文件加载：87]
[ info ] [ LANG ] /www/wwwroot/mojing/thinkphp/lang/zh-cn.php
[ info ] [ ROUTE ] array (
)
[ info ] [ HEADER ] array (
  'cookie' => 'PHPSESSID=453ctbcu2r277sgbjjvfhmj6vc',
  'accept-language' => 'en-US,en;q=0.9,zh;q=0.8,zh-CN;q=0.7',
  'accept-encoding' => 'gzip, deflate',
  'referer' => 'http://mojing.3sup0.top/index/publics/index.html',
  'accept' => 'text/html,application/xhtml+xml,application/xml;q=0.9,image/webp,image/apng,*/*;q=0.8,application/signed-exchange;v=b3;q=0.9',
  'user-agent' => 'Mozilla/5.0 (Windows NT 10.0; Win64; x64) AppleWebKit/537.36 (KHTML, like Gecko) Chrome/79.0.3945.88 Safari/537.36',
  'dnt' => '1',
  'upgrade-insecure-requests' => '1',
  'connection' => 'keep-alive',
  'host' => 'mojing.3sup0.top',
  'content-type' => '',
  'content-length' => '',
)
[ info ] [ PARAM ] array (
)
[ info ] [ CACHE ] INIT File
[ info ] [ SESSION ] INIT array (
  'id' => '',
  'var_session_id' => '',
  'prefix' => 'think',
  'type' => '',
  'auto_start' => true,
  'httponly' => true,
  'secure' => false,
)
[ info ] [ DB ] INIT mysql
[ info ] [ VIEW ] /www/wwwroot/mojing/application/index/view/index/index.html [ array (
  0 => 'list',
  1 => 'sl',
) ]
[ info ] [ LOG ] INIT File
[ sql ] [ DB ] CONNECT:[ UseTime:0.000605s ] mysql:host=127.0.0.1;port=3306;dbname=mojing;charset=utf8
[ sql ] [ SQL ] SHOW COLUMNS FROM `user` [ RunTime:0.001195s ]
[ sql ] [ SQL ] SELECT * FROM `user` WHERE  `id` = 32710 LIMIT 1 [ RunTime:0.000654s ]
[ sql ] [ SQL ] SHOW COLUMNS FROM `article` [ RunTime:0.051974s ]
[ sql ] [ SQL ] SELECT * FROM `article` WHERE  `category` = 1 [ RunTime:0.000867s ]
[ sql ] [ SQL ] SHOW COLUMNS FROM `sl` [ RunTime:0.036385s ]
[ sql ] [ SQL ] SELECT * FROM `sl` WHERE  `types` = 1 [ RunTime:0.000911s ]
---------------------------------------------------------------
[ 2020-01-03T19:32:49+08:00 ] 115.192.39.113 GET /index/index/articleinfo?articleId=1
[ info ] mojing.3sup0.top/index/index/articleinfo?articleId=1 [运行时间：0.045538s][吞吐率：21.96req/s] [内存消耗：2,057.62kb] [文件加载：80]
[ info ] [ LANG ] /www/wwwroot/mojing/thinkphp/lang/zh-cn.php
[ info ] [ ROUTE ] array (
)
[ info ] [ HEADER ] array (
  'cookie' => 'PHPSESSID=453ctbcu2r277sgbjjvfhmj6vc',
  'accept-language' => 'en-US,en;q=0.9,zh;q=0.8,zh-CN;q=0.7',
  'accept-encoding' => 'gzip, deflate',
  'referer' => 'http://mojing.3sup0.top/index/index/index.html',
  'accept' => 'text/html,application/xhtml+xml,application/xml;q=0.9,image/webp,image/apng,*/*;q=0.8,application/signed-exchange;v=b3;q=0.9',
  'user-agent' => 'Mozilla/5.0 (Windows NT 10.0; Win64; x64) AppleWebKit/537.36 (KHTML, like Gecko) Chrome/79.0.3945.88 Safari/537.36',
  'dnt' => '1',
  'upgrade-insecure-requests' => '1',
  'connection' => 'keep-alive',
  'host' => 'mojing.3sup0.top',
  'content-type' => '',
  'content-length' => '',
)
[ info ] [ PARAM ] array (
  'articleId' => '1',
)
[ info ] [ CACHE ] INIT File
[ info ] [ SESSION ] INIT array (
  'id' => '',
  'var_session_id' => '',
  'prefix' => 'think',
  'type' => '',
  'auto_start' => true,
  'httponly' => true,
  'secure' => false,
)
[ info ] [ DB ] INIT mysql
[ info ] [ VIEW ] /www/wwwroot/mojing/application/index/view/index/articleinfo.html [ array (
  0 => 'articleinfo',
) ]
[ info ] [ LOG ] INIT File
[ sql ] [ DB ] CONNECT:[ UseTime:0.001425s ] mysql:host=127.0.0.1;port=3306;dbname=mojing;charset=utf8
[ sql ] [ SQL ] SHOW COLUMNS FROM `article` [ RunTime:0.002011s ]
[ sql ] [ SQL ] SELECT * FROM `article` WHERE  `article_id` = 1 LIMIT 1 [ RunTime:0.001121s ]
---------------------------------------------------------------
[ 2020-01-03T19:32:55+08:00 ] 115.192.39.113 GET /index/index/index
[ info ] mojing.3sup0.top/index/index/index [运行时间：0.035695s][吞吐率：28.02req/s] [内存消耗：2,214.66kb] [文件加载：86]
[ info ] [ LANG ] /www/wwwroot/mojing/thinkphp/lang/zh-cn.php
[ info ] [ ROUTE ] array (
)
[ info ] [ HEADER ] array (
  'cookie' => 'PHPSESSID=453ctbcu2r277sgbjjvfhmj6vc',
  'accept-language' => 'en-US,en;q=0.9,zh;q=0.8,zh-CN;q=0.7',
  'accept-encoding' => 'gzip, deflate',
  'referer' => 'http://mojing.3sup0.top/index/index/articleinfo?articleId=1',
  'accept' => 'text/html,application/xhtml+xml,application/xml;q=0.9,image/webp,image/apng,*/*;q=0.8,application/signed-exchange;v=b3;q=0.9',
  'user-agent' => 'Mozilla/5.0 (Windows NT 10.0; Win64; x64) AppleWebKit/537.36 (KHTML, like Gecko) Chrome/79.0.3945.88 Safari/537.36',
  'dnt' => '1',
  'upgrade-insecure-requests' => '1',
  'connection' => 'keep-alive',
  'host' => 'mojing.3sup0.top',
  'content-type' => '',
  'content-length' => '',
)
[ info ] [ PARAM ] array (
)
[ info ] [ CACHE ] INIT File
[ info ] [ SESSION ] INIT array (
  'id' => '',
  'var_session_id' => '',
  'prefix' => 'think',
  'type' => '',
  'auto_start' => true,
  'httponly' => true,
  'secure' => false,
)
[ info ] [ DB ] INIT mysql
[ info ] [ VIEW ] /www/wwwroot/mojing/application/index/view/index/index.html [ array (
  0 => 'list',
  1 => 'sl',
) ]
[ info ] [ LOG ] INIT File
[ sql ] [ DB ] CONNECT:[ UseTime:0.000536s ] mysql:host=127.0.0.1;port=3306;dbname=mojing;charset=utf8
[ sql ] [ SQL ] SHOW COLUMNS FROM `article` [ RunTime:0.000965s ]
[ sql ] [ SQL ] SELECT * FROM `article` WHERE  `category` = 1 [ RunTime:0.000346s ]
[ sql ] [ SQL ] SHOW COLUMNS FROM `sl` [ RunTime:0.000706s ]
[ sql ] [ SQL ] SELECT * FROM `sl` WHERE  `types` = 1 [ RunTime:0.000329s ]
---------------------------------------------------------------
[ 2020-01-03T23:09:43+08:00 ] 66.249.79.174 GET /admin/login/login.html
[ info ] 103.122.92.168:9898/admin/login/login.html [运行时间：0.021410s][吞吐率：46.71req/s] [内存消耗：1,138.54kb] [文件加载：60]
[ info ] [ LANG ] /www/wwwroot/mojing/thinkphp/lang/zh-cn.php
[ info ] [ ROUTE ] array (
)
[ info ] [ HEADER ] array (
  'accept-encoding' => 'gzip,deflate,br',
  'user-agent' => 'Mozilla/5.0 (Linux; Android 6.0.1; Nexus 5X Build/MMB29P) AppleWebKit/537.36 (KHTML, like Gecko) Chrome/41.0.2272.96 Mobile Safari/537.36 (compatible; Googlebot/2.1; +http://www.google.com/bot.html)',
  'from' => 'googlebot(at)googlebot.com',
  'accept' => 'text/html,application/xhtml+xml,application/signed-exchange;v=b3,application/xml;q=0.9,*/*;q=0.8',
  'connection' => 'keep-alive',
  'amp-cache-transform' => 'google;v="1..2"',
  'host' => '103.122.92.168:9898',
  'content-type' => '',
  'content-length' => '',
)
[ info ] [ PARAM ] array (
)
[ info ] [ LOG ] INIT File
