---------------------------------------------------------------
[ 2020-01-05T04:51:50+08:00 ] 125.212.217.214 GET /
[ info ] 103.122.92.168/ [运行时间：0.042337s][吞吐率：23.62req/s] [内存消耗：1,403.02kb] [文件加载：74]
[ info ] [ LANG ] /www/wwwroot/mojing/thinkphp/lang/zh-cn.php
[ info ] [ ROUTE ] array (
)
[ info ] [ HEADER ] array (
  'user-agent' => 'Mozilla/5.0 (Windows NT 6.1) AppleWebKit/537.36 (KHTML, like Gecko) Chrome/41.0.2228.0 Safari/537.36',
  'accept' => 'text/html,application/xhtml+xml,application/xml;q=0.9,*/*;q=0.8',
  'host' => '103.122.92.168',
  'accept-encoding' => 'identity',
  'content-type' => '',
  'content-length' => '',
)
[ info ] [ PARAM ] array (
)
[ info ] [ CACHE ] INIT File
[ info ] [ SESSION ] INIT array (
  'id' => '',
  'var_session_id' => '',
  'prefix' => 'think',
  'type' => '',
  'auto_start' => true,
  'httponly' => true,
  'secure' => false,
)
[ info ] [ LOG ] INIT File
---------------------------------------------------------------
[ 2020-01-05T04:51:50+08:00 ] 125.212.217.214 GET /index/publics/index.html
[ info ] 103.122.92.168/index/publics/index.html [运行时间：0.023896s][吞吐率：41.85req/s] [内存消耗：1,404.27kb] [文件加载：71]
[ info ] [ LANG ] /www/wwwroot/mojing/thinkphp/lang/zh-cn.php
[ info ] [ ROUTE ] array (
)
[ info ] [ HEADER ] array (
  'user-agent' => 'Mozilla/5.0 (Windows NT 6.1) AppleWebKit/537.36 (KHTML, like Gecko) Chrome/41.0.2228.0 Safari/537.36',
  'accept' => 'text/html,application/xhtml+xml,application/xml;q=0.9,*/*;q=0.8',
  'host' => '103.122.92.168',
  'accept-encoding' => 'identity',
  'content-type' => '',
  'content-length' => '',
)
[ info ] [ PARAM ] array (
)
[ info ] [ CACHE ] INIT File
[ info ] [ VIEW ] /www/wwwroot/mojing/application/index/view/publics/login.html [ array (
) ]
[ info ] [ LOG ] INIT File
---------------------------------------------------------------
[ 2020-01-05T07:06:45+08:00 ] 140.243.49.131 GET /
[ info ] mojing.3sup0.top/ [运行时间：0.023706s][吞吐率：42.18req/s] [内存消耗：1,404.29kb] [文件加载：74]
[ info ] [ LANG ] /www/wwwroot/mojing/thinkphp/lang/zh-cn.php
[ info ] [ ROUTE ] array (
)
[ info ] [ HEADER ] array (
  'x-forwarded-for' => '140.243.49.131',
  'user-agent' => 'Mozilla/5.0 (iPhone; CPU iPhone OS 13_0 like Mac OS X) AppleWebKit/604.3.5 (KHTML, like Gecko) Version/13.0 MQQBrowser/9.9.1 Mobile/15B87 Safari/604.1 QBWebViewUA/2 QBWebViewType/1 WKType/1',
  'upgrade-insecure-requests' => '1',
  'referer' => 'http://zzjie.com/url/?http://mojing.3sup0.top/',
  'host' => 'mojing.3sup0.top',
  'connection' => 'close',
  'accept-language' => 'zh-CN',
  'accept-encoding' => 'gzip',
  'accept' => 'text/html,application/xhtml+xml,application/xml;q=0.9,*/*;q=0.8',
  'content-type' => '',
  'content-length' => '',
)
[ info ] [ PARAM ] array (
)
[ info ] [ CACHE ] INIT File
[ info ] [ SESSION ] INIT array (
  'id' => '',
  'var_session_id' => '',
  'prefix' => 'think',
  'type' => '',
  'auto_start' => true,
  'httponly' => true,
  'secure' => false,
)
[ info ] [ LOG ] INIT File
---------------------------------------------------------------
[ 2020-01-05T07:06:45+08:00 ] 140.243.49.131 GET /index/publics/index.html
[ info ] mojing.3sup0.top/index/publics/index.html [运行时间：0.022365s][吞吐率：44.71req/s] [内存消耗：1,406.43kb] [文件加载：71]
[ info ] [ LANG ] /www/wwwroot/mojing/thinkphp/lang/zh-cn.php
[ info ] [ ROUTE ] array (
)
[ info ] [ HEADER ] array (
  'x-forwarded-for' => '140.243.49.131',
  'user-agent' => 'Mozilla/5.0 (iPhone; CPU iPhone OS 13_0 like Mac OS X) AppleWebKit/604.3.5 (KHTML, like Gecko) Version/13.0 MQQBrowser/9.9.1 Mobile/15B87 Safari/604.1 QBWebViewUA/2 QBWebViewType/1 WKType/1',
  'upgrade-insecure-requests' => '1',
  'referer' => 'http://zzjie.com/url/?http://mojing.3sup0.top/',
  'host' => 'mojing.3sup0.top',
  'cookie' => 'PHPSESSID=o5jp56u4e3ouqouvl74no1u5hs',
  'connection' => 'close',
  'accept-language' => 'zh-CN',
  'accept-encoding' => 'gzip',
  'accept' => 'text/html,application/xhtml+xml,application/xml;q=0.9,*/*;q=0.8',
  'content-type' => '',
  'content-length' => '',
)
[ info ] [ PARAM ] array (
)
[ info ] [ CACHE ] INIT File
[ info ] [ VIEW ] /www/wwwroot/mojing/application/index/view/publics/login.html [ array (
) ]
[ info ] [ LOG ] INIT File
---------------------------------------------------------------
[ 2020-01-05T07:06:57+08:00 ] 49.232.23.131 GET /
[ info ] mojing.3sup0.top/ [运行时间：0.024425s][吞吐率：40.94req/s] [内存消耗：1,402.63kb] [文件加载：74]
[ info ] [ LANG ] /www/wwwroot/mojing/thinkphp/lang/zh-cn.php
[ info ] [ ROUTE ] array (
)
[ info ] [ HEADER ] array (
  'accept' => '*/*',
  'user-agent' => 'Mozilla/5.0 (compatible; Baiduspider-render/2.0; +http://www.baidu.com/search/spider.html)',
  'host' => 'mojing.3sup0.top',
  'content-type' => '',
  'content-length' => '',
)
[ info ] [ PARAM ] array (
)
[ info ] [ CACHE ] INIT File
[ info ] [ SESSION ] INIT array (
  'id' => '',
  'var_session_id' => '',
  'prefix' => 'think',
  'type' => '',
  'auto_start' => true,
  'httponly' => true,
  'secure' => false,
)
[ info ] [ LOG ] INIT File
---------------------------------------------------------------
[ 2020-01-05T07:06:57+08:00 ] 49.232.23.131 GET /index/publics/index.html
[ info ] mojing.3sup0.top/index/publics/index.html [运行时间：0.025277s][吞吐率：39.56req/s] [内存消耗：1,403.87kb] [文件加载：71]
[ info ] [ LANG ] /www/wwwroot/mojing/thinkphp/lang/zh-cn.php
[ info ] [ ROUTE ] array (
)
[ info ] [ HEADER ] array (
  'accept' => '*/*',
  'user-agent' => 'Mozilla/5.0 (compatible; Baiduspider-render/2.0; +http://www.baidu.com/search/spider.html)',
  'host' => 'mojing.3sup0.top',
  'content-type' => '',
  'content-length' => '',
)
[ info ] [ PARAM ] array (
)
[ info ] [ CACHE ] INIT File
[ info ] [ VIEW ] /www/wwwroot/mojing/application/index/view/publics/login.html [ array (
) ]
[ info ] [ LOG ] INIT File
---------------------------------------------------------------
[ 2020-01-05T07:07:43+08:00 ] 101.89.29.97 GET /
[ info ] mojing.3sup0.top/ [运行时间：0.023307s][吞吐率：42.91req/s] [内存消耗：1,403.38kb] [文件加载：74]
[ info ] [ LANG ] /www/wwwroot/mojing/thinkphp/lang/zh-cn.php
[ info ] [ ROUTE ] array (
)
[ info ] [ HEADER ] array (
  'connection' => 'keep-alive',
  'host' => 'mojing.3sup0.top',
  'accept-language' => 'zh-CN,zh;q=0.8,en-US;q=0.6,en;q=0.4',
  'accept' => '*/*',
  'user-agent' => 'Mozilla/5.0 (Linux; U; Android 6.0.1; zh-cn; OPPO R9s Build/MMB29M) AppleWebKit/537.36 (KHTML, like Gecko)Version/4.0 Chrome/37.0.0.0 MQQBrowser/7.2 Mobile Safari/537.36',
  'content-type' => '',
  'content-length' => '',
)
[ info ] [ PARAM ] array (
)
[ info ] [ CACHE ] INIT File
[ info ] [ SESSION ] INIT array (
  'id' => '',
  'var_session_id' => '',
  'prefix' => 'think',
  'type' => '',
  'auto_start' => true,
  'httponly' => true,
  'secure' => false,
)
[ info ] [ LOG ] INIT File
---------------------------------------------------------------
[ 2020-01-05T07:07:45+08:00 ] 101.91.62.99 GET /index/publics/index.html
[ info ] mojing.3sup0.top/index/publics/index.html [运行时间：0.022025s][吞吐率：45.40req/s] [内存消耗：1,404.45kb] [文件加载：71]
[ info ] [ LANG ] /www/wwwroot/mojing/thinkphp/lang/zh-cn.php
[ info ] [ ROUTE ] array (
)
[ info ] [ HEADER ] array (
  'connection' => 'keep-alive',
  'host' => 'mojing.3sup0.top',
  'accept-language' => 'zh-CN,zh;q=0.8,en-US;q=0.6,en;q=0.4',
  'referer' => 'http://zzjie.com/url/?http://mojing.3sup0.top/',
  'accept' => '*/*',
  'user-agent' => 'Mozilla/5.0 (Linux; Android 5.1.1; SM801 Build/LMY47V) AppleWebKit/537.36 (KHTML, like Gecko)     		Chrome/46.0.2490.11 Mobile Safari/537.36',
  'content-type' => '',
  'content-length' => '',
)
[ info ] [ PARAM ] array (
)
[ info ] [ CACHE ] INIT File
[ info ] [ VIEW ] /www/wwwroot/mojing/application/index/view/publics/login.html [ array (
) ]
[ info ] [ LOG ] INIT File
---------------------------------------------------------------
[ 2020-01-05T07:07:45+08:00 ] 101.89.19.197 GET /
[ info ] mojing.3sup0.top/ [运行时间：0.021923s][吞吐率：45.61req/s] [内存消耗：1,403.71kb] [文件加载：74]
[ info ] [ LANG ] /www/wwwroot/mojing/thinkphp/lang/zh-cn.php
[ info ] [ ROUTE ] array (
)
[ info ] [ HEADER ] array (
  'connection' => 'keep-alive',
  'host' => 'mojing.3sup0.top',
  'accept-language' => 'en,*',
  'accept-encoding' => 'gzip, deflate',
  'user-agent' => 'Mozilla/5.0 (iPhone; CPU iPhone OS 8_4 like Mac OS X) AppleWebKit/600.1.4 (KHTML, like Gecko) Version/8.0 Mobile/12H143 Safari/600.1.4',
  'referer' => '',
  'accept' => 'text/html,application/xhtml+xml,application/xml;q=0.9,*/*;q=0.8',
  'content-type' => '',
  'content-length' => '',
)
[ info ] [ PARAM ] array (
)
[ info ] [ CACHE ] INIT File
[ info ] [ SESSION ] INIT array (
  'id' => '',
  'var_session_id' => '',
  'prefix' => 'think',
  'type' => '',
  'auto_start' => true,
  'httponly' => true,
  'secure' => false,
)
[ info ] [ LOG ] INIT File
---------------------------------------------------------------
[ 2020-01-05T07:07:45+08:00 ] 101.89.19.197 GET /index/publics/index.html
[ info ] mojing.3sup0.top/index/publics/index.html [运行时间：0.027081s][吞吐率：36.93req/s] [内存消耗：1,405.98kb] [文件加载：71]
[ info ] [ LANG ] /www/wwwroot/mojing/thinkphp/lang/zh-cn.php
[ info ] [ ROUTE ] array (
)
[ info ] [ HEADER ] array (
  'connection' => 'keep-alive',
  'host' => 'mojing.3sup0.top',
  'accept-language' => 'en,*',
  'accept-encoding' => 'gzip, deflate',
  'cookie' => 'PHPSESSID=vkbmkl81kr7tm9g8kk73o4jd3j',
  'user-agent' => 'Mozilla/5.0 (iPhone; CPU iPhone OS 8_4 like Mac OS X) AppleWebKit/600.1.4 (KHTML, like Gecko) Version/8.0 Mobile/12H143 Safari/600.1.4',
  'referer' => '',
  'accept' => 'text/html,application/xhtml+xml,application/xml;q=0.9,*/*;q=0.8',
  'content-type' => '',
  'content-length' => '',
)
[ info ] [ PARAM ] array (
)
[ info ] [ CACHE ] INIT File
[ info ] [ VIEW ] /www/wwwroot/mojing/application/index/view/publics/login.html [ array (
) ]
[ info ] [ LOG ] INIT File
---------------------------------------------------------------
[ 2020-01-05T08:23:21+08:00 ] 27.154.152.174 GET /
[ info ] mojing.3sup0.top/ [运行时间：0.028722s][吞吐率：34.82req/s] [内存消耗：1,404.13kb] [文件加载：74]
[ info ] [ LANG ] /www/wwwroot/mojing/thinkphp/lang/zh-cn.php
[ info ] [ ROUTE ] array (
)
[ info ] [ HEADER ] array (
  'accept-language' => 'zh-CN,zh;q=0.9',
  'accept-encoding' => 'gzip, deflate',
  'referer' => 'http://zzjie.com/url/?http://mojing.3sup0.top/',
  'accept' => 'text/html,application/xhtml+xml,application/xml;q=0.9,image/webp,image/apng,*/*;q=0.8',
  'user-agent' => 'Mozilla/5.0 (Windows NT 10.0; WOW64) AppleWebKit/537.36 (KHTML, like Gecko) Chrome/69.0.3497.100 Safari/537.36',
  'upgrade-insecure-requests' => '1',
  'connection' => 'keep-alive',
  'host' => 'mojing.3sup0.top',
  'content-type' => '',
  'content-length' => '',
)
[ info ] [ PARAM ] array (
)
[ info ] [ CACHE ] INIT File
[ info ] [ SESSION ] INIT array (
  'id' => '',
  'var_session_id' => '',
  'prefix' => 'think',
  'type' => '',
  'auto_start' => true,
  'httponly' => true,
  'secure' => false,
)
[ info ] [ LOG ] INIT File
---------------------------------------------------------------
[ 2020-01-05T08:23:22+08:00 ] 27.154.152.174 GET /index/publics/index.html
[ info ] mojing.3sup0.top/index/publics/index.html [运行时间：0.024114s][吞吐率：41.47req/s] [内存消耗：1,406.27kb] [文件加载：71]
[ info ] [ LANG ] /www/wwwroot/mojing/thinkphp/lang/zh-cn.php
[ info ] [ ROUTE ] array (
)
[ info ] [ HEADER ] array (
  'cookie' => 'PHPSESSID=6n58ng4ug40l8h932gll97u9kt',
  'accept-language' => 'zh-CN,zh;q=0.9',
  'accept-encoding' => 'gzip, deflate',
  'referer' => 'http://zzjie.com/url/?http://mojing.3sup0.top/',
  'accept' => 'text/html,application/xhtml+xml,application/xml;q=0.9,image/webp,image/apng,*/*;q=0.8',
  'user-agent' => 'Mozilla/5.0 (Windows NT 10.0; WOW64) AppleWebKit/537.36 (KHTML, like Gecko) Chrome/69.0.3497.100 Safari/537.36',
  'upgrade-insecure-requests' => '1',
  'connection' => 'keep-alive',
  'host' => 'mojing.3sup0.top',
  'content-type' => '',
  'content-length' => '',
)
[ info ] [ PARAM ] array (
)
[ info ] [ CACHE ] INIT File
[ info ] [ VIEW ] /www/wwwroot/mojing/application/index/view/publics/login.html [ array (
) ]
[ info ] [ LOG ] INIT File
---------------------------------------------------------------
[ 2020-01-05T08:23:26+08:00 ] 42.236.10.114 GET /
[ info ] mojing.3sup0.top/ [运行时间：0.027670s][吞吐率：36.14req/s] [内存消耗：1,404.48kb] [文件加载：74]
[ info ] [ LANG ] /www/wwwroot/mojing/thinkphp/lang/zh-cn.php
[ info ] [ ROUTE ] array (
)
[ info ] [ HEADER ] array (
  'accept-encoding' => 'gzip, deflate',
  'accept' => 'text/html,application/xhtml+xml,application/xml;q=0.9,image/webp,image/apng,*/*;q=0.8',
  'upgrade-insecure-requests' => '1',
  'user-agent' => 'Mozilla/5.0 (Linux; U; Android 8.1.0; zh-CN; EML-AL00 Build/HUAWEIEML-AL00) AppleWebKit/537.36 (KHTML, like Gecko) Version/4.0 Chrome/57.0.2987.108 baidu.sogo.uc.UCBrowser/11.9.4.974 UWS/2.13.1.48 Mobile Safari/537.36 AliApp(DingTalk/4.5.11) com.alibaba.android.rimet/10487439 Channel/227200 language/zh-CN',
  'connection' => 'keep-alive',
  'host' => 'mojing.3sup0.top',
  'content-type' => '',
  'content-length' => '',
)
[ info ] [ PARAM ] array (
)
[ info ] [ CACHE ] INIT File
[ info ] [ SESSION ] INIT array (
  'id' => '',
  'var_session_id' => '',
  'prefix' => 'think',
  'type' => '',
  'auto_start' => true,
  'httponly' => true,
  'secure' => false,
)
[ info ] [ LOG ] INIT File
---------------------------------------------------------------
[ 2020-01-05T08:23:26+08:00 ] 42.236.10.114 GET /
[ info ] mojing.3sup0.top/ [运行时间：0.024333s][吞吐率：41.10req/s] [内存消耗：1,404.83kb] [文件加载：74]
[ info ] [ LANG ] /www/wwwroot/mojing/thinkphp/lang/zh-cn.php
[ info ] [ ROUTE ] array (
)
[ info ] [ HEADER ] array (
  'cookie' => 'PHPSESSID=94sc3gp68mbm6dn675me6glpp0',
  'accept-encoding' => 'gzip, deflate',
  'referer' => 'http://baidu.com/',
  'accept' => 'text/html,application/xhtml+xml,application/xml;q=0.9,image/webp,image/apng,*/*;q=0.8',
  'user-agent' => 'Mozilla/5.0 (Linux; U; Android 8.1.0; zh-CN; EML-AL00 Build/HUAWEIEML-AL00) AppleWebKit/537.36 (KHTML, like Gecko) Version/4.0 Chrome/57.0.2987.108 baidu.sogo.uc.UCBrowser/11.9.4.974 UWS/2.13.1.48 Mobile Safari/537.36 AliApp(DingTalk/4.5.11) com.alibaba.android.rimet/10487439 Channel/227200 language/zh-CN',
  'upgrade-insecure-requests' => '1',
  'cache-control' => 'no-cache',
  'pragma' => 'no-cache',
  'connection' => 'keep-alive',
  'host' => 'mojing.3sup0.top',
  'content-type' => '',
  'content-length' => '',
)
[ info ] [ PARAM ] array (
)
[ info ] [ CACHE ] INIT File
[ info ] [ SESSION ] INIT array (
  'id' => '',
  'var_session_id' => '',
  'prefix' => 'think',
  'type' => '',
  'auto_start' => true,
  'httponly' => true,
  'secure' => false,
)
[ info ] [ LOG ] INIT File
---------------------------------------------------------------
[ 2020-01-05T08:23:26+08:00 ] 42.236.10.114 GET /index/publics/index.html
[ info ] mojing.3sup0.top/index/publics/index.html [运行时间：0.033328s][吞吐率：30.00req/s] [内存消耗：1,407.05kb] [文件加载：71]
[ info ] [ LANG ] /www/wwwroot/mojing/thinkphp/lang/zh-cn.php
[ info ] [ ROUTE ] array (
)
[ info ] [ HEADER ] array (
  'cookie' => 'PHPSESSID=94sc3gp68mbm6dn675me6glpp0',
  'accept-encoding' => 'gzip, deflate',
  'referer' => 'http://baidu.com/',
  'accept' => 'text/html,application/xhtml+xml,application/xml;q=0.9,image/webp,image/apng,*/*;q=0.8',
  'user-agent' => 'Mozilla/5.0 (Linux; U; Android 8.1.0; zh-CN; EML-AL00 Build/HUAWEIEML-AL00) AppleWebKit/537.36 (KHTML, like Gecko) Version/4.0 Chrome/57.0.2987.108 baidu.sogo.uc.UCBrowser/11.9.4.974 UWS/2.13.1.48 Mobile Safari/537.36 AliApp(DingTalk/4.5.11) com.alibaba.android.rimet/10487439 Channel/227200 language/zh-CN',
  'upgrade-insecure-requests' => '1',
  'cache-control' => 'no-cache',
  'pragma' => 'no-cache',
  'connection' => 'keep-alive',
  'host' => 'mojing.3sup0.top',
  'content-type' => '',
  'content-length' => '',
)
[ info ] [ PARAM ] array (
)
[ info ] [ CACHE ] INIT File
[ info ] [ VIEW ] /www/wwwroot/mojing/application/index/view/publics/login.html [ array (
) ]
[ info ] [ LOG ] INIT File
---------------------------------------------------------------
[ 2020-01-05T08:23:27+08:00 ] 180.163.220.66 GET /index/publics/index.html
[ info ] mojing.3sup0.top/index/publics/index.html [运行时间：0.020778s][吞吐率：48.13req/s] [内存消耗：1,405.23kb] [文件加载：71]
[ info ] [ LANG ] /www/wwwroot/mojing/thinkphp/lang/zh-cn.php
[ info ] [ ROUTE ] array (
)
[ info ] [ HEADER ] array (
  'accept-encoding' => 'gzip, deflate',
  'accept' => 'text/html,application/xhtml+xml,application/xml;q=0.9,image/webp,image/apng,*/*;q=0.8',
  'upgrade-insecure-requests' => '1',
  'user-agent' => 'Mozilla/5.0 (Linux; U; Android 8.1.0; zh-CN; EML-AL00 Build/HUAWEIEML-AL00) AppleWebKit/537.36 (KHTML, like Gecko) Version/4.0 Chrome/57.0.2987.108 baidu.sogo.uc.UCBrowser/11.9.4.974 UWS/2.13.1.48 Mobile Safari/537.36 AliApp(DingTalk/4.5.11) com.alibaba.android.rimet/10487439 Channel/227200 language/zh-CN',
  'connection' => 'keep-alive',
  'host' => 'mojing.3sup0.top',
  'content-type' => '',
  'content-length' => '',
)
[ info ] [ PARAM ] array (
)
[ info ] [ CACHE ] INIT File
[ info ] [ VIEW ] /www/wwwroot/mojing/application/index/view/publics/login.html [ array (
) ]
[ info ] [ LOG ] INIT File
---------------------------------------------------------------
[ 2020-01-05T08:23:27+08:00 ] 180.163.220.68 GET /index/publics/index.html
[ info ] mojing.3sup0.top/index/publics/index.html [运行时间：0.023590s][吞吐率：42.39req/s] [内存消耗：1,406.90kb] [文件加载：71]
[ info ] [ LANG ] /www/wwwroot/mojing/thinkphp/lang/zh-cn.php
[ info ] [ ROUTE ] array (
)
[ info ] [ HEADER ] array (
  'accept-encoding' => 'gzip, deflate',
  'referer' => 'http://baidu.com/',
  'accept' => 'text/html,application/xhtml+xml,application/xml;q=0.9,image/webp,image/apng,*/*;q=0.8',
  'user-agent' => 'Mozilla/5.0 (Linux; U; Android 8.1.0; zh-CN; EML-AL00 Build/HUAWEIEML-AL00) AppleWebKit/537.36 (KHTML, like Gecko) Version/4.0 Chrome/57.0.2987.108 baidu.sogo.uc.UCBrowser/11.9.4.974 UWS/2.13.1.48 Mobile Safari/537.36 AliApp(DingTalk/4.5.11) com.alibaba.android.rimet/10487439 Channel/227200 language/zh-CN',
  'upgrade-insecure-requests' => '1',
  'cache-control' => 'no-cache',
  'pragma' => 'no-cache',
  'connection' => 'keep-alive',
  'host' => 'mojing.3sup0.top',
  'content-type' => '',
  'content-length' => '',
)
[ info ] [ PARAM ] array (
)
[ info ] [ CACHE ] INIT File
[ info ] [ VIEW ] /www/wwwroot/mojing/application/index/view/publics/login.html [ array (
) ]
[ info ] [ LOG ] INIT File
---------------------------------------------------------------
[ 2020-01-05T08:23:34+08:00 ] 180.163.220.68 GET /index/publics/index.html
[ info ] mojing.3sup0.top/index/publics/index.html [运行时间：0.021728s][吞吐率：46.02req/s] [内存消耗：1,406.90kb] [文件加载：71]
[ info ] [ LANG ] /www/wwwroot/mojing/thinkphp/lang/zh-cn.php
[ info ] [ ROUTE ] array (
)
[ info ] [ HEADER ] array (
  'accept-encoding' => 'gzip, deflate',
  'referer' => 'http://baidu.com/',
  'accept' => 'text/html,application/xhtml+xml,application/xml;q=0.9,image/webp,image/apng,*/*;q=0.8',
  'user-agent' => 'Mozilla/5.0 (Linux; U; Android 8.1.0; zh-CN; EML-AL00 Build/HUAWEIEML-AL00) AppleWebKit/537.36 (KHTML, like Gecko) Version/4.0 Chrome/57.0.2987.108 baidu.sogo.uc.UCBrowser/11.9.4.974 UWS/2.13.1.48 Mobile Safari/537.36 AliApp(DingTalk/4.5.11) com.alibaba.android.rimet/10487439 Channel/227200 language/zh-CN',
  'upgrade-insecure-requests' => '1',
  'cache-control' => 'no-cache',
  'pragma' => 'no-cache',
  'connection' => 'keep-alive',
  'host' => 'mojing.3sup0.top',
  'content-type' => '',
  'content-length' => '',
)
[ info ] [ PARAM ] array (
)
[ info ] [ CACHE ] INIT File
[ info ] [ VIEW ] /www/wwwroot/mojing/application/index/view/publics/login.html [ array (
) ]
[ info ] [ LOG ] INIT File
---------------------------------------------------------------
[ 2020-01-05T08:23:37+08:00 ] 42.236.10.117 GET /
[ info ] mojing.3sup0.top/ [运行时间：0.022068s][吞吐率：45.31req/s] [内存消耗：1,404.48kb] [文件加载：74]
[ info ] [ LANG ] /www/wwwroot/mojing/thinkphp/lang/zh-cn.php
[ info ] [ ROUTE ] array (
)
[ info ] [ HEADER ] array (
  'accept-encoding' => 'gzip, deflate',
  'accept' => 'text/html,application/xhtml+xml,application/xml;q=0.9,image/webp,image/apng,*/*;q=0.8',
  'upgrade-insecure-requests' => '1',
  'user-agent' => 'Mozilla/5.0 (Linux; U; Android 8.1.0; zh-CN; EML-AL00 Build/HUAWEIEML-AL00) AppleWebKit/537.36 (KHTML, like Gecko) Version/4.0 Chrome/57.0.2987.108 baidu.sogo.uc.UCBrowser/11.9.4.974 UWS/2.13.1.48 Mobile Safari/537.36 AliApp(DingTalk/4.5.11) com.alibaba.android.rimet/10487439 Channel/227200 language/zh-CN',
  'connection' => 'keep-alive',
  'host' => 'mojing.3sup0.top',
  'content-type' => '',
  'content-length' => '',
)
[ info ] [ PARAM ] array (
)
[ info ] [ CACHE ] INIT File
[ info ] [ SESSION ] INIT array (
  'id' => '',
  'var_session_id' => '',
  'prefix' => 'think',
  'type' => '',
  'auto_start' => true,
  'httponly' => true,
  'secure' => false,
)
[ info ] [ LOG ] INIT File
---------------------------------------------------------------
[ 2020-01-05T08:23:37+08:00 ] 42.236.10.117 GET /
[ info ] mojing.3sup0.top/ [运行时间：0.022719s][吞吐率：44.02req/s] [内存消耗：1,404.83kb] [文件加载：74]
[ info ] [ LANG ] /www/wwwroot/mojing/thinkphp/lang/zh-cn.php
[ info ] [ ROUTE ] array (
)
[ info ] [ HEADER ] array (
  'cookie' => 'PHPSESSID=6mlc1dbr7q4tgqu59dcjdcrplt',
  'accept-encoding' => 'gzip, deflate',
  'referer' => 'http://baidu.com/',
  'accept' => 'text/html,application/xhtml+xml,application/xml;q=0.9,image/webp,image/apng,*/*;q=0.8',
  'user-agent' => 'Mozilla/5.0 (Linux; U; Android 8.1.0; zh-CN; EML-AL00 Build/HUAWEIEML-AL00) AppleWebKit/537.36 (KHTML, like Gecko) Version/4.0 Chrome/57.0.2987.108 baidu.sogo.uc.UCBrowser/11.9.4.974 UWS/2.13.1.48 Mobile Safari/537.36 AliApp(DingTalk/4.5.11) com.alibaba.android.rimet/10487439 Channel/227200 language/zh-CN',
  'upgrade-insecure-requests' => '1',
  'cache-control' => 'no-cache',
  'pragma' => 'no-cache',
  'connection' => 'keep-alive',
  'host' => 'mojing.3sup0.top',
  'content-type' => '',
  'content-length' => '',
)
[ info ] [ PARAM ] array (
)
[ info ] [ CACHE ] INIT File
[ info ] [ SESSION ] INIT array (
  'id' => '',
  'var_session_id' => '',
  'prefix' => 'think',
  'type' => '',
  'auto_start' => true,
  'httponly' => true,
  'secure' => false,
)
[ info ] [ LOG ] INIT File
---------------------------------------------------------------
[ 2020-01-05T08:23:37+08:00 ] 42.236.10.117 GET /index/publics/index.html
[ info ] mojing.3sup0.top/index/publics/index.html [运行时间：0.022738s][吞吐率：43.98req/s] [内存消耗：1,407.05kb] [文件加载：71]
[ info ] [ LANG ] /www/wwwroot/mojing/thinkphp/lang/zh-cn.php
[ info ] [ ROUTE ] array (
)
[ info ] [ HEADER ] array (
  'cookie' => 'PHPSESSID=6mlc1dbr7q4tgqu59dcjdcrplt',
  'accept-encoding' => 'gzip, deflate',
  'referer' => 'http://baidu.com/',
  'accept' => 'text/html,application/xhtml+xml,application/xml;q=0.9,image/webp,image/apng,*/*;q=0.8',
  'user-agent' => 'Mozilla/5.0 (Linux; U; Android 8.1.0; zh-CN; EML-AL00 Build/HUAWEIEML-AL00) AppleWebKit/537.36 (KHTML, like Gecko) Version/4.0 Chrome/57.0.2987.108 baidu.sogo.uc.UCBrowser/11.9.4.974 UWS/2.13.1.48 Mobile Safari/537.36 AliApp(DingTalk/4.5.11) com.alibaba.android.rimet/10487439 Channel/227200 language/zh-CN',
  'upgrade-insecure-requests' => '1',
  'cache-control' => 'no-cache',
  'pragma' => 'no-cache',
  'connection' => 'keep-alive',
  'host' => 'mojing.3sup0.top',
  'content-type' => '',
  'content-length' => '',
)
[ info ] [ PARAM ] array (
)
[ info ] [ CACHE ] INIT File
[ info ] [ VIEW ] /www/wwwroot/mojing/application/index/view/publics/login.html [ array (
) ]
[ info ] [ LOG ] INIT File
---------------------------------------------------------------
[ 2020-01-05T08:23:52+08:00 ] 27.154.152.174 POST /index/publics/login.html
[ info ] mojing.3sup0.top/index/publics/login.html [运行时间：0.062783s][吞吐率：15.93req/s] [内存消耗：2,346.74kb] [文件加载：85]
[ info ] [ LANG ] /www/wwwroot/mojing/thinkphp/lang/zh-cn.php
[ info ] [ ROUTE ] array (
)
[ info ] [ HEADER ] array (
  'cookie' => 'PHPSESSID=6n58ng4ug40l8h932gll97u9kt',
  'accept-language' => 'zh-CN,zh;q=0.9',
  'accept-encoding' => 'gzip, deflate',
  'referer' => 'http://mojing.3sup0.top/index/publics/index.html',
  'content-type' => 'application/x-www-form-urlencoded; charset=UTF-8',
  'user-agent' => 'Mozilla/5.0 (Windows NT 10.0; WOW64) AppleWebKit/537.36 (KHTML, like Gecko) Chrome/69.0.3497.100 Safari/537.36',
  'x-requested-with' => 'XMLHttpRequest',
  'origin' => 'http://mojing.3sup0.top',
  'accept' => 'application/json, text/javascript, */*; q=0.01',
  'content-length' => '38',
  'connection' => 'keep-alive',
  'host' => 'mojing.3sup0.top',
)
[ info ] [ PARAM ] array (
  'account' => '15951255073',
  'password' => '123456789',
)
[ info ] [ CACHE ] INIT File
[ info ] [ DB ] INIT mysql
[ info ] [ SESSION ] INIT array (
  'id' => '',
  'var_session_id' => '',
  'prefix' => 'think',
  'type' => '',
  'auto_start' => true,
  'httponly' => true,
  'secure' => false,
)
[ info ] [ LOG ] INIT File
[ sql ] [ DB ] CONNECT:[ UseTime:0.000730s ] mysql:host=127.0.0.1;port=3306;dbname=mojing;charset=utf8
[ sql ] [ SQL ] SHOW COLUMNS FROM `user` [ RunTime:0.003311s ]
[ sql ] [ SQL ] SELECT * FROM `user` WHERE  `mobile` = '15951255073' LIMIT 1 [ RunTime:0.001869s ]
---------------------------------------------------------------
[ 2020-01-05T08:23:54+08:00 ] 27.154.152.174 GET /index/index/index.html
[ info ] mojing.3sup0.top/index/index/index.html [运行时间：0.085574s][吞吐率：11.69req/s] [内存消耗：2,241.59kb] [文件加载：87]
[ info ] [ LANG ] /www/wwwroot/mojing/thinkphp/lang/zh-cn.php
[ info ] [ ROUTE ] array (
)
[ info ] [ HEADER ] array (
  'cookie' => 'PHPSESSID=6n58ng4ug40l8h932gll97u9kt',
  'accept-language' => 'zh-CN,zh;q=0.9',
  'accept-encoding' => 'gzip, deflate',
  'referer' => 'http://mojing.3sup0.top/index/publics/index.html',
  'accept' => 'text/html,application/xhtml+xml,application/xml;q=0.9,image/webp,image/apng,*/*;q=0.8',
  'user-agent' => 'Mozilla/5.0 (Windows NT 10.0; WOW64) AppleWebKit/537.36 (KHTML, like Gecko) Chrome/69.0.3497.100 Safari/537.36',
  'upgrade-insecure-requests' => '1',
  'connection' => 'keep-alive',
  'host' => 'mojing.3sup0.top',
  'content-type' => '',
  'content-length' => '',
)
[ info ] [ PARAM ] array (
)
[ info ] [ CACHE ] INIT File
[ info ] [ SESSION ] INIT array (
  'id' => '',
  'var_session_id' => '',
  'prefix' => 'think',
  'type' => '',
  'auto_start' => true,
  'httponly' => true,
  'secure' => false,
)
[ info ] [ DB ] INIT mysql
[ info ] [ VIEW ] /www/wwwroot/mojing/application/index/view/index/index.html [ array (
  0 => 'list',
  1 => 'sl',
) ]
[ info ] [ LOG ] INIT File
[ sql ] [ DB ] CONNECT:[ UseTime:0.002870s ] mysql:host=127.0.0.1;port=3306;dbname=mojing;charset=utf8
[ sql ] [ SQL ] SHOW COLUMNS FROM `user` [ RunTime:0.001934s ]
[ sql ] [ SQL ] SELECT * FROM `user` WHERE  `id` = 32710 LIMIT 1 [ RunTime:0.000838s ]
[ sql ] [ SQL ] SHOW COLUMNS FROM `article` [ RunTime:0.001903s ]
[ sql ] [ SQL ] SELECT * FROM `article` WHERE  `category` = 1 [ RunTime:0.000762s ]
[ sql ] [ SQL ] SHOW COLUMNS FROM `sl` [ RunTime:0.001502s ]
[ sql ] [ SQL ] SELECT * FROM `sl` WHERE  `types` = 1 [ RunTime:0.000719s ]
---------------------------------------------------------------
[ 2020-01-05T08:23:57+08:00 ] 27.154.152.174 GET /index/product/index
[ info ] mojing.3sup0.top/index/product/index [运行时间：0.038693s][吞吐率：25.84req/s] [内存消耗：2,151.29kb] [文件加载：84]
[ info ] [ LANG ] /www/wwwroot/mojing/thinkphp/lang/zh-cn.php
[ info ] [ ROUTE ] array (
)
[ info ] [ HEADER ] array (
  'cookie' => 'PHPSESSID=6n58ng4ug40l8h932gll97u9kt',
  'accept-language' => 'zh-CN,zh;q=0.9',
  'accept-encoding' => 'gzip, deflate',
  'referer' => 'http://mojing.3sup0.top/index/index/index.html',
  'accept' => 'text/html,application/xhtml+xml,application/xml;q=0.9,image/webp,image/apng,*/*;q=0.8',
  'user-agent' => 'Mozilla/5.0 (Windows NT 10.0; WOW64) AppleWebKit/537.36 (KHTML, like Gecko) Chrome/69.0.3497.100 Safari/537.36',
  'upgrade-insecure-requests' => '1',
  'connection' => 'keep-alive',
  'host' => 'mojing.3sup0.top',
  'content-type' => '',
  'content-length' => '',
)
[ info ] [ PARAM ] array (
)
[ info ] [ CACHE ] INIT File
[ info ] [ SESSION ] INIT array (
  'id' => '',
  'var_session_id' => '',
  'prefix' => 'think',
  'type' => '',
  'auto_start' => true,
  'httponly' => true,
  'secure' => false,
)
[ info ] [ DB ] INIT mysql
[ info ] [ VIEW ] /www/wwwroot/mojing/application/index/view/product/index.html [ array (
  0 => 'list',
) ]
[ info ] [ LOG ] INIT File
[ sql ] [ DB ] CONNECT:[ UseTime:0.000541s ] mysql:host=127.0.0.1;port=3306;dbname=mojing;charset=utf8
[ sql ] [ SQL ] SHOW COLUMNS FROM `product` [ RunTime:0.001706s ]
[ sql ] [ SQL ] SELECT * FROM `product` [ RunTime:0.000995s ]
---------------------------------------------------------------
[ 2020-01-05T08:23:57+08:00 ] 42.236.10.75 GET /index/index/index.html
[ info ] mojing.3sup0.top/index/index/index.html [运行时间：0.022073s][吞吐率：45.30req/s] [内存消耗：1,406.04kb] [文件加载：74]
[ info ] [ LANG ] /www/wwwroot/mojing/thinkphp/lang/zh-cn.php
[ info ] [ ROUTE ] array (
)
[ info ] [ HEADER ] array (
  'accept-encoding' => 'gzip, deflate',
  'accept' => 'text/html,application/xhtml+xml,application/xml;q=0.9,image/webp,image/apng,*/*;q=0.8',
  'upgrade-insecure-requests' => '1',
  'user-agent' => 'Mozilla/5.0 (Linux; U; Android 8.1.0; zh-CN; EML-AL00 Build/HUAWEIEML-AL00) AppleWebKit/537.36 (KHTML, like Gecko) Version/4.0 Chrome/57.0.2987.108 baidu.sogo.uc.UCBrowser/11.9.4.974 UWS/2.13.1.48 Mobile Safari/537.36 AliApp(DingTalk/4.5.11) com.alibaba.android.rimet/10487439 Channel/227200 language/zh-CN',
  'connection' => 'keep-alive',
  'host' => 'mojing.3sup0.top',
  'content-type' => '',
  'content-length' => '',
)
[ info ] [ PARAM ] array (
)
[ info ] [ CACHE ] INIT File
[ info ] [ SESSION ] INIT array (
  'id' => '',
  'var_session_id' => '',
  'prefix' => 'think',
  'type' => '',
  'auto_start' => true,
  'httponly' => true,
  'secure' => false,
)
[ info ] [ LOG ] INIT File
---------------------------------------------------------------
[ 2020-01-05T08:23:58+08:00 ] 42.236.10.93 GET /index/index/index.html
[ info ] mojing.3sup0.top/index/index/index.html [运行时间：0.023353s][吞吐率：42.82req/s] [内存消耗：1,407.21kb] [文件加载：74]
[ info ] [ LANG ] /www/wwwroot/mojing/thinkphp/lang/zh-cn.php
[ info ] [ ROUTE ] array (
)
[ info ] [ HEADER ] array (
  'accept-encoding' => 'gzip, deflate',
  'referer' => 'http://baidu.com/',
  'accept' => 'text/html,application/xhtml+xml,application/xml;q=0.9,image/webp,image/apng,*/*;q=0.8',
  'user-agent' => 'Mozilla/5.0 (Linux; U; Android 8.1.0; zh-CN; EML-AL00 Build/HUAWEIEML-AL00) AppleWebKit/537.36 (KHTML, like Gecko) Version/4.0 Chrome/57.0.2987.108 baidu.sogo.uc.UCBrowser/11.9.4.974 UWS/2.13.1.48 Mobile Safari/537.36 AliApp(DingTalk/4.5.11) com.alibaba.android.rimet/10487439 Channel/227200 language/zh-CN',
  'upgrade-insecure-requests' => '1',
  'cache-control' => 'no-cache',
  'pragma' => 'no-cache',
  'connection' => 'keep-alive',
  'host' => 'mojing.3sup0.top',
  'content-type' => '',
  'content-length' => '',
)
[ info ] [ PARAM ] array (
)
[ info ] [ CACHE ] INIT File
[ info ] [ SESSION ] INIT array (
  'id' => '',
  'var_session_id' => '',
  'prefix' => 'think',
  'type' => '',
  'auto_start' => true,
  'httponly' => true,
  'secure' => false,
)
[ info ] [ LOG ] INIT File
---------------------------------------------------------------
[ 2020-01-05T08:23:58+08:00 ] 42.236.10.93 GET /index/publics/index.html
[ info ] mojing.3sup0.top/index/publics/index.html [运行时间：0.021895s][吞吐率：45.67req/s] [内存消耗：1,407.05kb] [文件加载：71]
[ info ] [ LANG ] /www/wwwroot/mojing/thinkphp/lang/zh-cn.php
[ info ] [ ROUTE ] array (
)
[ info ] [ HEADER ] array (
  'cookie' => 'PHPSESSID=bu2or28443u2lu7sdmtgvngb9u',
  'accept-encoding' => 'gzip, deflate',
  'referer' => 'http://baidu.com/',
  'accept' => 'text/html,application/xhtml+xml,application/xml;q=0.9,image/webp,image/apng,*/*;q=0.8',
  'user-agent' => 'Mozilla/5.0 (Linux; U; Android 8.1.0; zh-CN; EML-AL00 Build/HUAWEIEML-AL00) AppleWebKit/537.36 (KHTML, like Gecko) Version/4.0 Chrome/57.0.2987.108 baidu.sogo.uc.UCBrowser/11.9.4.974 UWS/2.13.1.48 Mobile Safari/537.36 AliApp(DingTalk/4.5.11) com.alibaba.android.rimet/10487439 Channel/227200 language/zh-CN',
  'upgrade-insecure-requests' => '1',
  'cache-control' => 'no-cache',
  'pragma' => 'no-cache',
  'connection' => 'keep-alive',
  'host' => 'mojing.3sup0.top',
  'content-type' => '',
  'content-length' => '',
)
[ info ] [ PARAM ] array (
)
[ info ] [ CACHE ] INIT File
[ info ] [ VIEW ] /www/wwwroot/mojing/application/index/view/publics/login.html [ array (
) ]
[ info ] [ LOG ] INIT File
---------------------------------------------------------------
[ 2020-01-05T08:23:59+08:00 ] 27.154.152.174 GET /index/market/index
[ info ] mojing.3sup0.top/index/market/index [运行时间：0.053011s][吞吐率：18.86req/s] [内存消耗：2,291.54kb] [文件加载：86]
[ info ] [ LANG ] /www/wwwroot/mojing/thinkphp/lang/zh-cn.php
[ info ] [ ROUTE ] array (
)
[ info ] [ HEADER ] array (
  'cookie' => 'PHPSESSID=6n58ng4ug40l8h932gll97u9kt',
  'accept-language' => 'zh-CN,zh;q=0.9',
  'accept-encoding' => 'gzip, deflate',
  'referer' => 'http://mojing.3sup0.top/index/product/index',
  'accept' => 'text/html,application/xhtml+xml,application/xml;q=0.9,image/webp,image/apng,*/*;q=0.8',
  'user-agent' => 'Mozilla/5.0 (Windows NT 10.0; WOW64) AppleWebKit/537.36 (KHTML, like Gecko) Chrome/69.0.3497.100 Safari/537.36',
  'upgrade-insecure-requests' => '1',
  'connection' => 'keep-alive',
  'host' => 'mojing.3sup0.top',
  'content-type' => '',
  'content-length' => '',
)
[ info ] [ PARAM ] array (
)
[ info ] [ SESSION ] INIT array (
  'id' => '',
  'var_session_id' => '',
  'prefix' => 'think',
  'type' => '',
  'auto_start' => true,
  'httponly' => true,
  'secure' => false,
)
[ info ] [ DB ] INIT mysql
[ info ] [ CACHE ] INIT File
[ info ] [ VIEW ] /www/wwwroot/mojing/application/index/view/market/index.html [ array (
  0 => 'prices',
  1 => 'market_price_rate',
  2 => 'number_min',
  3 => 'number_max',
  4 => 'magic',
  5 => 'market_number',
  6 => 'market_total',
) ]
[ info ] [ LOG ] INIT File
[ sql ] [ DB ] CONNECT:[ UseTime:0.000509s ] mysql:host=127.0.0.1;port=3306;dbname=mojing;charset=utf8
[ sql ] [ SQL ] SHOW COLUMNS FROM `user` [ RunTime:0.001800s ]
[ sql ] [ SQL ] SELECT * FROM `user` WHERE  `id` = 32710 LIMIT 1 [ RunTime:0.000521s ]
[ sql ] [ SQL ] SHOW COLUMNS FROM `market_price` [ RunTime:0.001299s ]
[ sql ] [ SQL ] SELECT * FROM `market_price` WHERE  `creates_time` >= 1578153600  AND `creates_time` < 1578240000 LIMIT 1 [ RunTime:0.000947s ]
[ sql ] [ SQL ] SELECT * FROM `market_price` WHERE  `creates_time` < 1578153600 ORDER BY `id`  desc LIMIT 1 [ RunTime:0.000336s ]
[ sql ] [ SQL ] INSERT INTO `market_price` (`price` , `creates_time`) VALUES (1.27 , 1578183839) [ RunTime:0.002860s ]
[ sql ] [ SQL ] SELECT * FROM `market_price` WHERE  `creates_time` < 1578153600 ORDER BY `id`  desc LIMIT 1 [ RunTime:0.000470s ]
[ sql ] [ SQL ] SELECT * FROM `market_price` ORDER BY `id`  desc LIMIT 5 [ RunTime:0.000262s ]
[ sql ] [ SQL ] SELECT `magic` FROM `user` WHERE  `id` = 32710 LIMIT 1 [ RunTime:0.000422s ]
---------------------------------------------------------------
[ 2020-01-05T08:24:00+08:00 ] 27.154.152.174 GET /index/market/buylist.html?page=1&limit=10&mobile=
[ info ] mojing.3sup0.top/index/market/buylist.html?page=1&limit=10&mobile= [运行时间：0.038749s][吞吐率：25.81req/s] [内存消耗：2,158.18kb] [文件加载：83]
[ info ] [ LANG ] /www/wwwroot/mojing/thinkphp/lang/zh-cn.php
[ info ] [ ROUTE ] array (
)
[ info ] [ HEADER ] array (
  'cookie' => 'PHPSESSID=6n58ng4ug40l8h932gll97u9kt',
  'accept-language' => 'zh-CN,zh;q=0.9',
  'accept-encoding' => 'gzip, deflate',
  'referer' => 'http://mojing.3sup0.top/index/market/index',
  'user-agent' => 'Mozilla/5.0 (Windows NT 10.0; WOW64) AppleWebKit/537.36 (KHTML, like Gecko) Chrome/69.0.3497.100 Safari/537.36',
  'x-requested-with' => 'XMLHttpRequest',
  'accept' => 'application/json, text/javascript, */*; q=0.01',
  'connection' => 'keep-alive',
  'host' => 'mojing.3sup0.top',
  'content-type' => '',
  'content-length' => '',
)
[ info ] [ PARAM ] array (
  'page' => '1',
  'limit' => '10',
  'mobile' => '',
)
[ info ] [ SESSION ] INIT array (
  'id' => '',
  'var_session_id' => '',
  'prefix' => 'think',
  'type' => '',
  'auto_start' => true,
  'httponly' => true,
  'secure' => false,
)
[ info ] [ DB ] INIT mysql
[ info ] [ CACHE ] INIT File
[ info ] [ LOG ] INIT File
[ sql ] [ DB ] CONNECT:[ UseTime:0.000595s ] mysql:host=127.0.0.1;port=3306;dbname=mojing;charset=utf8
[ sql ] [ SQL ] SHOW COLUMNS FROM `user` [ RunTime:0.001655s ]
[ sql ] [ SQL ] SELECT * FROM `user` WHERE  `id` = 32710 LIMIT 1 [ RunTime:0.000427s ]
---------------------------------------------------------------
[ 2020-01-05T08:24:03+08:00 ] 42.236.10.117 GET /index/product/index
[ info ] mojing.3sup0.top/index/product/index [运行时间：0.023874s][吞吐率：41.89req/s] [内存消耗：1,421.38kb] [文件加载：74]
[ info ] [ LANG ] /www/wwwroot/mojing/thinkphp/lang/zh-cn.php
[ info ] [ ROUTE ] array (
)
[ info ] [ HEADER ] array (
  'accept-encoding' => 'gzip, deflate',
  'referer' => 'http://baidu.com/',
  'accept' => 'text/html,application/xhtml+xml,application/xml;q=0.9,image/webp,image/apng,*/*;q=0.8',
  'user-agent' => 'Mozilla/5.0 (Linux; U; Android 8.1.0; zh-CN; EML-AL00 Build/HUAWEIEML-AL00) AppleWebKit/537.36 (KHTML, like Gecko) Version/4.0 Chrome/57.0.2987.108 baidu.sogo.uc.UCBrowser/11.9.4.974 UWS/2.13.1.48 Mobile Safari/537.36 AliApp(DingTalk/4.5.11) com.alibaba.android.rimet/10487439 Channel/227200 language/zh-CN',
  'upgrade-insecure-requests' => '1',
  'cache-control' => 'no-cache',
  'pragma' => 'no-cache',
  'connection' => 'keep-alive',
  'host' => 'mojing.3sup0.top',
  'content-type' => '',
  'content-length' => '',
)
[ info ] [ PARAM ] array (
)
[ info ] [ CACHE ] INIT File
[ info ] [ SESSION ] INIT array (
  'id' => '',
  'var_session_id' => '',
  'prefix' => 'think',
  'type' => '',
  'auto_start' => true,
  'httponly' => true,
  'secure' => false,
)
[ info ] [ LOG ] INIT File
---------------------------------------------------------------
[ 2020-01-05T08:24:08+08:00 ] 42.236.10.117 GET /index/publics/index.html
[ info ] mojing.3sup0.top/index/publics/index.html [运行时间：0.025926s][吞吐率：38.57req/s] [内存消耗：1,407.05kb] [文件加载：71]
[ info ] [ LANG ] /www/wwwroot/mojing/thinkphp/lang/zh-cn.php
[ info ] [ ROUTE ] array (
)
[ info ] [ HEADER ] array (
  'cookie' => 'PHPSESSID=n1tsrps3nlvpkl5g2g0gif29ud',
  'accept-encoding' => 'gzip, deflate',
  'referer' => 'http://baidu.com/',
  'accept' => 'text/html,application/xhtml+xml,application/xml;q=0.9,image/webp,image/apng,*/*;q=0.8',
  'user-agent' => 'Mozilla/5.0 (Linux; U; Android 8.1.0; zh-CN; EML-AL00 Build/HUAWEIEML-AL00) AppleWebKit/537.36 (KHTML, like Gecko) Version/4.0 Chrome/57.0.2987.108 baidu.sogo.uc.UCBrowser/11.9.4.974 UWS/2.13.1.48 Mobile Safari/537.36 AliApp(DingTalk/4.5.11) com.alibaba.android.rimet/10487439 Channel/227200 language/zh-CN',
  'upgrade-insecure-requests' => '1',
  'cache-control' => 'no-cache',
  'pragma' => 'no-cache',
  'connection' => 'keep-alive',
  'host' => 'mojing.3sup0.top',
  'content-type' => '',
  'content-length' => '',
)
[ info ] [ PARAM ] array (
)
[ info ] [ CACHE ] INIT File
[ info ] [ VIEW ] /www/wwwroot/mojing/application/index/view/publics/login.html [ array (
) ]
[ info ] [ LOG ] INIT File
---------------------------------------------------------------
[ 2020-01-05T08:24:10+08:00 ] 42.236.10.75 GET /index/index/index.html
[ info ] mojing.3sup0.top/index/index/index.html [运行时间：0.022580s][吞吐率：44.29req/s] [内存消耗：1,406.04kb] [文件加载：74]
[ info ] [ LANG ] /www/wwwroot/mojing/thinkphp/lang/zh-cn.php
[ info ] [ ROUTE ] array (
)
[ info ] [ HEADER ] array (
  'accept-encoding' => 'gzip, deflate',
  'accept' => 'text/html,application/xhtml+xml,application/xml;q=0.9,image/webp,image/apng,*/*;q=0.8',
  'upgrade-insecure-requests' => '1',
  'user-agent' => 'Mozilla/5.0 (Linux; U; Android 8.1.0; zh-CN; EML-AL00 Build/HUAWEIEML-AL00) AppleWebKit/537.36 (KHTML, like Gecko) Version/4.0 Chrome/57.0.2987.108 baidu.sogo.uc.UCBrowser/11.9.4.974 UWS/2.13.1.48 Mobile Safari/537.36 AliApp(DingTalk/4.5.11) com.alibaba.android.rimet/10487439 Channel/227200 language/zh-CN',
  'connection' => 'keep-alive',
  'host' => 'mojing.3sup0.top',
  'content-type' => '',
  'content-length' => '',
)
[ info ] [ PARAM ] array (
)
[ info ] [ CACHE ] INIT File
[ info ] [ SESSION ] INIT array (
  'id' => '',
  'var_session_id' => '',
  'prefix' => 'think',
  'type' => '',
  'auto_start' => true,
  'httponly' => true,
  'secure' => false,
)
[ info ] [ LOG ] INIT File
---------------------------------------------------------------
[ 2020-01-05T08:24:10+08:00 ] 42.236.10.78 GET /index/index/index.html
[ info ] mojing.3sup0.top/index/index/index.html [运行时间：0.022017s][吞吐率：45.42req/s] [内存消耗：1,407.21kb] [文件加载：74]
[ info ] [ LANG ] /www/wwwroot/mojing/thinkphp/lang/zh-cn.php
[ info ] [ ROUTE ] array (
)
[ info ] [ HEADER ] array (
  'accept-encoding' => 'gzip, deflate',
  'referer' => 'http://baidu.com/',
  'accept' => 'text/html,application/xhtml+xml,application/xml;q=0.9,image/webp,image/apng,*/*;q=0.8',
  'user-agent' => 'Mozilla/5.0 (Linux; U; Android 8.1.0; zh-CN; EML-AL00 Build/HUAWEIEML-AL00) AppleWebKit/537.36 (KHTML, like Gecko) Version/4.0 Chrome/57.0.2987.108 baidu.sogo.uc.UCBrowser/11.9.4.974 UWS/2.13.1.48 Mobile Safari/537.36 AliApp(DingTalk/4.5.11) com.alibaba.android.rimet/10487439 Channel/227200 language/zh-CN',
  'upgrade-insecure-requests' => '1',
  'cache-control' => 'no-cache',
  'pragma' => 'no-cache',
  'connection' => 'keep-alive',
  'host' => 'mojing.3sup0.top',
  'content-type' => '',
  'content-length' => '',
)
[ info ] [ PARAM ] array (
)
[ info ] [ CACHE ] INIT File
[ info ] [ SESSION ] INIT array (
  'id' => '',
  'var_session_id' => '',
  'prefix' => 'think',
  'type' => '',
  'auto_start' => true,
  'httponly' => true,
  'secure' => false,
)
[ info ] [ LOG ] INIT File
---------------------------------------------------------------
[ 2020-01-05T08:24:10+08:00 ] 42.236.10.78 GET /index/publics/index.html
[ info ] mojing.3sup0.top/index/publics/index.html [运行时间：0.021785s][吞吐率：45.90req/s] [内存消耗：1,407.05kb] [文件加载：71]
[ info ] [ LANG ] /www/wwwroot/mojing/thinkphp/lang/zh-cn.php
[ info ] [ ROUTE ] array (
)
[ info ] [ HEADER ] array (
  'cookie' => 'PHPSESSID=gai55v98qo2uit8cc5g620hv6t',
  'accept-encoding' => 'gzip, deflate',
  'referer' => 'http://baidu.com/',
  'accept' => 'text/html,application/xhtml+xml,application/xml;q=0.9,image/webp,image/apng,*/*;q=0.8',
  'user-agent' => 'Mozilla/5.0 (Linux; U; Android 8.1.0; zh-CN; EML-AL00 Build/HUAWEIEML-AL00) AppleWebKit/537.36 (KHTML, like Gecko) Version/4.0 Chrome/57.0.2987.108 baidu.sogo.uc.UCBrowser/11.9.4.974 UWS/2.13.1.48 Mobile Safari/537.36 AliApp(DingTalk/4.5.11) com.alibaba.android.rimet/10487439 Channel/227200 language/zh-CN',
  'upgrade-insecure-requests' => '1',
  'cache-control' => 'no-cache',
  'pragma' => 'no-cache',
  'connection' => 'keep-alive',
  'host' => 'mojing.3sup0.top',
  'content-type' => '',
  'content-length' => '',
)
[ info ] [ PARAM ] array (
)
[ info ] [ CACHE ] INIT File
[ info ] [ VIEW ] /www/wwwroot/mojing/application/index/view/publics/login.html [ array (
) ]
[ info ] [ LOG ] INIT File
---------------------------------------------------------------
[ 2020-01-05T08:24:12+08:00 ] 42.236.10.125 GET /index/market/index
[ info ] mojing.3sup0.top/index/market/index [运行时间：0.046760s][吞吐率：21.39req/s] [内存消耗：2,142.35kb] [文件加载：80]
[ info ] [ LANG ] /www/wwwroot/mojing/thinkphp/lang/zh-cn.php
[ info ] [ ROUTE ] array (
)
[ info ] [ HEADER ] array (
  'accept-encoding' => 'gzip, deflate',
  'referer' => 'http://baidu.com/',
  'accept' => 'text/html,application/xhtml+xml,application/xml;q=0.9,image/webp,image/apng,*/*;q=0.8',
  'user-agent' => 'Mozilla/5.0 (Linux; U; Android 8.1.0; zh-CN; EML-AL00 Build/HUAWEIEML-AL00) AppleWebKit/537.36 (KHTML, like Gecko) Version/4.0 Chrome/57.0.2987.108 baidu.sogo.uc.UCBrowser/11.9.4.974 UWS/2.13.1.48 Mobile Safari/537.36 AliApp(DingTalk/4.5.11) com.alibaba.android.rimet/10487439 Channel/227200 language/zh-CN',
  'upgrade-insecure-requests' => '1',
  'cache-control' => 'no-cache',
  'pragma' => 'no-cache',
  'connection' => 'keep-alive',
  'host' => 'mojing.3sup0.top',
  'content-type' => '',
  'content-length' => '',
)
[ info ] [ PARAM ] array (
)
[ info ] [ SESSION ] INIT array (
  'id' => '',
  'var_session_id' => '',
  'prefix' => 'think',
  'type' => '',
  'auto_start' => true,
  'httponly' => true,
  'secure' => false,
)
[ info ] [ DB ] INIT mysql
[ info ] [ LOG ] INIT File
[ sql ] [ DB ] CONNECT:[ UseTime:0.000418s ] mysql:host=127.0.0.1;port=3306;dbname=mojing;charset=utf8
[ sql ] [ SQL ] SHOW COLUMNS FROM `user` [ RunTime:0.001165s ]
[ sql ] [ SQL ] SELECT * FROM `user` WHERE  `id` = 0 LIMIT 1 [ RunTime:0.000685s ]
[ error ] [1]Uncaught think\exception\ErrorException: http_response_code() expects parameter 1 to be integer, string given in /www/wwwroot/mojing/thinkphp/library/think/Response.php:143
Stack trace:
#0 [internal function]: think\Error::appError(2, 'http_response_c...', '/www/wwwroot/mo...', 143, Array)
#1 /www/wwwroot/mojing/thinkphp/library/think/Response.php(143): http_response_code('\xE5\xAF\xB9\xE8\xB1\xA1\xE4\xB8\x8D\xE5\xAD\x98\xE5\x9C\xA8')
#2 /www/wwwroot/mojing/thinkphp/library/think/Error.php(50): think\Response->send()
#3 [internal function]: think\Error::appException(Object(think\exception\HttpException))
#4 {main}
  thrown[/www/wwwroot/mojing/thinkphp/library/think/Response.php:143]
---------------------------------------------------------------
[ 2020-01-05T08:24:29+08:00 ] 42.236.10.117 GET /index/product/index
[ info ] mojing.3sup0.top/index/product/index [运行时间：0.022253s][吞吐率：44.94req/s] [内存消耗：1,421.38kb] [文件加载：74]
[ info ] [ LANG ] /www/wwwroot/mojing/thinkphp/lang/zh-cn.php
[ info ] [ ROUTE ] array (
)
[ info ] [ HEADER ] array (
  'accept-encoding' => 'gzip, deflate',
  'referer' => 'http://baidu.com/',
  'accept' => 'text/html,application/xhtml+xml,application/xml;q=0.9,image/webp,image/apng,*/*;q=0.8',
  'user-agent' => 'Mozilla/5.0 (Linux; U; Android 8.1.0; zh-CN; EML-AL00 Build/HUAWEIEML-AL00) AppleWebKit/537.36 (KHTML, like Gecko) Version/4.0 Chrome/57.0.2987.108 baidu.sogo.uc.UCBrowser/11.9.4.974 UWS/2.13.1.48 Mobile Safari/537.36 AliApp(DingTalk/4.5.11) com.alibaba.android.rimet/10487439 Channel/227200 language/zh-CN',
  'upgrade-insecure-requests' => '1',
  'cache-control' => 'no-cache',
  'pragma' => 'no-cache',
  'connection' => 'keep-alive',
  'host' => 'mojing.3sup0.top',
  'content-type' => '',
  'content-length' => '',
)
[ info ] [ PARAM ] array (
)
[ info ] [ CACHE ] INIT File
[ info ] [ SESSION ] INIT array (
  'id' => '',
  'var_session_id' => '',
  'prefix' => 'think',
  'type' => '',
  'auto_start' => true,
  'httponly' => true,
  'secure' => false,
)
[ info ] [ LOG ] INIT File
---------------------------------------------------------------
[ 2020-01-05T08:24:29+08:00 ] 42.236.10.117 GET /index/publics/index.html
[ info ] mojing.3sup0.top/index/publics/index.html [运行时间：0.021703s][吞吐率：46.08req/s] [内存消耗：1,407.05kb] [文件加载：71]
[ info ] [ LANG ] /www/wwwroot/mojing/thinkphp/lang/zh-cn.php
[ info ] [ ROUTE ] array (
)
[ info ] [ HEADER ] array (
  'cookie' => 'PHPSESSID=litda4ospp0nik91v58mkkffnp',
  'accept-encoding' => 'gzip, deflate',
  'referer' => 'http://baidu.com/',
  'accept' => 'text/html,application/xhtml+xml,application/xml;q=0.9,image/webp,image/apng,*/*;q=0.8',
  'user-agent' => 'Mozilla/5.0 (Linux; U; Android 8.1.0; zh-CN; EML-AL00 Build/HUAWEIEML-AL00) AppleWebKit/537.36 (KHTML, like Gecko) Version/4.0 Chrome/57.0.2987.108 baidu.sogo.uc.UCBrowser/11.9.4.974 UWS/2.13.1.48 Mobile Safari/537.36 AliApp(DingTalk/4.5.11) com.alibaba.android.rimet/10487439 Channel/227200 language/zh-CN',
  'upgrade-insecure-requests' => '1',
  'cache-control' => 'no-cache',
  'pragma' => 'no-cache',
  'connection' => 'keep-alive',
  'host' => 'mojing.3sup0.top',
  'content-type' => '',
  'content-length' => '',
)
[ info ] [ PARAM ] array (
)
[ info ] [ CACHE ] INIT File
[ info ] [ VIEW ] /www/wwwroot/mojing/application/index/view/publics/login.html [ array (
) ]
[ info ] [ LOG ] INIT File
---------------------------------------------------------------
[ 2020-01-05T08:26:14+08:00 ] 27.154.152.174 GET /index/member/login.html
[ info ] mojing.3sup0.top/index/member/login.html [运行时间：0.055669s][吞吐率：17.96req/s] [内存消耗：1,450.28kb] [文件加载：74]
[ info ] [ LANG ] /www/wwwroot/mojing/thinkphp/lang/zh-cn.php
[ info ] [ ROUTE ] array (
)
[ info ] [ HEADER ] array (
  'cookie' => 'PHPSESSID=6n58ng4ug40l8h932gll97u9kt',
  'accept-language' => 'zh-CN,zh;q=0.9',
  'accept-encoding' => 'gzip, deflate',
  'referer' => 'http://mojing.3sup0.top/index/market/index',
  'accept' => 'text/html,application/xhtml+xml,application/xml;q=0.9,image/webp,image/apng,*/*;q=0.8',
  'user-agent' => 'Mozilla/5.0 (Windows NT 10.0; WOW64) AppleWebKit/537.36 (KHTML, like Gecko) Chrome/69.0.3497.100 Safari/537.36',
  'upgrade-insecure-requests' => '1',
  'connection' => 'keep-alive',
  'host' => 'mojing.3sup0.top',
  'content-type' => '',
  'content-length' => '',
)
[ info ] [ PARAM ] array (
)
[ info ] [ CACHE ] INIT File
[ info ] [ SESSION ] INIT array (
  'id' => '',
  'var_session_id' => '',
  'prefix' => 'think',
  'type' => '',
  'auto_start' => true,
  'httponly' => true,
  'secure' => false,
)
[ info ] [ VIEW ] /www/wwwroot/mojing/application/index/view/member/login.html [ array (
) ]
[ info ] [ LOG ] INIT File
---------------------------------------------------------------
[ 2020-01-05T08:27:38+08:00 ] 27.154.152.174 GET /
[ info ] mojing.3sup0.top/ [运行时间：0.041954s][吞吐率：23.84req/s] [内存消耗：2,211.87kb] [文件加载：86]
[ info ] [ LANG ] /www/wwwroot/mojing/thinkphp/lang/zh-cn.php
[ info ] [ ROUTE ] array (
)
[ info ] [ HEADER ] array (
  'cookie' => 'PHPSESSID=6n58ng4ug40l8h932gll97u9kt',
  'accept-language' => 'zh-CN,zh;q=0.9',
  'accept-encoding' => 'gzip, deflate',
  'referer' => 'http://zzjie.com/url/?http://mojing.3sup0.top/',
  'accept' => 'text/html,application/xhtml+xml,application/xml;q=0.9,image/webp,image/apng,*/*;q=0.8',
  'user-agent' => 'Mozilla/5.0 (Windows NT 10.0; WOW64) AppleWebKit/537.36 (KHTML, like Gecko) Chrome/69.0.3497.100 Safari/537.36',
  'upgrade-insecure-requests' => '1',
  'connection' => 'keep-alive',
  'host' => 'mojing.3sup0.top',
  'content-type' => '',
  'content-length' => '',
)
[ info ] [ PARAM ] array (
)
[ info ] [ CACHE ] INIT File
[ info ] [ SESSION ] INIT array (
  'id' => '',
  'var_session_id' => '',
  'prefix' => 'think',
  'type' => '',
  'auto_start' => true,
  'httponly' => true,
  'secure' => false,
)
[ info ] [ DB ] INIT mysql
[ info ] [ VIEW ] /www/wwwroot/mojing/application/index/view/index/index.html [ array (
  0 => 'list',
  1 => 'sl',
) ]
[ info ] [ LOG ] INIT File
[ sql ] [ DB ] CONNECT:[ UseTime:0.000781s ] mysql:host=127.0.0.1;port=3306;dbname=mojing;charset=utf8
[ sql ] [ SQL ] SHOW COLUMNS FROM `article` [ RunTime:0.001807s ]
[ sql ] [ SQL ] SELECT * FROM `article` WHERE  `category` = 1 [ RunTime:0.000378s ]
[ sql ] [ SQL ] SHOW COLUMNS FROM `sl` [ RunTime:0.000839s ]
[ sql ] [ SQL ] SELECT * FROM `sl` WHERE  `types` = 1 [ RunTime:0.000304s ]
---------------------------------------------------------------
[ 2020-01-05T08:28:11+08:00 ] 27.154.152.174 GET /
[ info ] mojing.3sup0.top/ [运行时间：0.056919s][吞吐率：17.57req/s] [内存消耗：2,211.87kb] [文件加载：86]
[ info ] [ LANG ] /www/wwwroot/mojing/thinkphp/lang/zh-cn.php
[ info ] [ ROUTE ] array (
)
[ info ] [ HEADER ] array (
  'cookie' => 'PHPSESSID=6n58ng4ug40l8h932gll97u9kt',
  'accept-language' => 'zh-CN,zh;q=0.9',
  'accept-encoding' => 'gzip, deflate',
  'referer' => 'http://zzjie.com/url/?http://mojing.3sup0.top/',
  'accept' => 'text/html,application/xhtml+xml,application/xml;q=0.9,image/webp,image/apng,*/*;q=0.8',
  'user-agent' => 'Mozilla/5.0 (Windows NT 10.0; WOW64) AppleWebKit/537.36 (KHTML, like Gecko) Chrome/69.0.3497.100 Safari/537.36',
  'upgrade-insecure-requests' => '1',
  'connection' => 'keep-alive',
  'host' => 'mojing.3sup0.top',
  'content-type' => '',
  'content-length' => '',
)
[ info ] [ PARAM ] array (
)
[ info ] [ CACHE ] INIT File
[ info ] [ SESSION ] INIT array (
  'id' => '',
  'var_session_id' => '',
  'prefix' => 'think',
  'type' => '',
  'auto_start' => true,
  'httponly' => true,
  'secure' => false,
)
[ info ] [ DB ] INIT mysql
[ info ] [ VIEW ] /www/wwwroot/mojing/application/index/view/index/index.html [ array (
  0 => 'list',
  1 => 'sl',
) ]
[ info ] [ LOG ] INIT File
[ sql ] [ DB ] CONNECT:[ UseTime:0.000672s ] mysql:host=127.0.0.1;port=3306;dbname=mojing;charset=utf8
[ sql ] [ SQL ] SHOW COLUMNS FROM `article` [ RunTime:0.001273s ]
[ sql ] [ SQL ] SELECT * FROM `article` WHERE  `category` = 1 [ RunTime:0.000381s ]
[ sql ] [ SQL ] SHOW COLUMNS FROM `sl` [ RunTime:0.000762s ]
[ sql ] [ SQL ] SELECT * FROM `sl` WHERE  `types` = 1 [ RunTime:0.000247s ]
---------------------------------------------------------------
[ 2020-01-05T08:28:44+08:00 ] 27.154.152.174 GET /
[ info ] mojing.3sup0.top/ [运行时间：0.036995s][吞吐率：27.03req/s] [内存消耗：2,211.87kb] [文件加载：86]
[ info ] [ LANG ] /www/wwwroot/mojing/thinkphp/lang/zh-cn.php
[ info ] [ ROUTE ] array (
)
[ info ] [ HEADER ] array (
  'cookie' => 'PHPSESSID=6n58ng4ug40l8h932gll97u9kt',
  'accept-language' => 'zh-CN,zh;q=0.9',
  'accept-encoding' => 'gzip, deflate',
  'referer' => 'http://zzjie.com/url/?http://mojing.3sup0.top/',
  'accept' => 'text/html,application/xhtml+xml,application/xml;q=0.9,image/webp,image/apng,*/*;q=0.8',
  'user-agent' => 'Mozilla/5.0 (Windows NT 10.0; WOW64) AppleWebKit/537.36 (KHTML, like Gecko) Chrome/69.0.3497.100 Safari/537.36',
  'upgrade-insecure-requests' => '1',
  'connection' => 'keep-alive',
  'host' => 'mojing.3sup0.top',
  'content-type' => '',
  'content-length' => '',
)
[ info ] [ PARAM ] array (
)
[ info ] [ CACHE ] INIT File
[ info ] [ SESSION ] INIT array (
  'id' => '',
  'var_session_id' => '',
  'prefix' => 'think',
  'type' => '',
  'auto_start' => true,
  'httponly' => true,
  'secure' => false,
)
[ info ] [ DB ] INIT mysql
[ info ] [ VIEW ] /www/wwwroot/mojing/application/index/view/index/index.html [ array (
  0 => 'list',
  1 => 'sl',
) ]
[ info ] [ LOG ] INIT File
[ sql ] [ DB ] CONNECT:[ UseTime:0.000597s ] mysql:host=127.0.0.1;port=3306;dbname=mojing;charset=utf8
[ sql ] [ SQL ] SHOW COLUMNS FROM `article` [ RunTime:0.001719s ]
[ sql ] [ SQL ] SELECT * FROM `article` WHERE  `category` = 1 [ RunTime:0.000398s ]
[ sql ] [ SQL ] SHOW COLUMNS FROM `sl` [ RunTime:0.000663s ]
[ sql ] [ SQL ] SELECT * FROM `sl` WHERE  `types` = 1 [ RunTime:0.000233s ]
---------------------------------------------------------------
[ 2020-01-05T08:30:25+08:00 ] 27.154.152.174 GET /
[ info ] mojing.3sup0.top/ [运行时间：0.057187s][吞吐率：17.49req/s] [内存消耗：2,211.87kb] [文件加载：86]
[ info ] [ LANG ] /www/wwwroot/mojing/thinkphp/lang/zh-cn.php
[ info ] [ ROUTE ] array (
)
[ info ] [ HEADER ] array (
  'cookie' => 'PHPSESSID=6n58ng4ug40l8h932gll97u9kt',
  'accept-language' => 'zh-CN,zh;q=0.9',
  'accept-encoding' => 'gzip, deflate',
  'referer' => 'http://zzjie.com/url/?http://mojing.3sup0.top/',
  'accept' => 'text/html,application/xhtml+xml,application/xml;q=0.9,image/webp,image/apng,*/*;q=0.8',
  'user-agent' => 'Mozilla/5.0 (Windows NT 10.0; WOW64) AppleWebKit/537.36 (KHTML, like Gecko) Chrome/69.0.3497.100 Safari/537.36',
  'upgrade-insecure-requests' => '1',
  'connection' => 'keep-alive',
  'host' => 'mojing.3sup0.top',
  'content-type' => '',
  'content-length' => '',
)
[ info ] [ PARAM ] array (
)
[ info ] [ CACHE ] INIT File
[ info ] [ SESSION ] INIT array (
  'id' => '',
  'var_session_id' => '',
  'prefix' => 'think',
  'type' => '',
  'auto_start' => true,
  'httponly' => true,
  'secure' => false,
)
[ info ] [ DB ] INIT mysql
[ info ] [ VIEW ] /www/wwwroot/mojing/application/index/view/index/index.html [ array (
  0 => 'list',
  1 => 'sl',
) ]
[ info ] [ LOG ] INIT File
[ sql ] [ DB ] CONNECT:[ UseTime:0.000710s ] mysql:host=127.0.0.1;port=3306;dbname=mojing;charset=utf8
[ sql ] [ SQL ] SHOW COLUMNS FROM `article` [ RunTime:0.001217s ]
[ sql ] [ SQL ] SELECT * FROM `article` WHERE  `category` = 1 [ RunTime:0.000440s ]
[ sql ] [ SQL ] SHOW COLUMNS FROM `sl` [ RunTime:0.000878s ]
[ sql ] [ SQL ] SELECT * FROM `sl` WHERE  `types` = 1 [ RunTime:0.000302s ]
---------------------------------------------------------------
[ 2020-01-05T08:32:19+08:00 ] 27.154.152.174 GET /
[ info ] mojing.3sup0.top/ [运行时间：0.045814s][吞吐率：21.83req/s] [内存消耗：2,211.87kb] [文件加载：86]
[ info ] [ LANG ] /www/wwwroot/mojing/thinkphp/lang/zh-cn.php
[ info ] [ ROUTE ] array (
)
[ info ] [ HEADER ] array (
  'cookie' => 'PHPSESSID=6n58ng4ug40l8h932gll97u9kt',
  'accept-language' => 'zh-CN,zh;q=0.9',
  'accept-encoding' => 'gzip, deflate',
  'referer' => 'http://zzjie.com/url/?http://mojing.3sup0.top/',
  'accept' => 'text/html,application/xhtml+xml,application/xml;q=0.9,image/webp,image/apng,*/*;q=0.8',
  'user-agent' => 'Mozilla/5.0 (Windows NT 10.0; WOW64) AppleWebKit/537.36 (KHTML, like Gecko) Chrome/69.0.3497.100 Safari/537.36',
  'upgrade-insecure-requests' => '1',
  'connection' => 'keep-alive',
  'host' => 'mojing.3sup0.top',
  'content-type' => '',
  'content-length' => '',
)
[ info ] [ PARAM ] array (
)
[ info ] [ CACHE ] INIT File
[ info ] [ SESSION ] INIT array (
  'id' => '',
  'var_session_id' => '',
  'prefix' => 'think',
  'type' => '',
  'auto_start' => true,
  'httponly' => true,
  'secure' => false,
)
[ info ] [ DB ] INIT mysql
[ info ] [ VIEW ] /www/wwwroot/mojing/application/index/view/index/index.html [ array (
  0 => 'list',
  1 => 'sl',
) ]
[ info ] [ LOG ] INIT File
[ sql ] [ DB ] CONNECT:[ UseTime:0.000821s ] mysql:host=127.0.0.1;port=3306;dbname=mojing;charset=utf8
[ sql ] [ SQL ] SHOW COLUMNS FROM `article` [ RunTime:0.001262s ]
[ sql ] [ SQL ] SELECT * FROM `article` WHERE  `category` = 1 [ RunTime:0.000402s ]
[ sql ] [ SQL ] SHOW COLUMNS FROM `sl` [ RunTime:0.000971s ]
[ sql ] [ SQL ] SELECT * FROM `sl` WHERE  `types` = 1 [ RunTime:0.000238s ]
---------------------------------------------------------------
[ 2020-01-05T08:32:22+08:00 ] 27.154.152.174 GET /index/product/index
[ info ] mojing.3sup0.top/index/product/index [运行时间：0.082752s][吞吐率：12.08req/s] [内存消耗：2,151.46kb] [文件加载：84]
[ info ] [ LANG ] /www/wwwroot/mojing/thinkphp/lang/zh-cn.php
[ info ] [ ROUTE ] array (
)
[ info ] [ HEADER ] array (
  'cookie' => 'PHPSESSID=6n58ng4ug40l8h932gll97u9kt',
  'accept-language' => 'zh-CN,zh;q=0.9',
  'accept-encoding' => 'gzip, deflate',
  'referer' => 'http://mojing.3sup0.top/',
  'accept' => 'text/html,application/xhtml+xml,application/xml;q=0.9,image/webp,image/apng,*/*;q=0.8',
  'user-agent' => 'Mozilla/5.0 (Windows NT 10.0; WOW64) AppleWebKit/537.36 (KHTML, like Gecko) Chrome/69.0.3497.100 Safari/537.36',
  'upgrade-insecure-requests' => '1',
  'connection' => 'keep-alive',
  'host' => 'mojing.3sup0.top',
  'content-type' => '',
  'content-length' => '',
)
[ info ] [ PARAM ] array (
)
[ info ] [ CACHE ] INIT File
[ info ] [ SESSION ] INIT array (
  'id' => '',
  'var_session_id' => '',
  'prefix' => 'think',
  'type' => '',
  'auto_start' => true,
  'httponly' => true,
  'secure' => false,
)
[ info ] [ DB ] INIT mysql
[ info ] [ VIEW ] /www/wwwroot/mojing/application/index/view/product/index.html [ array (
  0 => 'list',
) ]
[ info ] [ LOG ] INIT File
[ sql ] [ DB ] CONNECT:[ UseTime:0.000509s ] mysql:host=127.0.0.1;port=3306;dbname=mojing;charset=utf8
[ sql ] [ SQL ] SHOW COLUMNS FROM `product` [ RunTime:0.001238s ]
[ sql ] [ SQL ] SELECT * FROM `product` [ RunTime:0.000449s ]
---------------------------------------------------------------
[ 2020-01-05T08:32:23+08:00 ] 27.154.152.174 GET /index/market/index
[ info ] mojing.3sup0.top/index/market/index [运行时间：0.041007s][吞吐率：24.39req/s] [内存消耗：2,192.92kb] [文件加载：84]
[ info ] [ LANG ] /www/wwwroot/mojing/thinkphp/lang/zh-cn.php
[ info ] [ ROUTE ] array (
)
[ info ] [ HEADER ] array (
  'cookie' => 'PHPSESSID=6n58ng4ug40l8h932gll97u9kt',
  'accept-language' => 'zh-CN,zh;q=0.9',
  'accept-encoding' => 'gzip, deflate',
  'referer' => 'http://mojing.3sup0.top/index/product/index',
  'accept' => 'text/html,application/xhtml+xml,application/xml;q=0.9,image/webp,image/apng,*/*;q=0.8',
  'user-agent' => 'Mozilla/5.0 (Windows NT 10.0; WOW64) AppleWebKit/537.36 (KHTML, like Gecko) Chrome/69.0.3497.100 Safari/537.36',
  'upgrade-insecure-requests' => '1',
  'connection' => 'keep-alive',
  'host' => 'mojing.3sup0.top',
  'content-type' => '',
  'content-length' => '',
)
[ info ] [ PARAM ] array (
)
[ info ] [ SESSION ] INIT array (
  'id' => '',
  'var_session_id' => '',
  'prefix' => 'think',
  'type' => '',
  'auto_start' => true,
  'httponly' => true,
  'secure' => false,
)
[ info ] [ DB ] INIT mysql
[ info ] [ CACHE ] INIT File
[ info ] [ VIEW ] /www/wwwroot/mojing/application/index/view/market/index.html [ array (
  0 => 'prices',
  1 => 'market_price_rate',
  2 => 'number_min',
  3 => 'number_max',
  4 => 'magic',
  5 => 'market_number',
  6 => 'market_total',
) ]
[ info ] [ LOG ] INIT File
[ sql ] [ DB ] CONNECT:[ UseTime:0.000484s ] mysql:host=127.0.0.1;port=3306;dbname=mojing;charset=utf8
[ sql ] [ SQL ] SHOW COLUMNS FROM `user` [ RunTime:0.001161s ]
[ sql ] [ SQL ] SELECT * FROM `user` WHERE  `id` = 32710 LIMIT 1 [ RunTime:0.000385s ]
[ sql ] [ SQL ] SELECT `magic` FROM `user` WHERE  `id` = 32710 LIMIT 1 [ RunTime:0.000420s ]
---------------------------------------------------------------
[ 2020-01-05T08:32:24+08:00 ] 27.154.152.174 GET /index/market/buylist.html?page=1&limit=10&mobile=
[ info ] mojing.3sup0.top/index/market/buylist.html?page=1&limit=10&mobile= [运行时间：0.036227s][吞吐率：27.60req/s] [内存消耗：2,158.35kb] [文件加载：83]
[ info ] [ LANG ] /www/wwwroot/mojing/thinkphp/lang/zh-cn.php
[ info ] [ ROUTE ] array (
)
[ info ] [ HEADER ] array (
  'cookie' => 'PHPSESSID=6n58ng4ug40l8h932gll97u9kt',
  'accept-language' => 'zh-CN,zh;q=0.9',
  'accept-encoding' => 'gzip, deflate',
  'referer' => 'http://mojing.3sup0.top/index/market/index',
  'user-agent' => 'Mozilla/5.0 (Windows NT 10.0; WOW64) AppleWebKit/537.36 (KHTML, like Gecko) Chrome/69.0.3497.100 Safari/537.36',
  'x-requested-with' => 'XMLHttpRequest',
  'accept' => 'application/json, text/javascript, */*; q=0.01',
  'connection' => 'keep-alive',
  'host' => 'mojing.3sup0.top',
  'content-type' => '',
  'content-length' => '',
)
[ info ] [ PARAM ] array (
  'page' => '1',
  'limit' => '10',
  'mobile' => '',
)
[ info ] [ SESSION ] INIT array (
  'id' => '',
  'var_session_id' => '',
  'prefix' => 'think',
  'type' => '',
  'auto_start' => true,
  'httponly' => true,
  'secure' => false,
)
[ info ] [ DB ] INIT mysql
[ info ] [ CACHE ] INIT File
[ info ] [ LOG ] INIT File
[ sql ] [ DB ] CONNECT:[ UseTime:0.000411s ] mysql:host=127.0.0.1;port=3306;dbname=mojing;charset=utf8
[ sql ] [ SQL ] SHOW COLUMNS FROM `user` [ RunTime:0.001182s ]
[ sql ] [ SQL ] SELECT * FROM `user` WHERE  `id` = 32710 LIMIT 1 [ RunTime:0.000351s ]
---------------------------------------------------------------
[ 2020-01-05T08:34:06+08:00 ] 27.154.152.174 GET /
[ info ] mojing.3sup0.top/ [运行时间：0.039412s][吞吐率：25.37req/s] [内存消耗：2,211.87kb] [文件加载：86]
[ info ] [ LANG ] /www/wwwroot/mojing/thinkphp/lang/zh-cn.php
[ info ] [ ROUTE ] array (
)
[ info ] [ HEADER ] array (
  'cookie' => 'PHPSESSID=6n58ng4ug40l8h932gll97u9kt',
  'accept-language' => 'zh-CN,zh;q=0.9',
  'accept-encoding' => 'gzip, deflate',
  'referer' => 'http://zzjie.com/url/?http://mojing.3sup0.top/',
  'accept' => 'text/html,application/xhtml+xml,application/xml;q=0.9,image/webp,image/apng,*/*;q=0.8',
  'user-agent' => 'Mozilla/5.0 (Windows NT 10.0; WOW64) AppleWebKit/537.36 (KHTML, like Gecko) Chrome/69.0.3497.100 Safari/537.36',
  'upgrade-insecure-requests' => '1',
  'connection' => 'keep-alive',
  'host' => 'mojing.3sup0.top',
  'content-type' => '',
  'content-length' => '',
)
[ info ] [ PARAM ] array (
)
[ info ] [ CACHE ] INIT File
[ info ] [ SESSION ] INIT array (
  'id' => '',
  'var_session_id' => '',
  'prefix' => 'think',
  'type' => '',
  'auto_start' => true,
  'httponly' => true,
  'secure' => false,
)
[ info ] [ DB ] INIT mysql
[ info ] [ VIEW ] /www/wwwroot/mojing/application/index/view/index/index.html [ array (
  0 => 'list',
  1 => 'sl',
) ]
[ info ] [ LOG ] INIT File
[ sql ] [ DB ] CONNECT:[ UseTime:0.000720s ] mysql:host=127.0.0.1;port=3306;dbname=mojing;charset=utf8
[ sql ] [ SQL ] SHOW COLUMNS FROM `article` [ RunTime:0.001400s ]
[ sql ] [ SQL ] SELECT * FROM `article` WHERE  `category` = 1 [ RunTime:0.000373s ]
[ sql ] [ SQL ] SHOW COLUMNS FROM `sl` [ RunTime:0.001145s ]
[ sql ] [ SQL ] SELECT * FROM `sl` WHERE  `types` = 1 [ RunTime:0.000263s ]
---------------------------------------------------------------
[ 2020-01-05T08:34:25+08:00 ] 27.154.152.174 GET /
[ info ] mojing.3sup0.top/ [运行时间：0.043460s][吞吐率：23.01req/s] [内存消耗：2,211.59kb] [文件加载：86]
[ info ] [ LANG ] /www/wwwroot/mojing/thinkphp/lang/zh-cn.php
[ info ] [ ROUTE ] array (
)
[ info ] [ HEADER ] array (
  'cookie' => 'PHPSESSID=6n58ng4ug40l8h932gll97u9kt',
  'accept-language' => 'zh-CN,zh;q=0.9',
  'accept-encoding' => 'gzip, deflate',
  'accept' => 'text/html,application/xhtml+xml,application/xml;q=0.9,image/webp,image/apng,*/*;q=0.8',
  'user-agent' => 'Mozilla/5.0 (Windows NT 10.0; WOW64) AppleWebKit/537.36 (KHTML, like Gecko) Chrome/69.0.3497.100 Safari/537.36',
  'upgrade-insecure-requests' => '1',
  'connection' => 'keep-alive',
  'host' => 'mojing.3sup0.top',
  'content-type' => '',
  'content-length' => '',
)
[ info ] [ PARAM ] array (
)
[ info ] [ CACHE ] INIT File
[ info ] [ SESSION ] INIT array (
  'id' => '',
  'var_session_id' => '',
  'prefix' => 'think',
  'type' => '',
  'auto_start' => true,
  'httponly' => true,
  'secure' => false,
)
[ info ] [ DB ] INIT mysql
[ info ] [ VIEW ] /www/wwwroot/mojing/application/index/view/index/index.html [ array (
  0 => 'list',
  1 => 'sl',
) ]
[ info ] [ LOG ] INIT File
[ sql ] [ DB ] CONNECT:[ UseTime:0.000728s ] mysql:host=127.0.0.1;port=3306;dbname=mojing;charset=utf8
[ sql ] [ SQL ] SHOW COLUMNS FROM `article` [ RunTime:0.001517s ]
[ sql ] [ SQL ] SELECT * FROM `article` WHERE  `category` = 1 [ RunTime:0.000331s ]
[ sql ] [ SQL ] SHOW COLUMNS FROM `sl` [ RunTime:0.000840s ]
[ sql ] [ SQL ] SELECT * FROM `sl` WHERE  `types` = 1 [ RunTime:0.000395s ]
---------------------------------------------------------------
[ 2020-01-05T10:41:39+08:00 ] 223.106.166.195 GET /
[ info ] mojing.3sup0.top/ [运行时间：0.040788s][吞吐率：24.52req/s] [内存消耗：1,403.86kb] [文件加载：74]
[ info ] [ LANG ] /www/wwwroot/mojing/thinkphp/lang/zh-cn.php
[ info ] [ ROUTE ] array (
)
[ info ] [ HEADER ] array (
  'accept-language' => 'zh-CN,zh;q=0.9',
  'accept-encoding' => 'gzip, deflate',
  'accept' => 'text/html,application/xhtml+xml,application/xml;q=0.9,image/webp,image/apng,*/*;q=0.8',
  'user-agent' => 'Mozilla/5.0 (Windows NT 10.0; WOW64) AppleWebKit/537.36 (KHTML, like Gecko) Chrome/65.0.3314.0 Safari/537.36 SE 2.X MetaSr 1.0',
  'upgrade-insecure-requests' => '1',
  'connection' => 'keep-alive',
  'host' => 'mojing.3sup0.top',
  'content-type' => '',
  'content-length' => '',
)
[ info ] [ PARAM ] array (
)
[ info ] [ CACHE ] INIT File
[ info ] [ SESSION ] INIT array (
  'id' => '',
  'var_session_id' => '',
  'prefix' => 'think',
  'type' => '',
  'auto_start' => true,
  'httponly' => true,
  'secure' => false,
)
[ info ] [ LOG ] INIT File
---------------------------------------------------------------
[ 2020-01-05T10:41:40+08:00 ] 223.106.166.195 GET /index/publics/index.html
[ info ] mojing.3sup0.top/index/publics/index.html [运行时间：0.025370s][吞吐率：39.42req/s] [内存消耗：1,406.00kb] [文件加载：71]
[ info ] [ LANG ] /www/wwwroot/mojing/thinkphp/lang/zh-cn.php
[ info ] [ ROUTE ] array (
)
[ info ] [ HEADER ] array (
  'cookie' => 'PHPSESSID=dj49i2prkbvjr2dc3kmdtbui5n',
  'accept-language' => 'zh-CN,zh;q=0.9',
  'accept-encoding' => 'gzip, deflate',
  'accept' => 'text/html,application/xhtml+xml,application/xml;q=0.9,image/webp,image/apng,*/*;q=0.8',
  'user-agent' => 'Mozilla/5.0 (Windows NT 10.0; WOW64) AppleWebKit/537.36 (KHTML, like Gecko) Chrome/65.0.3314.0 Safari/537.36 SE 2.X MetaSr 1.0',
  'upgrade-insecure-requests' => '1',
  'connection' => 'keep-alive',
  'host' => 'mojing.3sup0.top',
  'content-type' => '',
  'content-length' => '',
)
[ info ] [ PARAM ] array (
)
[ info ] [ CACHE ] INIT File
[ info ] [ VIEW ] /www/wwwroot/mojing/application/index/view/publics/login.html [ array (
) ]
[ info ] [ LOG ] INIT File
---------------------------------------------------------------
[ 2020-01-05T10:48:15+08:00 ] 180.163.220.68 GET /index/product/index
[ info ] mojing.3sup0.top/index/product/index [运行时间：0.025935s][吞吐率：38.56req/s] [内存消耗：1,420.76kb] [文件加载：74]
[ info ] [ LANG ] /www/wwwroot/mojing/thinkphp/lang/zh-cn.php
[ info ] [ ROUTE ] array (
)
[ info ] [ HEADER ] array (
  'accept-encoding' => 'gzip, deflate',
  'referer' => 'http://baidu.com/',
  'accept' => 'text/html,application/xhtml+xml,application/xml;q=0.9,image/webp,image/apng,*/*;q=0.8',
  'user-agent' => 'Mozilla/5.0 (Windows NT 6.1) AppleWebKit/537.36 (KHTML, like Gecko) baidu.sogo.uc.Chrome/36.0.1985.125 Safari/537.36',
  'upgrade-insecure-requests' => '1',
  'cache-control' => 'no-cache',
  'pragma' => 'no-cache',
  'connection' => 'keep-alive',
  'host' => 'mojing.3sup0.top',
  'content-type' => '',
  'content-length' => '',
)
[ info ] [ PARAM ] array (
)
[ info ] [ CACHE ] INIT File
[ info ] [ SESSION ] INIT array (
  'id' => '',
  'var_session_id' => '',
  'prefix' => 'think',
  'type' => '',
  'auto_start' => true,
  'httponly' => true,
  'secure' => false,
)
[ info ] [ LOG ] INIT File
---------------------------------------------------------------
[ 2020-01-05T10:48:18+08:00 ] 180.163.220.3 GET /index/publics/index.html
[ info ] mojing.3sup0.top/index/publics/index.html [运行时间：0.022686s][吞吐率：44.08req/s] [内存消耗：1,406.02kb] [文件加载：71]
[ info ] [ LANG ] /www/wwwroot/mojing/thinkphp/lang/zh-cn.php
[ info ] [ ROUTE ] array (
)
[ info ] [ HEADER ] array (
  'accept-encoding' => 'gzip, deflate',
  'referer' => 'http://baidu.com/',
  'accept' => 'text/html,application/xhtml+xml,application/xml;q=0.9,image/webp,image/apng,*/*;q=0.8',
  'user-agent' => 'Mozilla/5.0 (Windows NT 6.1) AppleWebKit/537.36 (KHTML, like Gecko) baidu.sogo.uc.Chrome/36.0.1985.125 Safari/537.36',
  'upgrade-insecure-requests' => '1',
  'cache-control' => 'no-cache',
  'pragma' => 'no-cache',
  'connection' => 'keep-alive',
  'host' => 'mojing.3sup0.top',
  'content-type' => '',
  'content-length' => '',
)
[ info ] [ PARAM ] array (
)
[ info ] [ CACHE ] INIT File
[ info ] [ VIEW ] /www/wwwroot/mojing/application/index/view/publics/login.html [ array (
) ]
[ info ] [ LOG ] INIT File
---------------------------------------------------------------
[ 2020-01-05T10:48:18+08:00 ] 180.163.220.68 GET /index/publics/index.html
[ info ] mojing.3sup0.top/index/publics/index.html [运行时间：0.026525s][吞吐率：37.70req/s] [内存消耗：1,406.30kb] [文件加载：71]
[ info ] [ LANG ] /www/wwwroot/mojing/thinkphp/lang/zh-cn.php
[ info ] [ ROUTE ] array (
)
[ info ] [ HEADER ] array (
  'cookie' => 'PHPSESSID=2f43h1q9fanecq0ommiifa1grr',
  'accept-encoding' => 'gzip, deflate',
  'referer' => 'http://baidu.com/',
  'accept' => 'text/html,application/xhtml+xml,application/xml;q=0.9,image/webp,image/apng,*/*;q=0.8',
  'user-agent' => 'Mozilla/5.0 (Windows NT 6.1) AppleWebKit/537.36 (KHTML, like Gecko) baidu.sogo.uc.Chrome/36.0.1985.125 Safari/537.36',
  'upgrade-insecure-requests' => '1',
  'cache-control' => 'no-cache',
  'pragma' => 'no-cache',
  'connection' => 'keep-alive',
  'host' => 'mojing.3sup0.top',
  'content-type' => '',
  'content-length' => '',
)
[ info ] [ PARAM ] array (
)
[ info ] [ CACHE ] INIT File
[ info ] [ VIEW ] /www/wwwroot/mojing/application/index/view/publics/login.html [ array (
) ]
[ info ] [ LOG ] INIT File
---------------------------------------------------------------
[ 2020-01-05T10:48:36+08:00 ] 180.163.220.3 GET /index/product/index
[ info ] mojing.3sup0.top/index/product/index [运行时间：0.034241s][吞吐率：29.20req/s] [内存消耗：1,419.21kb] [文件加载：74]
[ info ] [ LANG ] /www/wwwroot/mojing/thinkphp/lang/zh-cn.php
[ info ] [ ROUTE ] array (
)
[ info ] [ HEADER ] array (
  'accept-encoding' => 'gzip, deflate',
  'accept' => 'text/html,application/xhtml+xml,application/xml;q=0.9,image/webp,image/apng,*/*;q=0.8',
  'upgrade-insecure-requests' => '1',
  'user-agent' => 'Mozilla/5.0 (Windows NT 6.1) AppleWebKit/537.36 (KHTML, like Gecko) baidu.sogo.uc.Chrome/36.0.1985.125 Safari/537.36',
  'connection' => 'keep-alive',
  'host' => 'mojing.3sup0.top',
  'content-type' => '',
  'content-length' => '',
)
[ info ] [ PARAM ] array (
)
[ info ] [ CACHE ] INIT File
[ info ] [ SESSION ] INIT array (
  'id' => '',
  'var_session_id' => '',
  'prefix' => 'think',
  'type' => '',
  'auto_start' => true,
  'httponly' => true,
  'secure' => false,
)
[ info ] [ LOG ] INIT File
---------------------------------------------------------------
[ 2020-01-05T10:48:37+08:00 ] 180.163.220.3 GET /index/product/index
[ info ] mojing.3sup0.top/index/product/index [运行时间：0.024180s][吞吐率：41.36req/s] [内存消耗：1,420.76kb] [文件加载：74]
[ info ] [ LANG ] /www/wwwroot/mojing/thinkphp/lang/zh-cn.php
[ info ] [ ROUTE ] array (
)
[ info ] [ HEADER ] array (
  'accept-encoding' => 'gzip, deflate',
  'referer' => 'http://baidu.com/',
  'accept' => 'text/html,application/xhtml+xml,application/xml;q=0.9,image/webp,image/apng,*/*;q=0.8',
  'user-agent' => 'Mozilla/5.0 (Windows NT 6.1) AppleWebKit/537.36 (KHTML, like Gecko) baidu.sogo.uc.Chrome/36.0.1985.125 Safari/537.36',
  'upgrade-insecure-requests' => '1',
  'cache-control' => 'no-cache',
  'pragma' => 'no-cache',
  'connection' => 'keep-alive',
  'host' => 'mojing.3sup0.top',
  'content-type' => '',
  'content-length' => '',
)
[ info ] [ PARAM ] array (
)
[ info ] [ CACHE ] INIT File
[ info ] [ SESSION ] INIT array (
  'id' => '',
  'var_session_id' => '',
  'prefix' => 'think',
  'type' => '',
  'auto_start' => true,
  'httponly' => true,
  'secure' => false,
)
[ info ] [ LOG ] INIT File
---------------------------------------------------------------
[ 2020-01-05T10:48:37+08:00 ] 180.163.220.3 GET /index/publics/index.html
[ info ] mojing.3sup0.top/index/publics/index.html [运行时间：0.022701s][吞吐率：44.05req/s] [内存消耗：1,406.30kb] [文件加载：71]
[ info ] [ LANG ] /www/wwwroot/mojing/thinkphp/lang/zh-cn.php
[ info ] [ ROUTE ] array (
)
[ info ] [ HEADER ] array (
  'cookie' => 'PHPSESSID=a3hkoupg0185q86adv8tcase8d',
  'accept-encoding' => 'gzip, deflate',
  'referer' => 'http://baidu.com/',
  'accept' => 'text/html,application/xhtml+xml,application/xml;q=0.9,image/webp,image/apng,*/*;q=0.8',
  'user-agent' => 'Mozilla/5.0 (Windows NT 6.1) AppleWebKit/537.36 (KHTML, like Gecko) baidu.sogo.uc.Chrome/36.0.1985.125 Safari/537.36',
  'upgrade-insecure-requests' => '1',
  'cache-control' => 'no-cache',
  'pragma' => 'no-cache',
  'connection' => 'keep-alive',
  'host' => 'mojing.3sup0.top',
  'content-type' => '',
  'content-length' => '',
)
[ info ] [ PARAM ] array (
)
[ info ] [ CACHE ] INIT File
[ info ] [ VIEW ] /www/wwwroot/mojing/application/index/view/publics/login.html [ array (
) ]
[ info ] [ LOG ] INIT File
---------------------------------------------------------------
[ 2020-01-05T10:48:42+08:00 ] 180.163.220.4 GET /index/publics/index.html
[ info ] mojing.3sup0.top/index/publics/index.html [运行时间：0.034800s][吞吐率：28.74req/s] [内存消耗：1,404.48kb] [文件加载：71]
[ info ] [ LANG ] /www/wwwroot/mojing/thinkphp/lang/zh-cn.php
[ info ] [ ROUTE ] array (
)
[ info ] [ HEADER ] array (
  'accept-encoding' => 'gzip, deflate',
  'accept' => 'text/html,application/xhtml+xml,application/xml;q=0.9,image/webp,image/apng,*/*;q=0.8',
  'upgrade-insecure-requests' => '1',
  'user-agent' => 'Mozilla/5.0 (Windows NT 6.1) AppleWebKit/537.36 (KHTML, like Gecko) baidu.sogo.uc.Chrome/36.0.1985.125 Safari/537.36',
  'connection' => 'keep-alive',
  'host' => 'mojing.3sup0.top',
  'content-type' => '',
  'content-length' => '',
)
[ info ] [ PARAM ] array (
)
[ info ] [ CACHE ] INIT File
[ info ] [ VIEW ] /www/wwwroot/mojing/application/index/view/publics/login.html [ array (
) ]
[ info ] [ LOG ] INIT File
---------------------------------------------------------------
[ 2020-01-05T10:48:42+08:00 ] 180.163.220.3 GET /index/publics/index.html
[ info ] mojing.3sup0.top/index/publics/index.html [运行时间：0.021539s][吞吐率：46.43req/s] [内存消耗：1,406.02kb] [文件加载：71]
[ info ] [ LANG ] /www/wwwroot/mojing/thinkphp/lang/zh-cn.php
[ info ] [ ROUTE ] array (
)
[ info ] [ HEADER ] array (
  'accept-encoding' => 'gzip, deflate',
  'referer' => 'http://baidu.com/',
  'accept' => 'text/html,application/xhtml+xml,application/xml;q=0.9,image/webp,image/apng,*/*;q=0.8',
  'user-agent' => 'Mozilla/5.0 (Windows NT 6.1) AppleWebKit/537.36 (KHTML, like Gecko) baidu.sogo.uc.Chrome/36.0.1985.125 Safari/537.36',
  'upgrade-insecure-requests' => '1',
  'cache-control' => 'no-cache',
  'pragma' => 'no-cache',
  'connection' => 'keep-alive',
  'host' => 'mojing.3sup0.top',
  'content-type' => '',
  'content-length' => '',
)
[ info ] [ PARAM ] array (
)
[ info ] [ CACHE ] INIT File
[ info ] [ VIEW ] /www/wwwroot/mojing/application/index/view/publics/login.html [ array (
) ]
[ info ] [ LOG ] INIT File
---------------------------------------------------------------
[ 2020-01-05T10:51:36+08:00 ] 42.236.10.78 GET /index/market/index
[ info ] mojing.3sup0.top/index/market/index [运行时间：0.053293s][吞吐率：18.76req/s] [内存消耗：2,140.43kb] [文件加载：80]
[ info ] [ LANG ] /www/wwwroot/mojing/thinkphp/lang/zh-cn.php
[ info ] [ ROUTE ] array (
)
[ info ] [ HEADER ] array (
  'accept-encoding' => 'gzip, deflate',
  'accept' => 'text/html,application/xhtml+xml,application/xml;q=0.9,image/webp,image/apng,*/*;q=0.8',
  'upgrade-insecure-requests' => '1',
  'user-agent' => 'Mozilla/5.0 (Windows NT 6.1) AppleWebKit/537.36 (KHTML, like Gecko) baidu.sogo.uc.Chrome/36.0.1985.125 Safari/537.36',
  'connection' => 'keep-alive',
  'host' => 'mojing.3sup0.top',
  'content-type' => '',
  'content-length' => '',
)
[ info ] [ PARAM ] array (
)
[ info ] [ SESSION ] INIT array (
  'id' => '',
  'var_session_id' => '',
  'prefix' => 'think',
  'type' => '',
  'auto_start' => true,
  'httponly' => true,
  'secure' => false,
)
[ info ] [ DB ] INIT mysql
[ info ] [ LOG ] INIT File
[ sql ] [ DB ] CONNECT:[ UseTime:0.000948s ] mysql:host=127.0.0.1;port=3306;dbname=mojing;charset=utf8
[ sql ] [ SQL ] SHOW COLUMNS FROM `user` [ RunTime:0.002031s ]
[ sql ] [ SQL ] SELECT * FROM `user` WHERE  `id` = 0 LIMIT 1 [ RunTime:0.000453s ]
[ error ] [1]Uncaught think\exception\ErrorException: http_response_code() expects parameter 1 to be integer, string given in /www/wwwroot/mojing/thinkphp/library/think/Response.php:143
Stack trace:
#0 [internal function]: think\Error::appError(2, 'http_response_c...', '/www/wwwroot/mo...', 143, Array)
#1 /www/wwwroot/mojing/thinkphp/library/think/Response.php(143): http_response_code('\xE5\xAF\xB9\xE8\xB1\xA1\xE4\xB8\x8D\xE5\xAD\x98\xE5\x9C\xA8')
#2 /www/wwwroot/mojing/thinkphp/library/think/Error.php(50): think\Response->send()
#3 [internal function]: think\Error::appException(Object(think\exception\HttpException))
#4 {main}
  thrown[/www/wwwroot/mojing/thinkphp/library/think/Response.php:143]
---------------------------------------------------------------
[ 2020-01-05T10:51:38+08:00 ] 42.236.10.78 GET /index/market/index
[ info ] mojing.3sup0.top/index/market/index [运行时间：0.035709s][吞吐率：28.00req/s] [内存消耗：2,141.65kb] [文件加载：80]
[ info ] [ LANG ] /www/wwwroot/mojing/thinkphp/lang/zh-cn.php
[ info ] [ ROUTE ] array (
)
[ info ] [ HEADER ] array (
  'cookie' => 'PHPSESSID=ng003o9u2vckv1fdi9bdkdhlqd',
  'accept-encoding' => 'gzip, deflate',
  'referer' => 'http://baidu.com/',
  'accept' => 'text/html,application/xhtml+xml,application/xml;q=0.9,image/webp,image/apng,*/*;q=0.8',
  'user-agent' => 'Mozilla/5.0 (Windows NT 6.1) AppleWebKit/537.36 (KHTML, like Gecko) baidu.sogo.uc.Chrome/36.0.1985.125 Safari/537.36',
  'upgrade-insecure-requests' => '1',
  'cache-control' => 'no-cache',
  'pragma' => 'no-cache',
  'connection' => 'keep-alive',
  'host' => 'mojing.3sup0.top',
  'content-type' => '',
  'content-length' => '',
)
[ info ] [ PARAM ] array (
)
[ info ] [ SESSION ] INIT array (
  'id' => '',
  'var_session_id' => '',
  'prefix' => 'think',
  'type' => '',
  'auto_start' => true,
  'httponly' => true,
  'secure' => false,
)
[ info ] [ DB ] INIT mysql
[ info ] [ LOG ] INIT File
[ sql ] [ DB ] CONNECT:[ UseTime:0.000451s ] mysql:host=127.0.0.1;port=3306;dbname=mojing;charset=utf8
[ sql ] [ SQL ] SHOW COLUMNS FROM `user` [ RunTime:0.001400s ]
[ sql ] [ SQL ] SELECT * FROM `user` WHERE  `id` = 0 LIMIT 1 [ RunTime:0.000428s ]
[ error ] [1]Uncaught think\exception\ErrorException: http_response_code() expects parameter 1 to be integer, string given in /www/wwwroot/mojing/thinkphp/library/think/Response.php:143
Stack trace:
#0 [internal function]: think\Error::appError(2, 'http_response_c...', '/www/wwwroot/mo...', 143, Array)
#1 /www/wwwroot/mojing/thinkphp/library/think/Response.php(143): http_response_code('\xE5\xAF\xB9\xE8\xB1\xA1\xE4\xB8\x8D\xE5\xAD\x98\xE5\x9C\xA8')
#2 /www/wwwroot/mojing/thinkphp/library/think/Error.php(50): think\Response->send()
#3 [internal function]: think\Error::appException(Object(think\exception\HttpException))
#4 {main}
  thrown[/www/wwwroot/mojing/thinkphp/library/think/Response.php:143]
---------------------------------------------------------------
[ 2020-01-05T10:54:58+08:00 ] 42.236.10.78 GET /index/index/index.html
[ info ] mojing.3sup0.top/index/index/index.html [运行时间：0.023641s][吞吐率：42.30req/s] [内存消耗：1,405.04kb] [文件加载：74]
[ info ] [ LANG ] /www/wwwroot/mojing/thinkphp/lang/zh-cn.php
[ info ] [ ROUTE ] array (
)
[ info ] [ HEADER ] array (
  'accept-encoding' => 'gzip, deflate',
  'accept' => 'text/html,application/xhtml+xml,application/xml;q=0.9,image/webp,image/apng,*/*;q=0.8',
  'upgrade-insecure-requests' => '1',
  'user-agent' => 'Mozilla/5.0 (Windows NT 6.1) AppleWebKit/537.36 (KHTML, like Gecko) baidu.sogo.uc.Chrome/36.0.1985.125 Safari/537.36',
  'connection' => 'keep-alive',
  'host' => 'mojing.3sup0.top',
  'content-type' => '',
  'content-length' => '',
)
[ info ] [ PARAM ] array (
)
[ info ] [ CACHE ] INIT File
[ info ] [ SESSION ] INIT array (
  'id' => '',
  'var_session_id' => '',
  'prefix' => 'think',
  'type' => '',
  'auto_start' => true,
  'httponly' => true,
  'secure' => false,
)
[ info ] [ LOG ] INIT File
---------------------------------------------------------------
[ 2020-01-05T10:55:06+08:00 ] 42.236.10.75 GET /index/index/index.html
[ info ] mojing.3sup0.top/index/index/index.html [运行时间：0.023433s][吞吐率：42.67req/s] [内存消耗：1,406.59kb] [文件加载：74]
[ info ] [ LANG ] /www/wwwroot/mojing/thinkphp/lang/zh-cn.php
[ info ] [ ROUTE ] array (
)
[ info ] [ HEADER ] array (
  'accept-encoding' => 'gzip, deflate',
  'referer' => 'http://baidu.com/',
  'accept' => 'text/html,application/xhtml+xml,application/xml;q=0.9,image/webp,image/apng,*/*;q=0.8',
  'user-agent' => 'Mozilla/5.0 (Windows NT 6.1) AppleWebKit/537.36 (KHTML, like Gecko) baidu.sogo.uc.Chrome/36.0.1985.125 Safari/537.36',
  'upgrade-insecure-requests' => '1',
  'cache-control' => 'no-cache',
  'pragma' => 'no-cache',
  'connection' => 'keep-alive',
  'host' => 'mojing.3sup0.top',
  'content-type' => '',
  'content-length' => '',
)
[ info ] [ PARAM ] array (
)
[ info ] [ CACHE ] INIT File
[ info ] [ SESSION ] INIT array (
  'id' => '',
  'var_session_id' => '',
  'prefix' => 'think',
  'type' => '',
  'auto_start' => true,
  'httponly' => true,
  'secure' => false,
)
[ info ] [ LOG ] INIT File
---------------------------------------------------------------
[ 2020-01-05T10:55:11+08:00 ] 42.236.10.75 GET /index/publics/index.html
[ info ] mojing.3sup0.top/index/publics/index.html [运行时间：0.028468s][吞吐率：35.13req/s] [内存消耗：1,406.30kb] [文件加载：71]
[ info ] [ LANG ] /www/wwwroot/mojing/thinkphp/lang/zh-cn.php
[ info ] [ ROUTE ] array (
)
[ info ] [ HEADER ] array (
  'cookie' => 'PHPSESSID=nk9qdtupn0bu86eqgljq6oi0bu',
  'accept-encoding' => 'gzip, deflate',
  'referer' => 'http://baidu.com/',
  'accept' => 'text/html,application/xhtml+xml,application/xml;q=0.9,image/webp,image/apng,*/*;q=0.8',
  'user-agent' => 'Mozilla/5.0 (Windows NT 6.1) AppleWebKit/537.36 (KHTML, like Gecko) baidu.sogo.uc.Chrome/36.0.1985.125 Safari/537.36',
  'upgrade-insecure-requests' => '1',
  'cache-control' => 'no-cache',
  'pragma' => 'no-cache',
  'connection' => 'keep-alive',
  'host' => 'mojing.3sup0.top',
  'content-type' => '',
  'content-length' => '',
)
[ info ] [ PARAM ] array (
)
[ info ] [ CACHE ] INIT File
[ info ] [ VIEW ] /www/wwwroot/mojing/application/index/view/publics/login.html [ array (
) ]
[ info ] [ LOG ] INIT File
---------------------------------------------------------------
[ 2020-01-05T10:55:39+08:00 ] 42.236.10.75 GET /index/index/index.html
[ info ] mojing.3sup0.top/index/index/index.html [运行时间：0.023254s][吞吐率：43.00req/s] [内存消耗：1,405.04kb] [文件加载：74]
[ info ] [ LANG ] /www/wwwroot/mojing/thinkphp/lang/zh-cn.php
[ info ] [ ROUTE ] array (
)
[ info ] [ HEADER ] array (
  'accept-encoding' => 'gzip, deflate',
  'accept' => 'text/html,application/xhtml+xml,application/xml;q=0.9,image/webp,image/apng,*/*;q=0.8',
  'upgrade-insecure-requests' => '1',
  'user-agent' => 'Mozilla/5.0 (Windows NT 6.1) AppleWebKit/537.36 (KHTML, like Gecko) baidu.sogo.uc.Chrome/36.0.1985.125 Safari/537.36',
  'connection' => 'keep-alive',
  'host' => 'mojing.3sup0.top',
  'content-type' => '',
  'content-length' => '',
)
[ info ] [ PARAM ] array (
)
[ info ] [ CACHE ] INIT File
[ info ] [ SESSION ] INIT array (
  'id' => '',
  'var_session_id' => '',
  'prefix' => 'think',
  'type' => '',
  'auto_start' => true,
  'httponly' => true,
  'secure' => false,
)
[ info ] [ LOG ] INIT File
---------------------------------------------------------------
[ 2020-01-05T10:55:39+08:00 ] 42.236.10.75 GET /index/publics/index.html
[ info ] mojing.3sup0.top/index/publics/index.html [运行时间：0.020248s][吞吐率：49.39req/s] [内存消耗：1,405.09kb] [文件加载：71]
[ info ] [ LANG ] /www/wwwroot/mojing/thinkphp/lang/zh-cn.php
[ info ] [ ROUTE ] array (
)
[ info ] [ HEADER ] array (
  'cookie' => 'PHPSESSID=5v5d2rji65dr93rnasi7ed5mdo',
  'accept-encoding' => 'gzip, deflate',
  'accept' => 'text/html,application/xhtml+xml,application/xml;q=0.9,image/webp,image/apng,*/*;q=0.8',
  'upgrade-insecure-requests' => '1',
  'user-agent' => 'Mozilla/5.0 (Windows NT 6.1) AppleWebKit/537.36 (KHTML, like Gecko) baidu.sogo.uc.Chrome/36.0.1985.125 Safari/537.36',
  'connection' => 'keep-alive',
  'host' => 'mojing.3sup0.top',
  'content-type' => '',
  'content-length' => '',
)
[ info ] [ PARAM ] array (
)
[ info ] [ CACHE ] INIT File
[ info ] [ VIEW ] /www/wwwroot/mojing/application/index/view/publics/login.html [ array (
) ]
[ info ] [ LOG ] INIT File
---------------------------------------------------------------
[ 2020-01-05T10:55:39+08:00 ] 42.236.10.75 GET /index/index/index.html
[ info ] mojing.3sup0.top/index/index/index.html [运行时间：0.022944s][吞吐率：43.58req/s] [内存消耗：1,406.59kb] [文件加载：74]
[ info ] [ LANG ] /www/wwwroot/mojing/thinkphp/lang/zh-cn.php
[ info ] [ ROUTE ] array (
)
[ info ] [ HEADER ] array (
  'accept-encoding' => 'gzip, deflate',
  'referer' => 'http://baidu.com/',
  'accept' => 'text/html,application/xhtml+xml,application/xml;q=0.9,image/webp,image/apng,*/*;q=0.8',
  'user-agent' => 'Mozilla/5.0 (Windows NT 6.1) AppleWebKit/537.36 (KHTML, like Gecko) baidu.sogo.uc.Chrome/36.0.1985.125 Safari/537.36',
  'upgrade-insecure-requests' => '1',
  'cache-control' => 'no-cache',
  'pragma' => 'no-cache',
  'connection' => 'keep-alive',
  'host' => 'mojing.3sup0.top',
  'content-type' => '',
  'content-length' => '',
)
[ info ] [ PARAM ] array (
)
[ info ] [ CACHE ] INIT File
[ info ] [ SESSION ] INIT array (
  'id' => '',
  'var_session_id' => '',
  'prefix' => 'think',
  'type' => '',
  'auto_start' => true,
  'httponly' => true,
  'secure' => false,
)
[ info ] [ LOG ] INIT File
---------------------------------------------------------------
[ 2020-01-05T10:55:39+08:00 ] 42.236.10.75 GET /index/publics/index.html
[ info ] mojing.3sup0.top/index/publics/index.html [运行时间：0.023469s][吞吐率：42.61req/s] [内存消耗：1,406.30kb] [文件加载：71]
[ info ] [ LANG ] /www/wwwroot/mojing/thinkphp/lang/zh-cn.php
[ info ] [ ROUTE ] array (
)
[ info ] [ HEADER ] array (
  'cookie' => 'PHPSESSID=2sucr68riug8hlg7mljf8lufv6',
  'accept-encoding' => 'gzip, deflate',
  'referer' => 'http://baidu.com/',
  'accept' => 'text/html,application/xhtml+xml,application/xml;q=0.9,image/webp,image/apng,*/*;q=0.8',
  'user-agent' => 'Mozilla/5.0 (Windows NT 6.1) AppleWebKit/537.36 (KHTML, like Gecko) baidu.sogo.uc.Chrome/36.0.1985.125 Safari/537.36',
  'upgrade-insecure-requests' => '1',
  'cache-control' => 'no-cache',
  'pragma' => 'no-cache',
  'connection' => 'keep-alive',
  'host' => 'mojing.3sup0.top',
  'content-type' => '',
  'content-length' => '',
)
[ info ] [ PARAM ] array (
)
[ info ] [ CACHE ] INIT File
[ info ] [ VIEW ] /www/wwwroot/mojing/application/index/view/publics/login.html [ array (
) ]
[ info ] [ LOG ] INIT File
