---------------------------------------------------------------
[ 2018-06-19T23:00:18+08:00 ] 106.11.225.93 GET /
[ info ] www.wscorps.cn/ [运行时间：0.029823s][吞吐率：33.53req/s] [内存消耗：1,678.13kb] [文件加载：74]
[ info ] [ LANG ] /www/wwwroot/www.wscorps.cn/thinkphp/lang/zh-cn.php
[ info ] [ ROUTE ] array (
)
[ info ] [ HEADER ] array (
  'accept-charset' => 'utf-8, iso-8859-1, utf-16, *;q=0.7',
  'accept-language' => 'en-US',
  'accept-encoding' => 'gzip,deflate',
  'user-agent' => 'Mozilla/5.0 (Linux; U; Android 4.1.2; en-us; google_sdk Build/K2D77-OPDA) AppleWebKit/534.30 (KHTML, like Gecko) Version/4.0 Mobile Safari/534.30',
  'x-requested-with' => 'com.sunq.djkj',
  'accept' => 'text/html,application/xhtml+xml,application/xml;q=0.9,*/*;q=0.8',
  'connection' => 'keep-alive',
  'host' => 'www.wscorps.cn',
  'content-type' => '',
  'content-length' => '',
)
[ info ] [ PARAM ] array (
)
[ info ] [ CACHE ] INIT File
[ info ] [ SESSION ] INIT array (
  'id' => '',
  'var_session_id' => '',
  'prefix' => 'think',
  'type' => '',
  'auto_start' => true,
  'httponly' => true,
  'secure' => false,
)
[ info ] [ LOG ] INIT File
---------------------------------------------------------------
[ 2018-06-19T23:00:18+08:00 ] 106.11.225.122 GET /index/publics/index.html
[ info ] www.wscorps.cn/index/publics/index.html [运行时间：0.029071s][吞吐率：34.40req/s] [内存消耗：1,683.09kb] [文件加载：71]
[ info ] [ LANG ] /www/wwwroot/www.wscorps.cn/thinkphp/lang/zh-cn.php
[ info ] [ ROUTE ] array (
)
[ info ] [ HEADER ] array (
  'cookie' => 'PHPSESSID=nvrqg1tvkqor3rmm5b9apaf3o1',
  'accept-charset' => 'utf-8, iso-8859-1, utf-16, *;q=0.7',
  'accept-language' => 'en-US',
  'accept-encoding' => 'gzip,deflate',
  'user-agent' => 'Mozilla/5.0 (Linux; U; Android 4.1.2; en-us; google_sdk Build/K2D77-OPDA) AppleWebKit/534.30 (KHTML, like Gecko) Version/4.0 Mobile Safari/534.30',
  'x-requested-with' => 'com.sunq.djkj',
  'accept' => 'text/html,application/xhtml+xml,application/xml;q=0.9,*/*;q=0.8',
  'connection' => 'keep-alive',
  'host' => 'www.wscorps.cn',
  'content-type' => '',
  'content-length' => '',
)
[ info ] [ PARAM ] array (
)
[ info ] [ CACHE ] INIT File
[ info ] [ VIEW ] /www/wwwroot/www.wscorps.cn/application/index/view/publics/login.html [ array (
) ]
[ info ] [ LOG ] INIT File
---------------------------------------------------------------
[ 2018-06-19T23:00:24+08:00 ] 106.11.226.50 GET /
[ info ] www.wscorps.cn/ [运行时间：0.033068s][吞吐率：30.24req/s] [内存消耗：1,677.72kb] [文件加载：74]
[ info ] [ LANG ] /www/wwwroot/www.wscorps.cn/thinkphp/lang/zh-cn.php
[ info ] [ ROUTE ] array (
)
[ info ] [ HEADER ] array (
  'cookie' => 'PHPSESSID=nvrqg1tvkqor3rmm5b9apaf3o1',
  'accept-charset' => 'utf-8, iso-8859-1, utf-16, *;q=0.7',
  'accept-language' => 'en-US',
  'accept-encoding' => 'gzip,deflate',
  'user-agent' => 'Mozilla/5.0 (Linux; U; Android 4.1.2; en-us; google_sdk Build/K2D77-OPDA) AppleWebKit/534.30 (KHTML, like Gecko) Version/4.0 Mobile Safari/534.30',
  'x-requested-with' => 'com.sunq.djkj',
  'accept' => 'text/html,application/xhtml+xml,application/xml;q=0.9,*/*;q=0.8',
  'connection' => 'keep-alive',
  'host' => 'www.wscorps.cn',
  'content-type' => '',
  'content-length' => '',
)
[ info ] [ PARAM ] array (
)
[ info ] [ CACHE ] INIT File
[ info ] [ SESSION ] INIT array (
  'id' => '',
  'var_session_id' => '',
  'prefix' => 'think',
  'type' => '',
  'auto_start' => true,
  'httponly' => true,
  'secure' => false,
)
[ info ] [ LOG ] INIT File
---------------------------------------------------------------
[ 2018-06-19T23:00:24+08:00 ] 106.11.225.122 GET /index/publics/index.html
[ info ] www.wscorps.cn/index/publics/index.html [运行时间：0.031398s][吞吐率：31.85req/s] [内存消耗：1,683.09kb] [文件加载：71]
[ info ] [ LANG ] /www/wwwroot/www.wscorps.cn/thinkphp/lang/zh-cn.php
[ info ] [ ROUTE ] array (
)
[ info ] [ HEADER ] array (
  'cookie' => 'PHPSESSID=nvrqg1tvkqor3rmm5b9apaf3o1',
  'accept-charset' => 'utf-8, iso-8859-1, utf-16, *;q=0.7',
  'accept-language' => 'en-US',
  'accept-encoding' => 'gzip,deflate',
  'user-agent' => 'Mozilla/5.0 (Linux; U; Android 4.1.2; en-us; google_sdk Build/K2D77-OPDA) AppleWebKit/534.30 (KHTML, like Gecko) Version/4.0 Mobile Safari/534.30',
  'x-requested-with' => 'com.sunq.djkj',
  'accept' => 'text/html,application/xhtml+xml,application/xml;q=0.9,*/*;q=0.8',
  'connection' => 'keep-alive',
  'host' => 'www.wscorps.cn',
  'content-type' => '',
  'content-length' => '',
)
[ info ] [ PARAM ] array (
)
[ info ] [ CACHE ] INIT File
[ info ] [ VIEW ] /www/wwwroot/www.wscorps.cn/application/index/view/publics/login.html [ array (
) ]
[ info ] [ LOG ] INIT File
