[ 2018-06-19T00:01:01+08:00 ][ info ] [ LANG ] /www/wwwroot/www.wscorps.cn/thinkphp/lang/zh-cn.php
[ info ] [ LOG ] INIT File
[ 2018-06-19T00:01:01+08:00 ][ info ] [ LANG ] /www/wwwroot/www.wscorps.cn/thinkphp/lang/zh-cn.php
[ info ] [ LOG ] INIT File
[ 2018-06-19T00:01:01+08:00 ][ info ] [ DB ] INIT mysql
[ 2018-06-19T00:01:01+08:00 ][ sql ] [ DB ] CONNECT:[ UseTime:0.001292s ] mysql:host=127.0.0.1;port=3306;dbname=magic;charset=utf8
[ 2018-06-19T00:01:01+08:00 ][ sql ] [ SQL ] SHOW COLUMNS FROM `user` [ RunTime:0.001586s ]
[ 2018-06-19T00:01:01+08:00 ][ sql ] [ SQL ] SELECT `id`,`level` FROM `user` WHERE  `is_certification` = 1  AND `status` = 1 [ RunTime:0.000562s ]
[ 2018-06-19T00:01:01+08:00 ][ info ] [ CACHE ] INIT File
[ 2018-06-19T00:01:01+08:00 ][ sql ] [ SQL ] SELECT `id`,`pid` FROM `user` [ RunTime:0.000639s ]
[ 2018-06-19T00:01:01+08:00 ][ sql ] [ SQL ] SELECT `id`,`product_rate` FROM `user` WHERE  `id` IN (32705) [ RunTime:0.000431s ]
[ 2018-06-19T00:01:01+08:00 ][ sql ] [ SQL ] SELECT COUNT(*) AS tp_count FROM `user` WHERE  `pid` = 32701  AND `level` = 2 LIMIT 1 [ RunTime:0.000455s ]
[ 2018-06-19T00:01:01+08:00 ][ sql ] [ SQL ] SELECT `id`,`product_rate` FROM `user` WHERE  `id` IN ('') [ RunTime:0.000348s ]
[ 2018-06-19T00:01:01+08:00 ][ sql ] [ SQL ] SELECT COUNT(*) AS tp_count FROM `user` WHERE  `pid` = 32705 LIMIT 1 [ RunTime:0.000359s ]
[ 2018-06-19T00:01:01+08:00 ][ info ] [ DB ] INIT mysql
[ 2018-06-19T00:01:01+08:00 ][ sql ] [ DB ] CONNECT:[ UseTime:0.000575s ] mysql:host=127.0.0.1;port=3306;dbname=magic;charset=utf8
[ 2018-06-19T00:01:01+08:00 ][ sql ] [ SQL ] SHOW COLUMNS FROM `user_product` [ RunTime:0.001318s ]
[ 2018-06-19T00:01:01+08:00 ][ sql ] [ SQL ] SELECT COUNT(*) AS tp_count FROM `user_product` WHERE  `status` = 1 LIMIT 1 [ RunTime:0.000453s ]
[ 2018-06-19T00:01:01+08:00 ][ sql ] [ SQL ] SELECT * FROM `user_product` WHERE  `status` = 1 LIMIT 0,1000 [ RunTime:0.000418s ]
[ 2018-06-19T00:01:01+08:00 ][ sql ] [ SQL ] SHOW COLUMNS FROM `product` [ RunTime:0.001237s ]
[ 2018-06-19T00:01:01+08:00 ][ sql ] [ SQL ] SELECT * FROM `product` [ RunTime:0.000359s ]
[ 2018-06-19T00:01:01+08:00 ][ sql ] [ SQL ] SHOW COLUMNS FROM `user` [ RunTime:0.001403s ]
[ 2018-06-19T00:01:01+08:00 ][ sql ] [ SQL ] SELECT * FROM `user` WHERE  `id` = 32701 LIMIT 1 [ RunTime:0.002017s ]
[ 2018-06-19T00:01:01+08:00 ][ info ] [ CACHE ] INIT File
[ 2018-06-19T00:01:01+08:00 ][ sql ] [ SQL ] UPDATE `user`  SET `magic` = 6590.57407236  WHERE  `id` = 32701 [ RunTime:0.000725s ]
[ 2018-06-19T00:01:01+08:00 ][ sql ] [ SQL ] SHOW COLUMNS FROM `user_magic_log` [ RunTime:0.001284s ]
[ 2018-06-19T00:01:01+08:00 ][ sql ] [ SQL ] INSERT INTO `user_magic_log` (`user_id` , `remark` , `magic` , `old` , `new` , `create_time` , `types`) VALUES (32701 , '魔盒[247211327011]收益2天' , 0.440961 , 6590.13311136 , 6590.57407236 , 1529337661 , 5) [ RunTime:0.000460s ]
[ 2018-06-19T00:01:01+08:00 ][ sql ] [ SQL ] UPDATE `user_product`  SET `yestoday` = 0.440961 , `total` = 0.46128261 , `balance_day` = 2 , `last_time` = 1529337661  WHERE  `id` = 57797 [ RunTime:0.000437s ]
[ 2018-06-19T00:01:01+08:00 ][ sql ] [ SQL ] SELECT * FROM `user` WHERE  `id` = 32701 LIMIT 1 [ RunTime:0.000640s ]
[ 2018-06-19T00:01:01+08:00 ][ sql ] [ SQL ] UPDATE `user`  SET `magic` = 6592.57450826  WHERE  `id` = 32701 [ RunTime:0.000424s ]
[ 2018-06-19T00:01:01+08:00 ][ sql ] [ SQL ] INSERT INTO `user_magic_log` (`user_id` , `remark` , `magic` , `old` , `new` , `create_time` , `types`) VALUES (32701 , '魔盒[248760327012]收益2天' , 2.0004359 , 6590.57407236 , 6592.57450826 , 1529337661 , 5) [ RunTime:0.000461s ]
[ 2018-06-19T00:01:01+08:00 ][ sql ] [ SQL ] UPDATE `user_product`  SET `yestoday` = 2.0004359 , `total` = 2.05692068 , `balance_day` = 2 , `last_time` = 1529337661  WHERE  `id` = 57798 [ RunTime:0.000647s ]
[ 2018-06-19T00:01:01+08:00 ][ sql ] [ SQL ] SELECT * FROM `user` WHERE  `id` = 32701 LIMIT 1 [ RunTime:0.001602s ]
[ 2018-06-19T00:01:01+08:00 ][ sql ] [ SQL ] UPDATE `user`  SET `magic` = 6594.57490896  WHERE  `id` = 32701 [ RunTime:0.000643s ]
[ 2018-06-19T00:01:01+08:00 ][ sql ] [ SQL ] INSERT INTO `user_magic_log` (`user_id` , `remark` , `magic` , `old` , `new` , `create_time` , `types`) VALUES (32701 , '魔盒[248768327012]收益2天' , 2.0004007 , 6592.57450826 , 6594.57490896 , 1529337661 , 5) [ RunTime:0.000668s ]
[ 2018-06-19T00:01:01+08:00 ][ sql ] [ SQL ] UPDATE `user_product`  SET `yestoday` = 2.0004007 , `total` = 2.05670567 , `balance_day` = 2 , `last_time` = 1529337661  WHERE  `id` = 57799 [ RunTime:0.000491s ]
[ 2018-06-19T00:01:01+08:00 ][ sql ] [ SQL ] SELECT * FROM `user` WHERE  `id` = 32701 LIMIT 1 [ RunTime:0.000531s ]
[ 2018-06-19T00:01:01+08:00 ][ sql ] [ SQL ] UPDATE `user`  SET `magic` = 6745.88608684  WHERE  `id` = 32701 [ RunTime:0.000393s ]
[ 2018-06-19T00:01:01+08:00 ][ sql ] [ SQL ] INSERT INTO `user_magic_log` (`user_id` , `remark` , `magic` , `old` , `new` , `create_time` , `types`) VALUES (32701 , '魔盒[251402327014]收益1天' , 151.31117788 , 6594.57490896 , 6745.88608684 , 1529337661 , 5) [ RunTime:0.000388s ]
[ 2018-06-19T00:01:01+08:00 ][ sql ] [ SQL ] UPDATE `user_product`  SET `yestoday` = 151.31117788 , `total` = 151.31117788 , `balance_day` = 1 , `last_time` = 1529337661  WHERE  `id` = 57806 [ RunTime:0.000460s ]
[ 2018-06-19T01:01:01+08:00 ][ info ] [ LANG ] /www/wwwroot/www.wscorps.cn/thinkphp/lang/zh-cn.php
[ info ] [ LOG ] INIT File
[ 2018-06-19T01:01:01+08:00 ][ info ] [ DB ] INIT mysql
[ 2018-06-19T01:01:01+08:00 ][ sql ] [ DB ] CONNECT:[ UseTime:0.002619s ] mysql:host=127.0.0.1;port=3306;dbname=magic;charset=utf8
[ 2018-06-19T01:01:01+08:00 ][ sql ] [ SQL ] SHOW COLUMNS FROM `user` [ RunTime:0.001620s ]
[ 2018-06-19T01:01:01+08:00 ][ sql ] [ SQL ] SELECT `id`,`level` FROM `user` WHERE  `is_certification` = 1  AND `status` = 1 [ RunTime:0.000525s ]
[ 2018-06-19T01:01:01+08:00 ][ info ] [ CACHE ] INIT File
[ 2018-06-19T01:01:01+08:00 ][ sql ] [ SQL ] SELECT `id`,`pid` FROM `user` [ RunTime:0.000494s ]
[ 2018-06-19T01:01:01+08:00 ][ sql ] [ SQL ] SELECT `id`,`product_rate` FROM `user` WHERE  `id` IN (32705) [ RunTime:0.000344s ]
[ 2018-06-19T01:01:01+08:00 ][ sql ] [ SQL ] SELECT COUNT(*) AS tp_count FROM `user` WHERE  `pid` = 32701  AND `level` = 2 LIMIT 1 [ RunTime:0.000383s ]
[ 2018-06-19T01:01:01+08:00 ][ sql ] [ SQL ] SELECT `id`,`product_rate` FROM `user` WHERE  `id` IN ('') [ RunTime:0.000241s ]
[ 2018-06-19T01:01:01+08:00 ][ sql ] [ SQL ] SELECT COUNT(*) AS tp_count FROM `user` WHERE  `pid` = 32705 LIMIT 1 [ RunTime:0.000259s ]
[ 2018-06-19T02:00:01+08:00 ][ info ] [ LANG ] /www/wwwroot/www.wscorps.cn/thinkphp/lang/zh-cn.php
[ info ] [ LOG ] INIT File
[ 2018-06-19T02:00:01+08:00 ][ info ] [ DB ] INIT mysql
[ 2018-06-19T02:00:01+08:00 ][ sql ] [ DB ] CONNECT:[ UseTime:0.001728s ] mysql:host=127.0.0.1;port=3306;dbname=magic;charset=utf8
[ 2018-06-19T02:00:01+08:00 ][ sql ] [ SQL ] SHOW COLUMNS FROM `orders` [ RunTime:0.001333s ]
[ 2018-06-19T02:00:01+08:00 ][ sql ] [ SQL ] SELECT SUM(`charge_number`) AS tp_sum FROM `orders` WHERE  `status` = 4 LIMIT 1 [ RunTime:0.000523s ]
[ 2018-06-19T02:00:01+08:00 ][ info ] [ CACHE ] INIT File
[ 2018-06-19T02:00:01+08:00 ][ sql ] [ SQL ] SHOW COLUMNS FROM `user` [ RunTime:0.001559s ]
[ 2018-06-19T02:00:01+08:00 ][ sql ] [ SQL ] SELECT * FROM `user` WHERE  `level` > 1 [ RunTime:0.000634s ]
[ 2018-06-19T02:00:01+08:00 ][ sql ] [ SQL ] UPDATE `user`  SET `magic` = 6780.38608684  WHERE  `id` = 32701 [ RunTime:0.000602s ]
[ 2018-06-19T02:00:01+08:00 ][ sql ] [ SQL ] SHOW COLUMNS FROM `user_magic_log` [ RunTime:0.001127s ]
[ 2018-06-19T02:00:01+08:00 ][ sql ] [ SQL ] INSERT INTO `user_magic_log` (`user_id` , `remark` , `magic` , `old` , `new` , `create_time` , `types`) VALUES (32701 , '全网联盟分红' , 34.5 , 6745.88608684 , 6780.38608684 , 1529344801 , 6) [ RunTime:0.000451s ]
[ 2018-06-19T02:01:01+08:00 ][ info ] [ LANG ] /www/wwwroot/www.wscorps.cn/thinkphp/lang/zh-cn.php
[ info ] [ LOG ] INIT File
[ 2018-06-19T02:01:01+08:00 ][ info ] [ DB ] INIT mysql
[ 2018-06-19T02:01:01+08:00 ][ sql ] [ DB ] CONNECT:[ UseTime:0.000731s ] mysql:host=127.0.0.1;port=3306;dbname=magic;charset=utf8
[ 2018-06-19T02:01:01+08:00 ][ sql ] [ SQL ] SHOW COLUMNS FROM `user` [ RunTime:0.001596s ]
[ 2018-06-19T02:01:01+08:00 ][ sql ] [ SQL ] SELECT `id`,`level` FROM `user` WHERE  `is_certification` = 1  AND `status` = 1 [ RunTime:0.000624s ]
[ 2018-06-19T02:01:01+08:00 ][ info ] [ CACHE ] INIT File
[ 2018-06-19T02:01:01+08:00 ][ sql ] [ SQL ] SELECT `id`,`pid` FROM `user` [ RunTime:0.000602s ]
[ 2018-06-19T02:01:01+08:00 ][ sql ] [ SQL ] SELECT `id`,`product_rate` FROM `user` WHERE  `id` IN (32705) [ RunTime:0.000383s ]
[ 2018-06-19T02:01:01+08:00 ][ sql ] [ SQL ] SELECT COUNT(*) AS tp_count FROM `user` WHERE  `pid` = 32701  AND `level` = 2 LIMIT 1 [ RunTime:0.000414s ]
[ 2018-06-19T02:01:01+08:00 ][ sql ] [ SQL ] SELECT `id`,`product_rate` FROM `user` WHERE  `id` IN ('') [ RunTime:0.000342s ]
[ 2018-06-19T02:01:01+08:00 ][ sql ] [ SQL ] SELECT COUNT(*) AS tp_count FROM `user` WHERE  `pid` = 32705 LIMIT 1 [ RunTime:0.000387s ]
[ 2018-06-19T03:01:01+08:00 ][ info ] [ LANG ] /www/wwwroot/www.wscorps.cn/thinkphp/lang/zh-cn.php
[ info ] [ LOG ] INIT File
[ 2018-06-19T03:01:01+08:00 ][ info ] [ DB ] INIT mysql
[ 2018-06-19T03:01:01+08:00 ][ sql ] [ DB ] CONNECT:[ UseTime:0.000679s ] mysql:host=127.0.0.1;port=3306;dbname=magic;charset=utf8
[ 2018-06-19T03:01:01+08:00 ][ sql ] [ SQL ] SHOW COLUMNS FROM `user` [ RunTime:0.001554s ]
[ 2018-06-19T03:01:01+08:00 ][ sql ] [ SQL ] SELECT `id`,`level` FROM `user` WHERE  `is_certification` = 1  AND `status` = 1 [ RunTime:0.000553s ]
[ 2018-06-19T03:01:01+08:00 ][ info ] [ CACHE ] INIT File
[ 2018-06-19T03:01:01+08:00 ][ sql ] [ SQL ] SELECT `id`,`pid` FROM `user` [ RunTime:0.000517s ]
[ 2018-06-19T03:01:01+08:00 ][ sql ] [ SQL ] SELECT `id`,`product_rate` FROM `user` WHERE  `id` IN (32705) [ RunTime:0.000402s ]
[ 2018-06-19T03:01:01+08:00 ][ sql ] [ SQL ] SELECT COUNT(*) AS tp_count FROM `user` WHERE  `pid` = 32701  AND `level` = 2 LIMIT 1 [ RunTime:0.000854s ]
[ 2018-06-19T03:01:01+08:00 ][ sql ] [ SQL ] SELECT `id`,`product_rate` FROM `user` WHERE  `id` IN ('') [ RunTime:0.000355s ]
[ 2018-06-19T03:01:01+08:00 ][ sql ] [ SQL ] SELECT COUNT(*) AS tp_count FROM `user` WHERE  `pid` = 32705 LIMIT 1 [ RunTime:0.000326s ]
[ 2018-06-19T04:01:01+08:00 ][ info ] [ LANG ] /www/wwwroot/www.wscorps.cn/thinkphp/lang/zh-cn.php
[ info ] [ LOG ] INIT File
[ 2018-06-19T04:01:01+08:00 ][ info ] [ DB ] INIT mysql
[ 2018-06-19T04:01:01+08:00 ][ sql ] [ DB ] CONNECT:[ UseTime:0.000712s ] mysql:host=127.0.0.1;port=3306;dbname=magic;charset=utf8
[ 2018-06-19T04:01:01+08:00 ][ sql ] [ SQL ] SHOW COLUMNS FROM `user` [ RunTime:0.002203s ]
[ 2018-06-19T04:01:01+08:00 ][ sql ] [ SQL ] SELECT `id`,`level` FROM `user` WHERE  `is_certification` = 1  AND `status` = 1 [ RunTime:0.000604s ]
[ 2018-06-19T04:01:01+08:00 ][ info ] [ CACHE ] INIT File
[ 2018-06-19T04:01:01+08:00 ][ sql ] [ SQL ] SELECT `id`,`pid` FROM `user` [ RunTime:0.000408s ]
[ 2018-06-19T04:01:01+08:00 ][ sql ] [ SQL ] SELECT `id`,`product_rate` FROM `user` WHERE  `id` IN (32705) [ RunTime:0.000292s ]
[ 2018-06-19T04:01:01+08:00 ][ sql ] [ SQL ] SELECT COUNT(*) AS tp_count FROM `user` WHERE  `pid` = 32701  AND `level` = 2 LIMIT 1 [ RunTime:0.000328s ]
[ 2018-06-19T04:01:01+08:00 ][ sql ] [ SQL ] SELECT `id`,`product_rate` FROM `user` WHERE  `id` IN ('') [ RunTime:0.000239s ]
[ 2018-06-19T04:01:01+08:00 ][ sql ] [ SQL ] SELECT COUNT(*) AS tp_count FROM `user` WHERE  `pid` = 32705 LIMIT 1 [ RunTime:0.000257s ]
[ 2018-06-19T05:01:01+08:00 ][ info ] [ LANG ] /www/wwwroot/www.wscorps.cn/thinkphp/lang/zh-cn.php
[ info ] [ LOG ] INIT File
[ 2018-06-19T05:01:01+08:00 ][ info ] [ DB ] INIT mysql
[ 2018-06-19T05:01:01+08:00 ][ sql ] [ DB ] CONNECT:[ UseTime:0.000671s ] mysql:host=127.0.0.1;port=3306;dbname=magic;charset=utf8
[ 2018-06-19T05:01:01+08:00 ][ sql ] [ SQL ] SHOW COLUMNS FROM `user` [ RunTime:0.001366s ]
[ 2018-06-19T05:01:01+08:00 ][ sql ] [ SQL ] SELECT `id`,`level` FROM `user` WHERE  `is_certification` = 1  AND `status` = 1 [ RunTime:0.000437s ]
[ 2018-06-19T05:01:01+08:00 ][ info ] [ CACHE ] INIT File
[ 2018-06-19T05:01:01+08:00 ][ sql ] [ SQL ] SELECT `id`,`pid` FROM `user` [ RunTime:0.000495s ]
[ 2018-06-19T05:01:01+08:00 ][ sql ] [ SQL ] SELECT `id`,`product_rate` FROM `user` WHERE  `id` IN (32705) [ RunTime:0.000316s ]
[ 2018-06-19T05:01:01+08:00 ][ sql ] [ SQL ] SELECT COUNT(*) AS tp_count FROM `user` WHERE  `pid` = 32701  AND `level` = 2 LIMIT 1 [ RunTime:0.000424s ]
[ 2018-06-19T05:01:01+08:00 ][ sql ] [ SQL ] SELECT `id`,`product_rate` FROM `user` WHERE  `id` IN ('') [ RunTime:0.000262s ]
[ 2018-06-19T05:01:01+08:00 ][ sql ] [ SQL ] SELECT COUNT(*) AS tp_count FROM `user` WHERE  `pid` = 32705 LIMIT 1 [ RunTime:0.000289s ]
[ 2018-06-19T06:01:01+08:00 ][ info ] [ LANG ] /www/wwwroot/www.wscorps.cn/thinkphp/lang/zh-cn.php
[ info ] [ LOG ] INIT File
[ 2018-06-19T06:01:01+08:00 ][ info ] [ DB ] INIT mysql
[ 2018-06-19T06:01:01+08:00 ][ sql ] [ DB ] CONNECT:[ UseTime:0.000717s ] mysql:host=127.0.0.1;port=3306;dbname=magic;charset=utf8
[ 2018-06-19T06:01:01+08:00 ][ sql ] [ SQL ] SHOW COLUMNS FROM `user` [ RunTime:0.001520s ]
[ 2018-06-19T06:01:01+08:00 ][ sql ] [ SQL ] SELECT `id`,`level` FROM `user` WHERE  `is_certification` = 1  AND `status` = 1 [ RunTime:0.000673s ]
[ 2018-06-19T06:01:01+08:00 ][ info ] [ CACHE ] INIT File
[ 2018-06-19T06:01:01+08:00 ][ sql ] [ SQL ] SELECT `id`,`pid` FROM `user` [ RunTime:0.000428s ]
[ 2018-06-19T06:01:01+08:00 ][ sql ] [ SQL ] SELECT `id`,`product_rate` FROM `user` WHERE  `id` IN (32705) [ RunTime:0.000315s ]
[ 2018-06-19T06:01:01+08:00 ][ sql ] [ SQL ] SELECT COUNT(*) AS tp_count FROM `user` WHERE  `pid` = 32701  AND `level` = 2 LIMIT 1 [ RunTime:0.000339s ]
[ 2018-06-19T06:01:01+08:00 ][ sql ] [ SQL ] SELECT `id`,`product_rate` FROM `user` WHERE  `id` IN ('') [ RunTime:0.000240s ]
[ 2018-06-19T06:01:01+08:00 ][ sql ] [ SQL ] SELECT COUNT(*) AS tp_count FROM `user` WHERE  `pid` = 32705 LIMIT 1 [ RunTime:0.000269s ]
[ 2018-06-19T07:01:01+08:00 ][ info ] [ LANG ] /www/wwwroot/www.wscorps.cn/thinkphp/lang/zh-cn.php
[ info ] [ LOG ] INIT File
[ 2018-06-19T07:01:01+08:00 ][ info ] [ DB ] INIT mysql
[ 2018-06-19T07:01:01+08:00 ][ sql ] [ DB ] CONNECT:[ UseTime:0.001028s ] mysql:host=127.0.0.1;port=3306;dbname=magic;charset=utf8
[ 2018-06-19T07:01:01+08:00 ][ sql ] [ SQL ] SHOW COLUMNS FROM `user` [ RunTime:0.001584s ]
[ 2018-06-19T07:01:01+08:00 ][ sql ] [ SQL ] SELECT `id`,`level` FROM `user` WHERE  `is_certification` = 1  AND `status` = 1 [ RunTime:0.000463s ]
[ 2018-06-19T07:01:01+08:00 ][ info ] [ CACHE ] INIT File
[ 2018-06-19T07:01:01+08:00 ][ sql ] [ SQL ] SELECT `id`,`pid` FROM `user` [ RunTime:0.000365s ]
[ 2018-06-19T07:01:01+08:00 ][ sql ] [ SQL ] SELECT `id`,`product_rate` FROM `user` WHERE  `id` IN (32705) [ RunTime:0.000287s ]
[ 2018-06-19T07:01:01+08:00 ][ sql ] [ SQL ] SELECT COUNT(*) AS tp_count FROM `user` WHERE  `pid` = 32701  AND `level` = 2 LIMIT 1 [ RunTime:0.000331s ]
[ 2018-06-19T07:01:01+08:00 ][ sql ] [ SQL ] SELECT `id`,`product_rate` FROM `user` WHERE  `id` IN ('') [ RunTime:0.000305s ]
[ 2018-06-19T07:01:01+08:00 ][ sql ] [ SQL ] SELECT COUNT(*) AS tp_count FROM `user` WHERE  `pid` = 32705 LIMIT 1 [ RunTime:0.000357s ]
[ 2018-06-19T08:01:01+08:00 ][ info ] [ LANG ] /www/wwwroot/www.wscorps.cn/thinkphp/lang/zh-cn.php
[ info ] [ LOG ] INIT File
[ 2018-06-19T08:01:01+08:00 ][ info ] [ DB ] INIT mysql
[ 2018-06-19T08:01:01+08:00 ][ sql ] [ DB ] CONNECT:[ UseTime:0.010886s ] mysql:host=127.0.0.1;port=3306;dbname=magic;charset=utf8
[ 2018-06-19T08:01:01+08:00 ][ sql ] [ SQL ] SHOW COLUMNS FROM `user` [ RunTime:0.001529s ]
[ 2018-06-19T08:01:01+08:00 ][ sql ] [ SQL ] SELECT `id`,`level` FROM `user` WHERE  `is_certification` = 1  AND `status` = 1 [ RunTime:0.000477s ]
[ 2018-06-19T08:01:01+08:00 ][ info ] [ CACHE ] INIT File
[ 2018-06-19T08:01:01+08:00 ][ sql ] [ SQL ] SELECT `id`,`pid` FROM `user` [ RunTime:0.000567s ]
[ 2018-06-19T08:01:01+08:00 ][ sql ] [ SQL ] SELECT `id`,`product_rate` FROM `user` WHERE  `id` IN (32705) [ RunTime:0.000318s ]
[ 2018-06-19T08:01:01+08:00 ][ sql ] [ SQL ] SELECT COUNT(*) AS tp_count FROM `user` WHERE  `pid` = 32701  AND `level` = 2 LIMIT 1 [ RunTime:0.000340s ]
[ 2018-06-19T08:01:01+08:00 ][ sql ] [ SQL ] SELECT `id`,`product_rate` FROM `user` WHERE  `id` IN ('') [ RunTime:0.000238s ]
[ 2018-06-19T08:01:01+08:00 ][ sql ] [ SQL ] SELECT COUNT(*) AS tp_count FROM `user` WHERE  `pid` = 32705 LIMIT 1 [ RunTime:0.000327s ]
[ 2018-06-19T09:01:01+08:00 ][ info ] [ LANG ] /www/wwwroot/www.wscorps.cn/thinkphp/lang/zh-cn.php
[ info ] [ LOG ] INIT File
[ 2018-06-19T09:01:01+08:00 ][ info ] [ DB ] INIT mysql
[ 2018-06-19T09:01:01+08:00 ][ sql ] [ DB ] CONNECT:[ UseTime:0.000597s ] mysql:host=127.0.0.1;port=3306;dbname=magic;charset=utf8
[ 2018-06-19T09:01:01+08:00 ][ sql ] [ SQL ] SHOW COLUMNS FROM `user` [ RunTime:0.001227s ]
[ 2018-06-19T09:01:01+08:00 ][ sql ] [ SQL ] SELECT `id`,`level` FROM `user` WHERE  `is_certification` = 1  AND `status` = 1 [ RunTime:0.000430s ]
[ 2018-06-19T09:01:01+08:00 ][ info ] [ CACHE ] INIT File
[ 2018-06-19T09:01:01+08:00 ][ sql ] [ SQL ] SELECT `id`,`pid` FROM `user` [ RunTime:0.000285s ]
[ 2018-06-19T09:01:01+08:00 ][ sql ] [ SQL ] SELECT `id`,`product_rate` FROM `user` WHERE  `id` IN (32705) [ RunTime:0.000287s ]
[ 2018-06-19T09:01:01+08:00 ][ sql ] [ SQL ] SELECT COUNT(*) AS tp_count FROM `user` WHERE  `pid` = 32701  AND `level` = 2 LIMIT 1 [ RunTime:0.000315s ]
[ 2018-06-19T09:01:01+08:00 ][ sql ] [ SQL ] SELECT `id`,`product_rate` FROM `user` WHERE  `id` IN ('') [ RunTime:0.000282s ]
[ 2018-06-19T09:01:01+08:00 ][ sql ] [ SQL ] SELECT COUNT(*) AS tp_count FROM `user` WHERE  `pid` = 32705 LIMIT 1 [ RunTime:0.000266s ]
[ 2018-06-19T10:01:01+08:00 ][ info ] [ LANG ] /www/wwwroot/www.wscorps.cn/thinkphp/lang/zh-cn.php
[ info ] [ LOG ] INIT File
[ 2018-06-19T10:01:01+08:00 ][ info ] [ DB ] INIT mysql
[ 2018-06-19T10:01:01+08:00 ][ sql ] [ DB ] CONNECT:[ UseTime:0.000654s ] mysql:host=127.0.0.1;port=3306;dbname=magic;charset=utf8
[ 2018-06-19T10:01:01+08:00 ][ sql ] [ SQL ] SHOW COLUMNS FROM `user` [ RunTime:0.001537s ]
[ 2018-06-19T10:01:01+08:00 ][ sql ] [ SQL ] SELECT `id`,`level` FROM `user` WHERE  `is_certification` = 1  AND `status` = 1 [ RunTime:0.000543s ]
[ 2018-06-19T10:01:01+08:00 ][ info ] [ CACHE ] INIT File
[ 2018-06-19T10:01:01+08:00 ][ sql ] [ SQL ] SELECT `id`,`pid` FROM `user` [ RunTime:0.000417s ]
[ 2018-06-19T10:01:01+08:00 ][ sql ] [ SQL ] SELECT `id`,`product_rate` FROM `user` WHERE  `id` IN (32705) [ RunTime:0.000286s ]
[ 2018-06-19T10:01:01+08:00 ][ sql ] [ SQL ] SELECT COUNT(*) AS tp_count FROM `user` WHERE  `pid` = 32701  AND `level` = 2 LIMIT 1 [ RunTime:0.000342s ]
[ 2018-06-19T10:01:01+08:00 ][ sql ] [ SQL ] SELECT `id`,`product_rate` FROM `user` WHERE  `id` IN ('') [ RunTime:0.000287s ]
[ 2018-06-19T10:01:01+08:00 ][ sql ] [ SQL ] SELECT COUNT(*) AS tp_count FROM `user` WHERE  `pid` = 32705 LIMIT 1 [ RunTime:0.000325s ]
[ 2018-06-19T11:01:01+08:00 ][ info ] [ LANG ] /www/wwwroot/www.wscorps.cn/thinkphp/lang/zh-cn.php
[ info ] [ LOG ] INIT File
[ 2018-06-19T11:01:01+08:00 ][ info ] [ DB ] INIT mysql
[ 2018-06-19T11:01:01+08:00 ][ sql ] [ DB ] CONNECT:[ UseTime:0.000691s ] mysql:host=127.0.0.1;port=3306;dbname=magic;charset=utf8
[ 2018-06-19T11:01:01+08:00 ][ sql ] [ SQL ] SHOW COLUMNS FROM `user` [ RunTime:0.001266s ]
[ 2018-06-19T11:01:01+08:00 ][ sql ] [ SQL ] SELECT `id`,`level` FROM `user` WHERE  `is_certification` = 1  AND `status` = 1 [ RunTime:0.000468s ]
[ 2018-06-19T11:01:01+08:00 ][ info ] [ CACHE ] INIT File
[ 2018-06-19T11:01:01+08:00 ][ sql ] [ SQL ] SELECT `id`,`product_rate` FROM `user` WHERE  `id` IN (32705) [ RunTime:0.000581s ]
[ 2018-06-19T11:01:01+08:00 ][ sql ] [ SQL ] SELECT COUNT(*) AS tp_count FROM `user` WHERE  `pid` = 32701  AND `level` = 2 LIMIT 1 [ RunTime:0.000361s ]
[ 2018-06-19T11:01:01+08:00 ][ sql ] [ SQL ] SELECT `id`,`product_rate` FROM `user` WHERE  `id` IN ('') [ RunTime:0.000309s ]
[ 2018-06-19T11:01:01+08:00 ][ sql ] [ SQL ] SELECT COUNT(*) AS tp_count FROM `user` WHERE  `pid` = 32705 LIMIT 1 [ RunTime:0.000333s ]
[ 2018-06-19T12:01:01+08:00 ][ info ] [ LANG ] /www/wwwroot/www.wscorps.cn/thinkphp/lang/zh-cn.php
[ info ] [ LOG ] INIT File
[ 2018-06-19T12:01:01+08:00 ][ info ] [ DB ] INIT mysql
[ 2018-06-19T12:01:01+08:00 ][ sql ] [ DB ] CONNECT:[ UseTime:0.000654s ] mysql:host=127.0.0.1;port=3306;dbname=magic;charset=utf8
[ 2018-06-19T12:01:01+08:00 ][ sql ] [ SQL ] SHOW COLUMNS FROM `user` [ RunTime:0.001195s ]
[ 2018-06-19T12:01:01+08:00 ][ sql ] [ SQL ] SELECT `id`,`level` FROM `user` WHERE  `is_certification` = 1  AND `status` = 1 [ RunTime:0.000916s ]
[ 2018-06-19T12:01:01+08:00 ][ info ] [ CACHE ] INIT File
[ 2018-06-19T12:01:01+08:00 ][ sql ] [ SQL ] SELECT `id`,`pid` FROM `user` [ RunTime:0.000653s ]
[ 2018-06-19T12:01:01+08:00 ][ sql ] [ SQL ] SELECT `id`,`product_rate` FROM `user` WHERE  `id` IN (32705) [ RunTime:0.000322s ]
[ 2018-06-19T12:01:01+08:00 ][ sql ] [ SQL ] SELECT COUNT(*) AS tp_count FROM `user` WHERE  `pid` = 32701  AND `level` = 2 LIMIT 1 [ RunTime:0.000373s ]
[ 2018-06-19T12:01:01+08:00 ][ sql ] [ SQL ] SELECT `id`,`product_rate` FROM `user` WHERE  `id` IN ('') [ RunTime:0.000262s ]
[ 2018-06-19T12:01:01+08:00 ][ sql ] [ SQL ] SELECT COUNT(*) AS tp_count FROM `user` WHERE  `pid` = 32705 LIMIT 1 [ RunTime:0.000262s ]
[ 2018-06-19T13:01:01+08:00 ][ info ] [ LANG ] /www/wwwroot/www.wscorps.cn/thinkphp/lang/zh-cn.php
[ info ] [ LOG ] INIT File
[ 2018-06-19T13:01:01+08:00 ][ info ] [ DB ] INIT mysql
[ 2018-06-19T13:01:01+08:00 ][ sql ] [ DB ] CONNECT:[ UseTime:0.000559s ] mysql:host=127.0.0.1;port=3306;dbname=magic;charset=utf8
[ 2018-06-19T13:01:01+08:00 ][ sql ] [ SQL ] SHOW COLUMNS FROM `user` [ RunTime:0.001431s ]
[ 2018-06-19T13:01:01+08:00 ][ sql ] [ SQL ] SELECT `id`,`level` FROM `user` WHERE  `is_certification` = 1  AND `status` = 1 [ RunTime:0.000507s ]
[ 2018-06-19T13:01:01+08:00 ][ info ] [ CACHE ] INIT File
[ 2018-06-19T13:01:01+08:00 ][ sql ] [ SQL ] SELECT `id`,`product_rate` FROM `user` WHERE  `id` IN (32705) [ RunTime:0.000611s ]
[ 2018-06-19T13:01:01+08:00 ][ sql ] [ SQL ] SELECT COUNT(*) AS tp_count FROM `user` WHERE  `pid` = 32701  AND `level` = 2 LIMIT 1 [ RunTime:0.000431s ]
[ 2018-06-19T13:01:01+08:00 ][ sql ] [ SQL ] SELECT `id`,`product_rate` FROM `user` WHERE  `id` IN ('') [ RunTime:0.000341s ]
[ 2018-06-19T13:01:01+08:00 ][ sql ] [ SQL ] SELECT COUNT(*) AS tp_count FROM `user` WHERE  `pid` = 32705 LIMIT 1 [ RunTime:0.000344s ]
[ 2018-06-19T14:01:01+08:00 ][ info ] [ LANG ] /www/wwwroot/www.wscorps.cn/thinkphp/lang/zh-cn.php
[ info ] [ LOG ] INIT File
[ 2018-06-19T14:01:01+08:00 ][ info ] [ DB ] INIT mysql
[ 2018-06-19T14:01:01+08:00 ][ sql ] [ DB ] CONNECT:[ UseTime:0.000574s ] mysql:host=127.0.0.1;port=3306;dbname=magic;charset=utf8
[ 2018-06-19T14:01:01+08:00 ][ sql ] [ SQL ] SHOW COLUMNS FROM `user` [ RunTime:0.001287s ]
[ 2018-06-19T14:01:01+08:00 ][ sql ] [ SQL ] SELECT `id`,`level` FROM `user` WHERE  `is_certification` = 1  AND `status` = 1 [ RunTime:0.000570s ]
[ 2018-06-19T14:01:01+08:00 ][ info ] [ CACHE ] INIT File
[ 2018-06-19T14:01:01+08:00 ][ sql ] [ SQL ] SELECT `id`,`pid` FROM `user` [ RunTime:0.000400s ]
[ 2018-06-19T14:01:01+08:00 ][ sql ] [ SQL ] SELECT `id`,`product_rate` FROM `user` WHERE  `id` IN (32705) [ RunTime:0.001465s ]
[ 2018-06-19T14:01:01+08:00 ][ sql ] [ SQL ] SELECT COUNT(*) AS tp_count FROM `user` WHERE  `pid` = 32701  AND `level` = 2 LIMIT 1 [ RunTime:0.000386s ]
[ 2018-06-19T14:01:01+08:00 ][ sql ] [ SQL ] SELECT `id`,`product_rate` FROM `user` WHERE  `id` IN ('') [ RunTime:0.000286s ]
[ 2018-06-19T14:01:01+08:00 ][ sql ] [ SQL ] SELECT COUNT(*) AS tp_count FROM `user` WHERE  `pid` = 32705 LIMIT 1 [ RunTime:0.000324s ]
[ 2018-06-19T15:01:01+08:00 ][ info ] [ LANG ] /www/wwwroot/www.wscorps.cn/thinkphp/lang/zh-cn.php
[ info ] [ LOG ] INIT File
[ 2018-06-19T15:01:01+08:00 ][ info ] [ DB ] INIT mysql
[ 2018-06-19T15:01:01+08:00 ][ sql ] [ DB ] CONNECT:[ UseTime:0.000548s ] mysql:host=127.0.0.1;port=3306;dbname=magic;charset=utf8
[ 2018-06-19T15:01:01+08:00 ][ sql ] [ SQL ] SHOW COLUMNS FROM `user` [ RunTime:0.001687s ]
[ 2018-06-19T15:01:01+08:00 ][ sql ] [ SQL ] SELECT `id`,`level` FROM `user` WHERE  `is_certification` = 1  AND `status` = 1 [ RunTime:0.000602s ]
[ 2018-06-19T15:01:01+08:00 ][ info ] [ CACHE ] INIT File
[ 2018-06-19T15:01:01+08:00 ][ sql ] [ SQL ] SELECT `id`,`pid` FROM `user` [ RunTime:0.000438s ]
[ 2018-06-19T15:01:01+08:00 ][ sql ] [ SQL ] SELECT `id`,`product_rate` FROM `user` WHERE  `id` IN (32705) [ RunTime:0.000338s ]
[ 2018-06-19T15:01:01+08:00 ][ sql ] [ SQL ] SELECT COUNT(*) AS tp_count FROM `user` WHERE  `pid` = 32701  AND `level` = 2 LIMIT 1 [ RunTime:0.000416s ]
[ 2018-06-19T15:01:01+08:00 ][ sql ] [ SQL ] SELECT `id`,`product_rate` FROM `user` WHERE  `id` IN ('') [ RunTime:0.000256s ]
[ 2018-06-19T15:01:01+08:00 ][ sql ] [ SQL ] SELECT COUNT(*) AS tp_count FROM `user` WHERE  `pid` = 32705 LIMIT 1 [ RunTime:0.000291s ]
[ 2018-06-19T16:01:01+08:00 ][ info ] [ LANG ] /www/wwwroot/www.wscorps.cn/thinkphp/lang/zh-cn.php
[ info ] [ LOG ] INIT File
[ 2018-06-19T16:01:01+08:00 ][ info ] [ DB ] INIT mysql
[ 2018-06-19T16:01:01+08:00 ][ sql ] [ DB ] CONNECT:[ UseTime:0.000914s ] mysql:host=127.0.0.1;port=3306;dbname=magic;charset=utf8
[ 2018-06-19T16:01:01+08:00 ][ sql ] [ SQL ] SHOW COLUMNS FROM `user` [ RunTime:0.001510s ]
[ 2018-06-19T16:01:01+08:00 ][ sql ] [ SQL ] SELECT `id`,`level` FROM `user` WHERE  `is_certification` = 1  AND `status` = 1 [ RunTime:0.000542s ]
[ 2018-06-19T16:01:01+08:00 ][ info ] [ CACHE ] INIT File
[ 2018-06-19T16:01:01+08:00 ][ sql ] [ SQL ] SHOW COLUMNS FROM `config` [ RunTime:0.001342s ]
[ 2018-06-19T16:01:01+08:00 ][ sql ] [ SQL ] SELECT `key`,`value` FROM `config` [ RunTime:0.000472s ]
[ 2018-06-19T16:01:01+08:00 ][ sql ] [ SQL ] SELECT `id`,`pid` FROM `user` [ RunTime:0.000650s ]
[ 2018-06-19T16:01:01+08:00 ][ sql ] [ SQL ] SELECT `id`,`product_rate` FROM `user` WHERE  `id` IN (32705) [ RunTime:0.000401s ]
[ 2018-06-19T16:01:01+08:00 ][ sql ] [ SQL ] SELECT COUNT(*) AS tp_count FROM `user` WHERE  `pid` = 32701  AND `level` = 2 LIMIT 1 [ RunTime:0.000461s ]
[ 2018-06-19T16:01:01+08:00 ][ sql ] [ SQL ] SELECT `id`,`product_rate` FROM `user` WHERE  `id` IN ('') [ RunTime:0.000336s ]
[ 2018-06-19T16:01:01+08:00 ][ sql ] [ SQL ] SELECT COUNT(*) AS tp_count FROM `user` WHERE  `pid` = 32705 LIMIT 1 [ RunTime:0.000331s ]
[ 2018-06-19T17:01:01+08:00 ][ info ] [ LANG ] /www/wwwroot/www.wscorps.cn/thinkphp/lang/zh-cn.php
[ info ] [ LOG ] INIT File
[ 2018-06-19T17:01:01+08:00 ][ info ] [ DB ] INIT mysql
[ 2018-06-19T17:01:01+08:00 ][ sql ] [ DB ] CONNECT:[ UseTime:0.001768s ] mysql:host=127.0.0.1;port=3306;dbname=magic;charset=utf8
[ 2018-06-19T17:01:01+08:00 ][ sql ] [ SQL ] SHOW COLUMNS FROM `user` [ RunTime:0.001355s ]
[ 2018-06-19T17:01:01+08:00 ][ sql ] [ SQL ] SELECT `id`,`level` FROM `user` WHERE  `is_certification` = 1  AND `status` = 1 [ RunTime:0.000496s ]
[ 2018-06-19T17:01:01+08:00 ][ info ] [ CACHE ] INIT File
[ 2018-06-19T17:01:01+08:00 ][ sql ] [ SQL ] SELECT `id`,`pid` FROM `user` [ RunTime:0.000654s ]
[ 2018-06-19T17:01:01+08:00 ][ sql ] [ SQL ] SELECT `id`,`product_rate` FROM `user` WHERE  `id` IN (32705) [ RunTime:0.000386s ]
[ 2018-06-19T17:01:01+08:00 ][ sql ] [ SQL ] SELECT COUNT(*) AS tp_count FROM `user` WHERE  `pid` = 32701  AND `level` = 2 LIMIT 1 [ RunTime:0.000424s ]
[ 2018-06-19T17:01:01+08:00 ][ sql ] [ SQL ] SELECT `id`,`product_rate` FROM `user` WHERE  `id` IN ('') [ RunTime:0.000310s ]
[ 2018-06-19T17:01:01+08:00 ][ sql ] [ SQL ] SELECT COUNT(*) AS tp_count FROM `user` WHERE  `pid` = 32705 LIMIT 1 [ RunTime:0.000326s ]
[ 2018-06-19T18:01:01+08:00 ][ info ] [ LANG ] /www/wwwroot/www.wscorps.cn/thinkphp/lang/zh-cn.php
[ info ] [ LOG ] INIT File
[ 2018-06-19T18:01:01+08:00 ][ info ] [ DB ] INIT mysql
[ 2018-06-19T18:01:01+08:00 ][ sql ] [ DB ] CONNECT:[ UseTime:0.000650s ] mysql:host=127.0.0.1;port=3306;dbname=magic;charset=utf8
[ 2018-06-19T18:01:01+08:00 ][ sql ] [ SQL ] SHOW COLUMNS FROM `user` [ RunTime:0.001155s ]
[ 2018-06-19T18:01:01+08:00 ][ sql ] [ SQL ] SELECT `id`,`level` FROM `user` WHERE  `is_certification` = 1  AND `status` = 1 [ RunTime:0.000476s ]
[ 2018-06-19T18:01:01+08:00 ][ info ] [ CACHE ] INIT File
[ 2018-06-19T18:01:01+08:00 ][ sql ] [ SQL ] SELECT `id`,`pid` FROM `user` [ RunTime:0.001105s ]
[ 2018-06-19T18:01:01+08:00 ][ sql ] [ SQL ] SELECT `id`,`product_rate` FROM `user` WHERE  `id` IN (32705) [ RunTime:0.000552s ]
[ 2018-06-19T18:01:01+08:00 ][ sql ] [ SQL ] SELECT COUNT(*) AS tp_count FROM `user` WHERE  `pid` = 32701  AND `level` = 2 LIMIT 1 [ RunTime:0.000488s ]
[ 2018-06-19T18:01:01+08:00 ][ sql ] [ SQL ] SELECT `id`,`product_rate` FROM `user` WHERE  `id` IN ('') [ RunTime:0.000452s ]
[ 2018-06-19T18:01:01+08:00 ][ sql ] [ SQL ] SELECT COUNT(*) AS tp_count FROM `user` WHERE  `pid` = 32705 LIMIT 1 [ RunTime:0.000345s ]
[ 2018-06-19T19:01:01+08:00 ][ info ] [ LANG ] /www/wwwroot/www.wscorps.cn/thinkphp/lang/zh-cn.php
[ info ] [ LOG ] INIT File
[ 2018-06-19T19:01:01+08:00 ][ info ] [ DB ] INIT mysql
[ 2018-06-19T19:01:01+08:00 ][ sql ] [ DB ] CONNECT:[ UseTime:0.000595s ] mysql:host=127.0.0.1;port=3306;dbname=magic;charset=utf8
[ 2018-06-19T19:01:01+08:00 ][ sql ] [ SQL ] SHOW COLUMNS FROM `user` [ RunTime:0.001423s ]
[ 2018-06-19T19:01:01+08:00 ][ sql ] [ SQL ] SELECT `id`,`level` FROM `user` WHERE  `is_certification` = 1  AND `status` = 1 [ RunTime:0.000411s ]
[ 2018-06-19T19:01:01+08:00 ][ info ] [ CACHE ] INIT File
[ 2018-06-19T19:01:01+08:00 ][ sql ] [ SQL ] SELECT `id`,`pid` FROM `user` [ RunTime:0.000288s ]
[ 2018-06-19T19:01:01+08:00 ][ sql ] [ SQL ] SELECT `id`,`product_rate` FROM `user` WHERE  `id` IN (32705) [ RunTime:0.000394s ]
[ 2018-06-19T19:01:01+08:00 ][ sql ] [ SQL ] SELECT COUNT(*) AS tp_count FROM `user` WHERE  `pid` = 32701  AND `level` = 2 LIMIT 1 [ RunTime:0.000525s ]
[ 2018-06-19T19:01:01+08:00 ][ sql ] [ SQL ] SELECT `id`,`product_rate` FROM `user` WHERE  `id` IN ('') [ RunTime:0.000362s ]
[ 2018-06-19T19:01:01+08:00 ][ sql ] [ SQL ] SELECT COUNT(*) AS tp_count FROM `user` WHERE  `pid` = 32705 LIMIT 1 [ RunTime:0.000323s ]
[ 2018-06-19T20:01:01+08:00 ][ info ] [ LANG ] /www/wwwroot/www.wscorps.cn/thinkphp/lang/zh-cn.php
[ info ] [ LOG ] INIT File
[ 2018-06-19T20:01:01+08:00 ][ info ] [ DB ] INIT mysql
[ 2018-06-19T20:01:01+08:00 ][ sql ] [ DB ] CONNECT:[ UseTime:0.012998s ] mysql:host=127.0.0.1;port=3306;dbname=magic;charset=utf8
[ 2018-06-19T20:01:01+08:00 ][ sql ] [ SQL ] SHOW COLUMNS FROM `user` [ RunTime:0.001786s ]
[ 2018-06-19T20:01:01+08:00 ][ sql ] [ SQL ] SELECT `id`,`level` FROM `user` WHERE  `is_certification` = 1  AND `status` = 1 [ RunTime:0.000596s ]
[ 2018-06-19T20:01:01+08:00 ][ info ] [ CACHE ] INIT File
[ 2018-06-19T20:01:01+08:00 ][ sql ] [ SQL ] SELECT `id`,`pid` FROM `user` [ RunTime:0.000572s ]
[ 2018-06-19T20:01:01+08:00 ][ sql ] [ SQL ] SELECT `id`,`product_rate` FROM `user` WHERE  `id` IN (32705) [ RunTime:0.000368s ]
[ 2018-06-19T20:01:01+08:00 ][ sql ] [ SQL ] SELECT COUNT(*) AS tp_count FROM `user` WHERE  `pid` = 32701  AND `level` = 2 LIMIT 1 [ RunTime:0.000409s ]
[ 2018-06-19T20:01:01+08:00 ][ sql ] [ SQL ] SELECT `id`,`product_rate` FROM `user` WHERE  `id` IN ('') [ RunTime:0.000285s ]
[ 2018-06-19T20:01:01+08:00 ][ sql ] [ SQL ] SELECT COUNT(*) AS tp_count FROM `user` WHERE  `pid` = 32705 LIMIT 1 [ RunTime:0.000308s ]
[ 2018-06-19T21:01:02+08:00 ][ info ] [ LANG ] /www/wwwroot/www.wscorps.cn/thinkphp/lang/zh-cn.php
[ info ] [ LOG ] INIT File
[ 2018-06-19T21:01:02+08:00 ][ info ] [ DB ] INIT mysql
[ 2018-06-19T21:01:02+08:00 ][ sql ] [ DB ] CONNECT:[ UseTime:0.000680s ] mysql:host=127.0.0.1;port=3306;dbname=magic;charset=utf8
[ 2018-06-19T21:01:02+08:00 ][ sql ] [ SQL ] SHOW COLUMNS FROM `user` [ RunTime:0.001521s ]
[ 2018-06-19T21:01:02+08:00 ][ sql ] [ SQL ] SELECT `id`,`level` FROM `user` WHERE  `is_certification` = 1  AND `status` = 1 [ RunTime:0.000555s ]
[ 2018-06-19T21:01:02+08:00 ][ info ] [ CACHE ] INIT File
[ 2018-06-19T21:01:02+08:00 ][ sql ] [ SQL ] SELECT `id`,`pid` FROM `user` [ RunTime:0.000460s ]
[ 2018-06-19T21:01:02+08:00 ][ sql ] [ SQL ] SELECT `id`,`product_rate` FROM `user` WHERE  `id` IN (32705) [ RunTime:0.000345s ]
[ 2018-06-19T21:01:02+08:00 ][ sql ] [ SQL ] SELECT COUNT(*) AS tp_count FROM `user` WHERE  `pid` = 32701  AND `level` = 2 LIMIT 1 [ RunTime:0.000384s ]
[ 2018-06-19T21:01:02+08:00 ][ sql ] [ SQL ] SELECT `id`,`product_rate` FROM `user` WHERE  `id` IN ('') [ RunTime:0.000317s ]
[ 2018-06-19T21:01:02+08:00 ][ sql ] [ SQL ] SELECT COUNT(*) AS tp_count FROM `user` WHERE  `pid` = 32705 LIMIT 1 [ RunTime:0.000279s ]
[ 2018-06-19T22:01:01+08:00 ][ info ] [ LANG ] /www/wwwroot/www.wscorps.cn/thinkphp/lang/zh-cn.php
[ info ] [ LOG ] INIT File
[ 2018-06-19T22:01:01+08:00 ][ info ] [ DB ] INIT mysql
[ 2018-06-19T22:01:01+08:00 ][ sql ] [ DB ] CONNECT:[ UseTime:0.006386s ] mysql:host=127.0.0.1;port=3306;dbname=magic;charset=utf8
[ 2018-06-19T22:01:01+08:00 ][ sql ] [ SQL ] SHOW COLUMNS FROM `user` [ RunTime:0.001443s ]
[ 2018-06-19T22:01:01+08:00 ][ sql ] [ SQL ] SELECT `id`,`level` FROM `user` WHERE  `is_certification` = 1  AND `status` = 1 [ RunTime:0.000485s ]
[ 2018-06-19T22:01:01+08:00 ][ info ] [ CACHE ] INIT File
[ 2018-06-19T22:01:01+08:00 ][ sql ] [ SQL ] SELECT `id`,`pid` FROM `user` [ RunTime:0.000509s ]
[ 2018-06-19T22:01:01+08:00 ][ sql ] [ SQL ] SELECT `id`,`product_rate` FROM `user` WHERE  `id` IN (32705) [ RunTime:0.000376s ]
[ 2018-06-19T22:01:01+08:00 ][ sql ] [ SQL ] SELECT COUNT(*) AS tp_count FROM `user` WHERE  `pid` = 32701  AND `level` = 2 LIMIT 1 [ RunTime:0.000403s ]
[ 2018-06-19T22:01:01+08:00 ][ sql ] [ SQL ] SELECT `id`,`product_rate` FROM `user` WHERE  `id` IN ('') [ RunTime:0.000304s ]
[ 2018-06-19T22:01:01+08:00 ][ sql ] [ SQL ] SELECT COUNT(*) AS tp_count FROM `user` WHERE  `pid` = 32705 LIMIT 1 [ RunTime:0.000327s ]
[ 2018-06-19T23:01:01+08:00 ][ info ] [ LANG ] /www/wwwroot/www.wscorps.cn/thinkphp/lang/zh-cn.php
[ info ] [ LOG ] INIT File
[ 2018-06-19T23:01:01+08:00 ][ info ] [ DB ] INIT mysql
[ 2018-06-19T23:01:01+08:00 ][ sql ] [ DB ] CONNECT:[ UseTime:0.000787s ] mysql:host=127.0.0.1;port=3306;dbname=magic;charset=utf8
[ 2018-06-19T23:01:01+08:00 ][ sql ] [ SQL ] SHOW COLUMNS FROM `user` [ RunTime:0.001532s ]
[ 2018-06-19T23:01:01+08:00 ][ sql ] [ SQL ] SELECT `id`,`level` FROM `user` WHERE  `is_certification` = 1  AND `status` = 1 [ RunTime:0.000515s ]
[ 2018-06-19T23:01:01+08:00 ][ info ] [ CACHE ] INIT File
[ 2018-06-19T23:01:01+08:00 ][ sql ] [ SQL ] SELECT `id`,`pid` FROM `user` [ RunTime:0.000615s ]
[ 2018-06-19T23:01:01+08:00 ][ sql ] [ SQL ] SELECT `id`,`product_rate` FROM `user` WHERE  `id` IN (32705) [ RunTime:0.000382s ]
[ 2018-06-19T23:01:01+08:00 ][ sql ] [ SQL ] SELECT COUNT(*) AS tp_count FROM `user` WHERE  `pid` = 32701  AND `level` = 2 LIMIT 1 [ RunTime:0.000443s ]
[ 2018-06-19T23:01:01+08:00 ][ sql ] [ SQL ] SELECT `id`,`product_rate` FROM `user` WHERE  `id` IN ('') [ RunTime:0.000331s ]
[ 2018-06-19T23:01:01+08:00 ][ sql ] [ SQL ] SELECT COUNT(*) AS tp_count FROM `user` WHERE  `pid` = 32705 LIMIT 1 [ RunTime:0.000342s ]
