[ 2018-06-20T00:01:01+08:00 ][ info ] [ LANG ] /www/wwwroot/www.wscorps.cn/thinkphp/lang/zh-cn.php
[ info ] [ LOG ] INIT File
[ 2018-06-20T00:01:01+08:00 ][ info ] [ LANG ] /www/wwwroot/www.wscorps.cn/thinkphp/lang/zh-cn.php
[ info ] [ LOG ] INIT File
[ 2018-06-20T00:01:01+08:00 ][ info ] [ DB ] INIT mysql
[ 2018-06-20T00:01:01+08:00 ][ sql ] [ DB ] CONNECT:[ UseTime:0.000638s ] mysql:host=127.0.0.1;port=3306;dbname=magic;charset=utf8
[ 2018-06-20T00:01:01+08:00 ][ sql ] [ SQL ] SHOW COLUMNS FROM `user` [ RunTime:0.001573s ]
[ 2018-06-20T00:01:01+08:00 ][ sql ] [ SQL ] SELECT `id`,`level` FROM `user` WHERE  `is_certification` = 1  AND `status` = 1 [ RunTime:0.000998s ]
[ 2018-06-20T00:01:01+08:00 ][ info ] [ CACHE ] INIT File
[ 2018-06-20T00:01:01+08:00 ][ sql ] [ SQL ] SELECT `id`,`pid` FROM `user` [ RunTime:0.000546s ]
[ 2018-06-20T00:01:01+08:00 ][ sql ] [ SQL ] SELECT `id`,`product_rate` FROM `user` WHERE  `id` IN (32705) [ RunTime:0.000389s ]
[ 2018-06-20T00:01:01+08:00 ][ sql ] [ SQL ] SELECT COUNT(*) AS tp_count FROM `user` WHERE  `pid` = 32701  AND `level` = 2 LIMIT 1 [ RunTime:0.000403s ]
[ 2018-06-20T00:01:01+08:00 ][ sql ] [ SQL ] SELECT `id`,`product_rate` FROM `user` WHERE  `id` IN ('') [ RunTime:0.000283s ]
[ 2018-06-20T00:01:01+08:00 ][ sql ] [ SQL ] SELECT COUNT(*) AS tp_count FROM `user` WHERE  `pid` = 32705 LIMIT 1 [ RunTime:0.000326s ]
[ 2018-06-20T00:01:01+08:00 ][ info ] [ DB ] INIT mysql
[ 2018-06-20T00:01:01+08:00 ][ sql ] [ DB ] CONNECT:[ UseTime:0.000883s ] mysql:host=127.0.0.1;port=3306;dbname=magic;charset=utf8
[ 2018-06-20T00:01:01+08:00 ][ sql ] [ SQL ] SHOW COLUMNS FROM `user_product` [ RunTime:0.001414s ]
[ 2018-06-20T00:01:01+08:00 ][ sql ] [ SQL ] SELECT COUNT(*) AS tp_count FROM `user_product` WHERE  `status` = 1 LIMIT 1 [ RunTime:0.000516s ]
[ 2018-06-20T00:01:01+08:00 ][ sql ] [ SQL ] SELECT * FROM `user_product` WHERE  `status` = 1 LIMIT 0,1000 [ RunTime:0.001246s ]
[ 2018-06-20T00:01:01+08:00 ][ sql ] [ SQL ] SHOW COLUMNS FROM `product` [ RunTime:0.001315s ]
[ 2018-06-20T00:01:01+08:00 ][ sql ] [ SQL ] SELECT * FROM `product` [ RunTime:0.000440s ]
[ 2018-06-20T00:01:01+08:00 ][ sql ] [ SQL ] SHOW COLUMNS FROM `user` [ RunTime:0.001488s ]
[ 2018-06-20T00:01:01+08:00 ][ sql ] [ SQL ] SELECT * FROM `user` WHERE  `id` = 32701 LIMIT 1 [ RunTime:0.000594s ]
[ 2018-06-20T00:01:01+08:00 ][ info ] [ CACHE ] INIT File
[ 2018-06-20T00:01:01+08:00 ][ sql ] [ SQL ] UPDATE `user`  SET `magic` = 6622.60698424  WHERE  `id` = 32701 [ RunTime:0.000590s ]
[ 2018-06-20T00:01:01+08:00 ][ sql ] [ SQL ] SHOW COLUMNS FROM `user_magic_log` [ RunTime:0.001474s ]
[ 2018-06-20T00:01:01+08:00 ][ sql ] [ SQL ] INSERT INTO `user_magic_log` (`user_id` , `remark` , `magic` , `old` , `new` , `create_time` , `types`) VALUES (32701 , '魔盒[247211327011]收益3天' , 0.4208974 , 6622.18608684 , 6622.60698424 , 1529424061 , 5) [ RunTime:0.000526s ]
[ 2018-06-20T00:01:01+08:00 ][ sql ] [ SQL ] UPDATE `user_product`  SET `yestoday` = 0.4208974 , `total` = 0.88218001 , `balance_day` = 3 , `last_time` = 1529424061  WHERE  `id` = 57797 [ RunTime:0.000524s ]
[ 2018-06-20T00:01:01+08:00 ][ sql ] [ SQL ] SELECT * FROM `user` WHERE  `id` = 32701 LIMIT 1 [ RunTime:0.000693s ]
[ 2018-06-20T00:01:01+08:00 ][ sql ] [ SQL ] UPDATE `user`  SET `magic` = 6627.10775674  WHERE  `id` = 32701 [ RunTime:0.000459s ]
[ 2018-06-20T00:01:01+08:00 ][ sql ] [ SQL ] INSERT INTO `user_magic_log` (`user_id` , `remark` , `magic` , `old` , `new` , `create_time` , `types`) VALUES (32701 , '魔盒[248760327012]收益3天' , 4.5007725 , 6622.60698424 , 6627.10775674 , 1529424061 , 5) [ RunTime:0.000564s ]
[ 2018-06-20T00:01:01+08:00 ][ sql ] [ SQL ] UPDATE `user_product`  SET `yestoday` = 4.5007725 , `total` = 6.55769318 , `balance_day` = 3 , `last_time` = 1529424061  WHERE  `id` = 57798 [ RunTime:0.000432s ]
[ 2018-06-20T00:01:01+08:00 ][ sql ] [ SQL ] SELECT * FROM `user` WHERE  `id` = 32701 LIMIT 1 [ RunTime:0.000619s ]
[ 2018-06-20T00:01:01+08:00 ][ sql ] [ SQL ] UPDATE `user`  SET `magic` = 6631.60807574  WHERE  `id` = 32701 [ RunTime:0.000413s ]
[ 2018-06-20T00:01:01+08:00 ][ sql ] [ SQL ] INSERT INTO `user_magic_log` (`user_id` , `remark` , `magic` , `old` , `new` , `create_time` , `types`) VALUES (32701 , '魔盒[248768327012]收益3天' , 4.500319 , 6627.10775674 , 6631.60807574 , 1529424061 , 5) [ RunTime:0.000416s ]
[ 2018-06-20T00:01:01+08:00 ][ sql ] [ SQL ] UPDATE `user_product`  SET `yestoday` = 4.500319 , `total` = 6.55702467 , `balance_day` = 3 , `last_time` = 1529424061  WHERE  `id` = 57799 [ RunTime:0.000356s ]
[ 2018-06-20T00:01:01+08:00 ][ sql ] [ SQL ] SELECT * FROM `user` WHERE  `id` = 32701 LIMIT 1 [ RunTime:0.000635s ]
[ 2018-06-20T00:01:01+08:00 ][ sql ] [ SQL ] UPDATE `user`  SET `magic` = 6930.01344844  WHERE  `id` = 32701 [ RunTime:0.000417s ]
[ 2018-06-20T00:01:01+08:00 ][ sql ] [ SQL ] INSERT INTO `user_magic_log` (`user_id` , `remark` , `magic` , `old` , `new` , `create_time` , `types`) VALUES (32701 , '魔盒[251402327014]收益2天' , 298.4053727 , 6631.60807574 , 6930.01344844 , 1529424061 , 5) [ RunTime:0.000410s ]
[ 2018-06-20T00:01:01+08:00 ][ sql ] [ SQL ] UPDATE `user_product`  SET `yestoday` = 298.4053727 , `total` = 449.71655058 , `balance_day` = 2 , `last_time` = 1529424061  WHERE  `id` = 57806 [ RunTime:0.000347s ]
[ 2018-06-20T00:01:01+08:00 ][ sql ] [ SQL ] SELECT * FROM `user` WHERE  `id` = 32705 LIMIT 1 [ RunTime:0.000748s ]
[ 2018-06-20T00:01:01+08:00 ][ sql ] [ SQL ] UPDATE `user`  SET `magic` = 7329.22833982  WHERE  `id` = 32705 [ RunTime:0.000415s ]
[ 2018-06-20T00:01:01+08:00 ][ sql ] [ SQL ] INSERT INTO `user_magic_log` (`user_id` , `remark` , `magic` , `old` , `new` , `create_time` , `types`) VALUES (32705 , '魔盒[377057327051]收益1天' , 0.22833982 , 7329 , 7329.22833982 , 1529424061 , 5) [ RunTime:0.000423s ]
[ 2018-06-20T00:01:01+08:00 ][ sql ] [ SQL ] UPDATE `user_product`  SET `yestoday` = 0.22833982 , `total` = 0.22833982 , `balance_day` = 1 , `last_time` = 1529424061  WHERE  `id` = 57810 [ RunTime:0.000437s ]
[ 2018-06-20T00:01:01+08:00 ][ sql ] [ SQL ] SELECT * FROM `user` WHERE  `id` = 32705 LIMIT 1 [ RunTime:0.000396s ]
[ 2018-06-20T00:01:01+08:00 ][ sql ] [ SQL ] UPDATE `user`  SET `magic` = 7329.41751163  WHERE  `id` = 32705 [ RunTime:0.000289s ]
[ 2018-06-20T00:01:01+08:00 ][ sql ] [ SQL ] INSERT INTO `user_magic_log` (`user_id` , `remark` , `magic` , `old` , `new` , `create_time` , `types`) VALUES (32705 , '魔盒[385172327051]收益1天' , 0.18917181 , 7329.22833982 , 7329.41751163 , 1529424061 , 5) [ RunTime:0.000298s ]
[ 2018-06-20T00:01:01+08:00 ][ sql ] [ SQL ] UPDATE `user_product`  SET `yestoday` = 0.18917181 , `total` = 0.18917181 , `balance_day` = 1 , `last_time` = 1529424061  WHERE  `id` = 57811 [ RunTime:0.000304s ]
[ 2018-06-20T01:01:01+08:00 ][ info ] [ LANG ] /www/wwwroot/www.wscorps.cn/thinkphp/lang/zh-cn.php
[ info ] [ LOG ] INIT File
[ 2018-06-20T01:01:01+08:00 ][ info ] [ DB ] INIT mysql
[ 2018-06-20T01:01:01+08:00 ][ sql ] [ DB ] CONNECT:[ UseTime:0.000746s ] mysql:host=127.0.0.1;port=3306;dbname=magic;charset=utf8
[ 2018-06-20T01:01:01+08:00 ][ sql ] [ SQL ] SHOW COLUMNS FROM `user` [ RunTime:0.001606s ]
[ 2018-06-20T01:01:01+08:00 ][ sql ] [ SQL ] SELECT `id`,`level` FROM `user` WHERE  `is_certification` = 1  AND `status` = 1 [ RunTime:0.000542s ]
[ 2018-06-20T01:01:01+08:00 ][ info ] [ CACHE ] INIT File
[ 2018-06-20T01:01:01+08:00 ][ sql ] [ SQL ] SELECT `id`,`pid` FROM `user` [ RunTime:0.000431s ]
[ 2018-06-20T01:01:01+08:00 ][ sql ] [ SQL ] SELECT `id`,`product_rate` FROM `user` WHERE  `id` IN (32705) [ RunTime:0.000286s ]
[ 2018-06-20T01:01:01+08:00 ][ sql ] [ SQL ] SELECT COUNT(*) AS tp_count FROM `user` WHERE  `pid` = 32701  AND `level` = 2 LIMIT 1 [ RunTime:0.000332s ]
[ 2018-06-20T01:01:01+08:00 ][ sql ] [ SQL ] SELECT `id`,`product_rate` FROM `user` WHERE  `id` IN ('') [ RunTime:0.000256s ]
[ 2018-06-20T01:01:01+08:00 ][ sql ] [ SQL ] SELECT COUNT(*) AS tp_count FROM `user` WHERE  `pid` = 32705 LIMIT 1 [ RunTime:0.000263s ]
[ 2018-06-20T02:00:01+08:00 ][ info ] [ LANG ] /www/wwwroot/www.wscorps.cn/thinkphp/lang/zh-cn.php
[ info ] [ LOG ] INIT File
[ 2018-06-20T02:00:01+08:00 ][ info ] [ DB ] INIT mysql
[ 2018-06-20T02:00:01+08:00 ][ sql ] [ DB ] CONNECT:[ UseTime:0.000656s ] mysql:host=127.0.0.1;port=3306;dbname=magic;charset=utf8
[ 2018-06-20T02:00:01+08:00 ][ sql ] [ SQL ] SHOW COLUMNS FROM `orders` [ RunTime:0.001024s ]
[ 2018-06-20T02:00:01+08:00 ][ sql ] [ SQL ] SELECT SUM(`charge_number`) AS tp_sum FROM `orders` WHERE  `status` = 4 LIMIT 1 [ RunTime:0.000501s ]
[ 2018-06-20T02:00:01+08:00 ][ info ] [ CACHE ] INIT File
[ 2018-06-20T02:00:01+08:00 ][ sql ] [ SQL ] SHOW COLUMNS FROM `user` [ RunTime:0.001926s ]
[ 2018-06-20T02:00:01+08:00 ][ sql ] [ SQL ] SELECT * FROM `user` WHERE  `level` > 1 [ RunTime:0.000835s ]
[ 2018-06-20T02:00:01+08:00 ][ sql ] [ SQL ] UPDATE `user`  SET `magic` = 6930.09141844  WHERE  `id` = 32701 [ RunTime:0.000454s ]
[ 2018-06-20T02:00:01+08:00 ][ sql ] [ SQL ] SHOW COLUMNS FROM `user_magic_log` [ RunTime:0.001064s ]
[ 2018-06-20T02:00:01+08:00 ][ sql ] [ SQL ] INSERT INTO `user_magic_log` (`user_id` , `remark` , `magic` , `old` , `new` , `create_time` , `types`) VALUES (32701 , '全网联盟分红' , 0.07797 , 6930.01344844 , 6930.09141844 , 1529431201 , 6) [ RunTime:0.000375s ]
[ 2018-06-20T02:01:01+08:00 ][ info ] [ LANG ] /www/wwwroot/www.wscorps.cn/thinkphp/lang/zh-cn.php
[ info ] [ LOG ] INIT File
[ 2018-06-20T02:01:01+08:00 ][ info ] [ DB ] INIT mysql
[ 2018-06-20T02:01:01+08:00 ][ sql ] [ DB ] CONNECT:[ UseTime:0.000705s ] mysql:host=127.0.0.1;port=3306;dbname=magic;charset=utf8
[ 2018-06-20T02:01:01+08:00 ][ sql ] [ SQL ] SHOW COLUMNS FROM `user` [ RunTime:0.001271s ]
[ 2018-06-20T02:01:01+08:00 ][ sql ] [ SQL ] SELECT `id`,`level` FROM `user` WHERE  `is_certification` = 1  AND `status` = 1 [ RunTime:0.000456s ]
[ 2018-06-20T02:01:01+08:00 ][ info ] [ CACHE ] INIT File
[ 2018-06-20T02:01:01+08:00 ][ sql ] [ SQL ] SELECT `id`,`pid` FROM `user` [ RunTime:0.000395s ]
[ 2018-06-20T02:01:01+08:00 ][ sql ] [ SQL ] SELECT `id`,`product_rate` FROM `user` WHERE  `id` IN (32705) [ RunTime:0.000341s ]
[ 2018-06-20T02:01:01+08:00 ][ sql ] [ SQL ] SELECT COUNT(*) AS tp_count FROM `user` WHERE  `pid` = 32701  AND `level` = 2 LIMIT 1 [ RunTime:0.000481s ]
[ 2018-06-20T02:01:01+08:00 ][ sql ] [ SQL ] SELECT `id`,`product_rate` FROM `user` WHERE  `id` IN ('') [ RunTime:0.000415s ]
[ 2018-06-20T02:01:01+08:00 ][ sql ] [ SQL ] SELECT COUNT(*) AS tp_count FROM `user` WHERE  `pid` = 32705 LIMIT 1 [ RunTime:0.000370s ]
[ 2018-06-20T03:01:01+08:00 ][ info ] [ LANG ] /www/wwwroot/www.wscorps.cn/thinkphp/lang/zh-cn.php
[ info ] [ LOG ] INIT File
[ 2018-06-20T03:01:01+08:00 ][ info ] [ DB ] INIT mysql
[ 2018-06-20T03:01:01+08:00 ][ sql ] [ DB ] CONNECT:[ UseTime:0.000581s ] mysql:host=127.0.0.1;port=3306;dbname=magic;charset=utf8
[ 2018-06-20T03:01:01+08:00 ][ sql ] [ SQL ] SHOW COLUMNS FROM `user` [ RunTime:0.001349s ]
[ 2018-06-20T03:01:01+08:00 ][ sql ] [ SQL ] SELECT `id`,`level` FROM `user` WHERE  `is_certification` = 1  AND `status` = 1 [ RunTime:0.000463s ]
[ 2018-06-20T03:01:01+08:00 ][ info ] [ CACHE ] INIT File
[ 2018-06-20T03:01:01+08:00 ][ sql ] [ SQL ] SELECT `id`,`pid` FROM `user` [ RunTime:0.000832s ]
[ 2018-06-20T03:01:01+08:00 ][ sql ] [ SQL ] SELECT `id`,`product_rate` FROM `user` WHERE  `id` IN (32705) [ RunTime:0.000348s ]
[ 2018-06-20T03:01:01+08:00 ][ sql ] [ SQL ] SELECT COUNT(*) AS tp_count FROM `user` WHERE  `pid` = 32701  AND `level` = 2 LIMIT 1 [ RunTime:0.000401s ]
[ 2018-06-20T03:01:01+08:00 ][ sql ] [ SQL ] SELECT `id`,`product_rate` FROM `user` WHERE  `id` IN ('') [ RunTime:0.000294s ]
[ 2018-06-20T03:01:01+08:00 ][ sql ] [ SQL ] SELECT COUNT(*) AS tp_count FROM `user` WHERE  `pid` = 32705 LIMIT 1 [ RunTime:0.000333s ]
[ 2018-06-20T04:01:02+08:00 ][ info ] [ LANG ] /www/wwwroot/www.wscorps.cn/thinkphp/lang/zh-cn.php
[ info ] [ LOG ] INIT File
[ 2018-06-20T04:01:02+08:00 ][ info ] [ DB ] INIT mysql
[ 2018-06-20T04:01:02+08:00 ][ sql ] [ DB ] CONNECT:[ UseTime:0.000579s ] mysql:host=127.0.0.1;port=3306;dbname=magic;charset=utf8
[ 2018-06-20T04:01:02+08:00 ][ sql ] [ SQL ] SHOW COLUMNS FROM `user` [ RunTime:0.001195s ]
[ 2018-06-20T04:01:02+08:00 ][ sql ] [ SQL ] SELECT `id`,`level` FROM `user` WHERE  `is_certification` = 1  AND `status` = 1 [ RunTime:0.000518s ]
[ 2018-06-20T04:01:02+08:00 ][ info ] [ CACHE ] INIT File
[ 2018-06-20T04:01:02+08:00 ][ sql ] [ SQL ] SELECT `id`,`pid` FROM `user` [ RunTime:0.000329s ]
[ 2018-06-20T04:01:02+08:00 ][ sql ] [ SQL ] SELECT `id`,`product_rate` FROM `user` WHERE  `id` IN (32705) [ RunTime:0.000365s ]
[ 2018-06-20T04:01:02+08:00 ][ sql ] [ SQL ] SELECT COUNT(*) AS tp_count FROM `user` WHERE  `pid` = 32701  AND `level` = 2 LIMIT 1 [ RunTime:0.000378s ]
[ 2018-06-20T04:01:02+08:00 ][ sql ] [ SQL ] SELECT `id`,`product_rate` FROM `user` WHERE  `id` IN ('') [ RunTime:0.000300s ]
[ 2018-06-20T04:01:02+08:00 ][ sql ] [ SQL ] SELECT COUNT(*) AS tp_count FROM `user` WHERE  `pid` = 32705 LIMIT 1 [ RunTime:0.000342s ]
[ 2018-06-20T05:01:01+08:00 ][ info ] [ LANG ] /www/wwwroot/www.wscorps.cn/thinkphp/lang/zh-cn.php
[ info ] [ LOG ] INIT File
[ 2018-06-20T05:01:01+08:00 ][ info ] [ DB ] INIT mysql
[ 2018-06-20T05:01:01+08:00 ][ sql ] [ DB ] CONNECT:[ UseTime:0.000683s ] mysql:host=127.0.0.1;port=3306;dbname=magic;charset=utf8
[ 2018-06-20T05:01:01+08:00 ][ sql ] [ SQL ] SHOW COLUMNS FROM `user` [ RunTime:0.002413s ]
[ 2018-06-20T05:01:01+08:00 ][ sql ] [ SQL ] SELECT `id`,`level` FROM `user` WHERE  `is_certification` = 1  AND `status` = 1 [ RunTime:0.000444s ]
[ 2018-06-20T05:01:01+08:00 ][ info ] [ CACHE ] INIT File
[ 2018-06-20T05:01:01+08:00 ][ sql ] [ SQL ] SELECT `id`,`pid` FROM `user` [ RunTime:0.000750s ]
[ 2018-06-20T05:01:01+08:00 ][ sql ] [ SQL ] SELECT `id`,`product_rate` FROM `user` WHERE  `id` IN (32705) [ RunTime:0.000372s ]
[ 2018-06-20T05:01:01+08:00 ][ sql ] [ SQL ] SELECT COUNT(*) AS tp_count FROM `user` WHERE  `pid` = 32701  AND `level` = 2 LIMIT 1 [ RunTime:0.000423s ]
[ 2018-06-20T05:01:01+08:00 ][ sql ] [ SQL ] SELECT `id`,`product_rate` FROM `user` WHERE  `id` IN ('') [ RunTime:0.000309s ]
[ 2018-06-20T05:01:01+08:00 ][ sql ] [ SQL ] SELECT COUNT(*) AS tp_count FROM `user` WHERE  `pid` = 32705 LIMIT 1 [ RunTime:0.000338s ]
[ 2018-06-20T06:01:01+08:00 ][ info ] [ LANG ] /www/wwwroot/www.wscorps.cn/thinkphp/lang/zh-cn.php
[ info ] [ LOG ] INIT File
[ 2018-06-20T06:01:01+08:00 ][ info ] [ DB ] INIT mysql
[ 2018-06-20T06:01:01+08:00 ][ sql ] [ DB ] CONNECT:[ UseTime:0.000674s ] mysql:host=127.0.0.1;port=3306;dbname=magic;charset=utf8
[ 2018-06-20T06:01:01+08:00 ][ sql ] [ SQL ] SHOW COLUMNS FROM `user` [ RunTime:0.001519s ]
[ 2018-06-20T06:01:01+08:00 ][ sql ] [ SQL ] SELECT `id`,`level` FROM `user` WHERE  `is_certification` = 1  AND `status` = 1 [ RunTime:0.000732s ]
[ 2018-06-20T06:01:01+08:00 ][ info ] [ CACHE ] INIT File
[ 2018-06-20T06:01:01+08:00 ][ sql ] [ SQL ] SELECT `id`,`pid` FROM `user` [ RunTime:0.000369s ]
[ 2018-06-20T06:01:01+08:00 ][ sql ] [ SQL ] SELECT `id`,`product_rate` FROM `user` WHERE  `id` IN (32705) [ RunTime:0.000299s ]
[ 2018-06-20T06:01:01+08:00 ][ sql ] [ SQL ] SELECT COUNT(*) AS tp_count FROM `user` WHERE  `pid` = 32701  AND `level` = 2 LIMIT 1 [ RunTime:0.000321s ]
[ 2018-06-20T06:01:01+08:00 ][ sql ] [ SQL ] SELECT `id`,`product_rate` FROM `user` WHERE  `id` IN ('') [ RunTime:0.000240s ]
[ 2018-06-20T06:01:01+08:00 ][ sql ] [ SQL ] SELECT COUNT(*) AS tp_count FROM `user` WHERE  `pid` = 32705 LIMIT 1 [ RunTime:0.000258s ]
[ 2018-06-20T07:01:01+08:00 ][ info ] [ LANG ] /www/wwwroot/www.wscorps.cn/thinkphp/lang/zh-cn.php
[ info ] [ LOG ] INIT File
[ 2018-06-20T07:01:01+08:00 ][ info ] [ DB ] INIT mysql
[ 2018-06-20T07:01:01+08:00 ][ sql ] [ DB ] CONNECT:[ UseTime:0.000539s ] mysql:host=127.0.0.1;port=3306;dbname=magic;charset=utf8
[ 2018-06-20T07:01:01+08:00 ][ sql ] [ SQL ] SHOW COLUMNS FROM `user` [ RunTime:0.001132s ]
[ 2018-06-20T07:01:01+08:00 ][ sql ] [ SQL ] SELECT `id`,`level` FROM `user` WHERE  `is_certification` = 1  AND `status` = 1 [ RunTime:0.000413s ]
[ 2018-06-20T07:01:01+08:00 ][ info ] [ CACHE ] INIT File
[ 2018-06-20T07:01:01+08:00 ][ sql ] [ SQL ] SELECT `id`,`pid` FROM `user` [ RunTime:0.000386s ]
[ 2018-06-20T07:01:01+08:00 ][ sql ] [ SQL ] SELECT `id`,`product_rate` FROM `user` WHERE  `id` IN (32705) [ RunTime:0.000299s ]
[ 2018-06-20T07:01:01+08:00 ][ sql ] [ SQL ] SELECT COUNT(*) AS tp_count FROM `user` WHERE  `pid` = 32701  AND `level` = 2 LIMIT 1 [ RunTime:0.000312s ]
[ 2018-06-20T07:01:01+08:00 ][ sql ] [ SQL ] SELECT `id`,`product_rate` FROM `user` WHERE  `id` IN ('') [ RunTime:0.000236s ]
[ 2018-06-20T07:01:01+08:00 ][ sql ] [ SQL ] SELECT COUNT(*) AS tp_count FROM `user` WHERE  `pid` = 32705 LIMIT 1 [ RunTime:0.000255s ]
[ 2018-06-20T08:01:01+08:00 ][ info ] [ LANG ] /www/wwwroot/www.wscorps.cn/thinkphp/lang/zh-cn.php
[ info ] [ LOG ] INIT File
[ 2018-06-20T08:01:01+08:00 ][ info ] [ DB ] INIT mysql
[ 2018-06-20T08:01:01+08:00 ][ sql ] [ DB ] CONNECT:[ UseTime:0.000750s ] mysql:host=127.0.0.1;port=3306;dbname=magic;charset=utf8
[ 2018-06-20T08:01:01+08:00 ][ sql ] [ SQL ] SHOW COLUMNS FROM `user` [ RunTime:0.001483s ]
[ 2018-06-20T08:01:01+08:00 ][ sql ] [ SQL ] SELECT `id`,`level` FROM `user` WHERE  `is_certification` = 1  AND `status` = 1 [ RunTime:0.000490s ]
[ 2018-06-20T08:01:01+08:00 ][ info ] [ CACHE ] INIT File
[ 2018-06-20T08:01:01+08:00 ][ sql ] [ SQL ] SELECT `id`,`pid` FROM `user` [ RunTime:0.001048s ]
[ 2018-06-20T08:01:01+08:00 ][ sql ] [ SQL ] SELECT `id`,`product_rate` FROM `user` WHERE  `id` IN (32705) [ RunTime:0.000451s ]
[ 2018-06-20T08:01:01+08:00 ][ sql ] [ SQL ] SELECT COUNT(*) AS tp_count FROM `user` WHERE  `pid` = 32701  AND `level` = 2 LIMIT 1 [ RunTime:0.000677s ]
[ 2018-06-20T08:01:01+08:00 ][ sql ] [ SQL ] SELECT `id`,`product_rate` FROM `user` WHERE  `id` IN ('') [ RunTime:0.000435s ]
[ 2018-06-20T08:01:01+08:00 ][ sql ] [ SQL ] SELECT COUNT(*) AS tp_count FROM `user` WHERE  `pid` = 32705 LIMIT 1 [ RunTime:0.000351s ]
[ 2018-06-20T09:01:01+08:00 ][ info ] [ LANG ] /www/wwwroot/www.wscorps.cn/thinkphp/lang/zh-cn.php
[ info ] [ LOG ] INIT File
[ 2018-06-20T09:01:01+08:00 ][ info ] [ DB ] INIT mysql
[ 2018-06-20T09:01:01+08:00 ][ sql ] [ DB ] CONNECT:[ UseTime:0.002277s ] mysql:host=127.0.0.1;port=3306;dbname=magic;charset=utf8
[ 2018-06-20T09:01:01+08:00 ][ sql ] [ SQL ] SHOW COLUMNS FROM `user` [ RunTime:0.001425s ]
[ 2018-06-20T09:01:01+08:00 ][ sql ] [ SQL ] SELECT `id`,`level` FROM `user` WHERE  `is_certification` = 1  AND `status` = 1 [ RunTime:0.000497s ]
[ 2018-06-20T09:01:01+08:00 ][ info ] [ CACHE ] INIT File
[ 2018-06-20T09:01:01+08:00 ][ sql ] [ SQL ] SELECT `id`,`pid` FROM `user` [ RunTime:0.000431s ]
[ 2018-06-20T09:01:01+08:00 ][ sql ] [ SQL ] SELECT `id`,`product_rate` FROM `user` WHERE  `id` IN (32705) [ RunTime:0.000401s ]
[ 2018-06-20T09:01:01+08:00 ][ sql ] [ SQL ] SELECT COUNT(*) AS tp_count FROM `user` WHERE  `pid` = 32701  AND `level` = 2 LIMIT 1 [ RunTime:0.000374s ]
[ 2018-06-20T09:01:01+08:00 ][ sql ] [ SQL ] SELECT `id`,`product_rate` FROM `user` WHERE  `id` IN ('') [ RunTime:0.000297s ]
[ 2018-06-20T09:01:01+08:00 ][ sql ] [ SQL ] SELECT COUNT(*) AS tp_count FROM `user` WHERE  `pid` = 32705 LIMIT 1 [ RunTime:0.000322s ]
[ 2018-06-20T10:01:01+08:00 ][ info ] [ LANG ] /www/wwwroot/www.wscorps.cn/thinkphp/lang/zh-cn.php
[ info ] [ LOG ] INIT File
[ 2018-06-20T10:01:01+08:00 ][ info ] [ DB ] INIT mysql
[ 2018-06-20T10:01:01+08:00 ][ sql ] [ DB ] CONNECT:[ UseTime:0.000815s ] mysql:host=127.0.0.1;port=3306;dbname=magic;charset=utf8
[ 2018-06-20T10:01:01+08:00 ][ sql ] [ SQL ] SHOW COLUMNS FROM `user` [ RunTime:0.001535s ]
[ 2018-06-20T10:01:01+08:00 ][ sql ] [ SQL ] SELECT `id`,`level` FROM `user` WHERE  `is_certification` = 1  AND `status` = 1 [ RunTime:0.000489s ]
[ 2018-06-20T10:01:01+08:00 ][ info ] [ CACHE ] INIT File
[ 2018-06-20T10:01:01+08:00 ][ sql ] [ SQL ] SELECT `id`,`pid` FROM `user` [ RunTime:0.002414s ]
[ 2018-06-20T10:01:01+08:00 ][ sql ] [ SQL ] SELECT `id`,`product_rate` FROM `user` WHERE  `id` IN (32705) [ RunTime:0.000519s ]
[ 2018-06-20T10:01:01+08:00 ][ sql ] [ SQL ] SELECT COUNT(*) AS tp_count FROM `user` WHERE  `pid` = 32701  AND `level` = 2 LIMIT 1 [ RunTime:0.000370s ]
[ 2018-06-20T10:01:01+08:00 ][ sql ] [ SQL ] SELECT `id`,`product_rate` FROM `user` WHERE  `id` IN ('') [ RunTime:0.000260s ]
[ 2018-06-20T10:01:01+08:00 ][ sql ] [ SQL ] SELECT COUNT(*) AS tp_count FROM `user` WHERE  `pid` = 32705 LIMIT 1 [ RunTime:0.000294s ]
[ 2018-06-20T11:01:01+08:00 ][ info ] [ LANG ] /www/wwwroot/www.wscorps.cn/thinkphp/lang/zh-cn.php
[ info ] [ LOG ] INIT File
[ 2018-06-20T11:01:01+08:00 ][ info ] [ DB ] INIT mysql
[ 2018-06-20T11:01:01+08:00 ][ sql ] [ DB ] CONNECT:[ UseTime:0.000628s ] mysql:host=127.0.0.1;port=3306;dbname=magic;charset=utf8
[ 2018-06-20T11:01:01+08:00 ][ sql ] [ SQL ] SHOW COLUMNS FROM `user` [ RunTime:0.001140s ]
[ 2018-06-20T11:01:01+08:00 ][ sql ] [ SQL ] SELECT `id`,`level` FROM `user` WHERE  `is_certification` = 1  AND `status` = 1 [ RunTime:0.000420s ]
[ 2018-06-20T11:01:01+08:00 ][ info ] [ CACHE ] INIT File
[ 2018-06-20T11:01:01+08:00 ][ sql ] [ SQL ] SELECT `id`,`pid` FROM `user` [ RunTime:0.000458s ]
[ 2018-06-20T11:01:01+08:00 ][ sql ] [ SQL ] SELECT `id`,`product_rate` FROM `user` WHERE  `id` IN (32705,32706) [ RunTime:0.000503s ]
[ 2018-06-20T11:01:01+08:00 ][ sql ] [ SQL ] SELECT COUNT(*) AS tp_count FROM `user` WHERE  `pid` = 32701  AND `level` = 2 LIMIT 1 [ RunTime:0.000330s ]
[ 2018-06-20T11:01:01+08:00 ][ sql ] [ SQL ] SELECT `id`,`product_rate` FROM `user` WHERE  `id` IN ('') [ RunTime:0.000477s ]
[ 2018-06-20T11:01:01+08:00 ][ sql ] [ SQL ] SELECT COUNT(*) AS tp_count FROM `user` WHERE  `pid` = 32705 LIMIT 1 [ RunTime:0.000283s ]
[ 2018-06-20T11:01:01+08:00 ][ sql ] [ SQL ] SELECT `id`,`product_rate` FROM `user` WHERE  `id` IN ('') [ RunTime:0.000301s ]
[ 2018-06-20T11:01:01+08:00 ][ sql ] [ SQL ] SELECT COUNT(*) AS tp_count FROM `user` WHERE  `pid` = 32706 LIMIT 1 [ RunTime:0.000369s ]
[ 2018-06-20T12:01:01+08:00 ][ info ] [ LANG ] /www/wwwroot/www.wscorps.cn/thinkphp/lang/zh-cn.php
[ info ] [ LOG ] INIT File
[ 2018-06-20T12:01:01+08:00 ][ info ] [ DB ] INIT mysql
[ 2018-06-20T12:01:01+08:00 ][ sql ] [ DB ] CONNECT:[ UseTime:0.000699s ] mysql:host=127.0.0.1;port=3306;dbname=magic;charset=utf8
[ 2018-06-20T12:01:01+08:00 ][ sql ] [ SQL ] SHOW COLUMNS FROM `user` [ RunTime:0.001433s ]
[ 2018-06-20T12:01:01+08:00 ][ sql ] [ SQL ] SELECT `id`,`level` FROM `user` WHERE  `is_certification` = 1  AND `status` = 1 [ RunTime:0.000437s ]
[ 2018-06-20T12:01:01+08:00 ][ info ] [ CACHE ] INIT File
[ 2018-06-20T12:01:01+08:00 ][ sql ] [ SQL ] SELECT `id`,`pid` FROM `user` [ RunTime:0.000778s ]
[ 2018-06-20T12:01:01+08:00 ][ sql ] [ SQL ] SELECT `id`,`product_rate` FROM `user` WHERE  `id` IN (32705,32706) [ RunTime:0.000442s ]
[ 2018-06-20T12:01:01+08:00 ][ sql ] [ SQL ] SELECT COUNT(*) AS tp_count FROM `user` WHERE  `pid` = 32701  AND `level` = 2 LIMIT 1 [ RunTime:0.000523s ]
[ 2018-06-20T12:01:01+08:00 ][ sql ] [ SQL ] SELECT `id`,`product_rate` FROM `user` WHERE  `id` IN ('') [ RunTime:0.000376s ]
[ 2018-06-20T12:01:01+08:00 ][ sql ] [ SQL ] SELECT COUNT(*) AS tp_count FROM `user` WHERE  `pid` = 32705 LIMIT 1 [ RunTime:0.000462s ]
[ 2018-06-20T12:01:01+08:00 ][ sql ] [ SQL ] SELECT `id`,`product_rate` FROM `user` WHERE  `id` IN ('') [ RunTime:0.000270s ]
[ 2018-06-20T12:01:01+08:00 ][ sql ] [ SQL ] SELECT COUNT(*) AS tp_count FROM `user` WHERE  `pid` = 32706 LIMIT 1 [ RunTime:0.000272s ]
[ 2018-06-20T13:01:01+08:00 ][ info ] [ LANG ] /www/wwwroot/www.wscorps.cn/thinkphp/lang/zh-cn.php
[ info ] [ LOG ] INIT File
[ 2018-06-20T13:01:01+08:00 ][ info ] [ DB ] INIT mysql
[ 2018-06-20T13:01:01+08:00 ][ sql ] [ DB ] CONNECT:[ UseTime:0.000630s ] mysql:host=127.0.0.1;port=3306;dbname=magic;charset=utf8
[ 2018-06-20T13:01:01+08:00 ][ sql ] [ SQL ] SHOW COLUMNS FROM `user` [ RunTime:0.001296s ]
[ 2018-06-20T13:01:01+08:00 ][ sql ] [ SQL ] SELECT `id`,`level` FROM `user` WHERE  `is_certification` = 1  AND `status` = 1 [ RunTime:0.000464s ]
[ 2018-06-20T13:01:01+08:00 ][ info ] [ CACHE ] INIT File
[ 2018-06-20T13:01:01+08:00 ][ sql ] [ SQL ] SELECT `id`,`pid` FROM `user` [ RunTime:0.000884s ]
[ 2018-06-20T13:01:01+08:00 ][ sql ] [ SQL ] SELECT `id`,`product_rate` FROM `user` WHERE  `id` IN (32705,32706) [ RunTime:0.000414s ]
[ 2018-06-20T13:01:01+08:00 ][ sql ] [ SQL ] SELECT COUNT(*) AS tp_count FROM `user` WHERE  `pid` = 32701  AND `level` = 2 LIMIT 1 [ RunTime:0.000379s ]
[ 2018-06-20T13:01:01+08:00 ][ sql ] [ SQL ] SELECT `id`,`product_rate` FROM `user` WHERE  `id` IN ('') [ RunTime:0.000318s ]
[ 2018-06-20T13:01:01+08:00 ][ sql ] [ SQL ] SELECT COUNT(*) AS tp_count FROM `user` WHERE  `pid` = 32705 LIMIT 1 [ RunTime:0.000273s ]
[ 2018-06-20T13:01:01+08:00 ][ sql ] [ SQL ] SELECT `id`,`product_rate` FROM `user` WHERE  `id` IN ('') [ RunTime:0.000252s ]
[ 2018-06-20T13:01:01+08:00 ][ sql ] [ SQL ] SELECT COUNT(*) AS tp_count FROM `user` WHERE  `pid` = 32706 LIMIT 1 [ RunTime:0.000263s ]
[ 2018-06-20T14:01:01+08:00 ][ info ] [ LANG ] /www/wwwroot/www.wscorps.cn/thinkphp/lang/zh-cn.php
[ info ] [ LOG ] INIT File
[ 2018-06-20T14:01:01+08:00 ][ info ] [ DB ] INIT mysql
[ 2018-06-20T14:01:01+08:00 ][ sql ] [ DB ] CONNECT:[ UseTime:0.000582s ] mysql:host=127.0.0.1;port=3306;dbname=magic;charset=utf8
[ 2018-06-20T14:01:01+08:00 ][ sql ] [ SQL ] SHOW COLUMNS FROM `user` [ RunTime:0.001169s ]
[ 2018-06-20T14:01:01+08:00 ][ sql ] [ SQL ] SELECT `id`,`level` FROM `user` WHERE  `is_certification` = 1  AND `status` = 1 [ RunTime:0.000453s ]
[ 2018-06-20T14:01:01+08:00 ][ info ] [ CACHE ] INIT File
[ 2018-06-20T14:01:01+08:00 ][ sql ] [ SQL ] SELECT `id`,`pid` FROM `user` [ RunTime:0.000421s ]
[ 2018-06-20T14:01:01+08:00 ][ sql ] [ SQL ] SELECT `id`,`product_rate` FROM `user` WHERE  `id` IN (32705,32706) [ RunTime:0.000380s ]
[ 2018-06-20T14:01:01+08:00 ][ sql ] [ SQL ] SELECT COUNT(*) AS tp_count FROM `user` WHERE  `pid` = 32701  AND `level` = 2 LIMIT 1 [ RunTime:0.000322s ]
[ 2018-06-20T14:01:01+08:00 ][ sql ] [ SQL ] SELECT `id`,`product_rate` FROM `user` WHERE  `id` IN ('') [ RunTime:0.000302s ]
[ 2018-06-20T14:01:01+08:00 ][ sql ] [ SQL ] SELECT COUNT(*) AS tp_count FROM `user` WHERE  `pid` = 32705 LIMIT 1 [ RunTime:0.000340s ]
[ 2018-06-20T14:01:01+08:00 ][ sql ] [ SQL ] SELECT `id`,`product_rate` FROM `user` WHERE  `id` IN ('') [ RunTime:0.000401s ]
[ 2018-06-20T14:01:01+08:00 ][ sql ] [ SQL ] SELECT COUNT(*) AS tp_count FROM `user` WHERE  `pid` = 32706 LIMIT 1 [ RunTime:0.000594s ]
[ 2018-06-20T15:01:01+08:00 ][ info ] [ LANG ] /www/wwwroot/www.wscorps.cn/thinkphp/lang/zh-cn.php
[ info ] [ LOG ] INIT File
[ 2018-06-20T15:01:01+08:00 ][ info ] [ DB ] INIT mysql
[ 2018-06-20T15:01:01+08:00 ][ sql ] [ DB ] CONNECT:[ UseTime:0.000839s ] mysql:host=127.0.0.1;port=3306;dbname=magic;charset=utf8
[ 2018-06-20T15:01:01+08:00 ][ sql ] [ SQL ] SHOW COLUMNS FROM `user` [ RunTime:0.001807s ]
[ 2018-06-20T15:01:01+08:00 ][ sql ] [ SQL ] SELECT `id`,`level` FROM `user` WHERE  `is_certification` = 1  AND `status` = 1 [ RunTime:0.000565s ]
[ 2018-06-20T15:01:01+08:00 ][ info ] [ CACHE ] INIT File
[ 2018-06-20T15:01:01+08:00 ][ sql ] [ SQL ] SELECT `id`,`pid` FROM `user` [ RunTime:0.000615s ]
[ 2018-06-20T15:01:01+08:00 ][ sql ] [ SQL ] SELECT `id`,`product_rate` FROM `user` WHERE  `id` IN (32705,32706) [ RunTime:0.000377s ]
[ 2018-06-20T15:01:01+08:00 ][ sql ] [ SQL ] SELECT COUNT(*) AS tp_count FROM `user` WHERE  `pid` = 32701  AND `level` = 2 LIMIT 1 [ RunTime:0.000409s ]
[ 2018-06-20T15:01:01+08:00 ][ sql ] [ SQL ] SELECT `id`,`product_rate` FROM `user` WHERE  `id` IN ('') [ RunTime:0.000254s ]
[ 2018-06-20T15:01:01+08:00 ][ sql ] [ SQL ] SELECT COUNT(*) AS tp_count FROM `user` WHERE  `pid` = 32705 LIMIT 1 [ RunTime:0.000262s ]
[ 2018-06-20T15:01:01+08:00 ][ sql ] [ SQL ] SELECT `id`,`product_rate` FROM `user` WHERE  `id` IN ('') [ RunTime:0.000239s ]
[ 2018-06-20T15:01:01+08:00 ][ sql ] [ SQL ] SELECT COUNT(*) AS tp_count FROM `user` WHERE  `pid` = 32706 LIMIT 1 [ RunTime:0.000251s ]
[ 2018-06-20T16:01:01+08:00 ][ info ] [ LANG ] /www/wwwroot/www.wscorps.cn/thinkphp/lang/zh-cn.php
[ info ] [ LOG ] INIT File
[ 2018-06-20T16:01:01+08:00 ][ info ] [ DB ] INIT mysql
[ 2018-06-20T16:01:01+08:00 ][ sql ] [ DB ] CONNECT:[ UseTime:0.000715s ] mysql:host=127.0.0.1;port=3306;dbname=magic;charset=utf8
[ 2018-06-20T16:01:01+08:00 ][ sql ] [ SQL ] SHOW COLUMNS FROM `user` [ RunTime:0.001837s ]
[ 2018-06-20T16:01:01+08:00 ][ sql ] [ SQL ] SELECT `id`,`level` FROM `user` WHERE  `is_certification` = 1  AND `status` = 1 [ RunTime:0.000502s ]
[ 2018-06-20T16:01:01+08:00 ][ info ] [ CACHE ] INIT File
[ 2018-06-20T16:01:01+08:00 ][ sql ] [ SQL ] SELECT `id`,`pid` FROM `user` [ RunTime:0.000608s ]
[ 2018-06-20T16:01:01+08:00 ][ sql ] [ SQL ] SELECT `id`,`product_rate` FROM `user` WHERE  `id` IN (32705,32706) [ RunTime:0.000445s ]
[ 2018-06-20T16:01:01+08:00 ][ sql ] [ SQL ] SELECT COUNT(*) AS tp_count FROM `user` WHERE  `pid` = 32701  AND `level` = 2 LIMIT 1 [ RunTime:0.000417s ]
[ 2018-06-20T16:01:01+08:00 ][ sql ] [ SQL ] SELECT `id`,`product_rate` FROM `user` WHERE  `id` IN ('') [ RunTime:0.000289s ]
[ 2018-06-20T16:01:01+08:00 ][ sql ] [ SQL ] SELECT COUNT(*) AS tp_count FROM `user` WHERE  `pid` = 32705 LIMIT 1 [ RunTime:0.000331s ]
[ 2018-06-20T16:01:01+08:00 ][ sql ] [ SQL ] SELECT `id`,`product_rate` FROM `user` WHERE  `id` IN ('') [ RunTime:0.000306s ]
[ 2018-06-20T16:01:01+08:00 ][ sql ] [ SQL ] SELECT COUNT(*) AS tp_count FROM `user` WHERE  `pid` = 32706 LIMIT 1 [ RunTime:0.000317s ]
[ 2018-06-20T17:01:01+08:00 ][ info ] [ LANG ] /www/wwwroot/www.wscorps.cn/thinkphp/lang/zh-cn.php
[ info ] [ LOG ] INIT File
[ 2018-06-20T17:01:01+08:00 ][ info ] [ DB ] INIT mysql
[ 2018-06-20T17:01:01+08:00 ][ sql ] [ DB ] CONNECT:[ UseTime:0.000682s ] mysql:host=127.0.0.1;port=3306;dbname=magic;charset=utf8
[ 2018-06-20T17:01:01+08:00 ][ sql ] [ SQL ] SHOW COLUMNS FROM `user` [ RunTime:0.001501s ]
[ 2018-06-20T17:01:01+08:00 ][ sql ] [ SQL ] SELECT `id`,`level` FROM `user` WHERE  `is_certification` = 1  AND `status` = 1 [ RunTime:0.000456s ]
[ 2018-06-20T17:01:01+08:00 ][ info ] [ CACHE ] INIT File
[ 2018-06-20T17:01:01+08:00 ][ sql ] [ SQL ] SELECT `id`,`pid` FROM `user` [ RunTime:0.000617s ]
[ 2018-06-20T17:01:01+08:00 ][ sql ] [ SQL ] SELECT `id`,`product_rate` FROM `user` WHERE  `id` IN (32705,32706) [ RunTime:0.000442s ]
[ 2018-06-20T17:01:01+08:00 ][ sql ] [ SQL ] SELECT COUNT(*) AS tp_count FROM `user` WHERE  `pid` = 32701  AND `level` = 2 LIMIT 1 [ RunTime:0.000382s ]
[ 2018-06-20T17:01:01+08:00 ][ sql ] [ SQL ] SELECT `id`,`product_rate` FROM `user` WHERE  `id` IN ('') [ RunTime:0.000325s ]
[ 2018-06-20T17:01:01+08:00 ][ sql ] [ SQL ] SELECT COUNT(*) AS tp_count FROM `user` WHERE  `pid` = 32705 LIMIT 1 [ RunTime:0.000326s ]
[ 2018-06-20T17:01:01+08:00 ][ sql ] [ SQL ] SELECT `id`,`product_rate` FROM `user` WHERE  `id` IN ('') [ RunTime:0.002636s ]
[ 2018-06-20T17:01:01+08:00 ][ sql ] [ SQL ] SELECT COUNT(*) AS tp_count FROM `user` WHERE  `pid` = 32706 LIMIT 1 [ RunTime:0.000464s ]
[ 2018-06-20T18:01:01+08:00 ][ info ] [ LANG ] /www/wwwroot/www.wscorps.cn/thinkphp/lang/zh-cn.php
[ info ] [ LOG ] INIT File
[ 2018-06-20T18:01:01+08:00 ][ info ] [ DB ] INIT mysql
[ 2018-06-20T18:01:01+08:00 ][ sql ] [ DB ] CONNECT:[ UseTime:0.000991s ] mysql:host=127.0.0.1;port=3306;dbname=magic;charset=utf8
[ 2018-06-20T18:01:01+08:00 ][ sql ] [ SQL ] SHOW COLUMNS FROM `user` [ RunTime:0.001665s ]
[ 2018-06-20T18:01:01+08:00 ][ sql ] [ SQL ] SELECT `id`,`level` FROM `user` WHERE  `is_certification` = 1  AND `status` = 1 [ RunTime:0.000642s ]
[ 2018-06-20T18:01:01+08:00 ][ info ] [ CACHE ] INIT File
[ 2018-06-20T18:01:01+08:00 ][ sql ] [ SQL ] SELECT `id`,`pid` FROM `user` [ RunTime:0.000650s ]
[ 2018-06-20T18:01:01+08:00 ][ sql ] [ SQL ] SELECT `id`,`product_rate` FROM `user` WHERE  `id` IN (32705,32706) [ RunTime:0.000352s ]
[ 2018-06-20T18:01:01+08:00 ][ sql ] [ SQL ] SELECT COUNT(*) AS tp_count FROM `user` WHERE  `pid` = 32701  AND `level` = 2 LIMIT 1 [ RunTime:0.000320s ]
[ 2018-06-20T18:01:01+08:00 ][ sql ] [ SQL ] SELECT `id`,`product_rate` FROM `user` WHERE  `id` IN ('') [ RunTime:0.000239s ]
[ 2018-06-20T18:01:01+08:00 ][ sql ] [ SQL ] SELECT COUNT(*) AS tp_count FROM `user` WHERE  `pid` = 32705 LIMIT 1 [ RunTime:0.000255s ]
[ 2018-06-20T18:01:01+08:00 ][ sql ] [ SQL ] SELECT `id`,`product_rate` FROM `user` WHERE  `id` IN ('') [ RunTime:0.000227s ]
[ 2018-06-20T18:01:01+08:00 ][ sql ] [ SQL ] SELECT COUNT(*) AS tp_count FROM `user` WHERE  `pid` = 32706 LIMIT 1 [ RunTime:0.000251s ]
[ 2018-06-20T19:01:01+08:00 ][ info ] [ LANG ] /www/wwwroot/www.wscorps.cn/thinkphp/lang/zh-cn.php
[ info ] [ LOG ] INIT File
[ 2018-06-20T19:01:01+08:00 ][ info ] [ DB ] INIT mysql
[ 2018-06-20T19:01:01+08:00 ][ sql ] [ DB ] CONNECT:[ UseTime:0.000653s ] mysql:host=127.0.0.1;port=3306;dbname=magic;charset=utf8
[ 2018-06-20T19:01:01+08:00 ][ sql ] [ SQL ] SHOW COLUMNS FROM `user` [ RunTime:0.001471s ]
[ 2018-06-20T19:01:01+08:00 ][ sql ] [ SQL ] SELECT `id`,`level` FROM `user` WHERE  `is_certification` = 1  AND `status` = 1 [ RunTime:0.000514s ]
[ 2018-06-20T19:01:01+08:00 ][ info ] [ CACHE ] INIT File
[ 2018-06-20T19:01:01+08:00 ][ sql ] [ SQL ] SELECT `id`,`pid` FROM `user` [ RunTime:0.000762s ]
[ 2018-06-20T19:01:01+08:00 ][ sql ] [ SQL ] SELECT `id`,`product_rate` FROM `user` WHERE  `id` IN (32705,32706) [ RunTime:0.000456s ]
[ 2018-06-20T19:01:01+08:00 ][ sql ] [ SQL ] SELECT COUNT(*) AS tp_count FROM `user` WHERE  `pid` = 32701  AND `level` = 2 LIMIT 1 [ RunTime:0.000430s ]
[ 2018-06-20T19:01:01+08:00 ][ sql ] [ SQL ] SELECT `id`,`product_rate` FROM `user` WHERE  `id` IN ('') [ RunTime:0.000330s ]
[ 2018-06-20T19:01:01+08:00 ][ sql ] [ SQL ] SELECT COUNT(*) AS tp_count FROM `user` WHERE  `pid` = 32705 LIMIT 1 [ RunTime:0.000341s ]
[ 2018-06-20T19:01:01+08:00 ][ sql ] [ SQL ] SELECT `id`,`product_rate` FROM `user` WHERE  `id` IN ('') [ RunTime:0.000297s ]
[ 2018-06-20T19:01:01+08:00 ][ sql ] [ SQL ] SELECT COUNT(*) AS tp_count FROM `user` WHERE  `pid` = 32706 LIMIT 1 [ RunTime:0.000328s ]
[ 2018-06-20T20:01:01+08:00 ][ info ] [ LANG ] /www/wwwroot/www.wscorps.cn/thinkphp/lang/zh-cn.php
[ info ] [ LOG ] INIT File
[ 2018-06-20T20:01:01+08:00 ][ info ] [ DB ] INIT mysql
[ 2018-06-20T20:01:01+08:00 ][ sql ] [ DB ] CONNECT:[ UseTime:0.000609s ] mysql:host=127.0.0.1;port=3306;dbname=magic;charset=utf8
[ 2018-06-20T20:01:01+08:00 ][ sql ] [ SQL ] SHOW COLUMNS FROM `user` [ RunTime:0.001500s ]
[ 2018-06-20T20:01:01+08:00 ][ sql ] [ SQL ] SELECT `id`,`level` FROM `user` WHERE  `is_certification` = 1  AND `status` = 1 [ RunTime:0.000463s ]
[ 2018-06-20T20:01:01+08:00 ][ info ] [ CACHE ] INIT File
[ 2018-06-20T20:01:01+08:00 ][ sql ] [ SQL ] SELECT `id`,`pid` FROM `user` [ RunTime:0.000605s ]
[ 2018-06-20T20:01:01+08:00 ][ sql ] [ SQL ] SELECT `id`,`product_rate` FROM `user` WHERE  `id` IN (32705,32706) [ RunTime:0.000408s ]
[ 2018-06-20T20:01:01+08:00 ][ sql ] [ SQL ] SELECT COUNT(*) AS tp_count FROM `user` WHERE  `pid` = 32701  AND `level` = 2 LIMIT 1 [ RunTime:0.000411s ]
[ 2018-06-20T20:01:01+08:00 ][ sql ] [ SQL ] SELECT `id`,`product_rate` FROM `user` WHERE  `id` IN ('') [ RunTime:0.000293s ]
[ 2018-06-20T20:01:01+08:00 ][ sql ] [ SQL ] SELECT COUNT(*) AS tp_count FROM `user` WHERE  `pid` = 32705 LIMIT 1 [ RunTime:0.000281s ]
[ 2018-06-20T20:01:01+08:00 ][ sql ] [ SQL ] SELECT `id`,`product_rate` FROM `user` WHERE  `id` IN ('') [ RunTime:0.000281s ]
[ 2018-06-20T20:01:01+08:00 ][ sql ] [ SQL ] SELECT COUNT(*) AS tp_count FROM `user` WHERE  `pid` = 32706 LIMIT 1 [ RunTime:0.000292s ]
[ 2018-06-20T21:01:01+08:00 ][ info ] [ LANG ] /www/wwwroot/www.wscorps.cn/thinkphp/lang/zh-cn.php
[ info ] [ LOG ] INIT File
[ 2018-06-20T21:01:01+08:00 ][ info ] [ DB ] INIT mysql
[ 2018-06-20T21:01:01+08:00 ][ sql ] [ DB ] CONNECT:[ UseTime:0.000616s ] mysql:host=127.0.0.1;port=3306;dbname=magic;charset=utf8
[ 2018-06-20T21:01:01+08:00 ][ sql ] [ SQL ] SHOW COLUMNS FROM `user` [ RunTime:0.002623s ]
[ 2018-06-20T21:01:01+08:00 ][ sql ] [ SQL ] SELECT `id`,`level` FROM `user` WHERE  `is_certification` = 1  AND `status` = 1 [ RunTime:0.000523s ]
[ 2018-06-20T21:01:01+08:00 ][ info ] [ CACHE ] INIT File
[ 2018-06-20T21:01:01+08:00 ][ sql ] [ SQL ] SELECT `id`,`pid` FROM `user` [ RunTime:0.000477s ]
[ 2018-06-20T21:01:01+08:00 ][ sql ] [ SQL ] SELECT `id`,`product_rate` FROM `user` WHERE  `id` IN (32705,32706) [ RunTime:0.000427s ]
[ 2018-06-20T21:01:01+08:00 ][ sql ] [ SQL ] SELECT COUNT(*) AS tp_count FROM `user` WHERE  `pid` = 32701  AND `level` = 2 LIMIT 1 [ RunTime:0.000428s ]
[ 2018-06-20T21:01:01+08:00 ][ sql ] [ SQL ] SELECT `id`,`product_rate` FROM `user` WHERE  `id` IN ('') [ RunTime:0.000335s ]
[ 2018-06-20T21:01:01+08:00 ][ sql ] [ SQL ] SELECT COUNT(*) AS tp_count FROM `user` WHERE  `pid` = 32705 LIMIT 1 [ RunTime:0.000373s ]
[ 2018-06-20T21:01:01+08:00 ][ sql ] [ SQL ] SELECT `id`,`product_rate` FROM `user` WHERE  `id` IN ('') [ RunTime:0.000312s ]
[ 2018-06-20T21:01:01+08:00 ][ sql ] [ SQL ] SELECT COUNT(*) AS tp_count FROM `user` WHERE  `pid` = 32706 LIMIT 1 [ RunTime:0.000341s ]
[ 2018-06-20T22:01:02+08:00 ][ info ] [ LANG ] /www/wwwroot/www.wscorps.cn/thinkphp/lang/zh-cn.php
[ info ] [ LOG ] INIT File
[ 2018-06-20T22:01:02+08:00 ][ info ] [ DB ] INIT mysql
[ 2018-06-20T22:01:02+08:00 ][ sql ] [ DB ] CONNECT:[ UseTime:0.012437s ] mysql:host=127.0.0.1;port=3306;dbname=magic;charset=utf8
[ 2018-06-20T22:01:02+08:00 ][ sql ] [ SQL ] SHOW COLUMNS FROM `user` [ RunTime:0.001224s ]
[ 2018-06-20T22:01:02+08:00 ][ sql ] [ SQL ] SELECT `id`,`level` FROM `user` WHERE  `is_certification` = 1  AND `status` = 1 [ RunTime:0.000520s ]
[ 2018-06-20T22:01:02+08:00 ][ info ] [ CACHE ] INIT File
[ 2018-06-20T22:01:02+08:00 ][ sql ] [ SQL ] SELECT `id`,`pid` FROM `user` [ RunTime:0.000545s ]
[ 2018-06-20T22:01:02+08:00 ][ sql ] [ SQL ] SELECT `id`,`product_rate` FROM `user` WHERE  `id` IN (32705,32706) [ RunTime:0.000369s ]
[ 2018-06-20T22:01:02+08:00 ][ sql ] [ SQL ] SELECT COUNT(*) AS tp_count FROM `user` WHERE  `pid` = 32701  AND `level` = 2 LIMIT 1 [ RunTime:0.000341s ]
[ 2018-06-20T22:01:02+08:00 ][ sql ] [ SQL ] SELECT `id`,`product_rate` FROM `user` WHERE  `id` IN ('') [ RunTime:0.000235s ]
[ 2018-06-20T22:01:02+08:00 ][ sql ] [ SQL ] SELECT COUNT(*) AS tp_count FROM `user` WHERE  `pid` = 32705 LIMIT 1 [ RunTime:0.000263s ]
[ 2018-06-20T22:01:02+08:00 ][ sql ] [ SQL ] SELECT `id`,`product_rate` FROM `user` WHERE  `id` IN ('') [ RunTime:0.000237s ]
[ 2018-06-20T22:01:02+08:00 ][ sql ] [ SQL ] SELECT COUNT(*) AS tp_count FROM `user` WHERE  `pid` = 32706 LIMIT 1 [ RunTime:0.000256s ]
[ 2018-06-20T23:01:01+08:00 ][ info ] [ LANG ] /www/wwwroot/www.wscorps.cn/thinkphp/lang/zh-cn.php
[ info ] [ LOG ] INIT File
[ 2018-06-20T23:01:01+08:00 ][ info ] [ DB ] INIT mysql
[ 2018-06-20T23:01:01+08:00 ][ sql ] [ DB ] CONNECT:[ UseTime:0.000615s ] mysql:host=127.0.0.1;port=3306;dbname=magic;charset=utf8
[ 2018-06-20T23:01:01+08:00 ][ sql ] [ SQL ] SHOW COLUMNS FROM `user` [ RunTime:0.001338s ]
[ 2018-06-20T23:01:01+08:00 ][ sql ] [ SQL ] SELECT `id`,`level` FROM `user` WHERE  `is_certification` = 1  AND `status` = 1 [ RunTime:0.000447s ]
[ 2018-06-20T23:01:01+08:00 ][ info ] [ CACHE ] INIT File
[ 2018-06-20T23:01:01+08:00 ][ sql ] [ SQL ] SELECT `id`,`pid` FROM `user` [ RunTime:0.000354s ]
[ 2018-06-20T23:01:01+08:00 ][ sql ] [ SQL ] SELECT `id`,`product_rate` FROM `user` WHERE  `id` IN (32705,32706) [ RunTime:0.000352s ]
[ 2018-06-20T23:01:01+08:00 ][ sql ] [ SQL ] SELECT COUNT(*) AS tp_count FROM `user` WHERE  `pid` = 32701  AND `level` = 2 LIMIT 1 [ RunTime:0.002763s ]
[ 2018-06-20T23:01:01+08:00 ][ sql ] [ SQL ] SELECT `id`,`product_rate` FROM `user` WHERE  `id` IN ('') [ RunTime:0.000296s ]
[ 2018-06-20T23:01:01+08:00 ][ sql ] [ SQL ] SELECT COUNT(*) AS tp_count FROM `user` WHERE  `pid` = 32705 LIMIT 1 [ RunTime:0.000272s ]
[ 2018-06-20T23:01:01+08:00 ][ sql ] [ SQL ] SELECT `id`,`product_rate` FROM `user` WHERE  `id` IN ('') [ RunTime:0.000245s ]
[ 2018-06-20T23:01:01+08:00 ][ sql ] [ SQL ] SELECT COUNT(*) AS tp_count FROM `user` WHERE  `pid` = 32706 LIMIT 1 [ RunTime:0.000254s ]
