---------------------------------------------------------------
[ 2019-12-11T00:32:45+08:00 ] 113.66.255.73 GET /
[ info ] 103.122.92.168:9898/ [运行时间：0.050611s][吞吐率：19.76req/s] [内存消耗：1,403.41kb] [文件加载：74]
[ info ] [ LANG ] /www/wwwroot/mojing/thinkphp/lang/zh-cn.php
[ info ] [ ROUTE ] array (
)
[ info ] [ HEADER ] array (
  'connection' => 'Keep-Alive',
  'host' => '103.122.92.168:9898',
  'user-agent' => 'Mozilla/5.0 (Windows NT 6.1; WOW64; Trident/7.0; rv:11.0) like Gecko Core/1.70.3741.400 QQBrowser/10.5.3863.400',
  'accept-language' => 'zh-CN',
  'accept-encoding' => 'gzip, deflate',
  'accept' => 'text/html, application/xhtml+xml, */*',
  'content-type' => '',
  'content-length' => '',
)
[ info ] [ PARAM ] array (
)
[ info ] [ CACHE ] INIT File
[ info ] [ SESSION ] INIT array (
  'id' => '',
  'var_session_id' => '',
  'prefix' => 'think',
  'type' => '',
  'auto_start' => true,
  'httponly' => true,
  'secure' => false,
)
[ info ] [ LOG ] INIT File
---------------------------------------------------------------
[ 2019-12-11T00:32:45+08:00 ] 113.66.255.73 GET /index/publics/index.html
[ info ] 103.122.92.168:9898/index/publics/index.html [运行时间：0.026966s][吞吐率：37.08req/s] [内存消耗：1,404.71kb] [文件加载：71]
[ info ] [ LANG ] /www/wwwroot/mojing/thinkphp/lang/zh-cn.php
[ info ] [ ROUTE ] array (
)
[ info ] [ HEADER ] array (
  'user-agent' => 'Mozilla/5.0 (Windows NT 6.1; WOW64; Trident/7.0; rv:11.0) like Gecko Core/1.70.3741.400 QQBrowser/10.5.3863.400',
  'connection' => 'Keep-Alive',
  'host' => '103.122.92.168:9898',
  'cookie' => 'PHPSESSID=p76pb5etffodbhkns9fhkserbr',
  'accept-language' => 'zh-CN',
  'accept-encoding' => 'gzip, deflate',
  'accept' => 'text/html, application/xhtml+xml, */*',
  'content-type' => '',
  'content-length' => '',
)
[ info ] [ PARAM ] array (
)
[ info ] [ CACHE ] INIT File
[ info ] [ VIEW ] /www/wwwroot/mojing/application/index/view/publics/login.html [ array (
) ]
[ info ] [ LOG ] INIT File
---------------------------------------------------------------
[ 2019-12-11T00:33:18+08:00 ] 113.66.255.73 GET /index/publics/index.html
[ info ] 103.122.92.168:9898/index/publics/index.html [运行时间：0.032288s][吞吐率：30.97req/s] [内存消耗：1,405.87kb] [文件加载：71]
[ info ] [ LANG ] /www/wwwroot/mojing/thinkphp/lang/zh-cn.php
[ info ] [ ROUTE ] array (
)
[ info ] [ HEADER ] array (
  'cookie' => 'PHPSESSID=p76pb5etffodbhkns9fhkserbr',
  'cache-control' => 'no-cache',
  'connection' => 'Keep-Alive',
  'host' => '103.122.92.168:9898',
  'user-agent' => 'Mozilla/5.0 (Windows NT 6.1; WOW64; Trident/7.0; rv:11.0) like Gecko Core/1.70.3741.400 QQBrowser/10.5.3863.400',
  'accept-language' => 'zh-CN',
  'accept-encoding' => 'gzip, deflate',
  'accept' => 'text/html, application/xhtml+xml, */*',
  'content-type' => '',
  'content-length' => '',
)
[ info ] [ PARAM ] array (
)
[ info ] [ CACHE ] INIT File
[ info ] [ VIEW ] /www/wwwroot/mojing/application/index/view/publics/login.html [ array (
) ]
[ info ] [ LOG ] INIT File
---------------------------------------------------------------
[ 2019-12-11T00:34:05+08:00 ] 101.91.60.104 GET /index/publics/index.html
[ info ] 103.122.92.168:9898/index/publics/index.html [运行时间：0.036098s][吞吐率：27.70req/s] [内存消耗：1,404.31kb] [文件加载：71]
[ info ] [ LANG ] /www/wwwroot/mojing/thinkphp/lang/zh-cn.php
[ info ] [ ROUTE ] array (
)
[ info ] [ HEADER ] array (
  'connection' => 'keep-alive',
  'host' => '103.122.92.168:9898',
  'accept-language' => 'zh-CN,zh;q=0.8,en-US;q=0.6,en;q=0.4',
  'accept' => '*/*',
  'user-agent' => 'Mozilla/5.0 (Macintosh; Intel Mac OS X 10_12_4) AppleWebKit/537.36 (KHTML, like Gecko) 			Chrome/55.0.2883.95 Safari/537.36',
  'content-type' => '',
  'content-length' => '',
)
[ info ] [ PARAM ] array (
)
[ info ] [ CACHE ] INIT File
[ info ] [ VIEW ] /www/wwwroot/mojing/application/index/view/publics/login.html [ array (
) ]
[ info ] [ LOG ] INIT File
---------------------------------------------------------------
[ 2019-12-11T00:34:46+08:00 ] 113.66.255.73 GET /index/publics/index.html
[ info ] 103.122.92.168:9898/index/publics/index.html [运行时间：0.034643s][吞吐率：28.87req/s] [内存消耗：1,405.87kb] [文件加载：71]
[ info ] [ LANG ] /www/wwwroot/mojing/thinkphp/lang/zh-cn.php
[ info ] [ ROUTE ] array (
)
[ info ] [ HEADER ] array (
  'cookie' => 'PHPSESSID=p76pb5etffodbhkns9fhkserbr',
  'cache-control' => 'no-cache',
  'connection' => 'Keep-Alive',
  'host' => '103.122.92.168:9898',
  'user-agent' => 'Mozilla/5.0 (Windows NT 6.1; WOW64; Trident/7.0; rv:11.0) like Gecko Core/1.70.3741.400 QQBrowser/10.5.3863.400',
  'accept-language' => 'zh-CN',
  'accept-encoding' => 'gzip, deflate',
  'accept' => 'text/html, application/xhtml+xml, */*',
  'content-type' => '',
  'content-length' => '',
)
[ info ] [ PARAM ] array (
)
[ info ] [ CACHE ] INIT File
[ info ] [ VIEW ] /www/wwwroot/mojing/application/index/view/publics/login.html [ array (
) ]
[ info ] [ LOG ] INIT File
---------------------------------------------------------------
[ 2019-12-11T00:34:57+08:00 ] 113.66.255.73 POST /index/publics/login.html
[ info ] 103.122.92.168:9898/index/publics/login.html [运行时间：0.118989s][吞吐率：8.40req/s] [内存消耗：2,346.89kb] [文件加载：85]
[ info ] [ LANG ] /www/wwwroot/mojing/thinkphp/lang/zh-cn.php
[ info ] [ ROUTE ] array (
)
[ info ] [ HEADER ] array (
  'cookie' => 'PHPSESSID=p76pb5etffodbhkns9fhkserbr',
  'cache-control' => 'no-cache',
  'connection' => 'Keep-Alive',
  'content-length' => '35',
  'user-agent' => 'Mozilla/5.0 (Windows NT 6.1; WOW64; Trident/7.0; rv:11.0) like Gecko Core/1.70.3741.400 QQBrowser/10.5.3863.400',
  'accept-encoding' => 'gzip, deflate',
  'accept-language' => 'zh-CN',
  'referer' => 'http://103.122.92.168:9898/index/publics/index.html',
  'accept' => 'application/json, text/javascript, */*; q=0.01',
  'content-type' => 'application/x-www-form-urlencoded; charset=UTF-8',
  'host' => '103.122.92.168:9898',
  'x-requested-with' => 'XMLHttpRequest',
)
[ info ] [ PARAM ] array (
  'account' => '15222222222',
  'password' => '123456',
)
[ info ] [ CACHE ] INIT File
[ info ] [ DB ] INIT mysql
[ info ] [ SESSION ] INIT array (
  'id' => '',
  'var_session_id' => '',
  'prefix' => 'think',
  'type' => '',
  'auto_start' => true,
  'httponly' => true,
  'secure' => false,
)
[ info ] [ LOG ] INIT File
[ sql ] [ DB ] CONNECT:[ UseTime:0.019029s ] mysql:host=127.0.0.1;port=3306;dbname=mojing;charset=utf8
[ sql ] [ SQL ] SHOW COLUMNS FROM `user` [ RunTime:0.004310s ]
[ sql ] [ SQL ] SELECT * FROM `user` WHERE  `mobile` = '15222222222' LIMIT 1 [ RunTime:0.000659s ]
---------------------------------------------------------------
[ 2019-12-11T00:35:32+08:00 ] 113.66.255.73 GET /index/publics/index.html
[ info ] 103.122.92.168:9898/index/publics/index.html [运行时间：0.029970s][吞吐率：33.37req/s] [内存消耗：1,405.87kb] [文件加载：71]
[ info ] [ LANG ] /www/wwwroot/mojing/thinkphp/lang/zh-cn.php
[ info ] [ ROUTE ] array (
)
[ info ] [ HEADER ] array (
  'cookie' => 'PHPSESSID=p76pb5etffodbhkns9fhkserbr',
  'cache-control' => 'no-cache',
  'connection' => 'Keep-Alive',
  'host' => '103.122.92.168:9898',
  'user-agent' => 'Mozilla/5.0 (Windows NT 6.1; WOW64; Trident/7.0; rv:11.0) like Gecko Core/1.70.3741.400 QQBrowser/10.5.3863.400',
  'accept-language' => 'zh-CN',
  'accept-encoding' => 'gzip, deflate',
  'accept' => 'text/html, application/xhtml+xml, */*',
  'content-type' => '',
  'content-length' => '',
)
[ info ] [ PARAM ] array (
)
[ info ] [ CACHE ] INIT File
[ info ] [ VIEW ] /www/wwwroot/mojing/application/index/view/publics/login.html [ array (
) ]
[ info ] [ LOG ] INIT File
---------------------------------------------------------------
[ 2019-12-11T00:37:09+08:00 ] 113.66.255.73 POST /index/publics/login.html
[ info ] 103.122.92.168:9898/index/publics/login.html [运行时间：0.072575s][吞吐率：13.78req/s] [内存消耗：2,347.05kb] [文件加载：85]
[ info ] [ LANG ] /www/wwwroot/mojing/thinkphp/lang/zh-cn.php
[ info ] [ ROUTE ] array (
)
[ info ] [ HEADER ] array (
  'cookie' => 'PHPSESSID=p76pb5etffodbhkns9fhkserbr',
  'cache-control' => 'no-cache',
  'connection' => 'Keep-Alive',
  'content-length' => '35',
  'user-agent' => 'Mozilla/5.0 (Windows NT 6.1; WOW64; Trident/7.0; rv:11.0) like Gecko Core/1.70.3741.400 QQBrowser/10.5.3863.400',
  'accept-encoding' => 'gzip, deflate',
  'accept-language' => 'zh-CN',
  'referer' => 'http://103.122.92.168:9898/index/publics/index.html',
  'accept' => 'application/json, text/javascript, */*; q=0.01',
  'content-type' => 'application/x-www-form-urlencoded; charset=UTF-8',
  'host' => '103.122.92.168:9898',
  'x-requested-with' => 'XMLHttpRequest',
)
[ info ] [ PARAM ] array (
  'account' => '15222222222',
  'password' => '123456',
)
[ info ] [ CACHE ] INIT File
[ info ] [ DB ] INIT mysql
[ info ] [ SESSION ] INIT array (
  'id' => '',
  'var_session_id' => '',
  'prefix' => 'think',
  'type' => '',
  'auto_start' => true,
  'httponly' => true,
  'secure' => false,
)
[ info ] [ LOG ] INIT File
[ sql ] [ DB ] CONNECT:[ UseTime:0.000729s ] mysql:host=127.0.0.1;port=3306;dbname=mojing;charset=utf8
[ sql ] [ SQL ] SHOW COLUMNS FROM `user` [ RunTime:0.002835s ]
[ sql ] [ SQL ] SELECT * FROM `user` WHERE  `mobile` = '15222222222' LIMIT 1 [ RunTime:0.000624s ]
---------------------------------------------------------------
[ 2019-12-11T07:44:43+08:00 ] 198.108.67.48 GET /
[ info ] 103.122.92.168:9898/ [运行时间：0.032872s][吞吐率：30.42req/s] [内存消耗：1,402.20kb] [文件加载：74]
[ info ] [ LANG ] /www/wwwroot/mojing/thinkphp/lang/zh-cn.php
[ info ] [ ROUTE ] array (
)
[ info ] [ HEADER ] array (
  'host' => '103.122.92.168:9898',
  'content-type' => '',
  'content-length' => '',
)
[ info ] [ PARAM ] array (
)
[ info ] [ CACHE ] INIT File
[ info ] [ SESSION ] INIT array (
  'id' => '',
  'var_session_id' => '',
  'prefix' => 'think',
  'type' => '',
  'auto_start' => true,
  'httponly' => true,
  'secure' => false,
)
[ info ] [ LOG ] INIT File
