---------------------------------------------------------------
[ 2019-12-17T08:46:13+08:00 ] 113.80.15.11 GET /
[ info ] 103.122.92.168:9898/ [运行时间：0.039125s][吞吐率：25.56req/s] [内存消耗：1,404.70kb] [文件加载：74]
[ info ] [ LANG ] /www/wwwroot/mojing/thinkphp/lang/zh-cn.php
[ info ] [ ROUTE ] array (
)
[ info ] [ HEADER ] array (
  'cookie' => 'PHPSESSID=gdl9f1klu5g3gm9nedskv5n6q6',
  'accept-language' => 'zh-CN,zh;q=0.9,en;q=0.8,zh-TW;q=0.7',
  'accept-encoding' => 'gzip, deflate',
  'referer' => 'http://zzjie.com/url/?http://103.122.92.168:9898',
  'accept' => 'text/html,application/xhtml+xml,application/xml;q=0.9,image/webp,image/apng,*/*;q=0.8,application/signed-exchange;v=b3;q=0.9',
  'user-agent' => 'Mozilla/5.0 (Windows NT 10.0; Win64; x64) AppleWebKit/537.36 (KHTML, like Gecko) Chrome/79.0.3945.79 Safari/537.36',
  'dnt' => '1',
  'upgrade-insecure-requests' => '1',
  'connection' => 'keep-alive',
  'host' => '103.122.92.168:9898',
  'content-type' => '',
  'content-length' => '',
)
[ info ] [ PARAM ] array (
)
[ info ] [ CACHE ] INIT File
[ info ] [ SESSION ] INIT array (
  'id' => '',
  'var_session_id' => '',
  'prefix' => 'think',
  'type' => '',
  'auto_start' => true,
  'httponly' => true,
  'secure' => false,
)
[ info ] [ LOG ] INIT File
---------------------------------------------------------------
[ 2019-12-17T08:46:13+08:00 ] 113.80.15.11 GET /index/publics/index.html
[ info ] 103.122.92.168:9898/index/publics/index.html [运行时间：0.037085s][吞吐率：26.97req/s] [内存消耗：1,406.43kb] [文件加载：71]
[ info ] [ LANG ] /www/wwwroot/mojing/thinkphp/lang/zh-cn.php
[ info ] [ ROUTE ] array (
)
[ info ] [ HEADER ] array (
  'cookie' => 'PHPSESSID=gdl9f1klu5g3gm9nedskv5n6q6',
  'accept-language' => 'zh-CN,zh;q=0.9,en;q=0.8,zh-TW;q=0.7',
  'accept-encoding' => 'gzip, deflate',
  'referer' => 'http://zzjie.com/url/?http://103.122.92.168:9898',
  'accept' => 'text/html,application/xhtml+xml,application/xml;q=0.9,image/webp,image/apng,*/*;q=0.8,application/signed-exchange;v=b3;q=0.9',
  'user-agent' => 'Mozilla/5.0 (Windows NT 10.0; Win64; x64) AppleWebKit/537.36 (KHTML, like Gecko) Chrome/79.0.3945.79 Safari/537.36',
  'dnt' => '1',
  'upgrade-insecure-requests' => '1',
  'connection' => 'keep-alive',
  'host' => '103.122.92.168:9898',
  'content-type' => '',
  'content-length' => '',
)
[ info ] [ PARAM ] array (
)
[ info ] [ CACHE ] INIT File
[ info ] [ VIEW ] /www/wwwroot/mojing/application/index/view/publics/login.html [ array (
) ]
[ info ] [ LOG ] INIT File
---------------------------------------------------------------
[ 2019-12-17T09:50:16+08:00 ] 180.163.220.4 GET /index/publics/index.html
[ info ] mojing.aichuang123.cn:81/index/publics/index.html [运行时间：0.027441s][吞吐率：36.44req/s] [内存消耗：1,406.04kb] [文件加载：71]
[ info ] [ LANG ] /www/wwwroot/mojing/thinkphp/lang/zh-cn.php
[ info ] [ ROUTE ] array (
)
[ info ] [ HEADER ] array (
  'accept-encoding' => 'gzip, deflate',
  'referer' => 'http://baidu.com/',
  'accept' => 'text/html,application/xhtml+xml,application/xml;q=0.9,image/webp,image/apng,*/*;q=0.8',
  'user-agent' => 'Mozilla/5.0 (Windows NT 6.1) AppleWebKit/537.36 (KHTML, like Gecko) baidu.sogo.uc.Chrome/36.0.1985.125 Safari/537.36',
  'upgrade-insecure-requests' => '1',
  'cache-control' => 'no-cache',
  'pragma' => 'no-cache',
  'connection' => 'keep-alive',
  'host' => 'mojing.aichuang123.cn:81',
  'content-type' => '',
  'content-length' => '',
)
[ info ] [ PARAM ] array (
)
[ info ] [ CACHE ] INIT File
[ info ] [ VIEW ] /www/wwwroot/mojing/application/index/view/publics/login.html [ array (
) ]
[ info ] [ LOG ] INIT File
---------------------------------------------------------------
[ 2019-12-17T09:50:40+08:00 ] 180.163.220.67 GET /index/publics/index.html
[ info ] mojing.aichuang123.cn:81/index/publics/index.html [运行时间：0.032426s][吞吐率：30.84req/s] [内存消耗：1,406.04kb] [文件加载：71]
[ info ] [ LANG ] /www/wwwroot/mojing/thinkphp/lang/zh-cn.php
[ info ] [ ROUTE ] array (
)
[ info ] [ HEADER ] array (
  'accept-encoding' => 'gzip, deflate',
  'referer' => 'http://baidu.com/',
  'accept' => 'text/html,application/xhtml+xml,application/xml;q=0.9,image/webp,image/apng,*/*;q=0.8',
  'user-agent' => 'Mozilla/5.0 (Windows NT 6.1) AppleWebKit/537.36 (KHTML, like Gecko) baidu.sogo.uc.Chrome/36.0.1985.125 Safari/537.36',
  'upgrade-insecure-requests' => '1',
  'cache-control' => 'no-cache',
  'pragma' => 'no-cache',
  'connection' => 'keep-alive',
  'host' => 'mojing.aichuang123.cn:81',
  'content-type' => '',
  'content-length' => '',
)
[ info ] [ PARAM ] array (
)
[ info ] [ CACHE ] INIT File
[ info ] [ VIEW ] /www/wwwroot/mojing/application/index/view/publics/login.html [ array (
) ]
[ info ] [ LOG ] INIT File
---------------------------------------------------------------
[ 2019-12-17T10:07:02+08:00 ] 180.163.220.5 GET /index/index/index.html
[ info ] mojing.aichuang123.cn:81/index/index/index.html [运行时间：0.035097s][吞吐率：28.49req/s] [内存消耗：1,405.05kb] [文件加载：74]
[ info ] [ LANG ] /www/wwwroot/mojing/thinkphp/lang/zh-cn.php
[ info ] [ ROUTE ] array (
)
[ info ] [ HEADER ] array (
  'accept-encoding' => 'gzip, deflate',
  'accept' => 'text/html,application/xhtml+xml,application/xml;q=0.9,image/webp,image/apng,*/*;q=0.8',
  'upgrade-insecure-requests' => '1',
  'user-agent' => 'Mozilla/5.0 (Windows NT 6.1) AppleWebKit/537.36 (KHTML, like Gecko) baidu.sogo.uc.Chrome/36.0.1985.125 Safari/537.36',
  'connection' => 'keep-alive',
  'host' => 'mojing.aichuang123.cn:81',
  'content-type' => '',
  'content-length' => '',
)
[ info ] [ PARAM ] array (
)
[ info ] [ CACHE ] INIT File
[ info ] [ SESSION ] INIT array (
  'id' => '',
  'var_session_id' => '',
  'prefix' => 'think',
  'type' => '',
  'auto_start' => true,
  'httponly' => true,
  'secure' => false,
)
[ info ] [ LOG ] INIT File
---------------------------------------------------------------
[ 2019-12-17T10:07:03+08:00 ] 180.163.220.67 GET /index/index/index.html
[ info ] mojing.aichuang123.cn:81/index/index/index.html [运行时间：0.032011s][吞吐率：31.24req/s] [内存消耗：1,406.59kb] [文件加载：74]
[ info ] [ LANG ] /www/wwwroot/mojing/thinkphp/lang/zh-cn.php
[ info ] [ ROUTE ] array (
)
[ info ] [ HEADER ] array (
  'accept-encoding' => 'gzip, deflate',
  'referer' => 'http://baidu.com/',
  'accept' => 'text/html,application/xhtml+xml,application/xml;q=0.9,image/webp,image/apng,*/*;q=0.8',
  'user-agent' => 'Mozilla/5.0 (Windows NT 6.1) AppleWebKit/537.36 (KHTML, like Gecko) baidu.sogo.uc.Chrome/36.0.1985.125 Safari/537.36',
  'upgrade-insecure-requests' => '1',
  'cache-control' => 'no-cache',
  'pragma' => 'no-cache',
  'connection' => 'keep-alive',
  'host' => 'mojing.aichuang123.cn:81',
  'content-type' => '',
  'content-length' => '',
)
[ info ] [ PARAM ] array (
)
[ info ] [ CACHE ] INIT File
[ info ] [ SESSION ] INIT array (
  'id' => '',
  'var_session_id' => '',
  'prefix' => 'think',
  'type' => '',
  'auto_start' => true,
  'httponly' => true,
  'secure' => false,
)
[ info ] [ LOG ] INIT File
---------------------------------------------------------------
[ 2019-12-17T10:07:03+08:00 ] 180.163.220.67 GET /index/publics/index.html
[ info ] mojing.aichuang123.cn:81/index/publics/index.html [运行时间：0.037981s][吞吐率：26.33req/s] [内存消耗：1,406.31kb] [文件加载：71]
[ info ] [ LANG ] /www/wwwroot/mojing/thinkphp/lang/zh-cn.php
[ info ] [ ROUTE ] array (
)
[ info ] [ HEADER ] array (
  'cookie' => 'PHPSESSID=1r66fltrnn997isgkece7h57d6',
  'accept-encoding' => 'gzip, deflate',
  'referer' => 'http://baidu.com/',
  'accept' => 'text/html,application/xhtml+xml,application/xml;q=0.9,image/webp,image/apng,*/*;q=0.8',
  'user-agent' => 'Mozilla/5.0 (Windows NT 6.1) AppleWebKit/537.36 (KHTML, like Gecko) baidu.sogo.uc.Chrome/36.0.1985.125 Safari/537.36',
  'upgrade-insecure-requests' => '1',
  'cache-control' => 'no-cache',
  'pragma' => 'no-cache',
  'connection' => 'keep-alive',
  'host' => 'mojing.aichuang123.cn:81',
  'content-type' => '',
  'content-length' => '',
)
[ info ] [ PARAM ] array (
)
[ info ] [ CACHE ] INIT File
[ info ] [ VIEW ] /www/wwwroot/mojing/application/index/view/publics/login.html [ array (
) ]
[ info ] [ LOG ] INIT File
---------------------------------------------------------------
[ 2019-12-17T10:07:08+08:00 ] 180.163.220.67 GET /index/index/index.html
[ info ] mojing.aichuang123.cn:81/index/index/index.html [运行时间：0.033371s][吞吐率：29.97req/s] [内存消耗：1,406.59kb] [文件加载：74]
[ info ] [ LANG ] /www/wwwroot/mojing/thinkphp/lang/zh-cn.php
[ info ] [ ROUTE ] array (
)
[ info ] [ HEADER ] array (
  'accept-encoding' => 'gzip, deflate',
  'referer' => 'http://baidu.com/',
  'accept' => 'text/html,application/xhtml+xml,application/xml;q=0.9,image/webp,image/apng,*/*;q=0.8',
  'user-agent' => 'Mozilla/5.0 (Windows NT 6.1) AppleWebKit/537.36 (KHTML, like Gecko) baidu.sogo.uc.Chrome/36.0.1985.125 Safari/537.36',
  'upgrade-insecure-requests' => '1',
  'cache-control' => 'no-cache',
  'pragma' => 'no-cache',
  'connection' => 'keep-alive',
  'host' => 'mojing.aichuang123.cn:81',
  'content-type' => '',
  'content-length' => '',
)
[ info ] [ PARAM ] array (
)
[ info ] [ CACHE ] INIT File
[ info ] [ SESSION ] INIT array (
  'id' => '',
  'var_session_id' => '',
  'prefix' => 'think',
  'type' => '',
  'auto_start' => true,
  'httponly' => true,
  'secure' => false,
)
[ info ] [ LOG ] INIT File
---------------------------------------------------------------
[ 2019-12-17T10:07:08+08:00 ] 180.163.220.67 GET /index/publics/index.html
[ info ] mojing.aichuang123.cn:81/index/publics/index.html [运行时间：0.026375s][吞吐率：37.91req/s] [内存消耗：1,406.31kb] [文件加载：71]
[ info ] [ LANG ] /www/wwwroot/mojing/thinkphp/lang/zh-cn.php
[ info ] [ ROUTE ] array (
)
[ info ] [ HEADER ] array (
  'cookie' => 'PHPSESSID=pgmanfes7jb2hak3v0s0d5h81k',
  'accept-encoding' => 'gzip, deflate',
  'referer' => 'http://baidu.com/',
  'accept' => 'text/html,application/xhtml+xml,application/xml;q=0.9,image/webp,image/apng,*/*;q=0.8',
  'user-agent' => 'Mozilla/5.0 (Windows NT 6.1) AppleWebKit/537.36 (KHTML, like Gecko) baidu.sogo.uc.Chrome/36.0.1985.125 Safari/537.36',
  'upgrade-insecure-requests' => '1',
  'cache-control' => 'no-cache',
  'pragma' => 'no-cache',
  'connection' => 'keep-alive',
  'host' => 'mojing.aichuang123.cn:81',
  'content-type' => '',
  'content-length' => '',
)
[ info ] [ PARAM ] array (
)
[ info ] [ CACHE ] INIT File
[ info ] [ VIEW ] /www/wwwroot/mojing/application/index/view/publics/login.html [ array (
) ]
[ info ] [ LOG ] INIT File
---------------------------------------------------------------
[ 2019-12-17T10:09:12+08:00 ] 180.163.220.68 GET /index/member/magicbox.html
[ info ] mojing.aichuang123.cn:81/index/member/magicbox.html [运行时间：0.036185s][吞吐率：27.64req/s] [内存消耗：1,452.64kb] [文件加载：74]
[ info ] [ LANG ] /www/wwwroot/mojing/thinkphp/lang/zh-cn.php
[ info ] [ ROUTE ] array (
)
[ info ] [ HEADER ] array (
  'accept-encoding' => 'gzip, deflate',
  'referer' => 'http://baidu.com/',
  'accept' => 'text/html,application/xhtml+xml,application/xml;q=0.9,image/webp,image/apng,*/*;q=0.8',
  'user-agent' => 'Mozilla/5.0 (Windows NT 6.1) AppleWebKit/537.36 (KHTML, like Gecko) baidu.sogo.uc.Chrome/36.0.1985.125 Safari/537.36',
  'upgrade-insecure-requests' => '1',
  'cache-control' => 'no-cache',
  'pragma' => 'no-cache',
  'connection' => 'keep-alive',
  'host' => 'mojing.aichuang123.cn:81',
  'content-type' => '',
  'content-length' => '',
)
[ info ] [ PARAM ] array (
)
[ info ] [ CACHE ] INIT File
[ info ] [ SESSION ] INIT array (
  'id' => '',
  'var_session_id' => '',
  'prefix' => 'think',
  'type' => '',
  'auto_start' => true,
  'httponly' => true,
  'secure' => false,
)
[ info ] [ LOG ] INIT File
---------------------------------------------------------------
[ 2019-12-17T10:09:14+08:00 ] 180.163.220.68 GET /index/publics/index.html
[ info ] mojing.aichuang123.cn:81/index/publics/index.html [运行时间：0.034355s][吞吐率：29.11req/s] [内存消耗：1,406.31kb] [文件加载：71]
[ info ] [ LANG ] /www/wwwroot/mojing/thinkphp/lang/zh-cn.php
[ info ] [ ROUTE ] array (
)
[ info ] [ HEADER ] array (
  'cookie' => 'PHPSESSID=d6qmr477glsg83fdga7skufdbp',
  'accept-encoding' => 'gzip, deflate',
  'referer' => 'http://baidu.com/',
  'accept' => 'text/html,application/xhtml+xml,application/xml;q=0.9,image/webp,image/apng,*/*;q=0.8',
  'user-agent' => 'Mozilla/5.0 (Windows NT 6.1) AppleWebKit/537.36 (KHTML, like Gecko) baidu.sogo.uc.Chrome/36.0.1985.125 Safari/537.36',
  'upgrade-insecure-requests' => '1',
  'cache-control' => 'no-cache',
  'pragma' => 'no-cache',
  'connection' => 'keep-alive',
  'host' => 'mojing.aichuang123.cn:81',
  'content-type' => '',
  'content-length' => '',
)
[ info ] [ PARAM ] array (
)
[ info ] [ CACHE ] INIT File
[ info ] [ VIEW ] /www/wwwroot/mojing/application/index/view/publics/login.html [ array (
) ]
[ info ] [ LOG ] INIT File
---------------------------------------------------------------
[ 2019-12-17T10:09:31+08:00 ] 180.163.220.67 GET /index/member/magicbox.html
[ info ] mojing.aichuang123.cn:81/index/member/magicbox.html [运行时间：0.040229s][吞吐率：24.86req/s] [内存消耗：1,451.09kb] [文件加载：74]
[ info ] [ LANG ] /www/wwwroot/mojing/thinkphp/lang/zh-cn.php
[ info ] [ ROUTE ] array (
)
[ info ] [ HEADER ] array (
  'accept-encoding' => 'gzip, deflate',
  'accept' => 'text/html,application/xhtml+xml,application/xml;q=0.9,image/webp,image/apng,*/*;q=0.8',
  'upgrade-insecure-requests' => '1',
  'user-agent' => 'Mozilla/5.0 (Windows NT 6.1) AppleWebKit/537.36 (KHTML, like Gecko) baidu.sogo.uc.Chrome/36.0.1985.125 Safari/537.36',
  'connection' => 'keep-alive',
  'host' => 'mojing.aichuang123.cn:81',
  'content-type' => '',
  'content-length' => '',
)
[ info ] [ PARAM ] array (
)
[ info ] [ CACHE ] INIT File
[ info ] [ SESSION ] INIT array (
  'id' => '',
  'var_session_id' => '',
  'prefix' => 'think',
  'type' => '',
  'auto_start' => true,
  'httponly' => true,
  'secure' => false,
)
[ info ] [ LOG ] INIT File
---------------------------------------------------------------
[ 2019-12-17T10:09:31+08:00 ] 180.163.220.66 GET /index/member/magicbox.html
[ info ] mojing.aichuang123.cn:81/index/member/magicbox.html [运行时间：0.035205s][吞吐率：28.40req/s] [内存消耗：1,452.64kb] [文件加载：74]
[ info ] [ LANG ] /www/wwwroot/mojing/thinkphp/lang/zh-cn.php
[ info ] [ ROUTE ] array (
)
[ info ] [ HEADER ] array (
  'accept-encoding' => 'gzip, deflate',
  'referer' => 'http://baidu.com/',
  'accept' => 'text/html,application/xhtml+xml,application/xml;q=0.9,image/webp,image/apng,*/*;q=0.8',
  'user-agent' => 'Mozilla/5.0 (Windows NT 6.1) AppleWebKit/537.36 (KHTML, like Gecko) baidu.sogo.uc.Chrome/36.0.1985.125 Safari/537.36',
  'upgrade-insecure-requests' => '1',
  'cache-control' => 'no-cache',
  'pragma' => 'no-cache',
  'connection' => 'keep-alive',
  'host' => 'mojing.aichuang123.cn:81',
  'content-type' => '',
  'content-length' => '',
)
[ info ] [ PARAM ] array (
)
[ info ] [ CACHE ] INIT File
[ info ] [ SESSION ] INIT array (
  'id' => '',
  'var_session_id' => '',
  'prefix' => 'think',
  'type' => '',
  'auto_start' => true,
  'httponly' => true,
  'secure' => false,
)
[ info ] [ LOG ] INIT File
---------------------------------------------------------------
[ 2019-12-17T10:09:31+08:00 ] 180.163.220.66 GET /index/publics/index.html
[ info ] mojing.aichuang123.cn:81/index/publics/index.html [运行时间：0.030149s][吞吐率：33.17req/s] [内存消耗：1,406.31kb] [文件加载：71]
[ info ] [ LANG ] /www/wwwroot/mojing/thinkphp/lang/zh-cn.php
[ info ] [ ROUTE ] array (
)
[ info ] [ HEADER ] array (
  'cookie' => 'PHPSESSID=bj1pei1bv9s43lgd0fbqllr71c',
  'accept-encoding' => 'gzip, deflate',
  'referer' => 'http://baidu.com/',
  'accept' => 'text/html,application/xhtml+xml,application/xml;q=0.9,image/webp,image/apng,*/*;q=0.8',
  'user-agent' => 'Mozilla/5.0 (Windows NT 6.1) AppleWebKit/537.36 (KHTML, like Gecko) baidu.sogo.uc.Chrome/36.0.1985.125 Safari/537.36',
  'upgrade-insecure-requests' => '1',
  'cache-control' => 'no-cache',
  'pragma' => 'no-cache',
  'connection' => 'keep-alive',
  'host' => 'mojing.aichuang123.cn:81',
  'content-type' => '',
  'content-length' => '',
)
[ info ] [ PARAM ] array (
)
[ info ] [ CACHE ] INIT File
[ info ] [ VIEW ] /www/wwwroot/mojing/application/index/view/publics/login.html [ array (
) ]
[ info ] [ LOG ] INIT File
---------------------------------------------------------------
[ 2019-12-17T10:09:34+08:00 ] 180.163.220.66 GET /index/market/index
[ info ] mojing.aichuang123.cn:81/index/market/index [运行时间：0.061852s][吞吐率：16.17req/s] [内存消耗：2,140.44kb] [文件加载：80]
[ info ] [ LANG ] /www/wwwroot/mojing/thinkphp/lang/zh-cn.php
[ info ] [ ROUTE ] array (
)
[ info ] [ HEADER ] array (
  'accept-encoding' => 'gzip, deflate',
  'accept' => 'text/html,application/xhtml+xml,application/xml;q=0.9,image/webp,image/apng,*/*;q=0.8',
  'upgrade-insecure-requests' => '1',
  'user-agent' => 'Mozilla/5.0 (Windows NT 6.1) AppleWebKit/537.36 (KHTML, like Gecko) baidu.sogo.uc.Chrome/36.0.1985.125 Safari/537.36',
  'connection' => 'keep-alive',
  'host' => 'mojing.aichuang123.cn:81',
  'content-type' => '',
  'content-length' => '',
)
[ info ] [ PARAM ] array (
)
[ info ] [ SESSION ] INIT array (
  'id' => '',
  'var_session_id' => '',
  'prefix' => 'think',
  'type' => '',
  'auto_start' => true,
  'httponly' => true,
  'secure' => false,
)
[ info ] [ DB ] INIT mysql
[ info ] [ LOG ] INIT File
[ sql ] [ DB ] CONNECT:[ UseTime:0.001742s ] mysql:host=127.0.0.1;port=3306;dbname=mojing;charset=utf8
[ sql ] [ SQL ] SHOW COLUMNS FROM `user` [ RunTime:0.004326s ]
[ sql ] [ SQL ] SELECT * FROM `user` WHERE  `id` = 0 LIMIT 1 [ RunTime:0.002224s ]
[ error ] [1]Uncaught think\exception\ErrorException: http_response_code() expects parameter 1 to be integer, string given in /www/wwwroot/mojing/thinkphp/library/think/Response.php:143
Stack trace:
#0 [internal function]: think\Error::appError(2, 'http_response_c...', '/www/wwwroot/mo...', 143, Array)
#1 /www/wwwroot/mojing/thinkphp/library/think/Response.php(143): http_response_code('\xE5\xAF\xB9\xE8\xB1\xA1\xE4\xB8\x8D\xE5\xAD\x98\xE5\x9C\xA8')
#2 /www/wwwroot/mojing/thinkphp/library/think/Error.php(50): think\Response->send()
#3 [internal function]: think\Error::appException(Object(think\exception\HttpException))
#4 {main}
  thrown[/www/wwwroot/mojing/thinkphp/library/think/Response.php:143]
---------------------------------------------------------------
[ 2019-12-17T10:09:34+08:00 ] 180.163.220.66 GET /index/market/index
[ info ] mojing.aichuang123.cn:81/index/market/index [运行时间：0.056737s][吞吐率：17.63req/s] [内存消耗：2,141.73kb] [文件加载：80]
[ info ] [ LANG ] /www/wwwroot/mojing/thinkphp/lang/zh-cn.php
[ info ] [ ROUTE ] array (
)
[ info ] [ HEADER ] array (
  'accept-encoding' => 'gzip, deflate',
  'referer' => 'http://baidu.com/',
  'accept' => 'text/html,application/xhtml+xml,application/xml;q=0.9,image/webp,image/apng,*/*;q=0.8',
  'user-agent' => 'Mozilla/5.0 (Windows NT 6.1) AppleWebKit/537.36 (KHTML, like Gecko) baidu.sogo.uc.Chrome/36.0.1985.125 Safari/537.36',
  'upgrade-insecure-requests' => '1',
  'cache-control' => 'no-cache',
  'pragma' => 'no-cache',
  'connection' => 'keep-alive',
  'host' => 'mojing.aichuang123.cn:81',
  'content-type' => '',
  'content-length' => '',
)
[ info ] [ PARAM ] array (
)
[ info ] [ SESSION ] INIT array (
  'id' => '',
  'var_session_id' => '',
  'prefix' => 'think',
  'type' => '',
  'auto_start' => true,
  'httponly' => true,
  'secure' => false,
)
[ info ] [ DB ] INIT mysql
[ info ] [ LOG ] INIT File
[ sql ] [ DB ] CONNECT:[ UseTime:0.001302s ] mysql:host=127.0.0.1;port=3306;dbname=mojing;charset=utf8
[ sql ] [ SQL ] SHOW COLUMNS FROM `user` [ RunTime:0.002541s ]
[ sql ] [ SQL ] SELECT * FROM `user` WHERE  `id` = 0 LIMIT 1 [ RunTime:0.000770s ]
[ error ] [1]Uncaught think\exception\ErrorException: http_response_code() expects parameter 1 to be integer, string given in /www/wwwroot/mojing/thinkphp/library/think/Response.php:143
Stack trace:
#0 [internal function]: think\Error::appError(2, 'http_response_c...', '/www/wwwroot/mo...', 143, Array)
#1 /www/wwwroot/mojing/thinkphp/library/think/Response.php(143): http_response_code('\xE5\xAF\xB9\xE8\xB1\xA1\xE4\xB8\x8D\xE5\xAD\x98\xE5\x9C\xA8')
#2 /www/wwwroot/mojing/thinkphp/library/think/Error.php(50): think\Response->send()
#3 [internal function]: think\Error::appException(Object(think\exception\HttpException))
#4 {main}
  thrown[/www/wwwroot/mojing/thinkphp/library/think/Response.php:143]
---------------------------------------------------------------
[ 2019-12-17T10:10:27+08:00 ] 180.163.220.68 GET /index/member/index
[ info ] mojing.aichuang123.cn:81/index/member/index [运行时间：0.034284s][吞吐率：29.17req/s] [内存消耗：1,452.55kb] [文件加载：74]
[ info ] [ LANG ] /www/wwwroot/mojing/thinkphp/lang/zh-cn.php
[ info ] [ ROUTE ] array (
)
[ info ] [ HEADER ] array (
  'accept-encoding' => 'gzip, deflate',
  'referer' => 'http://baidu.com/',
  'accept' => 'text/html,application/xhtml+xml,application/xml;q=0.9,image/webp,image/apng,*/*;q=0.8',
  'user-agent' => 'Mozilla/5.0 (Windows NT 6.1) AppleWebKit/537.36 (KHTML, like Gecko) baidu.sogo.uc.Chrome/36.0.1985.125 Safari/537.36',
  'upgrade-insecure-requests' => '1',
  'cache-control' => 'no-cache',
  'pragma' => 'no-cache',
  'connection' => 'keep-alive',
  'host' => 'mojing.aichuang123.cn:81',
  'content-type' => '',
  'content-length' => '',
)
[ info ] [ PARAM ] array (
)
[ info ] [ CACHE ] INIT File
[ info ] [ SESSION ] INIT array (
  'id' => '',
  'var_session_id' => '',
  'prefix' => 'think',
  'type' => '',
  'auto_start' => true,
  'httponly' => true,
  'secure' => false,
)
[ info ] [ LOG ] INIT File
---------------------------------------------------------------
[ 2019-12-17T10:10:34+08:00 ] 180.163.220.68 GET /index/publics/index.html
[ info ] mojing.aichuang123.cn:81/index/publics/index.html [运行时间：0.022323s][吞吐率：44.80req/s] [内存消耗：1,406.31kb] [文件加载：71]
[ info ] [ LANG ] /www/wwwroot/mojing/thinkphp/lang/zh-cn.php
[ info ] [ ROUTE ] array (
)
[ info ] [ HEADER ] array (
  'cookie' => 'PHPSESSID=vt2ca2hkiokadbrmna0ghc6jqm',
  'accept-encoding' => 'gzip, deflate',
  'referer' => 'http://baidu.com/',
  'accept' => 'text/html,application/xhtml+xml,application/xml;q=0.9,image/webp,image/apng,*/*;q=0.8',
  'user-agent' => 'Mozilla/5.0 (Windows NT 6.1) AppleWebKit/537.36 (KHTML, like Gecko) baidu.sogo.uc.Chrome/36.0.1985.125 Safari/537.36',
  'upgrade-insecure-requests' => '1',
  'cache-control' => 'no-cache',
  'pragma' => 'no-cache',
  'connection' => 'keep-alive',
  'host' => 'mojing.aichuang123.cn:81',
  'content-type' => '',
  'content-length' => '',
)
[ info ] [ PARAM ] array (
)
[ info ] [ CACHE ] INIT File
[ info ] [ VIEW ] /www/wwwroot/mojing/application/index/view/publics/login.html [ array (
) ]
[ info ] [ LOG ] INIT File
---------------------------------------------------------------
[ 2019-12-17T10:11:03+08:00 ] 180.163.220.5 GET /index/member/index
[ info ] mojing.aichuang123.cn:81/index/member/index [运行时间：0.032179s][吞吐率：31.08req/s] [内存消耗：1,451.01kb] [文件加载：74]
[ info ] [ LANG ] /www/wwwroot/mojing/thinkphp/lang/zh-cn.php
[ info ] [ ROUTE ] array (
)
[ info ] [ HEADER ] array (
  'accept-encoding' => 'gzip, deflate',
  'accept' => 'text/html,application/xhtml+xml,application/xml;q=0.9,image/webp,image/apng,*/*;q=0.8',
  'upgrade-insecure-requests' => '1',
  'user-agent' => 'Mozilla/5.0 (Windows NT 6.1) AppleWebKit/537.36 (KHTML, like Gecko) baidu.sogo.uc.Chrome/36.0.1985.125 Safari/537.36',
  'connection' => 'keep-alive',
  'host' => 'mojing.aichuang123.cn:81',
  'content-type' => '',
  'content-length' => '',
)
[ info ] [ PARAM ] array (
)
[ info ] [ CACHE ] INIT File
[ info ] [ SESSION ] INIT array (
  'id' => '',
  'var_session_id' => '',
  'prefix' => 'think',
  'type' => '',
  'auto_start' => true,
  'httponly' => true,
  'secure' => false,
)
[ info ] [ LOG ] INIT File
---------------------------------------------------------------
[ 2019-12-17T10:11:03+08:00 ] 180.163.220.5 GET /index/publics/index.html
[ info ] mojing.aichuang123.cn:81/index/publics/index.html [运行时间：0.023997s][吞吐率：41.67req/s] [内存消耗：1,405.11kb] [文件加载：71]
[ info ] [ LANG ] /www/wwwroot/mojing/thinkphp/lang/zh-cn.php
[ info ] [ ROUTE ] array (
)
[ info ] [ HEADER ] array (
  'cookie' => 'PHPSESSID=dllhhgudfd8bc6hn8k3tslpbto',
  'accept-encoding' => 'gzip, deflate',
  'accept' => 'text/html,application/xhtml+xml,application/xml;q=0.9,image/webp,image/apng,*/*;q=0.8',
  'upgrade-insecure-requests' => '1',
  'user-agent' => 'Mozilla/5.0 (Windows NT 6.1) AppleWebKit/537.36 (KHTML, like Gecko) baidu.sogo.uc.Chrome/36.0.1985.125 Safari/537.36',
  'connection' => 'keep-alive',
  'host' => 'mojing.aichuang123.cn:81',
  'content-type' => '',
  'content-length' => '',
)
[ info ] [ PARAM ] array (
)
[ info ] [ CACHE ] INIT File
[ info ] [ VIEW ] /www/wwwroot/mojing/application/index/view/publics/login.html [ array (
) ]
[ info ] [ LOG ] INIT File
---------------------------------------------------------------
[ 2019-12-17T10:11:04+08:00 ] 180.163.220.66 GET /index/member/index
[ info ] mojing.aichuang123.cn:81/index/member/index [运行时间：0.033654s][吞吐率：29.71req/s] [内存消耗：1,452.55kb] [文件加载：74]
[ info ] [ LANG ] /www/wwwroot/mojing/thinkphp/lang/zh-cn.php
[ info ] [ ROUTE ] array (
)
[ info ] [ HEADER ] array (
  'accept-encoding' => 'gzip, deflate',
  'referer' => 'http://baidu.com/',
  'accept' => 'text/html,application/xhtml+xml,application/xml;q=0.9,image/webp,image/apng,*/*;q=0.8',
  'user-agent' => 'Mozilla/5.0 (Windows NT 6.1) AppleWebKit/537.36 (KHTML, like Gecko) baidu.sogo.uc.Chrome/36.0.1985.125 Safari/537.36',
  'upgrade-insecure-requests' => '1',
  'cache-control' => 'no-cache',
  'pragma' => 'no-cache',
  'connection' => 'keep-alive',
  'host' => 'mojing.aichuang123.cn:81',
  'content-type' => '',
  'content-length' => '',
)
[ info ] [ PARAM ] array (
)
[ info ] [ CACHE ] INIT File
[ info ] [ SESSION ] INIT array (
  'id' => '',
  'var_session_id' => '',
  'prefix' => 'think',
  'type' => '',
  'auto_start' => true,
  'httponly' => true,
  'secure' => false,
)
[ info ] [ LOG ] INIT File
---------------------------------------------------------------
[ 2019-12-17T10:11:04+08:00 ] 180.163.220.66 GET /index/publics/index.html
[ info ] mojing.aichuang123.cn:81/index/publics/index.html [运行时间：0.023029s][吞吐率：43.42req/s] [内存消耗：1,406.31kb] [文件加载：71]
[ info ] [ LANG ] /www/wwwroot/mojing/thinkphp/lang/zh-cn.php
[ info ] [ ROUTE ] array (
)
[ info ] [ HEADER ] array (
  'cookie' => 'PHPSESSID=f1hjkjigl80p2t8gor2lg9ldq3',
  'accept-encoding' => 'gzip, deflate',
  'referer' => 'http://baidu.com/',
  'accept' => 'text/html,application/xhtml+xml,application/xml;q=0.9,image/webp,image/apng,*/*;q=0.8',
  'user-agent' => 'Mozilla/5.0 (Windows NT 6.1) AppleWebKit/537.36 (KHTML, like Gecko) baidu.sogo.uc.Chrome/36.0.1985.125 Safari/537.36',
  'upgrade-insecure-requests' => '1',
  'cache-control' => 'no-cache',
  'pragma' => 'no-cache',
  'connection' => 'keep-alive',
  'host' => 'mojing.aichuang123.cn:81',
  'content-type' => '',
  'content-length' => '',
)
[ info ] [ PARAM ] array (
)
[ info ] [ CACHE ] INIT File
[ info ] [ VIEW ] /www/wwwroot/mojing/application/index/view/publics/login.html [ array (
) ]
[ info ] [ LOG ] INIT File
---------------------------------------------------------------
[ 2019-12-17T10:11:10+08:00 ] 180.163.220.66 GET /index/product/index
[ info ] mojing.aichuang123.cn:81/index/product/index [运行时间：0.037932s][吞吐率：26.36req/s] [内存消耗：1,420.77kb] [文件加载：74]
[ info ] [ LANG ] /www/wwwroot/mojing/thinkphp/lang/zh-cn.php
[ info ] [ ROUTE ] array (
)
[ info ] [ HEADER ] array (
  'accept-encoding' => 'gzip, deflate',
  'referer' => 'http://baidu.com/',
  'accept' => 'text/html,application/xhtml+xml,application/xml;q=0.9,image/webp,image/apng,*/*;q=0.8',
  'user-agent' => 'Mozilla/5.0 (Windows NT 6.1) AppleWebKit/537.36 (KHTML, like Gecko) baidu.sogo.uc.Chrome/36.0.1985.125 Safari/537.36',
  'upgrade-insecure-requests' => '1',
  'cache-control' => 'no-cache',
  'pragma' => 'no-cache',
  'connection' => 'keep-alive',
  'host' => 'mojing.aichuang123.cn:81',
  'content-type' => '',
  'content-length' => '',
)
[ info ] [ PARAM ] array (
)
[ info ] [ CACHE ] INIT File
[ info ] [ SESSION ] INIT array (
  'id' => '',
  'var_session_id' => '',
  'prefix' => 'think',
  'type' => '',
  'auto_start' => true,
  'httponly' => true,
  'secure' => false,
)
[ info ] [ LOG ] INIT File
---------------------------------------------------------------
[ 2019-12-17T10:11:14+08:00 ] 180.163.220.68 GET /index/publics/index.html
[ info ] mojing.aichuang123.cn:81/index/publics/index.html [运行时间：0.037216s][吞吐率：26.87req/s] [内存消耗：1,406.31kb] [文件加载：71]
[ info ] [ LANG ] /www/wwwroot/mojing/thinkphp/lang/zh-cn.php
[ info ] [ ROUTE ] array (
)
[ info ] [ HEADER ] array (
  'cookie' => 'PHPSESSID=3ti6fqojaf4nbsbt1d04clful2',
  'accept-encoding' => 'gzip, deflate',
  'referer' => 'http://baidu.com/',
  'accept' => 'text/html,application/xhtml+xml,application/xml;q=0.9,image/webp,image/apng,*/*;q=0.8',
  'user-agent' => 'Mozilla/5.0 (Windows NT 6.1) AppleWebKit/537.36 (KHTML, like Gecko) baidu.sogo.uc.Chrome/36.0.1985.125 Safari/537.36',
  'upgrade-insecure-requests' => '1',
  'cache-control' => 'no-cache',
  'pragma' => 'no-cache',
  'connection' => 'keep-alive',
  'host' => 'mojing.aichuang123.cn:81',
  'content-type' => '',
  'content-length' => '',
)
[ info ] [ PARAM ] array (
)
[ info ] [ CACHE ] INIT File
[ info ] [ VIEW ] /www/wwwroot/mojing/application/index/view/publics/login.html [ array (
) ]
[ info ] [ LOG ] INIT File
---------------------------------------------------------------
[ 2019-12-17T10:11:21+08:00 ] 42.236.10.84 GET /index/member/index.html
[ info ] mojing.aichuang123.cn:81/index/member/index.html [运行时间：0.030864s][吞吐率：32.40req/s] [内存消耗：1,452.63kb] [文件加载：74]
[ info ] [ LANG ] /www/wwwroot/mojing/thinkphp/lang/zh-cn.php
[ info ] [ ROUTE ] array (
)
[ info ] [ HEADER ] array (
  'accept-encoding' => 'gzip, deflate',
  'referer' => 'http://baidu.com/',
  'accept' => 'text/html,application/xhtml+xml,application/xml;q=0.9,image/webp,image/apng,*/*;q=0.8',
  'user-agent' => 'Mozilla/5.0 (Windows NT 6.1) AppleWebKit/537.36 (KHTML, like Gecko) baidu.sogo.uc.Chrome/36.0.1985.125 Safari/537.36',
  'upgrade-insecure-requests' => '1',
  'cache-control' => 'no-cache',
  'pragma' => 'no-cache',
  'connection' => 'keep-alive',
  'host' => 'mojing.aichuang123.cn:81',
  'content-type' => '',
  'content-length' => '',
)
[ info ] [ PARAM ] array (
)
[ info ] [ CACHE ] INIT File
[ info ] [ SESSION ] INIT array (
  'id' => '',
  'var_session_id' => '',
  'prefix' => 'think',
  'type' => '',
  'auto_start' => true,
  'httponly' => true,
  'secure' => false,
)
[ info ] [ LOG ] INIT File
---------------------------------------------------------------
[ 2019-12-17T10:11:24+08:00 ] 42.236.10.84 GET /index/publics/index.html
[ info ] mojing.aichuang123.cn:81/index/publics/index.html [运行时间：0.028507s][吞吐率：35.08req/s] [内存消耗：1,406.31kb] [文件加载：71]
[ info ] [ LANG ] /www/wwwroot/mojing/thinkphp/lang/zh-cn.php
[ info ] [ ROUTE ] array (
)
[ info ] [ HEADER ] array (
  'cookie' => 'PHPSESSID=bdp7abfh9ukcge9lsldvq1p1gm',
  'accept-encoding' => 'gzip, deflate',
  'referer' => 'http://baidu.com/',
  'accept' => 'text/html,application/xhtml+xml,application/xml;q=0.9,image/webp,image/apng,*/*;q=0.8',
  'user-agent' => 'Mozilla/5.0 (Windows NT 6.1) AppleWebKit/537.36 (KHTML, like Gecko) baidu.sogo.uc.Chrome/36.0.1985.125 Safari/537.36',
  'upgrade-insecure-requests' => '1',
  'cache-control' => 'no-cache',
  'pragma' => 'no-cache',
  'connection' => 'keep-alive',
  'host' => 'mojing.aichuang123.cn:81',
  'content-type' => '',
  'content-length' => '',
)
[ info ] [ PARAM ] array (
)
[ info ] [ CACHE ] INIT File
[ info ] [ VIEW ] /www/wwwroot/mojing/application/index/view/publics/login.html [ array (
) ]
[ info ] [ LOG ] INIT File
---------------------------------------------------------------
[ 2019-12-17T10:11:32+08:00 ] 180.163.220.4 GET /index/product/index
[ info ] mojing.aichuang123.cn:81/index/product/index [运行时间：0.031606s][吞吐率：31.64req/s] [内存消耗：1,420.77kb] [文件加载：74]
[ info ] [ LANG ] /www/wwwroot/mojing/thinkphp/lang/zh-cn.php
[ info ] [ ROUTE ] array (
)
[ info ] [ HEADER ] array (
  'accept-encoding' => 'gzip, deflate',
  'referer' => 'http://baidu.com/',
  'accept' => 'text/html,application/xhtml+xml,application/xml;q=0.9,image/webp,image/apng,*/*;q=0.8',
  'user-agent' => 'Mozilla/5.0 (Windows NT 6.1) AppleWebKit/537.36 (KHTML, like Gecko) baidu.sogo.uc.Chrome/36.0.1985.125 Safari/537.36',
  'upgrade-insecure-requests' => '1',
  'cache-control' => 'no-cache',
  'pragma' => 'no-cache',
  'connection' => 'keep-alive',
  'host' => 'mojing.aichuang123.cn:81',
  'content-type' => '',
  'content-length' => '',
)
[ info ] [ PARAM ] array (
)
[ info ] [ CACHE ] INIT File
[ info ] [ SESSION ] INIT array (
  'id' => '',
  'var_session_id' => '',
  'prefix' => 'think',
  'type' => '',
  'auto_start' => true,
  'httponly' => true,
  'secure' => false,
)
[ info ] [ LOG ] INIT File
---------------------------------------------------------------
[ 2019-12-17T10:11:32+08:00 ] 180.163.220.4 GET /index/publics/index.html
[ info ] mojing.aichuang123.cn:81/index/publics/index.html [运行时间：0.030686s][吞吐率：32.59req/s] [内存消耗：1,406.31kb] [文件加载：71]
[ info ] [ LANG ] /www/wwwroot/mojing/thinkphp/lang/zh-cn.php
[ info ] [ ROUTE ] array (
)
[ info ] [ HEADER ] array (
  'cookie' => 'PHPSESSID=h36m3jksp9r6jct8l67qqu29gk',
  'accept-encoding' => 'gzip, deflate',
  'referer' => 'http://baidu.com/',
  'accept' => 'text/html,application/xhtml+xml,application/xml;q=0.9,image/webp,image/apng,*/*;q=0.8',
  'user-agent' => 'Mozilla/5.0 (Windows NT 6.1) AppleWebKit/537.36 (KHTML, like Gecko) baidu.sogo.uc.Chrome/36.0.1985.125 Safari/537.36',
  'upgrade-insecure-requests' => '1',
  'cache-control' => 'no-cache',
  'pragma' => 'no-cache',
  'connection' => 'keep-alive',
  'host' => 'mojing.aichuang123.cn:81',
  'content-type' => '',
  'content-length' => '',
)
[ info ] [ PARAM ] array (
)
[ info ] [ CACHE ] INIT File
[ info ] [ VIEW ] /www/wwwroot/mojing/application/index/view/publics/login.html [ array (
) ]
[ info ] [ LOG ] INIT File
---------------------------------------------------------------
[ 2019-12-17T10:11:41+08:00 ] 42.236.10.93 GET /index/member/index.html
[ info ] mojing.aichuang123.cn:81/index/member/index.html [运行时间：0.032285s][吞吐率：30.97req/s] [内存消耗：1,452.63kb] [文件加载：74]
[ info ] [ LANG ] /www/wwwroot/mojing/thinkphp/lang/zh-cn.php
[ info ] [ ROUTE ] array (
)
[ info ] [ HEADER ] array (
  'accept-encoding' => 'gzip, deflate',
  'referer' => 'http://baidu.com/',
  'accept' => 'text/html,application/xhtml+xml,application/xml;q=0.9,image/webp,image/apng,*/*;q=0.8',
  'user-agent' => 'Mozilla/5.0 (Windows NT 6.1) AppleWebKit/537.36 (KHTML, like Gecko) baidu.sogo.uc.Chrome/36.0.1985.125 Safari/537.36',
  'upgrade-insecure-requests' => '1',
  'cache-control' => 'no-cache',
  'pragma' => 'no-cache',
  'connection' => 'keep-alive',
  'host' => 'mojing.aichuang123.cn:81',
  'content-type' => '',
  'content-length' => '',
)
[ info ] [ PARAM ] array (
)
[ info ] [ CACHE ] INIT File
[ info ] [ SESSION ] INIT array (
  'id' => '',
  'var_session_id' => '',
  'prefix' => 'think',
  'type' => '',
  'auto_start' => true,
  'httponly' => true,
  'secure' => false,
)
[ info ] [ LOG ] INIT File
---------------------------------------------------------------
[ 2019-12-17T10:11:41+08:00 ] 42.236.10.93 GET /index/publics/index.html
[ info ] mojing.aichuang123.cn:81/index/publics/index.html [运行时间：0.031531s][吞吐率：31.71req/s] [内存消耗：1,406.31kb] [文件加载：71]
[ info ] [ LANG ] /www/wwwroot/mojing/thinkphp/lang/zh-cn.php
[ info ] [ ROUTE ] array (
)
[ info ] [ HEADER ] array (
  'cookie' => 'PHPSESSID=8kubd9lfr6pqgmiannm7p27vjn',
  'accept-encoding' => 'gzip, deflate',
  'referer' => 'http://baidu.com/',
  'accept' => 'text/html,application/xhtml+xml,application/xml;q=0.9,image/webp,image/apng,*/*;q=0.8',
  'user-agent' => 'Mozilla/5.0 (Windows NT 6.1) AppleWebKit/537.36 (KHTML, like Gecko) baidu.sogo.uc.Chrome/36.0.1985.125 Safari/537.36',
  'upgrade-insecure-requests' => '1',
  'cache-control' => 'no-cache',
  'pragma' => 'no-cache',
  'connection' => 'keep-alive',
  'host' => 'mojing.aichuang123.cn:81',
  'content-type' => '',
  'content-length' => '',
)
[ info ] [ PARAM ] array (
)
[ info ] [ CACHE ] INIT File
[ info ] [ VIEW ] /www/wwwroot/mojing/application/index/view/publics/login.html [ array (
) ]
[ info ] [ LOG ] INIT File
---------------------------------------------------------------
[ 2019-12-17T10:11:51+08:00 ] 180.163.220.66 GET /index/index/index
[ info ] mojing.aichuang123.cn:81/index/index/index [运行时间：0.020156s][吞吐率：49.61req/s] [内存消耗：1,404.99kb] [文件加载：74]
[ info ] [ LANG ] /www/wwwroot/mojing/thinkphp/lang/zh-cn.php
[ info ] [ ROUTE ] array (
)
[ info ] [ HEADER ] array (
  'accept-encoding' => 'gzip, deflate',
  'accept' => 'text/html,application/xhtml+xml,application/xml;q=0.9,image/webp,image/apng,*/*;q=0.8',
  'upgrade-insecure-requests' => '1',
  'user-agent' => 'Mozilla/5.0 (Windows NT 6.1) AppleWebKit/537.36 (KHTML, like Gecko) baidu.sogo.uc.Chrome/36.0.1985.125 Safari/537.36',
  'connection' => 'keep-alive',
  'host' => 'mojing.aichuang123.cn:81',
  'content-type' => '',
  'content-length' => '',
)
[ info ] [ PARAM ] array (
)
[ info ] [ CACHE ] INIT File
[ info ] [ SESSION ] INIT array (
  'id' => '',
  'var_session_id' => '',
  'prefix' => 'think',
  'type' => '',
  'auto_start' => true,
  'httponly' => true,
  'secure' => false,
)
[ info ] [ LOG ] INIT File
---------------------------------------------------------------
[ 2019-12-17T10:11:53+08:00 ] 180.163.220.66 GET /index/index/index
[ info ] mojing.aichuang123.cn:81/index/index/index [运行时间：0.025737s][吞吐率：38.85req/s] [内存消耗：1,406.46kb] [文件加载：74]
[ info ] [ LANG ] /www/wwwroot/mojing/thinkphp/lang/zh-cn.php
[ info ] [ ROUTE ] array (
)
[ info ] [ HEADER ] array (
  'cookie' => 'PHPSESSID=to9hf5mi3p51gfniqlbls6bs2t',
  'accept-encoding' => 'gzip, deflate',
  'referer' => 'http://baidu.com/',
  'accept' => 'text/html,application/xhtml+xml,application/xml;q=0.9,image/webp,image/apng,*/*;q=0.8',
  'user-agent' => 'Mozilla/5.0 (Windows NT 6.1) AppleWebKit/537.36 (KHTML, like Gecko) baidu.sogo.uc.Chrome/36.0.1985.125 Safari/537.36',
  'upgrade-insecure-requests' => '1',
  'cache-control' => 'no-cache',
  'pragma' => 'no-cache',
  'connection' => 'keep-alive',
  'host' => 'mojing.aichuang123.cn:81',
  'content-type' => '',
  'content-length' => '',
)
[ info ] [ PARAM ] array (
)
[ info ] [ CACHE ] INIT File
[ info ] [ SESSION ] INIT array (
  'id' => '',
  'var_session_id' => '',
  'prefix' => 'think',
  'type' => '',
  'auto_start' => true,
  'httponly' => true,
  'secure' => false,
)
[ info ] [ LOG ] INIT File
---------------------------------------------------------------
[ 2019-12-17T10:11:56+08:00 ] 180.163.220.66 GET /index/publics/index.html
[ info ] mojing.aichuang123.cn:81/index/publics/index.html [运行时间：0.032760s][吞吐率：30.53req/s] [内存消耗：1,406.31kb] [文件加载：71]
[ info ] [ LANG ] /www/wwwroot/mojing/thinkphp/lang/zh-cn.php
[ info ] [ ROUTE ] array (
)
[ info ] [ HEADER ] array (
  'cookie' => 'PHPSESSID=to9hf5mi3p51gfniqlbls6bs2t',
  'accept-encoding' => 'gzip, deflate',
  'referer' => 'http://baidu.com/',
  'accept' => 'text/html,application/xhtml+xml,application/xml;q=0.9,image/webp,image/apng,*/*;q=0.8',
  'user-agent' => 'Mozilla/5.0 (Windows NT 6.1) AppleWebKit/537.36 (KHTML, like Gecko) baidu.sogo.uc.Chrome/36.0.1985.125 Safari/537.36',
  'upgrade-insecure-requests' => '1',
  'cache-control' => 'no-cache',
  'pragma' => 'no-cache',
  'connection' => 'keep-alive',
  'host' => 'mojing.aichuang123.cn:81',
  'content-type' => '',
  'content-length' => '',
)
[ info ] [ PARAM ] array (
)
[ info ] [ CACHE ] INIT File
[ info ] [ VIEW ] /www/wwwroot/mojing/application/index/view/publics/login.html [ array (
) ]
[ info ] [ LOG ] INIT File
---------------------------------------------------------------
[ 2019-12-17T10:12:22+08:00 ] 180.163.220.67 GET /index/index/index
[ info ] mojing.aichuang123.cn:81/index/index/index [运行时间：0.022843s][吞吐率：43.78req/s] [内存消耗：1,406.54kb] [文件加载：74]
[ info ] [ LANG ] /www/wwwroot/mojing/thinkphp/lang/zh-cn.php
[ info ] [ ROUTE ] array (
)
[ info ] [ HEADER ] array (
  'accept-encoding' => 'gzip, deflate',
  'referer' => 'http://baidu.com/',
  'accept' => 'text/html,application/xhtml+xml,application/xml;q=0.9,image/webp,image/apng,*/*;q=0.8',
  'user-agent' => 'Mozilla/5.0 (Windows NT 6.1) AppleWebKit/537.36 (KHTML, like Gecko) baidu.sogo.uc.Chrome/36.0.1985.125 Safari/537.36',
  'upgrade-insecure-requests' => '1',
  'cache-control' => 'no-cache',
  'pragma' => 'no-cache',
  'connection' => 'keep-alive',
  'host' => 'mojing.aichuang123.cn:81',
  'content-type' => '',
  'content-length' => '',
)
[ info ] [ PARAM ] array (
)
[ info ] [ CACHE ] INIT File
[ info ] [ SESSION ] INIT array (
  'id' => '',
  'var_session_id' => '',
  'prefix' => 'think',
  'type' => '',
  'auto_start' => true,
  'httponly' => true,
  'secure' => false,
)
[ info ] [ LOG ] INIT File
---------------------------------------------------------------
[ 2019-12-17T10:12:22+08:00 ] 180.163.220.67 GET /index/publics/index.html
[ info ] mojing.aichuang123.cn:81/index/publics/index.html [运行时间：0.027157s][吞吐率：36.82req/s] [内存消耗：1,406.31kb] [文件加载：71]
[ info ] [ LANG ] /www/wwwroot/mojing/thinkphp/lang/zh-cn.php
[ info ] [ ROUTE ] array (
)
[ info ] [ HEADER ] array (
  'cookie' => 'PHPSESSID=rphg02bevh9lau5bjhsugth2ef',
  'accept-encoding' => 'gzip, deflate',
  'referer' => 'http://baidu.com/',
  'accept' => 'text/html,application/xhtml+xml,application/xml;q=0.9,image/webp,image/apng,*/*;q=0.8',
  'user-agent' => 'Mozilla/5.0 (Windows NT 6.1) AppleWebKit/537.36 (KHTML, like Gecko) baidu.sogo.uc.Chrome/36.0.1985.125 Safari/537.36',
  'upgrade-insecure-requests' => '1',
  'cache-control' => 'no-cache',
  'pragma' => 'no-cache',
  'connection' => 'keep-alive',
  'host' => 'mojing.aichuang123.cn:81',
  'content-type' => '',
  'content-length' => '',
)
[ info ] [ PARAM ] array (
)
[ info ] [ CACHE ] INIT File
[ info ] [ VIEW ] /www/wwwroot/mojing/application/index/view/publics/login.html [ array (
) ]
[ info ] [ LOG ] INIT File
---------------------------------------------------------------
[ 2019-12-17T19:41:39+08:00 ] 120.2.103.193 GET /
[ info ] 103.122.92.168:9898/ [运行时间：0.029358s][吞吐率：34.06req/s] [内存消耗：1,403.41kb] [文件加载：74]
[ info ] [ LANG ] /www/wwwroot/mojing/thinkphp/lang/zh-cn.php
[ info ] [ ROUTE ] array (
)
[ info ] [ HEADER ] array (
  'connection' => 'Keep-Alive',
  'host' => '103.122.92.168:9898',
  'accept-encoding' => 'gzip, deflate',
  'user-agent' => 'Mozilla/4.0 (compatible; MSIE 7.0; Windows NT 6.1; WOW64; Trident/5.0; SLCC2; .NET CLR 2.0.50727; .NET CLR 3.5.30729; .NET CLR 3.0.30729; .NET4.0C; .NET4.0E)',
  'accept-language' => 'zh-CN',
  'accept' => '*/*',
  'content-type' => '',
  'content-length' => '',
)
[ info ] [ PARAM ] array (
)
[ info ] [ CACHE ] INIT File
[ info ] [ SESSION ] INIT array (
  'id' => '',
  'var_session_id' => '',
  'prefix' => 'think',
  'type' => '',
  'auto_start' => true,
  'httponly' => true,
  'secure' => false,
)
[ info ] [ LOG ] INIT File
---------------------------------------------------------------
[ 2019-12-17T19:41:39+08:00 ] 120.2.103.193 GET /index/publics/index.html
[ info ] 103.122.92.168:9898/index/publics/index.html [运行时间：0.028801s][吞吐率：34.72req/s] [内存消耗：1,404.71kb] [文件加载：71]
[ info ] [ LANG ] /www/wwwroot/mojing/thinkphp/lang/zh-cn.php
[ info ] [ ROUTE ] array (
)
[ info ] [ HEADER ] array (
  'cookie' => 'PHPSESSID=fb0cdu7hj9iidbdcaphnsnacec',
  'connection' => 'Keep-Alive',
  'host' => '103.122.92.168:9898',
  'accept-encoding' => 'gzip, deflate',
  'user-agent' => 'Mozilla/4.0 (compatible; MSIE 7.0; Windows NT 6.1; WOW64; Trident/5.0; SLCC2; .NET CLR 2.0.50727; .NET CLR 3.5.30729; .NET CLR 3.0.30729; .NET4.0C; .NET4.0E)',
  'accept-language' => 'zh-CN',
  'accept' => '*/*',
  'content-type' => '',
  'content-length' => '',
)
[ info ] [ PARAM ] array (
)
[ info ] [ CACHE ] INIT File
[ info ] [ VIEW ] /www/wwwroot/mojing/application/index/view/publics/login.html [ array (
) ]
[ info ] [ LOG ] INIT File
---------------------------------------------------------------
[ 2019-12-17T19:42:21+08:00 ] 221.192.178.210 GET /
[ info ] 103.122.92.168:9898/ [运行时间：0.041036s][吞吐率：24.37req/s] [内存消耗：1,404.12kb] [文件加载：74]
[ info ] [ LANG ] /www/wwwroot/mojing/thinkphp/lang/zh-cn.php
[ info ] [ ROUTE ] array (
)
[ info ] [ HEADER ] array (
  'accept-language' => 'zh-CN,en-US;q=0.9',
  'accept-encoding' => 'gzip, deflate',
  'accept' => 'text/html,application/xhtml+xml,application/xml;q=0.9,image/webp,image/apng,*/*;q=0.8',
  'starttime' => '1576554350570',
  'user-agent' => 'Mozilla/5.0 (Linux; Android 8.1.0; vivo X21A Build/OPM1.171019.011; wv) AppleWebKit/537.36 (KHTML, like Gecko) Chrome/62.0.3202.84 Mobile Safari/537.36 VivoBrowser/7.2.0.4',
  'upgrade-insecure-requests' => '1',
  'host' => '103.122.92.168:9898',
  'content-type' => '',
  'content-length' => '',
)
[ info ] [ PARAM ] array (
)
[ info ] [ CACHE ] INIT File
[ info ] [ SESSION ] INIT array (
  'id' => '',
  'var_session_id' => '',
  'prefix' => 'think',
  'type' => '',
  'auto_start' => true,
  'httponly' => true,
  'secure' => false,
)
[ info ] [ LOG ] INIT File
---------------------------------------------------------------
[ 2019-12-17T19:42:21+08:00 ] 221.192.178.210 GET /index/publics/index.html
[ info ] 103.122.92.168:9898/index/publics/index.html [运行时间：0.033760s][吞吐率：29.62req/s] [内存消耗：1,406.26kb] [文件加载：71]
[ info ] [ LANG ] /www/wwwroot/mojing/thinkphp/lang/zh-cn.php
[ info ] [ ROUTE ] array (
)
[ info ] [ HEADER ] array (
  'cookie' => 'PHPSESSID=voa5fdpjog3ctbcmkd1mpmrmao',
  'accept-language' => 'zh-CN,en-US;q=0.9',
  'accept-encoding' => 'gzip, deflate',
  'accept' => 'text/html,application/xhtml+xml,application/xml;q=0.9,image/webp,image/apng,*/*;q=0.8',
  'starttime' => '1576554350570',
  'user-agent' => 'Mozilla/5.0 (Linux; Android 8.1.0; vivo X21A Build/OPM1.171019.011; wv) AppleWebKit/537.36 (KHTML, like Gecko) Chrome/62.0.3202.84 Mobile Safari/537.36 VivoBrowser/7.2.0.4',
  'upgrade-insecure-requests' => '1',
  'host' => '103.122.92.168:9898',
  'content-type' => '',
  'content-length' => '',
)
[ info ] [ PARAM ] array (
)
[ info ] [ CACHE ] INIT File
[ info ] [ VIEW ] /www/wwwroot/mojing/application/index/view/publics/login.html [ array (
) ]
[ info ] [ LOG ] INIT File
---------------------------------------------------------------
[ 2019-12-17T19:42:40+08:00 ] 221.192.178.210 POST /index/publics/login.html
[ info ] 103.122.92.168:9898/index/publics/login.html [运行时间：0.059678s][吞吐率：16.76req/s] [内存消耗：2,347.14kb] [文件加载：85]
[ info ] [ LANG ] /www/wwwroot/mojing/thinkphp/lang/zh-cn.php
[ info ] [ ROUTE ] array (
)
[ info ] [ HEADER ] array (
  'cookie' => 'PHPSESSID=voa5fdpjog3ctbcmkd1mpmrmao',
  'accept-language' => 'zh-CN,en-US;q=0.9',
  'accept-encoding' => 'gzip, deflate',
  'referer' => 'http://103.122.92.168:9898/index/publics/index.html',
  'content-type' => 'application/x-www-form-urlencoded; charset=UTF-8',
  'user-agent' => 'Mozilla/5.0 (Linux; Android 8.1.0; vivo X21A Build/OPM1.171019.011; wv) AppleWebKit/537.36 (KHTML, like Gecko) Chrome/62.0.3202.84 Mobile Safari/537.36 VivoBrowser/7.2.0.4',
  'x-requested-with' => 'XMLHttpRequest',
  'origin' => 'http://103.122.92.168:9898',
  'accept' => 'application/json, text/javascript, */*; q=0.01',
  'content-length' => '35',
  'host' => '103.122.92.168:9898',
)
[ info ] [ PARAM ] array (
  'account' => '15222222222',
  'password' => '123456',
)
[ info ] [ CACHE ] INIT File
[ info ] [ DB ] INIT mysql
[ info ] [ SESSION ] INIT array (
  'id' => '',
  'var_session_id' => '',
  'prefix' => 'think',
  'type' => '',
  'auto_start' => true,
  'httponly' => true,
  'secure' => false,
)
[ info ] [ LOG ] INIT File
[ sql ] [ DB ] CONNECT:[ UseTime:0.000894s ] mysql:host=127.0.0.1;port=3306;dbname=mojing;charset=utf8
[ sql ] [ SQL ] SHOW COLUMNS FROM `user` [ RunTime:0.002257s ]
[ sql ] [ SQL ] SELECT * FROM `user` WHERE  `mobile` = '15222222222' LIMIT 1 [ RunTime:0.001572s ]
---------------------------------------------------------------
[ 2019-12-17T19:42:41+08:00 ] 221.192.178.210 GET /index/index/index.html
[ info ] 103.122.92.168:9898/index/index/index.html [运行时间：0.087628s][吞吐率：11.41req/s] [内存消耗：2,242.27kb] [文件加载：87]
[ info ] [ LANG ] /www/wwwroot/mojing/thinkphp/lang/zh-cn.php
[ info ] [ ROUTE ] array (
)
[ info ] [ HEADER ] array (
  'cookie' => 'PHPSESSID=voa5fdpjog3ctbcmkd1mpmrmao',
  'accept-language' => 'zh-CN,en-US;q=0.9',
  'accept-encoding' => 'gzip, deflate',
  'referer' => 'http://103.122.92.168:9898/index/publics/index.html',
  'accept' => 'text/html,application/xhtml+xml,application/xml;q=0.9,image/webp,image/apng,*/*;q=0.8',
  'starttime' => '1576554370656',
  'user-agent' => 'Mozilla/5.0 (Linux; Android 8.1.0; vivo X21A Build/OPM1.171019.011; wv) AppleWebKit/537.36 (KHTML, like Gecko) Chrome/62.0.3202.84 Mobile Safari/537.36 VivoBrowser/7.2.0.4',
  'upgrade-insecure-requests' => '1',
  'host' => '103.122.92.168:9898',
  'content-type' => '',
  'content-length' => '',
)
[ info ] [ PARAM ] array (
)
[ info ] [ CACHE ] INIT File
[ info ] [ SESSION ] INIT array (
  'id' => '',
  'var_session_id' => '',
  'prefix' => 'think',
  'type' => '',
  'auto_start' => true,
  'httponly' => true,
  'secure' => false,
)
[ info ] [ DB ] INIT mysql
[ info ] [ VIEW ] /www/wwwroot/mojing/application/index/view/index/index.html [ array (
  0 => 'list',
  1 => 'sl',
) ]
[ info ] [ LOG ] INIT File
[ sql ] [ DB ] CONNECT:[ UseTime:0.000755s ] mysql:host=127.0.0.1;port=3306;dbname=mojing;charset=utf8
[ sql ] [ SQL ] SHOW COLUMNS FROM `user` [ RunTime:0.002830s ]
[ sql ] [ SQL ] SELECT * FROM `user` WHERE  `id` = 32706 LIMIT 1 [ RunTime:0.001342s ]
[ sql ] [ SQL ] SHOW COLUMNS FROM `article` [ RunTime:0.008172s ]
[ sql ] [ SQL ] SELECT * FROM `article` WHERE  `category` = 1 [ RunTime:0.001292s ]
[ sql ] [ SQL ] SHOW COLUMNS FROM `sl` [ RunTime:0.004069s ]
[ sql ] [ SQL ] SELECT * FROM `sl` WHERE  `types` = 1 [ RunTime:0.000566s ]
---------------------------------------------------------------
[ 2019-12-17T19:42:52+08:00 ] 221.192.178.210 GET /index/index/phb
[ info ] 103.122.92.168:9898/index/index/phb [运行时间：0.053978s][吞吐率：18.53req/s] [内存消耗：2,112.03kb] [文件加载：82]
[ info ] [ LANG ] /www/wwwroot/mojing/thinkphp/lang/zh-cn.php
[ info ] [ ROUTE ] array (
)
[ info ] [ HEADER ] array (
  'cookie' => 'PHPSESSID=voa5fdpjog3ctbcmkd1mpmrmao',
  'accept-language' => 'zh-CN,en-US;q=0.9',
  'accept-encoding' => 'gzip, deflate',
  'referer' => 'http://103.122.92.168:9898/index/index/index.html',
  'accept' => 'text/html,application/xhtml+xml,application/xml;q=0.9,image/webp,image/apng,*/*;q=0.8',
  'starttime' => '1576554382204',
  'user-agent' => 'Mozilla/5.0 (Linux; Android 8.1.0; vivo X21A Build/OPM1.171019.011; wv) AppleWebKit/537.36 (KHTML, like Gecko) Chrome/62.0.3202.84 Mobile Safari/537.36 VivoBrowser/7.2.0.4',
  'upgrade-insecure-requests' => '1',
  'host' => '103.122.92.168:9898',
  'content-type' => '',
  'content-length' => '',
)
[ info ] [ PARAM ] array (
)
[ info ] [ CACHE ] INIT File
[ info ] [ SESSION ] INIT array (
  'id' => '',
  'var_session_id' => '',
  'prefix' => 'think',
  'type' => '',
  'auto_start' => true,
  'httponly' => true,
  'secure' => false,
)
[ info ] [ DB ] INIT mysql
[ info ] [ VIEW ] /www/wwwroot/mojing/application/index/view/index/phb.html [ array (
  0 => 'list',
) ]
[ info ] [ LOG ] INIT File
[ sql ] [ DB ] CONNECT:[ UseTime:0.000846s ] mysql:host=127.0.0.1;port=3306;dbname=mojing;charset=utf8
[ sql ] [ SQL ] SHOW COLUMNS FROM `user` [ RunTime:0.002138s ]
[ sql ] [ SQL ] SELECT `nick_name`,`avatar`,`product_rate` FROM `user` ORDER BY `product_rate`  desc LIMIT 20 [ RunTime:0.001251s ]
---------------------------------------------------------------
[ 2019-12-17T19:42:53+08:00 ] 221.192.178.210 GET /uploads/20180617/25c5701fafc740ab68953665bedaa122.jpg
[ info ] 103.122.92.168:9898/uploads/20180617/25c5701fafc740ab68953665bedaa122.jpg [运行时间：0.031763s][吞吐率：31.48req/s] [内存消耗：829.54kb] [文件加载：51]
[ info ] [ LANG ] /www/wwwroot/mojing/thinkphp/lang/zh-cn.php
[ info ] [ ROUTE ] array (
)
[ info ] [ HEADER ] array (
  'cookie' => 'PHPSESSID=voa5fdpjog3ctbcmkd1mpmrmao',
  'accept-language' => 'zh-CN,en-US;q=0.9',
  'accept-encoding' => 'gzip, deflate',
  'referer' => 'http://103.122.92.168:9898/index/index/phb',
  'accept' => 'image/webp,image/apng,image/*,*/*;q=0.8',
  'user-agent' => 'Mozilla/5.0 (Linux; Android 8.1.0; vivo X21A Build/OPM1.171019.011; wv) AppleWebKit/537.36 (KHTML, like Gecko) Chrome/62.0.3202.84 Mobile Safari/537.36 VivoBrowser/7.2.0.4',
  'connection' => 'keep-alive',
  'host' => '103.122.92.168:9898',
  'content-type' => '',
  'content-length' => '',
)
[ info ] [ PARAM ] array (
)
[ info ] [ LOG ] INIT File
---------------------------------------------------------------
[ 2019-12-17T19:42:53+08:00 ] 221.192.178.210 GET /uploads/20180616/24eb5f6930c64a9e49d9bbec235039f5.png
[ info ] 103.122.92.168:9898/uploads/20180616/24eb5f6930c64a9e49d9bbec235039f5.png [运行时间：0.032490s][吞吐率：30.78req/s] [内存消耗：829.54kb] [文件加载：51]
[ info ] [ LANG ] /www/wwwroot/mojing/thinkphp/lang/zh-cn.php
[ info ] [ ROUTE ] array (
)
[ info ] [ HEADER ] array (
  'cookie' => 'PHPSESSID=voa5fdpjog3ctbcmkd1mpmrmao',
  'accept-language' => 'zh-CN,en-US;q=0.9',
  'accept-encoding' => 'gzip, deflate',
  'referer' => 'http://103.122.92.168:9898/index/index/phb',
  'accept' => 'image/webp,image/apng,image/*,*/*;q=0.8',
  'user-agent' => 'Mozilla/5.0 (Linux; Android 8.1.0; vivo X21A Build/OPM1.171019.011; wv) AppleWebKit/537.36 (KHTML, like Gecko) Chrome/62.0.3202.84 Mobile Safari/537.36 VivoBrowser/7.2.0.4',
  'connection' => 'keep-alive',
  'host' => '103.122.92.168:9898',
  'content-type' => '',
  'content-length' => '',
)
[ info ] [ PARAM ] array (
)
[ info ] [ LOG ] INIT File
---------------------------------------------------------------
[ 2019-12-17T19:42:53+08:00 ] 221.192.178.210 GET /uploads/20180617/653765700a987b39d407edcdf0e49f0a.jpg
[ info ] 103.122.92.168:9898/uploads/20180617/653765700a987b39d407edcdf0e49f0a.jpg [运行时间：0.020870s][吞吐率：47.92req/s] [内存消耗：829.54kb] [文件加载：51]
[ info ] [ LANG ] /www/wwwroot/mojing/thinkphp/lang/zh-cn.php
[ info ] [ ROUTE ] array (
)
[ info ] [ HEADER ] array (
  'cookie' => 'PHPSESSID=voa5fdpjog3ctbcmkd1mpmrmao',
  'accept-language' => 'zh-CN,en-US;q=0.9',
  'accept-encoding' => 'gzip, deflate',
  'referer' => 'http://103.122.92.168:9898/index/index/phb',
  'accept' => 'image/webp,image/apng,image/*,*/*;q=0.8',
  'user-agent' => 'Mozilla/5.0 (Linux; Android 8.1.0; vivo X21A Build/OPM1.171019.011; wv) AppleWebKit/537.36 (KHTML, like Gecko) Chrome/62.0.3202.84 Mobile Safari/537.36 VivoBrowser/7.2.0.4',
  'connection' => 'keep-alive',
  'host' => '103.122.92.168:9898',
  'content-type' => '',
  'content-length' => '',
)
[ info ] [ PARAM ] array (
)
[ info ] [ LOG ] INIT File
---------------------------------------------------------------
[ 2019-12-17T19:42:57+08:00 ] 221.192.178.210 GET /index/market/index
[ info ] 103.122.92.168:9898/index/market/index [运行时间：0.081284s][吞吐率：12.30req/s] [内存消耗：2,292.21kb] [文件加载：86]
[ info ] [ LANG ] /www/wwwroot/mojing/thinkphp/lang/zh-cn.php
[ info ] [ ROUTE ] array (
)
[ info ] [ HEADER ] array (
  'cookie' => 'PHPSESSID=voa5fdpjog3ctbcmkd1mpmrmao',
  'accept-language' => 'zh-CN,en-US;q=0.9',
  'accept-encoding' => 'gzip, deflate',
  'referer' => 'http://103.122.92.168:9898/index/index/index.html',
  'accept' => 'text/html,application/xhtml+xml,application/xml;q=0.9,image/webp,image/apng,*/*;q=0.8',
  'starttime' => '1576554386467',
  'user-agent' => 'Mozilla/5.0 (Linux; Android 8.1.0; vivo X21A Build/OPM1.171019.011; wv) AppleWebKit/537.36 (KHTML, like Gecko) Chrome/62.0.3202.84 Mobile Safari/537.36 VivoBrowser/7.2.0.4',
  'upgrade-insecure-requests' => '1',
  'host' => '103.122.92.168:9898',
  'content-type' => '',
  'content-length' => '',
)
[ info ] [ PARAM ] array (
)
[ info ] [ SESSION ] INIT array (
  'id' => '',
  'var_session_id' => '',
  'prefix' => 'think',
  'type' => '',
  'auto_start' => true,
  'httponly' => true,
  'secure' => false,
)
[ info ] [ DB ] INIT mysql
[ info ] [ CACHE ] INIT File
[ info ] [ VIEW ] /www/wwwroot/mojing/application/index/view/market/index.html [ array (
  0 => 'prices',
  1 => 'market_price_rate',
  2 => 'number_min',
  3 => 'number_max',
  4 => 'magic',
  5 => 'market_number',
  6 => 'market_total',
) ]
[ info ] [ LOG ] INIT File
[ sql ] [ DB ] CONNECT:[ UseTime:0.000756s ] mysql:host=127.0.0.1;port=3306;dbname=mojing;charset=utf8
[ sql ] [ SQL ] SHOW COLUMNS FROM `user` [ RunTime:0.001882s ]
[ sql ] [ SQL ] SELECT * FROM `user` WHERE  `id` = 32706 LIMIT 1 [ RunTime:0.000646s ]
[ sql ] [ SQL ] SHOW COLUMNS FROM `market_price` [ RunTime:0.002974s ]
[ sql ] [ SQL ] SELECT * FROM `market_price` WHERE  `creates_time` >= 1576512000  AND `creates_time` < 1576598400 LIMIT 1 [ RunTime:0.002807s ]
[ sql ] [ SQL ] SELECT * FROM `market_price` WHERE  `creates_time` < 1576512000 ORDER BY `id`  desc LIMIT 1 [ RunTime:0.001060s ]
[ sql ] [ SQL ] INSERT INTO `market_price` (`price` , `creates_time`) VALUES (0.78 , 1576582977) [ RunTime:0.003608s ]
[ sql ] [ SQL ] SELECT * FROM `market_price` WHERE  `creates_time` < 1576512000 ORDER BY `id`  desc LIMIT 1 [ RunTime:0.000688s ]
[ sql ] [ SQL ] SELECT * FROM `market_price` ORDER BY `id`  desc LIMIT 5 [ RunTime:0.000607s ]
[ sql ] [ SQL ] SELECT `magic` FROM `user` WHERE  `id` = 32706 LIMIT 1 [ RunTime:0.001054s ]
---------------------------------------------------------------
[ 2019-12-17T19:42:58+08:00 ] 221.192.178.210 GET /index/market/buylist.html?page=1&limit=10&mobile=
[ info ] 103.122.92.168:9898/index/market/buylist.html?page=1&limit=10&mobile= [运行时间：0.047840s][吞吐率：20.90req/s] [内存消耗：2,158.58kb] [文件加载：83]
[ info ] [ LANG ] /www/wwwroot/mojing/thinkphp/lang/zh-cn.php
[ info ] [ ROUTE ] array (
)
[ info ] [ HEADER ] array (
  'cookie' => 'PHPSESSID=voa5fdpjog3ctbcmkd1mpmrmao',
  'accept-language' => 'zh-CN,en-US;q=0.9',
  'accept-encoding' => 'gzip, deflate',
  'referer' => 'http://103.122.92.168:9898/index/market/index',
  'user-agent' => 'Mozilla/5.0 (Linux; Android 8.1.0; vivo X21A Build/OPM1.171019.011; wv) AppleWebKit/537.36 (KHTML, like Gecko) Chrome/62.0.3202.84 Mobile Safari/537.36 VivoBrowser/7.2.0.4',
  'x-requested-with' => 'XMLHttpRequest',
  'accept' => 'application/json, text/javascript, */*; q=0.01',
  'host' => '103.122.92.168:9898',
  'content-type' => '',
  'content-length' => '',
)
[ info ] [ PARAM ] array (
  'page' => '1',
  'limit' => '10',
  'mobile' => '',
)
[ info ] [ SESSION ] INIT array (
  'id' => '',
  'var_session_id' => '',
  'prefix' => 'think',
  'type' => '',
  'auto_start' => true,
  'httponly' => true,
  'secure' => false,
)
[ info ] [ DB ] INIT mysql
[ info ] [ CACHE ] INIT File
[ info ] [ LOG ] INIT File
[ sql ] [ DB ] CONNECT:[ UseTime:0.000697s ] mysql:host=127.0.0.1;port=3306;dbname=mojing;charset=utf8
[ sql ] [ SQL ] SHOW COLUMNS FROM `user` [ RunTime:0.002220s ]
[ sql ] [ SQL ] SELECT * FROM `user` WHERE  `id` = 32706 LIMIT 1 [ RunTime:0.000719s ]
---------------------------------------------------------------
[ 2019-12-17T19:43:00+08:00 ] 221.192.178.210 GET /index/member/login.html
[ info ] 103.122.92.168:9898/index/member/login.html [运行时间：0.032783s][吞吐率：30.50req/s] [内存消耗：1,450.77kb] [文件加载：74]
[ info ] [ LANG ] /www/wwwroot/mojing/thinkphp/lang/zh-cn.php
[ info ] [ ROUTE ] array (
)
[ info ] [ HEADER ] array (
  'cookie' => 'PHPSESSID=voa5fdpjog3ctbcmkd1mpmrmao',
  'accept-language' => 'zh-CN,en-US;q=0.9',
  'accept-encoding' => 'gzip, deflate',
  'referer' => 'http://103.122.92.168:9898/index/market/index',
  'accept' => 'text/html,application/xhtml+xml,application/xml;q=0.9,image/webp,image/apng,*/*;q=0.8',
  'starttime' => '1576554389846',
  'user-agent' => 'Mozilla/5.0 (Linux; Android 8.1.0; vivo X21A Build/OPM1.171019.011; wv) AppleWebKit/537.36 (KHTML, like Gecko) Chrome/62.0.3202.84 Mobile Safari/537.36 VivoBrowser/7.2.0.4',
  'upgrade-insecure-requests' => '1',
  'host' => '103.122.92.168:9898',
  'content-type' => '',
  'content-length' => '',
)
[ info ] [ PARAM ] array (
)
[ info ] [ CACHE ] INIT File
[ info ] [ SESSION ] INIT array (
  'id' => '',
  'var_session_id' => '',
  'prefix' => 'think',
  'type' => '',
  'auto_start' => true,
  'httponly' => true,
  'secure' => false,
)
[ info ] [ VIEW ] /www/wwwroot/mojing/application/index/view/member/login.html [ array (
) ]
[ info ] [ LOG ] INIT File
---------------------------------------------------------------
[ 2019-12-17T19:43:04+08:00 ] 116.198.15.1 GET /index/member/login.html
[ info ] 103.122.92.168:9898/index/member/login.html [运行时间：0.034397s][吞吐率：29.07req/s] [内存消耗：1,452.05kb] [文件加载：74]
[ info ] [ LANG ] /www/wwwroot/mojing/thinkphp/lang/zh-cn.php
[ info ] [ ROUTE ] array (
)
[ info ] [ HEADER ] array (
  'accept-encoding' => 'gzip,deflate',
  'connection' => 'Keep-Alive',
  'host' => '103.122.92.168:9898',
  'accept-language' => 'zh-CN,zh;q=0.9,en;q=0.8,zh-TW;q=0.7',
  'accept' => 'text/html,application/xhtml+xml,application/xml;q=0.9,image/webp,image/apng,*/*;q=0.8,application/signed-exchange;v=b3',
  'user-agent' => 'Mozilla/5.0 (Linux; U; Android 8.1.0; zh-CN; EML-TL00 Build/HUAWEIEML-TL00) AppleWebKit/537.36 (KHTML, like Gecko) Version/4.0 Chrome/57.0.2987.108 UCBrowser/11.9.4.974 UWS/2.14.0.13 Mobile Safari/537.36 AliApp(TB/7.10.4) UCBS/2.11.1.1 TTID/227200@taobao_android_7.10.4 WindVane/8.3.0 1080X2244',
  'content-type' => '',
  'content-length' => '',
)
[ info ] [ PARAM ] array (
)
[ info ] [ CACHE ] INIT File
[ info ] [ SESSION ] INIT array (
  'id' => '',
  'var_session_id' => '',
  'prefix' => 'think',
  'type' => '',
  'auto_start' => true,
  'httponly' => true,
  'secure' => false,
)
[ info ] [ LOG ] INIT File
---------------------------------------------------------------
[ 2019-12-17T19:43:04+08:00 ] 116.198.15.1 GET /index/publics/index.html
[ info ] 103.122.92.168:9898/index/publics/index.html [运行时间：0.032654s][吞吐率：30.62req/s] [内存消耗：1,405.22kb] [文件加载：71]
[ info ] [ LANG ] /www/wwwroot/mojing/thinkphp/lang/zh-cn.php
[ info ] [ ROUTE ] array (
)
[ info ] [ HEADER ] array (
  'accept-encoding' => 'gzip,deflate',
  'connection' => 'Keep-Alive',
  'host' => '103.122.92.168:9898',
  'accept-language' => 'zh-CN,zh;q=0.9,en;q=0.8,zh-TW;q=0.7',
  'accept' => 'text/html,application/xhtml+xml,application/xml;q=0.9,image/webp,image/apng,*/*;q=0.8,application/signed-exchange;v=b3',
  'user-agent' => 'Mozilla/5.0 (Linux; U; Android 8.1.0; zh-CN; EML-TL00 Build/HUAWEIEML-TL00) AppleWebKit/537.36 (KHTML, like Gecko) Version/4.0 Chrome/57.0.2987.108 UCBrowser/11.9.4.974 UWS/2.14.0.13 Mobile Safari/537.36 AliApp(TB/7.10.4) UCBS/2.11.1.1 TTID/227200@taobao_android_7.10.4 WindVane/8.3.0 1080X2244',
  'content-type' => '',
  'content-length' => '',
)
[ info ] [ PARAM ] array (
)
[ info ] [ CACHE ] INIT File
[ info ] [ VIEW ] /www/wwwroot/mojing/application/index/view/publics/login.html [ array (
) ]
[ info ] [ LOG ] INIT File
---------------------------------------------------------------
[ 2019-12-17T20:08:37+08:00 ] 39.149.176.48 GET /index/publics/index.html?nsukey=1oFcfI%2BQ3otLAo9AjIpdtLndsFrhxWOKRlSf8kz678sj2cFPajisyu1duUe%2Fx2fTJpDsh3NTlVLlGRNhLBjjXDStWCOU9e5Ax75Mqry8hbia06hsGdKwGb%2FGKYaKyG%2BHfNeIx53xMQ9Eic9BxKe206UePq1%2B6ThVk47jfdsZtIYMXoLxrvtNvFv6sF7ge4iImDn4OHUSXrSNpf0eqJhb6Q%3D%3D
[ info ] mojing.aichuang123.cn:81/index/publics/index.html?nsukey=1oFcfI%2BQ3otLAo9AjIpdtLndsFrhxWOKRlSf8kz678sj2cFPajisyu1duUe%2Fx2fTJpDsh3NTlVLlGRNhLBjjXDStWCOU9e5Ax75Mqry8hbia06hsGdKwGb%2FGKYaKyG%2BHfNeIx53xMQ9Eic9BxKe206UePq1%2B6ThVk47jfdsZtIYMXoLxrvtNvFv6sF7ge4iImDn4OHUSXrSNpf0eqJhb6Q%3D%3D [运行时间：0.040027s][吞吐率：24.98req/s] [内存消耗：1,408.44kb] [文件加载：71]
[ info ] [ LANG ] /www/wwwroot/mojing/thinkphp/lang/zh-cn.php
[ info ] [ ROUTE ] array (
)
[ info ] [ HEADER ] array (
  'x-forwarded-for-pound' => '39.149.176.48',
  'x-forwarded-for' => '39.149.176.48',
  'user-agent' => 'Mozilla/5.0 (Linux; Android 10; TAS-AL00 Build/HUAWEITAS-AL00; wv) AppleWebKit/537.36 (KHTML, like Gecko) Version/4.0 Chrome/66.0.3359.126 MQQBrowser/6.2 TBS/45016 Mobile Safari/537.36 MMWEBID/1146 MicroMessenger/7.0.9.1560(0x27000935) Process/tools NetType/WIFI Language/zh_CN ABI/arm64',
  'upgrade-insecure-requests' => '1',
  'host' => 'mojing.aichuang123.cn:81',
  'cookie' => 'UM_distinctid=16f11e9d21344-035c1acb287988-58544c7e-448e0-16f11e9d214b',
  'connection' => 'close',
  'accept-language' => 'zh-CN,en-US;q=0.9',
  'accept-encoding' => 'gzip',
  'accept' => 'text/html,application/xhtml+xml,application/xml;q=0.9,image/webp,image/apng,image/wxpic,image/sharpp,image/apng,image/tpg,*/*;q=0.8',
  'content-type' => '',
  'content-length' => '',
)
[ info ] [ PARAM ] array (
  'nsukey' => '1oFcfI+Q3otLAo9AjIpdtLndsFrhxWOKRlSf8kz678sj2cFPajisyu1duUe/x2fTJpDsh3NTlVLlGRNhLBjjXDStWCOU9e5Ax75Mqry8hbia06hsGdKwGb/GKYaKyG+HfNeIx53xMQ9Eic9BxKe206UePq1+6ThVk47jfdsZtIYMXoLxrvtNvFv6sF7ge4iImDn4OHUSXrSNpf0eqJhb6Q==',
)
[ info ] [ CACHE ] INIT File
[ info ] [ VIEW ] /www/wwwroot/mojing/application/index/view/publics/login.html [ array (
) ]
[ info ] [ LOG ] INIT File
---------------------------------------------------------------
[ 2019-12-17T20:09:36+08:00 ] 101.91.62.99 GET /index/publics/index.html?nsukey=1oFcfI%2BQ3otLAo9AjIpdtLndsFrhxWOKRlSf8kz678sj2cFPajisyu1duUe%2Fx2fTJpDsh3NTlVLlGRNhLBjjXDStWCOU9e5Ax75Mqry8hbia06hsGdKwGb%2FGKYaKyG%2BHfNeIx53xMQ9Eic9BxKe206UePq1%2B6ThVk47jfdsZtIYMXoLxrvtNvFv6sF7ge4iImDn4OHUSXrSNpf0eqJhb6Q%3D%3D
[ info ] mojing.aichuang123.cn:81/index/publics/index.html?nsukey=1oFcfI%2BQ3otLAo9AjIpdtLndsFrhxWOKRlSf8kz678sj2cFPajisyu1duUe%2Fx2fTJpDsh3NTlVLlGRNhLBjjXDStWCOU9e5Ax75Mqry8hbia06hsGdKwGb%2FGKYaKyG%2BHfNeIx53xMQ9Eic9BxKe206UePq1%2B6ThVk47jfdsZtIYMXoLxrvtNvFv6sF7ge4iImDn4OHUSXrSNpf0eqJhb6Q%3D%3D [运行时间：0.030611s][吞吐率：32.67req/s] [内存消耗：1,405.61kb] [文件加载：71]
[ info ] [ LANG ] /www/wwwroot/mojing/thinkphp/lang/zh-cn.php
[ info ] [ ROUTE ] array (
)
[ info ] [ HEADER ] array (
  'connection' => 'keep-alive',
  'host' => 'mojing.aichuang123.cn:81',
  'accept-language' => 'zh-CN,zh;q=0.8,en-US;q=0.6,en;q=0.4',
  'accept' => '*/*',
  'user-agent' => 'Mozilla/5.0 (iPhone; CPU iPhone OS 10_2_1 like Mac OS X) AppleWebKit/602.4.6 (KHTML, like Gecko) Mobile/14D27 MicroMessenger/6.5.5 NetType/WIFI Language/zh_CN',
  'content-type' => '',
  'content-length' => '',
)
[ info ] [ PARAM ] array (
  'nsukey' => '1oFcfI+Q3otLAo9AjIpdtLndsFrhxWOKRlSf8kz678sj2cFPajisyu1duUe/x2fTJpDsh3NTlVLlGRNhLBjjXDStWCOU9e5Ax75Mqry8hbia06hsGdKwGb/GKYaKyG+HfNeIx53xMQ9Eic9BxKe206UePq1+6ThVk47jfdsZtIYMXoLxrvtNvFv6sF7ge4iImDn4OHUSXrSNpf0eqJhb6Q==',
)
[ info ] [ CACHE ] INIT File
[ info ] [ VIEW ] /www/wwwroot/mojing/application/index/view/publics/login.html [ array (
) ]
[ info ] [ LOG ] INIT File
---------------------------------------------------------------
[ 2019-12-17T20:09:53+08:00 ] 39.149.176.48 GET /index/publics/index.html?nsukey=luOQKSvrqveJaw%2B5hb8os5pWehBouebku2N4ifzlB5rRZeg10Dxec%2BN13rIzOPKIlA7879fAHeT2e1xOuUn1jLfe1rk1xWTxpzziq%2BhiRk7EFWWvQ1ng2ZMPcaurzxM7wZfu3nnb7jT08hefJYngWmmB0SPrLbIi0jfK%2Bs0VVphSVMA5v%2FehVgAbKZqUTNgdHb1EW7kIQYTizfM8lmpnRw%3D%3D
[ info ] mojing.aichuang123.cn:81/index/publics/index.html?nsukey=luOQKSvrqveJaw%2B5hb8os5pWehBouebku2N4ifzlB5rRZeg10Dxec%2BN13rIzOPKIlA7879fAHeT2e1xOuUn1jLfe1rk1xWTxpzziq%2BhiRk7EFWWvQ1ng2ZMPcaurzxM7wZfu3nnb7jT08hefJYngWmmB0SPrLbIi0jfK%2Bs0VVphSVMA5v%2FehVgAbKZqUTNgdHb1EW7kIQYTizfM8lmpnRw%3D%3D [运行时间：0.032139s][吞吐率：31.11req/s] [内存消耗：1,408.44kb] [文件加载：71]
[ info ] [ LANG ] /www/wwwroot/mojing/thinkphp/lang/zh-cn.php
[ info ] [ ROUTE ] array (
)
[ info ] [ HEADER ] array (
  'x-forwarded-for-pound' => '39.149.176.48',
  'x-forwarded-for' => '39.149.176.48',
  'user-agent' => 'Mozilla/5.0 (Linux; Android 10; TAS-AL00 Build/HUAWEITAS-AL00; wv) AppleWebKit/537.36 (KHTML, like Gecko) Version/4.0 Chrome/66.0.3359.126 MQQBrowser/6.2 TBS/45016 Mobile Safari/537.36 MMWEBID/1146 MicroMessenger/7.0.9.1560(0x27000935) Process/tools NetType/WIFI Language/zh_CN ABI/arm64',
  'upgrade-insecure-requests' => '1',
  'host' => 'mojing.aichuang123.cn:81',
  'cookie' => 'UM_distinctid=16f11e9d21344-035c1acb287988-58544c7e-448e0-16f11e9d214b',
  'connection' => 'close',
  'accept-language' => 'zh-CN,en-US;q=0.9',
  'accept-encoding' => 'gzip',
  'accept' => 'text/html,application/xhtml+xml,application/xml;q=0.9,image/webp,image/apng,image/wxpic,image/sharpp,image/apng,image/tpg,*/*;q=0.8',
  'content-type' => '',
  'content-length' => '',
)
[ info ] [ PARAM ] array (
  'nsukey' => 'luOQKSvrqveJaw+5hb8os5pWehBouebku2N4ifzlB5rRZeg10Dxec+N13rIzOPKIlA7879fAHeT2e1xOuUn1jLfe1rk1xWTxpzziq+hiRk7EFWWvQ1ng2ZMPcaurzxM7wZfu3nnb7jT08hefJYngWmmB0SPrLbIi0jfK+s0VVphSVMA5v/ehVgAbKZqUTNgdHb1EW7kIQYTizfM8lmpnRw==',
)
[ info ] [ CACHE ] INIT File
[ info ] [ VIEW ] /www/wwwroot/mojing/application/index/view/publics/login.html [ array (
) ]
[ info ] [ LOG ] INIT File
---------------------------------------------------------------
[ 2019-12-17T20:10:52+08:00 ] 101.89.29.97 GET /index/publics/index.html?nsukey=luOQKSvrqveJaw%2B5hb8os5pWehBouebku2N4ifzlB5rRZeg10Dxec%2BN13rIzOPKIlA7879fAHeT2e1xOuUn1jLfe1rk1xWTxpzziq%2BhiRk7EFWWvQ1ng2ZMPcaurzxM7wZfu3nnb7jT08hefJYngWmmB0SPrLbIi0jfK%2Bs0VVphSVMA5v%2FehVgAbKZqUTNgdHb1EW7kIQYTizfM8lmpnRw%3D%3D
[ info ] mojing.aichuang123.cn:81/index/publics/index.html?nsukey=luOQKSvrqveJaw%2B5hb8os5pWehBouebku2N4ifzlB5rRZeg10Dxec%2BN13rIzOPKIlA7879fAHeT2e1xOuUn1jLfe1rk1xWTxpzziq%2BhiRk7EFWWvQ1ng2ZMPcaurzxM7wZfu3nnb7jT08hefJYngWmmB0SPrLbIi0jfK%2Bs0VVphSVMA5v%2FehVgAbKZqUTNgdHb1EW7kIQYTizfM8lmpnRw%3D%3D [运行时间：0.032864s][吞吐率：30.43req/s] [内存消耗：1,405.67kb] [文件加载：71]
[ info ] [ LANG ] /www/wwwroot/mojing/thinkphp/lang/zh-cn.php
[ info ] [ ROUTE ] array (
)
[ info ] [ HEADER ] array (
  'connection' => 'keep-alive',
  'host' => 'mojing.aichuang123.cn:81',
  'accept-language' => 'zh-CN,zh;q=0.8,en-US;q=0.6,en;q=0.4',
  'accept' => '*/*',
  'user-agent' => 'Mozilla/5.0 (Windows NT 6.1; WOW64) AppleWebKit/537.36 (KHTML, like Gecko) Chrome/39.0.2171.95 Safari/537.36 MicroMessenger/6.5.2.501 NetType/WIFI WindowsWechat QBCore/3.43.27.400 QQBrowser/9.0.2524.400',
  'content-type' => '',
  'content-length' => '',
)
[ info ] [ PARAM ] array (
  'nsukey' => 'luOQKSvrqveJaw+5hb8os5pWehBouebku2N4ifzlB5rRZeg10Dxec+N13rIzOPKIlA7879fAHeT2e1xOuUn1jLfe1rk1xWTxpzziq+hiRk7EFWWvQ1ng2ZMPcaurzxM7wZfu3nnb7jT08hefJYngWmmB0SPrLbIi0jfK+s0VVphSVMA5v/ehVgAbKZqUTNgdHb1EW7kIQYTizfM8lmpnRw==',
)
[ info ] [ CACHE ] INIT File
[ info ] [ VIEW ] /www/wwwroot/mojing/application/index/view/publics/login.html [ array (
) ]
[ info ] [ LOG ] INIT File
---------------------------------------------------------------
[ 2019-12-17T20:10:54+08:00 ] 101.91.62.99 GET /index/publics/index.html
[ info ] mojing.aichuang123.cn:81/index/publics/index.html [运行时间：0.032852s][吞吐率：30.44req/s] [内存消耗：1,404.70kb] [文件加载：71]
[ info ] [ LANG ] /www/wwwroot/mojing/thinkphp/lang/zh-cn.php
[ info ] [ ROUTE ] array (
)
[ info ] [ HEADER ] array (
  'connection' => 'keep-alive',
  'host' => 'mojing.aichuang123.cn:81',
  'accept-language' => 'zh-CN,zh;q=0.8,en-US;q=0.6,en;q=0.4',
  'accept' => '*/*',
  'user-agent' => 'Mozilla/5.0 (Linux; Android 4.4.4; HUAWEI ALE-CL00 Build/HuaweiALE-CL00; wv) AppleWebKit/537.36 (KHTML, like Gecko) Version/4.0 Chrome/53.0.2785.49 Mobile MQQBrowser/6.2 TBS/043024 Safari/537.36 MicroMessenger/6.5.4.1000 NetType/4G Language/zh_CN',
  'content-type' => '',
  'content-length' => '',
)
[ info ] [ PARAM ] array (
)
[ info ] [ CACHE ] INIT File
[ info ] [ VIEW ] /www/wwwroot/mojing/application/index/view/publics/login.html [ array (
) ]
[ info ] [ LOG ] INIT File
