---------------------------------------------------------------
[ 2019-12-23T01:33:12+08:00 ] 121.205.188.6 GET /index/publics/index.html?nsukey=sxvuZgZdKgHO8SuJGPDMHVio2BnmGWEkxGOqWIdF10xH5I6RPK4IgVtPmTogIOCqxtD08ZgfgBESG7S4wi%2BniNjX0zNDu8iuYC%2FM0juk8kDLoT4KlDiFnXCxdrGJGzGVMphVXrczcEQBOH2jXgtIZJIFOv0bRqOBfR0Q7WPgGyt729qjM3MaBj2RTcRQFYJ%2Fh3pf8Wi7sRSC8ErLy9SpMA%3D%3D
[ info ] mojing.aichuang123.cn:81/index/publics/index.html?nsukey=sxvuZgZdKgHO8SuJGPDMHVio2BnmGWEkxGOqWIdF10xH5I6RPK4IgVtPmTogIOCqxtD08ZgfgBESG7S4wi%2BniNjX0zNDu8iuYC%2FM0juk8kDLoT4KlDiFnXCxdrGJGzGVMphVXrczcEQBOH2jXgtIZJIFOv0bRqOBfR0Q7WPgGyt729qjM3MaBj2RTcRQFYJ%2Fh3pf8Wi7sRSC8ErLy9SpMA%3D%3D [运行时间：0.036739s][吞吐率：27.22req/s] [内存消耗：1,408.27kb] [文件加载：71]
[ info ] [ LANG ] /www/wwwroot/mojing/thinkphp/lang/zh-cn.php
[ info ] [ ROUTE ] array (
)
[ info ] [ HEADER ] array (
  'x-requested-with' => 'com.tencent.mm',
  'cookie' => 'PHPSESSID=dhjgojj5ajiefo9jb5ljf9hoqu',
  'accept-language' => 'zh-CN,en-US;q=0.9',
  'accept-encoding' => 'gzip, deflate',
  'accept' => 'text/html,application/xhtml+xml,application/xml;q=0.9,image/webp,image/wxpic,image/tpg,image/apng,*/*;q=0.8',
  'user-agent' => 'Mozilla/5.0 (Linux; Android 9; V1836A Build/PKQ1.181030.001; wv) AppleWebKit/537.36 (KHTML, like Gecko) Version/4.0 Chrome/67.0.3396.87 XWEB/1050 MMWEBSDK/191102 Mobile Safari/537.36 MMWEBID/346 MicroMessenger/7.0.9.1560(0x27000935) Process/tools NetType/WIFI Language/zh_CN ABI/arm64',
  'upgrade-insecure-requests' => '1',
  'connection' => 'keep-alive',
  'host' => 'mojing.aichuang123.cn:81',
  'content-type' => '',
  'content-length' => '',
)
[ info ] [ PARAM ] array (
  'nsukey' => 'sxvuZgZdKgHO8SuJGPDMHVio2BnmGWEkxGOqWIdF10xH5I6RPK4IgVtPmTogIOCqxtD08ZgfgBESG7S4wi+niNjX0zNDu8iuYC/M0juk8kDLoT4KlDiFnXCxdrGJGzGVMphVXrczcEQBOH2jXgtIZJIFOv0bRqOBfR0Q7WPgGyt729qjM3MaBj2RTcRQFYJ/h3pf8Wi7sRSC8ErLy9SpMA==',
)
[ info ] [ CACHE ] INIT File
[ info ] [ VIEW ] /www/wwwroot/mojing/application/index/view/publics/login.html [ array (
) ]
[ info ] [ LOG ] INIT File
---------------------------------------------------------------
[ 2019-12-23T01:33:22+08:00 ] 121.205.188.6 POST /index/publics/login.html
[ info ] mojing.aichuang123.cn:81/index/publics/login.html [运行时间：0.048236s][吞吐率：20.73req/s] [内存消耗：2,347.82kb] [文件加载：85]
[ info ] [ LANG ] /www/wwwroot/mojing/thinkphp/lang/zh-cn.php
[ info ] [ ROUTE ] array (
)
[ info ] [ HEADER ] array (
  'cookie' => 'PHPSESSID=dhjgojj5ajiefo9jb5ljf9hoqu',
  'accept-language' => 'zh-CN,en-US;q=0.9',
  'accept-encoding' => 'gzip, deflate',
  'referer' => 'http://mojing.aichuang123.cn:81/index/publics/index.html?nsukey=sxvuZgZdKgHO8SuJGPDMHVio2BnmGWEkxGOqWIdF10xH5I6RPK4IgVtPmTogIOCqxtD08ZgfgBESG7S4wi%2BniNjX0zNDu8iuYC%2FM0juk8kDLoT4KlDiFnXCxdrGJGzGVMphVXrczcEQBOH2jXgtIZJIFOv0bRqOBfR0Q7WPgGyt729qjM3MaBj2RTcRQFYJ%2Fh3pf8Wi7sRSC8ErLy9SpMA%3D%3D',
  'content-type' => 'application/x-www-form-urlencoded; charset=UTF-8',
  'user-agent' => 'Mozilla/5.0 (Linux; Android 9; V1836A Build/PKQ1.181030.001; wv) AppleWebKit/537.36 (KHTML, like Gecko) Version/4.0 Chrome/67.0.3396.87 XWEB/1050 MMWEBSDK/191102 Mobile Safari/537.36 MMWEBID/346 MicroMessenger/7.0.9.1560(0x27000935) Process/tools NetType/WIFI Language/zh_CN ABI/arm64',
  'x-requested-with' => 'XMLHttpRequest',
  'origin' => 'http://mojing.aichuang123.cn:81',
  'accept' => 'application/json, text/javascript, */*; q=0.01',
  'content-length' => '35',
  'connection' => 'keep-alive',
  'host' => 'mojing.aichuang123.cn:81',
)
[ info ] [ PARAM ] array (
  'account' => '14444444444',
  'password' => '123456',
)
[ info ] [ CACHE ] INIT File
[ info ] [ DB ] INIT mysql
[ info ] [ SESSION ] INIT array (
  'id' => '',
  'var_session_id' => '',
  'prefix' => 'think',
  'type' => '',
  'auto_start' => true,
  'httponly' => true,
  'secure' => false,
)
[ info ] [ LOG ] INIT File
[ sql ] [ DB ] CONNECT:[ UseTime:0.000649s ] mysql:host=127.0.0.1;port=3306;dbname=mojing;charset=utf8
[ sql ] [ SQL ] SHOW COLUMNS FROM `user` [ RunTime:0.003009s ]
[ sql ] [ SQL ] SELECT * FROM `user` WHERE  `mobile` = '14444444444' LIMIT 1 [ RunTime:0.001314s ]
---------------------------------------------------------------
[ 2019-12-23T01:33:23+08:00 ] 121.205.188.6 GET /index/index/index.html
[ info ] mojing.aichuang123.cn:81/index/index/index.html [运行时间：0.045009s][吞吐率：22.22req/s] [内存消耗：2,243.09kb] [文件加载：87]
[ info ] [ LANG ] /www/wwwroot/mojing/thinkphp/lang/zh-cn.php
[ info ] [ ROUTE ] array (
)
[ info ] [ HEADER ] array (
  'x-requested-with' => 'com.tencent.mm',
  'cookie' => 'PHPSESSID=dhjgojj5ajiefo9jb5ljf9hoqu',
  'accept-language' => 'zh-CN,en-US;q=0.9',
  'accept-encoding' => 'gzip, deflate',
  'referer' => 'http://mojing.aichuang123.cn:81/index/publics/index.html?nsukey=sxvuZgZdKgHO8SuJGPDMHVio2BnmGWEkxGOqWIdF10xH5I6RPK4IgVtPmTogIOCqxtD08ZgfgBESG7S4wi%2BniNjX0zNDu8iuYC%2FM0juk8kDLoT4KlDiFnXCxdrGJGzGVMphVXrczcEQBOH2jXgtIZJIFOv0bRqOBfR0Q7WPgGyt729qjM3MaBj2RTcRQFYJ%2Fh3pf8Wi7sRSC8ErLy9SpMA%3D%3D',
  'accept' => 'text/html,application/xhtml+xml,application/xml;q=0.9,image/webp,image/wxpic,image/tpg,image/apng,*/*;q=0.8',
  'user-agent' => 'Mozilla/5.0 (Linux; Android 9; V1836A Build/PKQ1.181030.001; wv) AppleWebKit/537.36 (KHTML, like Gecko) Version/4.0 Chrome/67.0.3396.87 XWEB/1050 MMWEBSDK/191102 Mobile Safari/537.36 MMWEBID/346 MicroMessenger/7.0.9.1560(0x27000935) Process/tools NetType/WIFI Language/zh_CN ABI/arm64',
  'upgrade-insecure-requests' => '1',
  'connection' => 'keep-alive',
  'host' => 'mojing.aichuang123.cn:81',
  'content-type' => '',
  'content-length' => '',
)
[ info ] [ PARAM ] array (
)
[ info ] [ CACHE ] INIT File
[ info ] [ SESSION ] INIT array (
  'id' => '',
  'var_session_id' => '',
  'prefix' => 'think',
  'type' => '',
  'auto_start' => true,
  'httponly' => true,
  'secure' => false,
)
[ info ] [ DB ] INIT mysql
[ info ] [ VIEW ] /www/wwwroot/mojing/application/index/view/index/index.html [ array (
  0 => 'list',
  1 => 'sl',
) ]
[ info ] [ LOG ] INIT File
[ sql ] [ DB ] CONNECT:[ UseTime:0.000434s ] mysql:host=127.0.0.1;port=3306;dbname=mojing;charset=utf8
[ sql ] [ SQL ] SHOW COLUMNS FROM `user` [ RunTime:0.001023s ]
[ sql ] [ SQL ] SELECT * FROM `user` WHERE  `id` = 32704 LIMIT 1 [ RunTime:0.000539s ]
[ sql ] [ SQL ] SHOW COLUMNS FROM `article` [ RunTime:0.001624s ]
[ sql ] [ SQL ] SELECT * FROM `article` WHERE  `category` = 1 [ RunTime:0.000873s ]
[ sql ] [ SQL ] SHOW COLUMNS FROM `sl` [ RunTime:0.001402s ]
[ sql ] [ SQL ] SELECT * FROM `sl` WHERE  `types` = 1 [ RunTime:0.000470s ]
---------------------------------------------------------------
[ 2019-12-23T01:33:24+08:00 ] 121.205.188.6 GET /index/index/index.html?nsukey=VRiUgU0XZxjT0c%2FaCrRK9fGazBedGoSHRvDlxO8XNCipWdqosivlzaAfGMVvK9%2F6MKC3mSz%2BOdg3dXjZkKGLTIZj%2FxF6uCWeQuf3m64tKxVs3yAoGF0O3Yfx10ORqFN6JZF%2B14Fr2HnlZXTo6wby%2BJ1A9BJG0lgKrtIkrSHYKNN1j9UkyPviyfZfS8fin5c%2Fzs9rNZjMoKJkcktNU%2FTrTw%3D%3D
[ info ] mojing.aichuang123.cn:81/index/index/index.html?nsukey=VRiUgU0XZxjT0c%2FaCrRK9fGazBedGoSHRvDlxO8XNCipWdqosivlzaAfGMVvK9%2F6MKC3mSz%2BOdg3dXjZkKGLTIZj%2FxF6uCWeQuf3m64tKxVs3yAoGF0O3Yfx10ORqFN6JZF%2B14Fr2HnlZXTo6wby%2BJ1A9BJG0lgKrtIkrSHYKNN1j9UkyPviyfZfS8fin5c%2Fzs9rNZjMoKJkcktNU%2FTrTw%3D%3D [运行时间：0.034420s][吞吐率：29.05req/s] [内存消耗：2,215.48kb] [文件加载：86]
[ info ] [ LANG ] /www/wwwroot/mojing/thinkphp/lang/zh-cn.php
[ info ] [ ROUTE ] array (
)
[ info ] [ HEADER ] array (
  'x-requested-with' => 'com.tencent.mm',
  'cookie' => 'PHPSESSID=dhjgojj5ajiefo9jb5ljf9hoqu',
  'accept-language' => 'zh-CN,en-US;q=0.9',
  'accept-encoding' => 'gzip, deflate',
  'accept' => 'text/html,application/xhtml+xml,application/xml;q=0.9,image/webp,image/wxpic,image/tpg,image/apng,*/*;q=0.8',
  'user-agent' => 'Mozilla/5.0 (Linux; Android 9; V1836A Build/PKQ1.181030.001; wv) AppleWebKit/537.36 (KHTML, like Gecko) Version/4.0 Chrome/67.0.3396.87 XWEB/1050 MMWEBSDK/191102 Mobile Safari/537.36 MMWEBID/346 MicroMessenger/7.0.9.1560(0x27000935) Process/tools NetType/WIFI Language/zh_CN ABI/arm64',
  'upgrade-insecure-requests' => '1',
  'connection' => 'keep-alive',
  'host' => 'mojing.aichuang123.cn:81',
  'content-type' => '',
  'content-length' => '',
)
[ info ] [ PARAM ] array (
  'nsukey' => 'VRiUgU0XZxjT0c/aCrRK9fGazBedGoSHRvDlxO8XNCipWdqosivlzaAfGMVvK9/6MKC3mSz+Odg3dXjZkKGLTIZj/xF6uCWeQuf3m64tKxVs3yAoGF0O3Yfx10ORqFN6JZF+14Fr2HnlZXTo6wby+J1A9BJG0lgKrtIkrSHYKNN1j9UkyPviyfZfS8fin5c/zs9rNZjMoKJkcktNU/TrTw==',
)
[ info ] [ CACHE ] INIT File
[ info ] [ SESSION ] INIT array (
  'id' => '',
  'var_session_id' => '',
  'prefix' => 'think',
  'type' => '',
  'auto_start' => true,
  'httponly' => true,
  'secure' => false,
)
[ info ] [ DB ] INIT mysql
[ info ] [ VIEW ] /www/wwwroot/mojing/application/index/view/index/index.html [ array (
  0 => 'list',
  1 => 'sl',
) ]
[ info ] [ LOG ] INIT File
[ sql ] [ DB ] CONNECT:[ UseTime:0.000510s ] mysql:host=127.0.0.1;port=3306;dbname=mojing;charset=utf8
[ sql ] [ SQL ] SHOW COLUMNS FROM `article` [ RunTime:0.000940s ]
[ sql ] [ SQL ] SELECT * FROM `article` WHERE  `category` = 1 [ RunTime:0.000471s ]
[ sql ] [ SQL ] SHOW COLUMNS FROM `sl` [ RunTime:0.000969s ]
[ sql ] [ SQL ] SELECT * FROM `sl` WHERE  `types` = 1 [ RunTime:0.000252s ]
---------------------------------------------------------------
[ 2019-12-23T01:33:29+08:00 ] 121.205.188.6 GET /index/member/index
[ info ] mojing.aichuang123.cn:81/index/member/index [运行时间：0.047841s][吞吐率：20.90req/s] [内存消耗：2,185.44kb] [文件加载：83]
[ info ] [ LANG ] /www/wwwroot/mojing/thinkphp/lang/zh-cn.php
[ info ] [ ROUTE ] array (
)
[ info ] [ HEADER ] array (
  'x-requested-with' => 'com.tencent.mm',
  'cookie' => 'PHPSESSID=dhjgojj5ajiefo9jb5ljf9hoqu',
  'accept-language' => 'zh-CN,en-US;q=0.9',
  'accept-encoding' => 'gzip, deflate',
  'referer' => 'http://mojing.aichuang123.cn:81/index/index/index.html?nsukey=VRiUgU0XZxjT0c%2FaCrRK9fGazBedGoSHRvDlxO8XNCipWdqosivlzaAfGMVvK9%2F6MKC3mSz%2BOdg3dXjZkKGLTIZj%2FxF6uCWeQuf3m64tKxVs3yAoGF0O3Yfx10ORqFN6JZF%2B14Fr2HnlZXTo6wby%2BJ1A9BJG0lgKrtIkrSHYKNN1j9UkyPviyfZfS8fin5c%2Fzs9rNZjMoKJkcktNU%2FTrTw%3D%3D',
  'accept' => 'text/html,application/xhtml+xml,application/xml;q=0.9,image/webp,image/wxpic,image/tpg,image/apng,*/*;q=0.8',
  'user-agent' => 'Mozilla/5.0 (Linux; Android 9; V1836A Build/PKQ1.181030.001; wv) AppleWebKit/537.36 (KHTML, like Gecko) Version/4.0 Chrome/67.0.3396.87 XWEB/1050 MMWEBSDK/191102 Mobile Safari/537.36 MMWEBID/346 MicroMessenger/7.0.9.1560(0x27000935) Process/tools NetType/WIFI Language/zh_CN ABI/arm64',
  'upgrade-insecure-requests' => '1',
  'connection' => 'keep-alive',
  'host' => 'mojing.aichuang123.cn:81',
  'content-type' => '',
  'content-length' => '',
)
[ info ] [ PARAM ] array (
)
[ info ] [ CACHE ] INIT File
[ info ] [ SESSION ] INIT array (
  'id' => '',
  'var_session_id' => '',
  'prefix' => 'think',
  'type' => '',
  'auto_start' => true,
  'httponly' => true,
  'secure' => false,
)
[ info ] [ DB ] INIT mysql
[ info ] [ VIEW ] /www/wwwroot/mojing/application/index/view/member/memberinfo.html [ array (
  0 => 'list',
  1 => 'freeze',
) ]
[ info ] [ LOG ] INIT File
[ sql ] [ DB ] CONNECT:[ UseTime:0.000482s ] mysql:host=127.0.0.1;port=3306;dbname=mojing;charset=utf8
[ sql ] [ SQL ] SHOW COLUMNS FROM `user` [ RunTime:0.001303s ]
[ sql ] [ SQL ] SELECT * FROM `user` WHERE  `id` = 32704 LIMIT 1 [ RunTime:0.000702s ]
[ sql ] [ SQL ] SELECT sum(`number`) as numbers, sum(`charge_number`) as charge_number FROM orders WHERE user_id=32704 AND types = 2 AND status IN (1,2,3) LIMIT 1 [ RunTime:0.002269s ]
[ sql ] [ SQL ] SELECT sum(`number`) as numbers, sum(`charge_number`) as charge_number FROM orders WHERE target_user_id=32704 AND types = 1  AND status IN (2,3) LIMIT 1 [ RunTime:0.000394s ]
---------------------------------------------------------------
[ 2019-12-23T01:33:32+08:00 ] 121.205.188.6 GET /index/product/index
[ info ] mojing.aichuang123.cn:81/index/product/index [运行时间：0.049730s][吞吐率：20.11req/s] [内存消耗：2,151.92kb] [文件加载：84]
[ info ] [ LANG ] /www/wwwroot/mojing/thinkphp/lang/zh-cn.php
[ info ] [ ROUTE ] array (
)
[ info ] [ HEADER ] array (
  'x-requested-with' => 'com.tencent.mm',
  'cookie' => 'PHPSESSID=dhjgojj5ajiefo9jb5ljf9hoqu',
  'accept-language' => 'zh-CN,en-US;q=0.9',
  'accept-encoding' => 'gzip, deflate',
  'referer' => 'http://mojing.aichuang123.cn:81/index/member/index',
  'accept' => 'text/html,application/xhtml+xml,application/xml;q=0.9,image/webp,image/wxpic,image/tpg,image/apng,*/*;q=0.8',
  'user-agent' => 'Mozilla/5.0 (Linux; Android 9; V1836A Build/PKQ1.181030.001; wv) AppleWebKit/537.36 (KHTML, like Gecko) Version/4.0 Chrome/67.0.3396.87 XWEB/1050 MMWEBSDK/191102 Mobile Safari/537.36 MMWEBID/346 MicroMessenger/7.0.9.1560(0x27000935) Process/tools NetType/WIFI Language/zh_CN ABI/arm64',
  'upgrade-insecure-requests' => '1',
  'connection' => 'keep-alive',
  'host' => 'mojing.aichuang123.cn:81',
  'content-type' => '',
  'content-length' => '',
)
[ info ] [ PARAM ] array (
)
[ info ] [ CACHE ] INIT File
[ info ] [ SESSION ] INIT array (
  'id' => '',
  'var_session_id' => '',
  'prefix' => 'think',
  'type' => '',
  'auto_start' => true,
  'httponly' => true,
  'secure' => false,
)
[ info ] [ DB ] INIT mysql
[ info ] [ VIEW ] /www/wwwroot/mojing/application/index/view/product/index.html [ array (
  0 => 'list',
) ]
[ info ] [ LOG ] INIT File
[ sql ] [ DB ] CONNECT:[ UseTime:0.000593s ] mysql:host=127.0.0.1;port=3306;dbname=mojing;charset=utf8
[ sql ] [ SQL ] SHOW COLUMNS FROM `product` [ RunTime:0.001669s ]
[ sql ] [ SQL ] SELECT * FROM `product` [ RunTime:0.000888s ]
---------------------------------------------------------------
[ 2019-12-23T01:36:03+08:00 ] 121.205.188.6 GET /index/market/index
[ info ] mojing.aichuang123.cn:81/index/market/index [运行时间：0.051879s][吞吐率：19.28req/s] [内存消耗：2,292.42kb] [文件加载：86]
[ info ] [ LANG ] /www/wwwroot/mojing/thinkphp/lang/zh-cn.php
[ info ] [ ROUTE ] array (
)
[ info ] [ HEADER ] array (
  'x-requested-with' => 'com.tencent.mm',
  'cookie' => 'PHPSESSID=dhjgojj5ajiefo9jb5ljf9hoqu',
  'accept-language' => 'zh-CN,en-US;q=0.9',
  'accept-encoding' => 'gzip, deflate',
  'referer' => 'http://mojing.aichuang123.cn:81/index/product/index',
  'accept' => 'text/html,application/xhtml+xml,application/xml;q=0.9,image/webp,image/wxpic,image/tpg,image/apng,*/*;q=0.8',
  'user-agent' => 'Mozilla/5.0 (Linux; Android 9; V1836A Build/PKQ1.181030.001; wv) AppleWebKit/537.36 (KHTML, like Gecko) Version/4.0 Chrome/67.0.3396.87 XWEB/1050 MMWEBSDK/191102 Mobile Safari/537.36 MMWEBID/346 MicroMessenger/7.0.9.1560(0x27000935) Process/tools NetType/WIFI Language/zh_CN ABI/arm64',
  'upgrade-insecure-requests' => '1',
  'connection' => 'keep-alive',
  'host' => 'mojing.aichuang123.cn:81',
  'content-type' => '',
  'content-length' => '',
)
[ info ] [ PARAM ] array (
)
[ info ] [ SESSION ] INIT array (
  'id' => '',
  'var_session_id' => '',
  'prefix' => 'think',
  'type' => '',
  'auto_start' => true,
  'httponly' => true,
  'secure' => false,
)
[ info ] [ DB ] INIT mysql
[ info ] [ CACHE ] INIT File
[ info ] [ VIEW ] /www/wwwroot/mojing/application/index/view/market/index.html [ array (
  0 => 'prices',
  1 => 'market_price_rate',
  2 => 'number_min',
  3 => 'number_max',
  4 => 'magic',
  5 => 'market_number',
  6 => 'market_total',
) ]
[ info ] [ LOG ] INIT File
[ sql ] [ DB ] CONNECT:[ UseTime:0.000593s ] mysql:host=127.0.0.1;port=3306;dbname=mojing;charset=utf8
[ sql ] [ SQL ] SHOW COLUMNS FROM `user` [ RunTime:0.001290s ]
[ sql ] [ SQL ] SELECT * FROM `user` WHERE  `id` = 32704 LIMIT 1 [ RunTime:0.000548s ]
[ sql ] [ SQL ] SHOW COLUMNS FROM `market_price` [ RunTime:0.001172s ]
[ sql ] [ SQL ] SELECT * FROM `market_price` WHERE  `creates_time` >= 1577030400  AND `creates_time` < 1577116800 LIMIT 1 [ RunTime:0.001059s ]
[ sql ] [ SQL ] SELECT * FROM `market_price` WHERE  `creates_time` < 1577030400 ORDER BY `id`  desc LIMIT 1 [ RunTime:0.000314s ]
[ sql ] [ SQL ] INSERT INTO `market_price` (`price` , `creates_time`) VALUES (0.97 , 1577036163) [ RunTime:0.003982s ]
[ sql ] [ SQL ] SELECT * FROM `market_price` WHERE  `creates_time` < 1577030400 ORDER BY `id`  desc LIMIT 1 [ RunTime:0.000314s ]
[ sql ] [ SQL ] SELECT * FROM `market_price` ORDER BY `id`  desc LIMIT 5 [ RunTime:0.000335s ]
[ sql ] [ SQL ] SELECT `magic` FROM `user` WHERE  `id` = 32704 LIMIT 1 [ RunTime:0.000524s ]
---------------------------------------------------------------
[ 2019-12-23T01:36:04+08:00 ] 121.205.188.6 GET /index/market/buylist.html?page=1&limit=10&mobile=
[ info ] mojing.aichuang123.cn:81/index/market/buylist.html?page=1&limit=10&mobile= [运行时间：0.033794s][吞吐率：29.59req/s] [内存消耗：2,158.49kb] [文件加载：83]
[ info ] [ LANG ] /www/wwwroot/mojing/thinkphp/lang/zh-cn.php
[ info ] [ ROUTE ] array (
)
[ info ] [ HEADER ] array (
  'cookie' => 'PHPSESSID=dhjgojj5ajiefo9jb5ljf9hoqu',
  'accept-language' => 'zh-CN,en-US;q=0.9',
  'accept-encoding' => 'gzip, deflate',
  'referer' => 'http://mojing.aichuang123.cn:81/index/market/index',
  'user-agent' => 'Mozilla/5.0 (Linux; Android 9; V1836A Build/PKQ1.181030.001; wv) AppleWebKit/537.36 (KHTML, like Gecko) Version/4.0 Chrome/67.0.3396.87 XWEB/1050 MMWEBSDK/191102 Mobile Safari/537.36 MMWEBID/346 MicroMessenger/7.0.9.1560(0x27000935) Process/tools NetType/WIFI Language/zh_CN ABI/arm64',
  'x-requested-with' => 'XMLHttpRequest',
  'accept' => 'application/json, text/javascript, */*; q=0.01',
  'connection' => 'keep-alive',
  'host' => 'mojing.aichuang123.cn:81',
  'content-type' => '',
  'content-length' => '',
)
[ info ] [ PARAM ] array (
  'page' => '1',
  'limit' => '10',
  'mobile' => '',
)
[ info ] [ SESSION ] INIT array (
  'id' => '',
  'var_session_id' => '',
  'prefix' => 'think',
  'type' => '',
  'auto_start' => true,
  'httponly' => true,
  'secure' => false,
)
[ info ] [ DB ] INIT mysql
[ info ] [ CACHE ] INIT File
[ info ] [ LOG ] INIT File
[ sql ] [ DB ] CONNECT:[ UseTime:0.000480s ] mysql:host=127.0.0.1;port=3306;dbname=mojing;charset=utf8
[ sql ] [ SQL ] SHOW COLUMNS FROM `user` [ RunTime:0.001223s ]
[ sql ] [ SQL ] SELECT * FROM `user` WHERE  `id` = 32704 LIMIT 1 [ RunTime:0.000346s ]
---------------------------------------------------------------
[ 2019-12-23T01:36:05+08:00 ] 121.205.188.6 GET /index/member/login.html
[ info ] mojing.aichuang123.cn:81/index/member/login.html [运行时间：0.021724s][吞吐率：46.03req/s] [内存消耗：1,451.17kb] [文件加载：74]
[ info ] [ LANG ] /www/wwwroot/mojing/thinkphp/lang/zh-cn.php
[ info ] [ ROUTE ] array (
)
[ info ] [ HEADER ] array (
  'x-requested-with' => 'com.tencent.mm',
  'cookie' => 'PHPSESSID=dhjgojj5ajiefo9jb5ljf9hoqu',
  'accept-language' => 'zh-CN,en-US;q=0.9',
  'accept-encoding' => 'gzip, deflate',
  'referer' => 'http://mojing.aichuang123.cn:81/index/market/index',
  'accept' => 'text/html,application/xhtml+xml,application/xml;q=0.9,image/webp,image/wxpic,image/tpg,image/apng,*/*;q=0.8',
  'user-agent' => 'Mozilla/5.0 (Linux; Android 9; V1836A Build/PKQ1.181030.001; wv) AppleWebKit/537.36 (KHTML, like Gecko) Version/4.0 Chrome/67.0.3396.87 XWEB/1050 MMWEBSDK/191102 Mobile Safari/537.36 MMWEBID/346 MicroMessenger/7.0.9.1560(0x27000935) Process/tools NetType/WIFI Language/zh_CN ABI/arm64',
  'upgrade-insecure-requests' => '1',
  'connection' => 'keep-alive',
  'host' => 'mojing.aichuang123.cn:81',
  'content-type' => '',
  'content-length' => '',
)
[ info ] [ PARAM ] array (
)
[ info ] [ CACHE ] INIT File
[ info ] [ SESSION ] INIT array (
  'id' => '',
  'var_session_id' => '',
  'prefix' => 'think',
  'type' => '',
  'auto_start' => true,
  'httponly' => true,
  'secure' => false,
)
[ info ] [ VIEW ] /www/wwwroot/mojing/application/index/view/member/login.html [ array (
) ]
[ info ] [ LOG ] INIT File
---------------------------------------------------------------
[ 2019-12-23T01:36:06+08:00 ] 121.205.188.6 GET /index/member/index.html
[ info ] mojing.aichuang123.cn:81/index/member/index.html [运行时间：0.036655s][吞吐率：27.28req/s] [内存消耗：2,185.32kb] [文件加载：83]
[ info ] [ LANG ] /www/wwwroot/mojing/thinkphp/lang/zh-cn.php
[ info ] [ ROUTE ] array (
)
[ info ] [ HEADER ] array (
  'x-requested-with' => 'com.tencent.mm',
  'cookie' => 'PHPSESSID=dhjgojj5ajiefo9jb5ljf9hoqu',
  'accept-language' => 'zh-CN,en-US;q=0.9',
  'accept-encoding' => 'gzip, deflate',
  'referer' => 'http://mojing.aichuang123.cn:81/index/member/login.html',
  'accept' => 'text/html,application/xhtml+xml,application/xml;q=0.9,image/webp,image/wxpic,image/tpg,image/apng,*/*;q=0.8',
  'user-agent' => 'Mozilla/5.0 (Linux; Android 9; V1836A Build/PKQ1.181030.001; wv) AppleWebKit/537.36 (KHTML, like Gecko) Version/4.0 Chrome/67.0.3396.87 XWEB/1050 MMWEBSDK/191102 Mobile Safari/537.36 MMWEBID/346 MicroMessenger/7.0.9.1560(0x27000935) Process/tools NetType/WIFI Language/zh_CN ABI/arm64',
  'upgrade-insecure-requests' => '1',
  'connection' => 'keep-alive',
  'host' => 'mojing.aichuang123.cn:81',
  'content-type' => '',
  'content-length' => '',
)
[ info ] [ PARAM ] array (
)
[ info ] [ CACHE ] INIT File
[ info ] [ SESSION ] INIT array (
  'id' => '',
  'var_session_id' => '',
  'prefix' => 'think',
  'type' => '',
  'auto_start' => true,
  'httponly' => true,
  'secure' => false,
)
[ info ] [ DB ] INIT mysql
[ info ] [ VIEW ] /www/wwwroot/mojing/application/index/view/member/memberinfo.html [ array (
  0 => 'list',
  1 => 'freeze',
) ]
[ info ] [ LOG ] INIT File
[ sql ] [ DB ] CONNECT:[ UseTime:0.000422s ] mysql:host=127.0.0.1;port=3306;dbname=mojing;charset=utf8
[ sql ] [ SQL ] SHOW COLUMNS FROM `user` [ RunTime:0.001156s ]
[ sql ] [ SQL ] SELECT * FROM `user` WHERE  `id` = 32704 LIMIT 1 [ RunTime:0.000426s ]
[ sql ] [ SQL ] SELECT sum(`number`) as numbers, sum(`charge_number`) as charge_number FROM orders WHERE user_id=32704 AND types = 2 AND status IN (1,2,3) LIMIT 1 [ RunTime:0.000307s ]
[ sql ] [ SQL ] SELECT sum(`number`) as numbers, sum(`charge_number`) as charge_number FROM orders WHERE target_user_id=32704 AND types = 1  AND status IN (2,3) LIMIT 1 [ RunTime:0.000274s ]
---------------------------------------------------------------
[ 2019-12-23T01:36:15+08:00 ] 121.205.188.6 GET /index/index/index
[ info ] mojing.aichuang123.cn:81/index/index/index [运行时间：0.035296s][吞吐率：28.33req/s] [内存消耗：2,214.89kb] [文件加载：86]
[ info ] [ LANG ] /www/wwwroot/mojing/thinkphp/lang/zh-cn.php
[ info ] [ ROUTE ] array (
)
[ info ] [ HEADER ] array (
  'x-requested-with' => 'com.tencent.mm',
  'cookie' => 'PHPSESSID=dhjgojj5ajiefo9jb5ljf9hoqu',
  'accept-language' => 'zh-CN,en-US;q=0.9',
  'accept-encoding' => 'gzip, deflate',
  'referer' => 'http://mojing.aichuang123.cn:81/index/member/index.html',
  'accept' => 'text/html,application/xhtml+xml,application/xml;q=0.9,image/webp,image/wxpic,image/tpg,image/apng,*/*;q=0.8',
  'user-agent' => 'Mozilla/5.0 (Linux; Android 9; V1836A Build/PKQ1.181030.001; wv) AppleWebKit/537.36 (KHTML, like Gecko) Version/4.0 Chrome/67.0.3396.87 XWEB/1050 MMWEBSDK/191102 Mobile Safari/537.36 MMWEBID/346 MicroMessenger/7.0.9.1560(0x27000935) Process/tools NetType/WIFI Language/zh_CN ABI/arm64',
  'upgrade-insecure-requests' => '1',
  'connection' => 'keep-alive',
  'host' => 'mojing.aichuang123.cn:81',
  'content-type' => '',
  'content-length' => '',
)
[ info ] [ PARAM ] array (
)
[ info ] [ CACHE ] INIT File
[ info ] [ SESSION ] INIT array (
  'id' => '',
  'var_session_id' => '',
  'prefix' => 'think',
  'type' => '',
  'auto_start' => true,
  'httponly' => true,
  'secure' => false,
)
[ info ] [ DB ] INIT mysql
[ info ] [ VIEW ] /www/wwwroot/mojing/application/index/view/index/index.html [ array (
  0 => 'list',
  1 => 'sl',
) ]
[ info ] [ LOG ] INIT File
[ sql ] [ DB ] CONNECT:[ UseTime:0.000525s ] mysql:host=127.0.0.1;port=3306;dbname=mojing;charset=utf8
[ sql ] [ SQL ] SHOW COLUMNS FROM `article` [ RunTime:0.001211s ]
[ sql ] [ SQL ] SELECT * FROM `article` WHERE  `category` = 1 [ RunTime:0.000317s ]
[ sql ] [ SQL ] SHOW COLUMNS FROM `sl` [ RunTime:0.000663s ]
[ sql ] [ SQL ] SELECT * FROM `sl` WHERE  `types` = 1 [ RunTime:0.000266s ]
---------------------------------------------------------------
[ 2019-12-23T01:36:19+08:00 ] 121.205.188.6 GET /index/product/index
[ info ] mojing.aichuang123.cn:81/index/product/index [运行时间：0.050008s][吞吐率：20.00req/s] [内存消耗：2,152.11kb] [文件加载：84]
[ info ] [ LANG ] /www/wwwroot/mojing/thinkphp/lang/zh-cn.php
[ info ] [ ROUTE ] array (
)
[ info ] [ HEADER ] array (
  'x-requested-with' => 'com.tencent.mm',
  'cookie' => 'PHPSESSID=dhjgojj5ajiefo9jb5ljf9hoqu',
  'accept-language' => 'zh-CN,en-US;q=0.9',
  'accept-encoding' => 'gzip, deflate',
  'referer' => 'http://mojing.aichuang123.cn:81/index/index/index',
  'accept' => 'text/html,application/xhtml+xml,application/xml;q=0.9,image/webp,image/wxpic,image/tpg,image/apng,*/*;q=0.8',
  'user-agent' => 'Mozilla/5.0 (Linux; Android 9; V1836A Build/PKQ1.181030.001; wv) AppleWebKit/537.36 (KHTML, like Gecko) Version/4.0 Chrome/67.0.3396.87 XWEB/1050 MMWEBSDK/191102 Mobile Safari/537.36 MMWEBID/346 MicroMessenger/7.0.9.1560(0x27000935) Process/tools NetType/WIFI Language/zh_CN ABI/arm64',
  'upgrade-insecure-requests' => '1',
  'connection' => 'keep-alive',
  'host' => 'mojing.aichuang123.cn:81',
  'content-type' => '',
  'content-length' => '',
)
[ info ] [ PARAM ] array (
)
[ info ] [ CACHE ] INIT File
[ info ] [ SESSION ] INIT array (
  'id' => '',
  'var_session_id' => '',
  'prefix' => 'think',
  'type' => '',
  'auto_start' => true,
  'httponly' => true,
  'secure' => false,
)
[ info ] [ DB ] INIT mysql
[ info ] [ VIEW ] /www/wwwroot/mojing/application/index/view/product/index.html [ array (
  0 => 'list',
) ]
[ info ] [ LOG ] INIT File
[ sql ] [ DB ] CONNECT:[ UseTime:0.000532s ] mysql:host=127.0.0.1;port=3306;dbname=mojing;charset=utf8
[ sql ] [ SQL ] SHOW COLUMNS FROM `product` [ RunTime:0.001147s ]
[ sql ] [ SQL ] SELECT * FROM `product` [ RunTime:0.000321s ]
---------------------------------------------------------------
[ 2019-12-23T01:36:20+08:00 ] 121.205.188.6 GET /index/index/index
[ info ] mojing.aichuang123.cn:81/index/index/index [运行时间：0.033787s][吞吐率：29.60req/s] [内存消耗：2,214.89kb] [文件加载：86]
[ info ] [ LANG ] /www/wwwroot/mojing/thinkphp/lang/zh-cn.php
[ info ] [ ROUTE ] array (
)
[ info ] [ HEADER ] array (
  'x-requested-with' => 'com.tencent.mm',
  'cookie' => 'PHPSESSID=dhjgojj5ajiefo9jb5ljf9hoqu',
  'accept-language' => 'zh-CN,en-US;q=0.9',
  'accept-encoding' => 'gzip, deflate',
  'referer' => 'http://mojing.aichuang123.cn:81/index/product/index',
  'accept' => 'text/html,application/xhtml+xml,application/xml;q=0.9,image/webp,image/wxpic,image/tpg,image/apng,*/*;q=0.8',
  'user-agent' => 'Mozilla/5.0 (Linux; Android 9; V1836A Build/PKQ1.181030.001; wv) AppleWebKit/537.36 (KHTML, like Gecko) Version/4.0 Chrome/67.0.3396.87 XWEB/1050 MMWEBSDK/191102 Mobile Safari/537.36 MMWEBID/346 MicroMessenger/7.0.9.1560(0x27000935) Process/tools NetType/WIFI Language/zh_CN ABI/arm64',
  'upgrade-insecure-requests' => '1',
  'connection' => 'keep-alive',
  'host' => 'mojing.aichuang123.cn:81',
  'content-type' => '',
  'content-length' => '',
)
[ info ] [ PARAM ] array (
)
[ info ] [ CACHE ] INIT File
[ info ] [ SESSION ] INIT array (
  'id' => '',
  'var_session_id' => '',
  'prefix' => 'think',
  'type' => '',
  'auto_start' => true,
  'httponly' => true,
  'secure' => false,
)
[ info ] [ DB ] INIT mysql
[ info ] [ VIEW ] /www/wwwroot/mojing/application/index/view/index/index.html [ array (
  0 => 'list',
  1 => 'sl',
) ]
[ info ] [ LOG ] INIT File
[ sql ] [ DB ] CONNECT:[ UseTime:0.000426s ] mysql:host=127.0.0.1;port=3306;dbname=mojing;charset=utf8
[ sql ] [ SQL ] SHOW COLUMNS FROM `article` [ RunTime:0.000845s ]
[ sql ] [ SQL ] SELECT * FROM `article` WHERE  `category` = 1 [ RunTime:0.000333s ]
[ sql ] [ SQL ] SHOW COLUMNS FROM `sl` [ RunTime:0.000851s ]
[ sql ] [ SQL ] SELECT * FROM `sl` WHERE  `types` = 1 [ RunTime:0.000337s ]
---------------------------------------------------------------
[ 2019-12-23T01:59:20+08:00 ] 121.205.188.6 GET /index/market/index
[ info ] mojing.aichuang123.cn:81/index/market/index [运行时间：0.037899s][吞吐率：26.39req/s] [内存消耗：2,193.57kb] [文件加载：84]
[ info ] [ LANG ] /www/wwwroot/mojing/thinkphp/lang/zh-cn.php
[ info ] [ ROUTE ] array (
)
[ info ] [ HEADER ] array (
  'x-requested-with' => 'com.tencent.mm',
  'cookie' => 'PHPSESSID=dhjgojj5ajiefo9jb5ljf9hoqu',
  'accept-language' => 'zh-CN,en-US;q=0.9',
  'accept-encoding' => 'gzip, deflate',
  'referer' => 'http://mojing.aichuang123.cn:81/index/index/index',
  'accept' => 'text/html,application/xhtml+xml,application/xml;q=0.9,image/webp,image/wxpic,image/tpg,image/apng,*/*;q=0.8',
  'user-agent' => 'Mozilla/5.0 (Linux; Android 9; V1836A Build/PKQ1.181030.001; wv) AppleWebKit/537.36 (KHTML, like Gecko) Version/4.0 Chrome/67.0.3396.87 XWEB/1050 MMWEBSDK/191102 Mobile Safari/537.36 MMWEBID/346 MicroMessenger/7.0.9.1560(0x27000935) Process/tools NetType/WIFI Language/zh_CN ABI/arm64',
  'upgrade-insecure-requests' => '1',
  'connection' => 'keep-alive',
  'host' => 'mojing.aichuang123.cn:81',
  'content-type' => '',
  'content-length' => '',
)
[ info ] [ PARAM ] array (
)
[ info ] [ SESSION ] INIT array (
  'id' => '',
  'var_session_id' => '',
  'prefix' => 'think',
  'type' => '',
  'auto_start' => true,
  'httponly' => true,
  'secure' => false,
)
[ info ] [ DB ] INIT mysql
[ info ] [ CACHE ] INIT File
[ info ] [ VIEW ] /www/wwwroot/mojing/application/index/view/market/index.html [ array (
  0 => 'prices',
  1 => 'market_price_rate',
  2 => 'number_min',
  3 => 'number_max',
  4 => 'magic',
  5 => 'market_number',
  6 => 'market_total',
) ]
[ info ] [ LOG ] INIT File
[ sql ] [ DB ] CONNECT:[ UseTime:0.000592s ] mysql:host=127.0.0.1;port=3306;dbname=mojing;charset=utf8
[ sql ] [ SQL ] SHOW COLUMNS FROM `user` [ RunTime:0.001571s ]
[ sql ] [ SQL ] SELECT * FROM `user` WHERE  `id` = 32704 LIMIT 1 [ RunTime:0.000423s ]
[ sql ] [ SQL ] SELECT `magic` FROM `user` WHERE  `id` = 32704 LIMIT 1 [ RunTime:0.000303s ]
---------------------------------------------------------------
[ 2019-12-23T01:59:20+08:00 ] 121.205.188.6 GET /index/market/buylist.html?page=1&limit=10&mobile=
[ info ] mojing.aichuang123.cn:81/index/market/buylist.html?page=1&limit=10&mobile= [运行时间：0.031667s][吞吐率：31.58req/s] [内存消耗：2,158.68kb] [文件加载：83]
[ info ] [ LANG ] /www/wwwroot/mojing/thinkphp/lang/zh-cn.php
[ info ] [ ROUTE ] array (
)
[ info ] [ HEADER ] array (
  'cookie' => 'PHPSESSID=dhjgojj5ajiefo9jb5ljf9hoqu',
  'accept-language' => 'zh-CN,en-US;q=0.9',
  'accept-encoding' => 'gzip, deflate',
  'referer' => 'http://mojing.aichuang123.cn:81/index/market/index',
  'user-agent' => 'Mozilla/5.0 (Linux; Android 9; V1836A Build/PKQ1.181030.001; wv) AppleWebKit/537.36 (KHTML, like Gecko) Version/4.0 Chrome/67.0.3396.87 XWEB/1050 MMWEBSDK/191102 Mobile Safari/537.36 MMWEBID/346 MicroMessenger/7.0.9.1560(0x27000935) Process/tools NetType/WIFI Language/zh_CN ABI/arm64',
  'x-requested-with' => 'XMLHttpRequest',
  'accept' => 'application/json, text/javascript, */*; q=0.01',
  'connection' => 'keep-alive',
  'host' => 'mojing.aichuang123.cn:81',
  'content-type' => '',
  'content-length' => '',
)
[ info ] [ PARAM ] array (
  'page' => '1',
  'limit' => '10',
  'mobile' => '',
)
[ info ] [ SESSION ] INIT array (
  'id' => '',
  'var_session_id' => '',
  'prefix' => 'think',
  'type' => '',
  'auto_start' => true,
  'httponly' => true,
  'secure' => false,
)
[ info ] [ DB ] INIT mysql
[ info ] [ CACHE ] INIT File
[ info ] [ LOG ] INIT File
[ sql ] [ DB ] CONNECT:[ UseTime:0.000387s ] mysql:host=127.0.0.1;port=3306;dbname=mojing;charset=utf8
[ sql ] [ SQL ] SHOW COLUMNS FROM `user` [ RunTime:0.001051s ]
[ sql ] [ SQL ] SELECT * FROM `user` WHERE  `id` = 32704 LIMIT 1 [ RunTime:0.000368s ]
---------------------------------------------------------------
[ 2019-12-23T01:59:21+08:00 ] 121.205.188.6 GET /index/member/login.html
[ info ] mojing.aichuang123.cn:81/index/member/login.html [运行时间：0.022695s][吞吐率：44.06req/s] [内存消耗：1,451.28kb] [文件加载：74]
[ info ] [ LANG ] /www/wwwroot/mojing/thinkphp/lang/zh-cn.php
[ info ] [ ROUTE ] array (
)
[ info ] [ HEADER ] array (
  'x-requested-with' => 'com.tencent.mm',
  'cookie' => 'PHPSESSID=dhjgojj5ajiefo9jb5ljf9hoqu',
  'accept-language' => 'zh-CN,en-US;q=0.9',
  'accept-encoding' => 'gzip, deflate',
  'referer' => 'http://mojing.aichuang123.cn:81/index/market/index',
  'accept' => 'text/html,application/xhtml+xml,application/xml;q=0.9,image/webp,image/wxpic,image/tpg,image/apng,*/*;q=0.8',
  'user-agent' => 'Mozilla/5.0 (Linux; Android 9; V1836A Build/PKQ1.181030.001; wv) AppleWebKit/537.36 (KHTML, like Gecko) Version/4.0 Chrome/67.0.3396.87 XWEB/1050 MMWEBSDK/191102 Mobile Safari/537.36 MMWEBID/346 MicroMessenger/7.0.9.1560(0x27000935) Process/tools NetType/WIFI Language/zh_CN ABI/arm64',
  'upgrade-insecure-requests' => '1',
  'connection' => 'keep-alive',
  'host' => 'mojing.aichuang123.cn:81',
  'content-type' => '',
  'content-length' => '',
)
[ info ] [ PARAM ] array (
)
[ info ] [ CACHE ] INIT File
[ info ] [ SESSION ] INIT array (
  'id' => '',
  'var_session_id' => '',
  'prefix' => 'think',
  'type' => '',
  'auto_start' => true,
  'httponly' => true,
  'secure' => false,
)
[ info ] [ VIEW ] /www/wwwroot/mojing/application/index/view/member/login.html [ array (
) ]
[ info ] [ LOG ] INIT File
---------------------------------------------------------------
[ 2019-12-23T03:41:06+08:00 ] 112.111.155.19 GET /
[ info ] 103.122.92.168:9898/ [运行时间：0.023242s][吞吐率：43.03req/s] [内存消耗：1,404.14kb] [文件加载：74]
[ info ] [ LANG ] /www/wwwroot/mojing/thinkphp/lang/zh-cn.php
[ info ] [ ROUTE ] array (
)
[ info ] [ HEADER ] array (
  'cookie' => '__guid=39853986.3315721313678025000.1576472814976.9294',
  'accept-language' => 'zh-CN,zh;q=0.9',
  'accept-encoding' => 'gzip, deflate',
  'accept' => 'text/html,application/xhtml+xml,application/xml;q=0.9,image/webp,image/apng,*/*;q=0.8',
  'user-agent' => 'Mozilla/5.0 (Windows NT 6.1; WOW64) AppleWebKit/537.36 (KHTML, like Gecko) Chrome/63.0.3239.132 Safari/537.36',
  'upgrade-insecure-requests' => '1',
  'connection' => 'keep-alive',
  'host' => '103.122.92.168:9898',
  'content-type' => '',
  'content-length' => '',
)
[ info ] [ PARAM ] array (
)
[ info ] [ CACHE ] INIT File
[ info ] [ SESSION ] INIT array (
  'id' => '',
  'var_session_id' => '',
  'prefix' => 'think',
  'type' => '',
  'auto_start' => true,
  'httponly' => true,
  'secure' => false,
)
[ info ] [ LOG ] INIT File
---------------------------------------------------------------
[ 2019-12-23T03:41:06+08:00 ] 112.111.155.19 GET /index/publics/index.html
[ info ] 103.122.92.168:9898/index/publics/index.html [运行时间：0.020874s][吞吐率：47.91req/s] [内存消耗：1,406.26kb] [文件加载：71]
[ info ] [ LANG ] /www/wwwroot/mojing/thinkphp/lang/zh-cn.php
[ info ] [ ROUTE ] array (
)
[ info ] [ HEADER ] array (
  'cookie' => '__guid=39853986.3315721313678025000.1576472814976.9294; PHPSESSID=piaf0b6tvhlpcpj8g8arlf08bm',
  'accept-language' => 'zh-CN,zh;q=0.9',
  'accept-encoding' => 'gzip, deflate',
  'accept' => 'text/html,application/xhtml+xml,application/xml;q=0.9,image/webp,image/apng,*/*;q=0.8',
  'user-agent' => 'Mozilla/5.0 (Windows NT 6.1; WOW64) AppleWebKit/537.36 (KHTML, like Gecko) Chrome/63.0.3239.132 Safari/537.36',
  'upgrade-insecure-requests' => '1',
  'connection' => 'keep-alive',
  'host' => '103.122.92.168:9898',
  'content-type' => '',
  'content-length' => '',
)
[ info ] [ PARAM ] array (
)
[ info ] [ CACHE ] INIT File
[ info ] [ VIEW ] /www/wwwroot/mojing/application/index/view/publics/login.html [ array (
) ]
[ info ] [ LOG ] INIT File
---------------------------------------------------------------
[ 2019-12-23T03:41:20+08:00 ] 112.111.155.19 POST /index/publics/login.html
[ info ] 103.122.92.168:9898/index/publics/login.html [运行时间：0.050589s][吞吐率：19.77req/s] [内存消耗：2,347.17kb] [文件加载：85]
[ info ] [ LANG ] /www/wwwroot/mojing/thinkphp/lang/zh-cn.php
[ info ] [ ROUTE ] array (
)
[ info ] [ HEADER ] array (
  'cookie' => '__guid=39853986.3315721313678025000.1576472814976.9294; PHPSESSID=piaf0b6tvhlpcpj8g8arlf08bm; monitor_count=1',
  'accept-language' => 'zh-CN,zh;q=0.9',
  'accept-encoding' => 'gzip, deflate',
  'referer' => 'http://103.122.92.168:9898/index/publics/index.html',
  'content-type' => 'application/x-www-form-urlencoded; charset=UTF-8',
  'user-agent' => 'Mozilla/5.0 (Windows NT 6.1; WOW64) AppleWebKit/537.36 (KHTML, like Gecko) Chrome/63.0.3239.132 Safari/537.36',
  'x-requested-with' => 'XMLHttpRequest',
  'origin' => 'http://103.122.92.168:9898',
  'accept' => 'application/json, text/javascript, */*; q=0.01',
  'content-length' => '35',
  'connection' => 'keep-alive',
  'host' => '103.122.92.168:9898',
)
[ info ] [ PARAM ] array (
  'account' => '15222222222',
  'password' => '123456',
)
[ info ] [ CACHE ] INIT File
[ info ] [ DB ] INIT mysql
[ info ] [ SESSION ] INIT array (
  'id' => '',
  'var_session_id' => '',
  'prefix' => 'think',
  'type' => '',
  'auto_start' => true,
  'httponly' => true,
  'secure' => false,
)
[ info ] [ LOG ] INIT File
[ sql ] [ DB ] CONNECT:[ UseTime:0.000614s ] mysql:host=127.0.0.1;port=3306;dbname=mojing;charset=utf8
[ sql ] [ SQL ] SHOW COLUMNS FROM `user` [ RunTime:0.010880s ]
[ sql ] [ SQL ] SELECT * FROM `user` WHERE  `mobile` = '15222222222' LIMIT 1 [ RunTime:0.000851s ]
---------------------------------------------------------------
[ 2019-12-23T03:41:21+08:00 ] 112.111.155.19 GET /index/index/index.html
[ info ] 103.122.92.168:9898/index/index/index.html [运行时间：0.038205s][吞吐率：26.17req/s] [内存消耗：2,242.27kb] [文件加载：87]
[ info ] [ LANG ] /www/wwwroot/mojing/thinkphp/lang/zh-cn.php
[ info ] [ ROUTE ] array (
)
[ info ] [ HEADER ] array (
  'cookie' => '__guid=39853986.3315721313678025000.1576472814976.9294; PHPSESSID=piaf0b6tvhlpcpj8g8arlf08bm; monitor_count=1',
  'accept-language' => 'zh-CN,zh;q=0.9',
  'accept-encoding' => 'gzip, deflate',
  'referer' => 'http://103.122.92.168:9898/index/publics/index.html',
  'accept' => 'text/html,application/xhtml+xml,application/xml;q=0.9,image/webp,image/apng,*/*;q=0.8',
  'user-agent' => 'Mozilla/5.0 (Windows NT 6.1; WOW64) AppleWebKit/537.36 (KHTML, like Gecko) Chrome/63.0.3239.132 Safari/537.36',
  'upgrade-insecure-requests' => '1',
  'connection' => 'keep-alive',
  'host' => '103.122.92.168:9898',
  'content-type' => '',
  'content-length' => '',
)
[ info ] [ PARAM ] array (
)
[ info ] [ CACHE ] INIT File
[ info ] [ SESSION ] INIT array (
  'id' => '',
  'var_session_id' => '',
  'prefix' => 'think',
  'type' => '',
  'auto_start' => true,
  'httponly' => true,
  'secure' => false,
)
[ info ] [ DB ] INIT mysql
[ info ] [ VIEW ] /www/wwwroot/mojing/application/index/view/index/index.html [ array (
  0 => 'list',
  1 => 'sl',
) ]
[ info ] [ LOG ] INIT File
[ sql ] [ DB ] CONNECT:[ UseTime:0.000474s ] mysql:host=127.0.0.1;port=3306;dbname=mojing;charset=utf8
[ sql ] [ SQL ] SHOW COLUMNS FROM `user` [ RunTime:0.001231s ]
[ sql ] [ SQL ] SELECT * FROM `user` WHERE  `id` = 32706 LIMIT 1 [ RunTime:0.000662s ]
[ sql ] [ SQL ] SHOW COLUMNS FROM `article` [ RunTime:0.000893s ]
[ sql ] [ SQL ] SELECT * FROM `article` WHERE  `category` = 1 [ RunTime:0.000260s ]
[ sql ] [ SQL ] SHOW COLUMNS FROM `sl` [ RunTime:0.001099s ]
[ sql ] [ SQL ] SELECT * FROM `sl` WHERE  `types` = 1 [ RunTime:0.000245s ]
---------------------------------------------------------------
[ 2019-12-23T03:41:22+08:00 ] 112.111.155.19 GET /index/member/index
[ info ] 103.122.92.168:9898/index/member/index [运行时间：0.038803s][吞吐率：25.77req/s] [内存消耗：2,185.02kb] [文件加载：83]
[ info ] [ LANG ] /www/wwwroot/mojing/thinkphp/lang/zh-cn.php
[ info ] [ ROUTE ] array (
)
[ info ] [ HEADER ] array (
  'cookie' => '__guid=39853986.3315721313678025000.1576472814976.9294; PHPSESSID=piaf0b6tvhlpcpj8g8arlf08bm; monitor_count=2',
  'accept-language' => 'zh-CN,zh;q=0.9',
  'accept-encoding' => 'gzip, deflate',
  'referer' => 'http://103.122.92.168:9898/index/index/index.html',
  'accept' => 'text/html,application/xhtml+xml,application/xml;q=0.9,image/webp,image/apng,*/*;q=0.8',
  'user-agent' => 'Mozilla/5.0 (Windows NT 6.1; WOW64) AppleWebKit/537.36 (KHTML, like Gecko) Chrome/63.0.3239.132 Safari/537.36',
  'upgrade-insecure-requests' => '1',
  'connection' => 'keep-alive',
  'host' => '103.122.92.168:9898',
  'content-type' => '',
  'content-length' => '',
)
[ info ] [ PARAM ] array (
)
[ info ] [ CACHE ] INIT File
[ info ] [ SESSION ] INIT array (
  'id' => '',
  'var_session_id' => '',
  'prefix' => 'think',
  'type' => '',
  'auto_start' => true,
  'httponly' => true,
  'secure' => false,
)
[ info ] [ DB ] INIT mysql
[ info ] [ VIEW ] /www/wwwroot/mojing/application/index/view/member/memberinfo.html [ array (
  0 => 'list',
  1 => 'freeze',
) ]
[ info ] [ LOG ] INIT File
[ sql ] [ DB ] CONNECT:[ UseTime:0.000450s ] mysql:host=127.0.0.1;port=3306;dbname=mojing;charset=utf8
[ sql ] [ SQL ] SHOW COLUMNS FROM `user` [ RunTime:0.001128s ]
[ sql ] [ SQL ] SELECT * FROM `user` WHERE  `id` = 32706 LIMIT 1 [ RunTime:0.000433s ]
[ sql ] [ SQL ] SELECT sum(`number`) as numbers, sum(`charge_number`) as charge_number FROM orders WHERE user_id=32706 AND types = 2 AND status IN (1,2,3) LIMIT 1 [ RunTime:0.001289s ]
[ sql ] [ SQL ] SELECT sum(`number`) as numbers, sum(`charge_number`) as charge_number FROM orders WHERE target_user_id=32706 AND types = 1  AND status IN (2,3) LIMIT 1 [ RunTime:0.000376s ]
---------------------------------------------------------------
[ 2019-12-23T03:41:30+08:00 ] 112.111.155.19 GET /index/member/set
[ info ] 103.122.92.168:9898/index/member/set [运行时间：0.035497s][吞吐率：28.17req/s] [内存消耗：1,453.50kb] [文件加载：74]
[ info ] [ LANG ] /www/wwwroot/mojing/thinkphp/lang/zh-cn.php
[ info ] [ ROUTE ] array (
)
[ info ] [ HEADER ] array (
  'cookie' => '__guid=39853986.3315721313678025000.1576472814976.9294; PHPSESSID=piaf0b6tvhlpcpj8g8arlf08bm; monitor_count=3',
  'accept-language' => 'zh-CN,zh;q=0.9',
  'accept-encoding' => 'gzip, deflate',
  'referer' => 'http://103.122.92.168:9898/index/member/index',
  'accept' => 'text/html,application/xhtml+xml,application/xml;q=0.9,image/webp,image/apng,*/*;q=0.8',
  'user-agent' => 'Mozilla/5.0 (Windows NT 6.1; WOW64) AppleWebKit/537.36 (KHTML, like Gecko) Chrome/63.0.3239.132 Safari/537.36',
  'upgrade-insecure-requests' => '1',
  'connection' => 'keep-alive',
  'host' => '103.122.92.168:9898',
  'content-type' => '',
  'content-length' => '',
)
[ info ] [ PARAM ] array (
)
[ info ] [ CACHE ] INIT File
[ info ] [ SESSION ] INIT array (
  'id' => '',
  'var_session_id' => '',
  'prefix' => 'think',
  'type' => '',
  'auto_start' => true,
  'httponly' => true,
  'secure' => false,
)
[ info ] [ VIEW ] /www/wwwroot/mojing/application/index/view/member/set.html [ array (
  0 => 'list',
) ]
[ info ] [ LOG ] INIT File
---------------------------------------------------------------
[ 2019-12-23T03:41:32+08:00 ] 112.111.155.19 GET /index/member/certification
[ info ] 103.122.92.168:9898/index/member/certification [运行时间：0.023721s][吞吐率：42.16req/s] [内存消耗：1,413.77kb] [文件加载：72]
[ info ] [ LANG ] /www/wwwroot/mojing/thinkphp/lang/zh-cn.php
[ info ] [ ROUTE ] array (
)
[ info ] [ HEADER ] array (
  'cookie' => '__guid=39853986.3315721313678025000.1576472814976.9294; PHPSESSID=piaf0b6tvhlpcpj8g8arlf08bm; monitor_count=4',
  'accept-language' => 'zh-CN,zh;q=0.9',
  'accept-encoding' => 'gzip, deflate',
  'referer' => 'http://103.122.92.168:9898/index/member/set',
  'accept' => 'text/html,application/xhtml+xml,application/xml;q=0.9,image/webp,image/apng,*/*;q=0.8',
  'user-agent' => 'Mozilla/5.0 (Windows NT 6.1; WOW64) AppleWebKit/537.36 (KHTML, like Gecko) Chrome/63.0.3239.132 Safari/537.36',
  'upgrade-insecure-requests' => '1',
  'connection' => 'keep-alive',
  'host' => '103.122.92.168:9898',
  'content-type' => '',
  'content-length' => '',
)
[ info ] [ PARAM ] array (
)
[ info ] [ CACHE ] INIT File
[ info ] [ SESSION ] INIT array (
  'id' => '',
  'var_session_id' => '',
  'prefix' => 'think',
  'type' => '',
  'auto_start' => true,
  'httponly' => true,
  'secure' => false,
)
[ info ] [ VIEW ] /www/wwwroot/mojing/application/index/view/member/certification.html [ array (
  0 => 'list',
) ]
[ info ] [ LOG ] INIT File
---------------------------------------------------------------
[ 2019-12-23T03:41:34+08:00 ] 112.111.155.19 GET /index/member/set
[ info ] 103.122.92.168:9898/index/member/set [运行时间：0.023740s][吞吐率：42.12req/s] [内存消耗：1,453.50kb] [文件加载：74]
[ info ] [ LANG ] /www/wwwroot/mojing/thinkphp/lang/zh-cn.php
[ info ] [ ROUTE ] array (
)
[ info ] [ HEADER ] array (
  'cookie' => '__guid=39853986.3315721313678025000.1576472814976.9294; PHPSESSID=piaf0b6tvhlpcpj8g8arlf08bm; monitor_count=5',
  'accept-language' => 'zh-CN,zh;q=0.9',
  'accept-encoding' => 'gzip, deflate',
  'referer' => 'http://103.122.92.168:9898/index/member/certification',
  'accept' => 'text/html,application/xhtml+xml,application/xml;q=0.9,image/webp,image/apng,*/*;q=0.8',
  'user-agent' => 'Mozilla/5.0 (Windows NT 6.1; WOW64) AppleWebKit/537.36 (KHTML, like Gecko) Chrome/63.0.3239.132 Safari/537.36',
  'upgrade-insecure-requests' => '1',
  'connection' => 'keep-alive',
  'host' => '103.122.92.168:9898',
  'content-type' => '',
  'content-length' => '',
)
[ info ] [ PARAM ] array (
)
[ info ] [ CACHE ] INIT File
[ info ] [ SESSION ] INIT array (
  'id' => '',
  'var_session_id' => '',
  'prefix' => 'think',
  'type' => '',
  'auto_start' => true,
  'httponly' => true,
  'secure' => false,
)
[ info ] [ VIEW ] /www/wwwroot/mojing/application/index/view/member/set.html [ array (
  0 => 'list',
) ]
[ info ] [ LOG ] INIT File
---------------------------------------------------------------
[ 2019-12-23T04:12:58+08:00 ] 117.132.183.17 GET /
[ info ] mojing.aichuang123.cn/ [运行时间：0.022112s][吞吐率：45.22req/s] [内存消耗：1,403.64kb] [文件加载：74]
[ info ] [ LANG ] /www/wwwroot/mojing/thinkphp/lang/zh-cn.php
[ info ] [ ROUTE ] array (
)
[ info ] [ HEADER ] array (
  'cookie' => '',
  'connection' => 'keep-alive',
  'accept' => 'text/html, image/gif, image/jpeg, *; q=.2, */*; q=.2',
  'host' => 'mojing.aichuang123.cn',
  'pragma' => 'no-cache',
  'cache-control' => 'no-cache',
  'user-agent' => 'Mozilla/5.0 (Windows NT 10.0; Win64; x64) AppleWebKit/537.36 (KHTML, like Gecko) Chrome/59.0.3071.104 Safari/537.36',
  'content-type' => '',
  'content-length' => '',
)
[ info ] [ PARAM ] array (
)
[ info ] [ CACHE ] INIT File
[ info ] [ SESSION ] INIT array (
  'id' => '',
  'var_session_id' => '',
  'prefix' => 'think',
  'type' => '',
  'auto_start' => true,
  'httponly' => true,
  'secure' => false,
)
[ info ] [ LOG ] INIT File
---------------------------------------------------------------
[ 2019-12-23T04:12:58+08:00 ] 117.132.183.17 GET /index/publics/index.html
[ info ] mojing.aichuang123.cn/index/publics/index.html [运行时间：0.020755s][吞吐率：48.18req/s] [内存消耗：1,404.70kb] [文件加载：71]
[ info ] [ LANG ] /www/wwwroot/mojing/thinkphp/lang/zh-cn.php
[ info ] [ ROUTE ] array (
)
[ info ] [ HEADER ] array (
  'cookie' => 'PHPSESSID=9ec3uhfs6h1mji0ektscmeljjt;',
  'connection' => 'keep-alive',
  'accept' => 'text/html, image/gif, image/jpeg, *; q=.2, */*; q=.2',
  'host' => 'mojing.aichuang123.cn',
  'pragma' => 'no-cache',
  'cache-control' => 'no-cache',
  'user-agent' => 'Mozilla/5.0 (Windows NT 10.0; Win64; x64) AppleWebKit/537.36 (KHTML, like Gecko) Chrome/59.0.3071.104 Safari/537.36',
  'content-type' => '',
  'content-length' => '',
)
[ info ] [ PARAM ] array (
)
[ info ] [ CACHE ] INIT File
[ info ] [ VIEW ] /www/wwwroot/mojing/application/index/view/publics/login.html [ array (
) ]
[ info ] [ LOG ] INIT File
---------------------------------------------------------------
[ 2019-12-23T09:58:21+08:00 ] 222.77.168.248 GET /
[ info ] mojing.3sup0.top/ [运行时间：0.031404s][吞吐率：31.84req/s] [内存消耗：1,404.16kb] [文件加载：74]
[ info ] [ LANG ] /www/wwwroot/mojing/thinkphp/lang/zh-cn.php
[ info ] [ ROUTE ] array (
)
[ info ] [ HEADER ] array (
  'accept-language' => 'zh-CN,zh;q=0.9',
  'accept-encoding' => 'gzip, deflate',
  'referer' => 'http://zzjie.com/url/?http://mojing.3sup0.top/',
  'dnt' => '1',
  'accept' => 'text/html,application/xhtml+xml,application/xml;q=0.9,image/webp,image/apng,*/*;q=0.8',
  'user-agent' => 'Mozilla/5.0 (Windows NT 10.0; WOW64) AppleWebKit/537.36 (KHTML, like Gecko) Chrome/65.0.3314.0 Safari/537.36 SE 2.X MetaSr 1.0',
  'upgrade-insecure-requests' => '1',
  'connection' => 'keep-alive',
  'host' => 'mojing.3sup0.top',
  'content-type' => '',
  'content-length' => '',
)
[ info ] [ PARAM ] array (
)
[ info ] [ CACHE ] INIT File
[ info ] [ SESSION ] INIT array (
  'id' => '',
  'var_session_id' => '',
  'prefix' => 'think',
  'type' => '',
  'auto_start' => true,
  'httponly' => true,
  'secure' => false,
)
[ info ] [ LOG ] INIT File
---------------------------------------------------------------
[ 2019-12-23T09:58:21+08:00 ] 222.77.168.248 GET /index/publics/index.html
[ info ] mojing.3sup0.top/index/publics/index.html [运行时间：0.022532s][吞吐率：44.38req/s] [内存消耗：1,406.42kb] [文件加载：71]
[ info ] [ LANG ] /www/wwwroot/mojing/thinkphp/lang/zh-cn.php
[ info ] [ ROUTE ] array (
)
[ info ] [ HEADER ] array (
  'cookie' => 'PHPSESSID=okh9uettht5gqeoq5q6o2l7nck',
  'accept-language' => 'zh-CN,zh;q=0.9',
  'accept-encoding' => 'gzip, deflate',
  'referer' => 'http://zzjie.com/url/?http://mojing.3sup0.top/',
  'dnt' => '1',
  'accept' => 'text/html,application/xhtml+xml,application/xml;q=0.9,image/webp,image/apng,*/*;q=0.8',
  'user-agent' => 'Mozilla/5.0 (Windows NT 10.0; WOW64) AppleWebKit/537.36 (KHTML, like Gecko) Chrome/65.0.3314.0 Safari/537.36 SE 2.X MetaSr 1.0',
  'upgrade-insecure-requests' => '1',
  'connection' => 'keep-alive',
  'host' => 'mojing.3sup0.top',
  'content-type' => '',
  'content-length' => '',
)
[ info ] [ PARAM ] array (
)
[ info ] [ CACHE ] INIT File
[ info ] [ VIEW ] /www/wwwroot/mojing/application/index/view/publics/login.html [ array (
) ]
[ info ] [ LOG ] INIT File
---------------------------------------------------------------
[ 2019-12-23T09:58:25+08:00 ] 42.236.10.114 GET /index/publics/index.html
[ info ] mojing.3sup0.top/index/publics/index.html [运行时间：0.020850s][吞吐率：47.96req/s] [内存消耗：1,406.90kb] [文件加载：71]
[ info ] [ LANG ] /www/wwwroot/mojing/thinkphp/lang/zh-cn.php
[ info ] [ ROUTE ] array (
)
[ info ] [ HEADER ] array (
  'accept-encoding' => 'gzip, deflate',
  'referer' => 'http://baidu.com/',
  'accept' => 'text/html,application/xhtml+xml,application/xml;q=0.9,image/webp,image/apng,*/*;q=0.8',
  'user-agent' => 'Mozilla/5.0 (Linux; U; Android 8.1.0; zh-CN; EML-AL00 Build/HUAWEIEML-AL00) AppleWebKit/537.36 (KHTML, like Gecko) Version/4.0 Chrome/57.0.2987.108 baidu.sogo.uc.UCBrowser/11.9.4.974 UWS/2.13.1.48 Mobile Safari/537.36 AliApp(DingTalk/4.5.11) com.alibaba.android.rimet/10487439 Channel/227200 language/zh-CN',
  'upgrade-insecure-requests' => '1',
  'cache-control' => 'no-cache',
  'pragma' => 'no-cache',
  'connection' => 'keep-alive',
  'host' => 'mojing.3sup0.top',
  'content-type' => '',
  'content-length' => '',
)
[ info ] [ PARAM ] array (
)
[ info ] [ CACHE ] INIT File
[ info ] [ VIEW ] /www/wwwroot/mojing/application/index/view/publics/login.html [ array (
) ]
[ info ] [ LOG ] INIT File
---------------------------------------------------------------
[ 2019-12-23T09:58:26+08:00 ] 42.236.10.125 GET /
[ info ] mojing.3sup0.top/ [运行时间：0.021332s][吞吐率：46.88req/s] [内存消耗：1,404.48kb] [文件加载：74]
[ info ] [ LANG ] /www/wwwroot/mojing/thinkphp/lang/zh-cn.php
[ info ] [ ROUTE ] array (
)
[ info ] [ HEADER ] array (
  'accept-encoding' => 'gzip, deflate',
  'accept' => 'text/html,application/xhtml+xml,application/xml;q=0.9,image/webp,image/apng,*/*;q=0.8',
  'upgrade-insecure-requests' => '1',
  'user-agent' => 'Mozilla/5.0 (Linux; U; Android 8.1.0; zh-CN; EML-AL00 Build/HUAWEIEML-AL00) AppleWebKit/537.36 (KHTML, like Gecko) Version/4.0 Chrome/57.0.2987.108 baidu.sogo.uc.UCBrowser/11.9.4.974 UWS/2.13.1.48 Mobile Safari/537.36 AliApp(DingTalk/4.5.11) com.alibaba.android.rimet/10487439 Channel/227200 language/zh-CN',
  'connection' => 'keep-alive',
  'host' => 'mojing.3sup0.top',
  'content-type' => '',
  'content-length' => '',
)
[ info ] [ PARAM ] array (
)
[ info ] [ CACHE ] INIT File
[ info ] [ SESSION ] INIT array (
  'id' => '',
  'var_session_id' => '',
  'prefix' => 'think',
  'type' => '',
  'auto_start' => true,
  'httponly' => true,
  'secure' => false,
)
[ info ] [ LOG ] INIT File
---------------------------------------------------------------
[ 2019-12-23T09:58:26+08:00 ] 42.236.10.117 GET /
[ info ] mojing.3sup0.top/ [运行时间：0.020936s][吞吐率：47.76req/s] [内存消耗：1,404.78kb] [文件加载：74]
[ info ] [ LANG ] /www/wwwroot/mojing/thinkphp/lang/zh-cn.php
[ info ] [ ROUTE ] array (
)
[ info ] [ HEADER ] array (
  'accept-encoding' => 'gzip, deflate',
  'referer' => 'http://baidu.com/',
  'accept' => 'text/html,application/xhtml+xml,application/xml;q=0.9,image/webp,image/apng,*/*;q=0.8',
  'user-agent' => 'Mozilla/5.0 (Linux; U; Android 8.1.0; zh-CN; EML-AL00 Build/HUAWEIEML-AL00) AppleWebKit/537.36 (KHTML, like Gecko) Version/4.0 Chrome/57.0.2987.108 baidu.sogo.uc.UCBrowser/11.9.4.974 UWS/2.13.1.48 Mobile Safari/537.36 AliApp(DingTalk/4.5.11) com.alibaba.android.rimet/10487439 Channel/227200 language/zh-CN',
  'upgrade-insecure-requests' => '1',
  'cache-control' => 'no-cache',
  'pragma' => 'no-cache',
  'connection' => 'keep-alive',
  'host' => 'mojing.3sup0.top',
  'content-type' => '',
  'content-length' => '',
)
[ info ] [ PARAM ] array (
)
[ info ] [ CACHE ] INIT File
[ info ] [ SESSION ] INIT array (
  'id' => '',
  'var_session_id' => '',
  'prefix' => 'think',
  'type' => '',
  'auto_start' => true,
  'httponly' => true,
  'secure' => false,
)
[ info ] [ LOG ] INIT File
---------------------------------------------------------------
[ 2019-12-23T09:58:26+08:00 ] 42.236.10.117 GET /index/publics/index.html
[ info ] mojing.3sup0.top/index/publics/index.html [运行时间：0.021780s][吞吐率：45.91req/s] [内存消耗：1,407.05kb] [文件加载：71]
[ info ] [ LANG ] /www/wwwroot/mojing/thinkphp/lang/zh-cn.php
[ info ] [ ROUTE ] array (
)
[ info ] [ HEADER ] array (
  'cookie' => 'PHPSESSID=f39aheeoi1vn8mqj70qion35g2',
  'accept-encoding' => 'gzip, deflate',
  'referer' => 'http://baidu.com/',
  'accept' => 'text/html,application/xhtml+xml,application/xml;q=0.9,image/webp,image/apng,*/*;q=0.8',
  'user-agent' => 'Mozilla/5.0 (Linux; U; Android 8.1.0; zh-CN; EML-AL00 Build/HUAWEIEML-AL00) AppleWebKit/537.36 (KHTML, like Gecko) Version/4.0 Chrome/57.0.2987.108 baidu.sogo.uc.UCBrowser/11.9.4.974 UWS/2.13.1.48 Mobile Safari/537.36 AliApp(DingTalk/4.5.11) com.alibaba.android.rimet/10487439 Channel/227200 language/zh-CN',
  'upgrade-insecure-requests' => '1',
  'cache-control' => 'no-cache',
  'pragma' => 'no-cache',
  'connection' => 'keep-alive',
  'host' => 'mojing.3sup0.top',
  'content-type' => '',
  'content-length' => '',
)
[ info ] [ PARAM ] array (
)
[ info ] [ CACHE ] INIT File
[ info ] [ VIEW ] /www/wwwroot/mojing/application/index/view/publics/login.html [ array (
) ]
[ info ] [ LOG ] INIT File
---------------------------------------------------------------
[ 2019-12-23T09:58:30+08:00 ] 42.236.10.125 GET /index/publics/index.html
[ info ] mojing.3sup0.top/index/publics/index.html [运行时间：0.022983s][吞吐率：43.51req/s] [内存消耗：1,406.90kb] [文件加载：71]
[ info ] [ LANG ] /www/wwwroot/mojing/thinkphp/lang/zh-cn.php
[ info ] [ ROUTE ] array (
)
[ info ] [ HEADER ] array (
  'accept-encoding' => 'gzip, deflate',
  'referer' => 'http://baidu.com/',
  'accept' => 'text/html,application/xhtml+xml,application/xml;q=0.9,image/webp,image/apng,*/*;q=0.8',
  'user-agent' => 'Mozilla/5.0 (Linux; U; Android 8.1.0; zh-CN; EML-AL00 Build/HUAWEIEML-AL00) AppleWebKit/537.36 (KHTML, like Gecko) Version/4.0 Chrome/57.0.2987.108 baidu.sogo.uc.UCBrowser/11.9.4.974 UWS/2.13.1.48 Mobile Safari/537.36 AliApp(DingTalk/4.5.11) com.alibaba.android.rimet/10487439 Channel/227200 language/zh-CN',
  'upgrade-insecure-requests' => '1',
  'cache-control' => 'no-cache',
  'pragma' => 'no-cache',
  'connection' => 'keep-alive',
  'host' => 'mojing.3sup0.top',
  'content-type' => '',
  'content-length' => '',
)
[ info ] [ PARAM ] array (
)
[ info ] [ CACHE ] INIT File
[ info ] [ VIEW ] /www/wwwroot/mojing/application/index/view/publics/login.html [ array (
) ]
[ info ] [ LOG ] INIT File
---------------------------------------------------------------
[ 2019-12-23T09:58:31+08:00 ] 42.236.10.117 GET /
[ info ] mojing.3sup0.top/ [运行时间：0.020835s][吞吐率：48.00req/s] [内存消耗：1,404.78kb] [文件加载：74]
[ info ] [ LANG ] /www/wwwroot/mojing/thinkphp/lang/zh-cn.php
[ info ] [ ROUTE ] array (
)
[ info ] [ HEADER ] array (
  'accept-encoding' => 'gzip, deflate',
  'referer' => 'http://baidu.com/',
  'accept' => 'text/html,application/xhtml+xml,application/xml;q=0.9,image/webp,image/apng,*/*;q=0.8',
  'user-agent' => 'Mozilla/5.0 (Linux; U; Android 8.1.0; zh-CN; EML-AL00 Build/HUAWEIEML-AL00) AppleWebKit/537.36 (KHTML, like Gecko) Version/4.0 Chrome/57.0.2987.108 baidu.sogo.uc.UCBrowser/11.9.4.974 UWS/2.13.1.48 Mobile Safari/537.36 AliApp(DingTalk/4.5.11) com.alibaba.android.rimet/10487439 Channel/227200 language/zh-CN',
  'upgrade-insecure-requests' => '1',
  'cache-control' => 'no-cache',
  'pragma' => 'no-cache',
  'connection' => 'keep-alive',
  'host' => 'mojing.3sup0.top',
  'content-type' => '',
  'content-length' => '',
)
[ info ] [ PARAM ] array (
)
[ info ] [ CACHE ] INIT File
[ info ] [ SESSION ] INIT array (
  'id' => '',
  'var_session_id' => '',
  'prefix' => 'think',
  'type' => '',
  'auto_start' => true,
  'httponly' => true,
  'secure' => false,
)
[ info ] [ LOG ] INIT File
---------------------------------------------------------------
[ 2019-12-23T09:58:32+08:00 ] 42.236.10.117 GET /index/publics/index.html
[ info ] mojing.3sup0.top/index/publics/index.html [运行时间：0.020700s][吞吐率：48.31req/s] [内存消耗：1,407.05kb] [文件加载：71]
[ info ] [ LANG ] /www/wwwroot/mojing/thinkphp/lang/zh-cn.php
[ info ] [ ROUTE ] array (
)
[ info ] [ HEADER ] array (
  'cookie' => 'PHPSESSID=3ppiknvr36ckq57hvcttnog5en',
  'accept-encoding' => 'gzip, deflate',
  'referer' => 'http://baidu.com/',
  'accept' => 'text/html,application/xhtml+xml,application/xml;q=0.9,image/webp,image/apng,*/*;q=0.8',
  'user-agent' => 'Mozilla/5.0 (Linux; U; Android 8.1.0; zh-CN; EML-AL00 Build/HUAWEIEML-AL00) AppleWebKit/537.36 (KHTML, like Gecko) Version/4.0 Chrome/57.0.2987.108 baidu.sogo.uc.UCBrowser/11.9.4.974 UWS/2.13.1.48 Mobile Safari/537.36 AliApp(DingTalk/4.5.11) com.alibaba.android.rimet/10487439 Channel/227200 language/zh-CN',
  'upgrade-insecure-requests' => '1',
  'cache-control' => 'no-cache',
  'pragma' => 'no-cache',
  'connection' => 'keep-alive',
  'host' => 'mojing.3sup0.top',
  'content-type' => '',
  'content-length' => '',
)
[ info ] [ PARAM ] array (
)
[ info ] [ CACHE ] INIT File
[ info ] [ VIEW ] /www/wwwroot/mojing/application/index/view/publics/login.html [ array (
) ]
[ info ] [ LOG ] INIT File
---------------------------------------------------------------
[ 2019-12-23T09:58:32+08:00 ] 222.77.168.248 GET /
[ info ] mojing.3sup0.top/ [运行时间：0.020565s][吞吐率：48.63req/s] [内存消耗：1,404.05kb] [文件加载：74]
[ info ] [ LANG ] /www/wwwroot/mojing/thinkphp/lang/zh-cn.php
[ info ] [ ROUTE ] array (
)
[ info ] [ HEADER ] array (
  'cookie' => 'PHPSESSID=okh9uettht5gqeoq5q6o2l7nck',
  'accept-language' => 'zh-CN,zh;q=0.9',
  'accept-encoding' => 'gzip, deflate',
  'dnt' => '1',
  'accept' => 'text/html,application/xhtml+xml,application/xml;q=0.9,image/webp,image/apng,*/*;q=0.8',
  'user-agent' => 'Mozilla/5.0 (Windows NT 10.0; WOW64) AppleWebKit/537.36 (KHTML, like Gecko) Chrome/65.0.3314.0 Safari/537.36 SE 2.X MetaSr 1.0',
  'upgrade-insecure-requests' => '1',
  'connection' => 'keep-alive',
  'host' => 'mojing.3sup0.top',
  'content-type' => '',
  'content-length' => '',
)
[ info ] [ PARAM ] array (
)
[ info ] [ CACHE ] INIT File
[ info ] [ SESSION ] INIT array (
  'id' => '',
  'var_session_id' => '',
  'prefix' => 'think',
  'type' => '',
  'auto_start' => true,
  'httponly' => true,
  'secure' => false,
)
[ info ] [ LOG ] INIT File
---------------------------------------------------------------
[ 2019-12-23T09:58:32+08:00 ] 222.77.168.248 GET /index/publics/index.html
[ info ] mojing.3sup0.top/index/publics/index.html [运行时间：0.020607s][吞吐率：48.53req/s] [内存消耗：1,406.02kb] [文件加载：71]
[ info ] [ LANG ] /www/wwwroot/mojing/thinkphp/lang/zh-cn.php
[ info ] [ ROUTE ] array (
)
[ info ] [ HEADER ] array (
  'cookie' => 'PHPSESSID=okh9uettht5gqeoq5q6o2l7nck',
  'accept-language' => 'zh-CN,zh;q=0.9',
  'accept-encoding' => 'gzip, deflate',
  'dnt' => '1',
  'accept' => 'text/html,application/xhtml+xml,application/xml;q=0.9,image/webp,image/apng,*/*;q=0.8',
  'user-agent' => 'Mozilla/5.0 (Windows NT 10.0; WOW64) AppleWebKit/537.36 (KHTML, like Gecko) Chrome/65.0.3314.0 Safari/537.36 SE 2.X MetaSr 1.0',
  'upgrade-insecure-requests' => '1',
  'connection' => 'keep-alive',
  'host' => 'mojing.3sup0.top',
  'content-type' => '',
  'content-length' => '',
)
[ info ] [ PARAM ] array (
)
[ info ] [ CACHE ] INIT File
[ info ] [ VIEW ] /www/wwwroot/mojing/application/index/view/publics/login.html [ array (
) ]
[ info ] [ LOG ] INIT File
---------------------------------------------------------------
[ 2019-12-23T09:58:52+08:00 ] 222.77.168.248 POST /index/publics/login.html
[ info ] mojing.3sup0.top/index/publics/login.html [运行时间：0.039178s][吞吐率：25.52req/s] [内存消耗：2,294.44kb] [文件加载：81]
[ info ] [ LANG ] /www/wwwroot/mojing/thinkphp/lang/zh-cn.php
[ info ] [ ROUTE ] array (
)
[ info ] [ HEADER ] array (
  'cookie' => 'PHPSESSID=okh9uettht5gqeoq5q6o2l7nck',
  'accept-language' => 'zh-CN,zh;q=0.9',
  'accept-encoding' => 'gzip, deflate',
  'referer' => 'http://mojing.3sup0.top/index/publics/index.html',
  'dnt' => '1',
  'content-type' => 'application/x-www-form-urlencoded; charset=UTF-8',
  'user-agent' => 'Mozilla/5.0 (Linux; Android 6.0; Nexus 5 Build/MRA58N) AppleWebKit/537.36 (KHTML, like Gecko) Chrome/65.0.3314.0 Mobile Safari/537.36 SE 2.X MetaSr 1.0',
  'x-requested-with' => 'XMLHttpRequest',
  'origin' => 'http://mojing.3sup0.top',
  'accept' => 'application/json, text/javascript, */*; q=0.01',
  'content-length' => '37',
  'connection' => 'keep-alive',
  'host' => 'mojing.3sup0.top',
)
[ info ] [ PARAM ] array (
  'account' => '15951255073',
  'password' => '12345678',
)
[ info ] [ CACHE ] INIT File
[ info ] [ DB ] INIT mysql
[ info ] [ LOG ] INIT File
[ sql ] [ DB ] CONNECT:[ UseTime:0.000752s ] mysql:host=127.0.0.1;port=3306;dbname=mojing;charset=utf8
[ sql ] [ SQL ] SHOW COLUMNS FROM `user` [ RunTime:0.002385s ]
[ sql ] [ SQL ] SELECT * FROM `user` WHERE  `mobile` = '15951255073' LIMIT 1 [ RunTime:0.001411s ]
---------------------------------------------------------------
[ 2019-12-23T09:58:54+08:00 ] 222.77.168.248 GET /index/publics/register.html
[ info ] mojing.3sup0.top/index/publics/register.html [运行时间：0.021542s][吞吐率：46.42req/s] [内存消耗：1,406.98kb] [文件加载：71]
[ info ] [ LANG ] /www/wwwroot/mojing/thinkphp/lang/zh-cn.php
[ info ] [ ROUTE ] array (
)
[ info ] [ HEADER ] array (
  'cookie' => 'PHPSESSID=okh9uettht5gqeoq5q6o2l7nck',
  'accept-language' => 'zh-CN,zh;q=0.9',
  'accept-encoding' => 'gzip, deflate',
  'referer' => 'http://mojing.3sup0.top/index/publics/index.html',
  'dnt' => '1',
  'accept' => 'text/html,application/xhtml+xml,application/xml;q=0.9,image/webp,image/apng,*/*;q=0.8',
  'user-agent' => 'Mozilla/5.0 (Linux; Android 6.0; Nexus 5 Build/MRA58N) AppleWebKit/537.36 (KHTML, like Gecko) Chrome/65.0.3314.0 Mobile Safari/537.36 SE 2.X MetaSr 1.0',
  'upgrade-insecure-requests' => '1',
  'connection' => 'keep-alive',
  'host' => 'mojing.3sup0.top',
  'content-type' => '',
  'content-length' => '',
)
[ info ] [ PARAM ] array (
)
[ info ] [ CACHE ] INIT File
[ info ] [ VIEW ] /www/wwwroot/mojing/application/index/view/publics/register.html [ array (
  0 => 'code',
) ]
[ info ] [ LOG ] INIT File
---------------------------------------------------------------
[ 2019-12-23T09:58:58+08:00 ] 180.163.220.66 GET /index/publics/register.html
[ info ] mojing.3sup0.top/index/publics/register.html [运行时间：0.020064s][吞吐率：49.84req/s] [内存消耗：1,407.46kb] [文件加载：71]
[ info ] [ LANG ] /www/wwwroot/mojing/thinkphp/lang/zh-cn.php
[ info ] [ ROUTE ] array (
)
[ info ] [ HEADER ] array (
  'accept-encoding' => 'gzip, deflate',
  'referer' => 'http://baidu.com/',
  'accept' => 'text/html,application/xhtml+xml,application/xml;q=0.9,image/webp,image/apng,*/*;q=0.8',
  'user-agent' => 'Mozilla/5.0 (Linux; U; Android 8.1.0; zh-CN; EML-AL00 Build/HUAWEIEML-AL00) AppleWebKit/537.36 (KHTML, like Gecko) Version/4.0 Chrome/57.0.2987.108 baidu.sogo.uc.UCBrowser/11.9.4.974 UWS/2.13.1.48 Mobile Safari/537.36 AliApp(DingTalk/4.5.11) com.alibaba.android.rimet/10487439 Channel/227200 language/zh-CN',
  'upgrade-insecure-requests' => '1',
  'cache-control' => 'no-cache',
  'pragma' => 'no-cache',
  'connection' => 'keep-alive',
  'host' => 'mojing.3sup0.top',
  'content-type' => '',
  'content-length' => '',
)
[ info ] [ PARAM ] array (
)
[ info ] [ CACHE ] INIT File
[ info ] [ VIEW ] /www/wwwroot/mojing/application/index/view/publics/register.html [ array (
  0 => 'code',
) ]
[ info ] [ LOG ] INIT File
---------------------------------------------------------------
[ 2019-12-23T09:59:02+08:00 ] 180.163.220.66 GET /index/publics/register.html
[ info ] mojing.3sup0.top/index/publics/register.html [运行时间：0.020668s][吞吐率：48.38req/s] [内存消耗：1,407.46kb] [文件加载：71]
[ info ] [ LANG ] /www/wwwroot/mojing/thinkphp/lang/zh-cn.php
[ info ] [ ROUTE ] array (
)
[ info ] [ HEADER ] array (
  'accept-encoding' => 'gzip, deflate',
  'referer' => 'http://baidu.com/',
  'accept' => 'text/html,application/xhtml+xml,application/xml;q=0.9,image/webp,image/apng,*/*;q=0.8',
  'user-agent' => 'Mozilla/5.0 (Linux; U; Android 8.1.0; zh-CN; EML-AL00 Build/HUAWEIEML-AL00) AppleWebKit/537.36 (KHTML, like Gecko) Version/4.0 Chrome/57.0.2987.108 baidu.sogo.uc.UCBrowser/11.9.4.974 UWS/2.13.1.48 Mobile Safari/537.36 AliApp(DingTalk/4.5.11) com.alibaba.android.rimet/10487439 Channel/227200 language/zh-CN',
  'upgrade-insecure-requests' => '1',
  'cache-control' => 'no-cache',
  'pragma' => 'no-cache',
  'connection' => 'keep-alive',
  'host' => 'mojing.3sup0.top',
  'content-type' => '',
  'content-length' => '',
)
[ info ] [ PARAM ] array (
)
[ info ] [ CACHE ] INIT File
[ info ] [ VIEW ] /www/wwwroot/mojing/application/index/view/publics/register.html [ array (
  0 => 'code',
) ]
[ info ] [ LOG ] INIT File
---------------------------------------------------------------
[ 2019-12-23T19:26:56+08:00 ] 180.142.201.173 GET /
[ info ] 103.122.92.168:9898/ [运行时间：0.024015s][吞吐率：41.64req/s] [内存消耗：1,404.04kb] [文件加载：74]
[ info ] [ LANG ] /www/wwwroot/mojing/thinkphp/lang/zh-cn.php
[ info ] [ ROUTE ] array (
)
[ info ] [ HEADER ] array (
  'cookie' => 'PHPSESSID=5hd9n2ne1e156hvj2mfv1rpgn5',
  'accept-language' => 'zh-CN,zh;q=0.9',
  'accept-encoding' => 'gzip, deflate',
  'accept' => 'text/html,application/xhtml+xml,application/xml;q=0.9,image/webp,image/apng,*/*;q=0.8',
  'user-agent' => 'Mozilla/5.0 (Windows NT 10.0; WOW64) AppleWebKit/537.36 (KHTML, like Gecko) Chrome/70.0.3538.25 Safari/537.36 Core/1.70.3704.400 QQBrowser/10.4.3620.400',
  'upgrade-insecure-requests' => '1',
  'connection' => 'keep-alive',
  'host' => '103.122.92.168:9898',
  'content-type' => '',
  'content-length' => '',
)
[ info ] [ PARAM ] array (
)
[ info ] [ CACHE ] INIT File
[ info ] [ SESSION ] INIT array (
  'id' => '',
  'var_session_id' => '',
  'prefix' => 'think',
  'type' => '',
  'auto_start' => true,
  'httponly' => true,
  'secure' => false,
)
[ info ] [ LOG ] INIT File
---------------------------------------------------------------
[ 2019-12-23T19:26:56+08:00 ] 180.142.201.173 GET /index/publics/index.html
[ info ] 103.122.92.168:9898/index/publics/index.html [运行时间：0.020575s][吞吐率：48.60req/s] [内存消耗：1,406.01kb] [文件加载：71]
[ info ] [ LANG ] /www/wwwroot/mojing/thinkphp/lang/zh-cn.php
[ info ] [ ROUTE ] array (
)
[ info ] [ HEADER ] array (
  'cookie' => 'PHPSESSID=5hd9n2ne1e156hvj2mfv1rpgn5',
  'accept-language' => 'zh-CN,zh;q=0.9',
  'accept-encoding' => 'gzip, deflate',
  'accept' => 'text/html,application/xhtml+xml,application/xml;q=0.9,image/webp,image/apng,*/*;q=0.8',
  'user-agent' => 'Mozilla/5.0 (Windows NT 10.0; WOW64) AppleWebKit/537.36 (KHTML, like Gecko) Chrome/70.0.3538.25 Safari/537.36 Core/1.70.3704.400 QQBrowser/10.4.3620.400',
  'upgrade-insecure-requests' => '1',
  'connection' => 'keep-alive',
  'host' => '103.122.92.168:9898',
  'content-type' => '',
  'content-length' => '',
)
[ info ] [ PARAM ] array (
)
[ info ] [ CACHE ] INIT File
[ info ] [ VIEW ] /www/wwwroot/mojing/application/index/view/publics/login.html [ array (
) ]
[ info ] [ LOG ] INIT File
---------------------------------------------------------------
[ 2019-12-23T19:27:55+08:00 ] 61.151.178.175 GET /
[ info ] 103.122.92.168:9898/ [运行时间：0.022711s][吞吐率：44.03req/s] [内存消耗：1,403.07kb] [文件加载：74]
[ info ] [ LANG ] /www/wwwroot/mojing/thinkphp/lang/zh-cn.php
[ info ] [ ROUTE ] array (
)
[ info ] [ HEADER ] array (
  'connection' => 'keep-alive',
  'host' => '103.122.92.168:9898',
  'accept-language' => 'zh-CN,zh;q=0.8,en-US;q=0.6,en;q=0.4',
  'accept' => '*/*',
  'user-agent' => 'Mozilla/5.0 (Windows NT 6.1; WOW64) AppleWebKit/537.36 (KHTML, like Gecko) Chrome/43.0.2357.124 Safari/537.36',
  'content-type' => '',
  'content-length' => '',
)
[ info ] [ PARAM ] array (
)
[ info ] [ CACHE ] INIT File
[ info ] [ SESSION ] INIT array (
  'id' => '',
  'var_session_id' => '',
  'prefix' => 'think',
  'type' => '',
  'auto_start' => true,
  'httponly' => true,
  'secure' => false,
)
[ info ] [ LOG ] INIT File
