---------------------------------------------------------------
[ 2020-04-05T22:03:22+08:00 ] 101.19.107.173 GET /admin/index/index.html
[ info ] qk.wubowei.xyz/admin/index/index.html [运行时间：0.027216s][吞吐率：36.74req/s] [内存消耗：3,099.09kb] [文件加载：91]
[ info ] [ LANG ] /www/wwwroot/qk.wubowei.xyz/thinkphp/lang/zh-cn.php
[ info ] [ ROUTE ] array (
)
[ info ] [ HEADER ] array (
  'cookie' => 'PHPSESSID=9cgck797jj8maj6goh8b58hq64',
  'accept-language' => 'zh-CN,zh;q=0.9',
  'accept-encoding' => 'gzip, deflate',
  'referer' => 'http://qk.wubowei.xyz/admin/login/index.html',
  'accept' => 'text/html,application/xhtml+xml,application/xml;q=0.9,image/webp,image/apng,*/*;q=0.8',
  'user-agent' => 'Mozilla/5.0 (Windows NT 6.1; WOW64) AppleWebKit/537.36 (KHTML, like Gecko) Chrome/69.0.3947.100 Safari/537.36',
  'upgrade-insecure-requests' => '1',
  'cache-control' => 'no-cache',
  'pragma' => 'no-cache',
  'connection' => 'keep-alive',
  'host' => 'qk.wubowei.xyz',
  'content-type' => '',
  'content-length' => '',
)
[ info ] [ PARAM ] array (
)
[ info ] [ SESSION ] INIT array (
  'id' => '',
  'var_session_id' => '',
  'prefix' => 'think',
  'type' => '',
  'auto_start' => true,
  'httponly' => true,
  'secure' => false,
)
[ info ] [ DB ] INIT mysql
[ info ] [ CACHE ] INIT File
[ info ] [ VIEW ] /www/wwwroot/qk.wubowei.xyz/application/admin/view/index/index.html [ array (
  0 => 'userLevel',
  1 => 'magic',
  2 => 'order',
  3 => 'user',
  4 => 'charge_number',
  5 => 'manage',
  6 => 'menus',
) ]
[ info ] [ LOG ] INIT File
[ sql ] [ DB ] CONNECT:[ UseTime:0.000403s ] mysql:host=127.0.0.1;port=3306;dbname=qk_wubowei_xyz;charset=utf8
[ sql ] [ SQL ] SHOW COLUMNS FROM `manage_user_group` [ RunTime:0.000534s ]
[ sql ] [ SQL ] SELECT `group_id` FROM `manage_user_group` WHERE  `user_id` = 1 [ RunTime:0.000155s ]
[ sql ] [ SQL ] SHOW COLUMNS FROM `manage_group` [ RunTime:0.000432s ]
[ sql ] [ SQL ] SELECT * FROM `manage_group` WHERE  `id` IN (1) [ RunTime:0.000142s ]
[ sql ] [ SQL ] SHOW COLUMNS FROM `user` [ RunTime:0.000570s ]
[ sql ] [ SQL ] SELECT COUNT(*) AS tp_count FROM `user` LIMIT 1 [ RunTime:0.000120s ]
[ sql ] [ SQL ] SELECT COUNT(*) AS tp_count FROM `user` WHERE  `register_time` BETWEEN 1586016000 AND 1586102400 LIMIT 1 [ RunTime:0.000129s ]
[ sql ] [ SQL ] SELECT COUNT(*) AS tp_count FROM `user` WHERE  `is_certification` = 1 LIMIT 1 [ RunTime:0.000113s ]
[ sql ] [ SQL ] SELECT COUNT(*) AS tp_count FROM `user` WHERE  `is_certification` = -1 LIMIT 1 [ RunTime:0.000121s ]
[ sql ] [ SQL ] SHOW COLUMNS FROM `orders` [ RunTime:0.000469s ]
[ sql ] [ SQL ] SELECT SUM(`charge_number`) AS tp_sum FROM `orders` WHERE  `status` = 4  AND `finish_time` < 1586016000  AND `finish_time` >= 1585929600 LIMIT 1 [ RunTime:0.000159s ]
[ sql ] [ SQL ] SELECT count(*) as total,`level` FROM user GROUP BY `level` [ RunTime:0.000110s ]
[ sql ] [ SQL ] SHOW COLUMNS FROM `user_product` [ RunTime:0.000442s ]
[ sql ] [ SQL ] SELECT COUNT(*) AS tp_count FROM `user_product` WHERE  `status` = 1 LIMIT 1 [ RunTime:0.000126s ]
[ sql ] [ SQL ] SELECT COUNT(*) AS tp_count FROM `user_product` WHERE  `status` = 0 LIMIT 1 [ RunTime:0.000129s ]
[ sql ] [ SQL ] SELECT SUM(`number`) AS tp_sum FROM `orders` WHERE  `status` = 1 LIMIT 1 [ RunTime:0.000115s ]
[ sql ] [ SQL ] SELECT SUM(`number`) AS tp_sum FROM `orders` WHERE  `status` = 2 LIMIT 1 [ RunTime:0.000111s ]
[ sql ] [ SQL ] SELECT SUM(`number`) AS tp_sum FROM `orders` WHERE  `status` = 3 LIMIT 1 [ RunTime:0.000108s ]
[ sql ] [ SQL ] SELECT SUM(`number`) AS tp_sum FROM `orders` WHERE  `status` = 4 LIMIT 1 [ RunTime:0.000111s ]
---------------------------------------------------------------
[ 2020-04-05T22:04:43+08:00 ] 101.19.107.173 GET /admin/index/index.html
[ info ] qk.wubowei.xyz/admin/index/index.html [运行时间：0.026805s][吞吐率：37.31req/s] [内存消耗：3,098.91kb] [文件加载：91]
[ info ] [ LANG ] /www/wwwroot/qk.wubowei.xyz/thinkphp/lang/zh-cn.php
[ info ] [ ROUTE ] array (
)
[ info ] [ HEADER ] array (
  'cookie' => 'PHPSESSID=9cgck797jj8maj6goh8b58hq64',
  'accept-language' => 'zh-CN,zh;q=0.9',
  'accept-encoding' => 'gzip, deflate',
  'referer' => 'http://qk.wubowei.xyz/admin/login/index.html',
  'accept' => 'text/html,application/xhtml+xml,application/xml;q=0.9,image/webp,image/apng,*/*;q=0.8',
  'user-agent' => 'Mozilla/5.0 (Windows NT 6.1; WOW64) AppleWebKit/537.36 (KHTML, like Gecko) Chrome/69.0.3947.100 Safari/537.36',
  'upgrade-insecure-requests' => '1',
  'cache-control' => 'max-age=0',
  'connection' => 'keep-alive',
  'host' => 'qk.wubowei.xyz',
  'content-type' => '',
  'content-length' => '',
)
[ info ] [ PARAM ] array (
)
[ info ] [ SESSION ] INIT array (
  'id' => '',
  'var_session_id' => '',
  'prefix' => 'think',
  'type' => '',
  'auto_start' => true,
  'httponly' => true,
  'secure' => false,
)
[ info ] [ DB ] INIT mysql
[ info ] [ CACHE ] INIT File
[ info ] [ VIEW ] /www/wwwroot/qk.wubowei.xyz/application/admin/view/index/index.html [ array (
  0 => 'userLevel',
  1 => 'magic',
  2 => 'order',
  3 => 'user',
  4 => 'charge_number',
  5 => 'manage',
  6 => 'menus',
) ]
[ info ] [ LOG ] INIT File
[ sql ] [ DB ] CONNECT:[ UseTime:0.000231s ] mysql:host=127.0.0.1;port=3306;dbname=qk_wubowei_xyz;charset=utf8
[ sql ] [ SQL ] SHOW COLUMNS FROM `manage_user_group` [ RunTime:0.000465s ]
[ sql ] [ SQL ] SELECT `group_id` FROM `manage_user_group` WHERE  `user_id` = 1 [ RunTime:0.000151s ]
[ sql ] [ SQL ] SHOW COLUMNS FROM `manage_group` [ RunTime:0.000424s ]
[ sql ] [ SQL ] SELECT * FROM `manage_group` WHERE  `id` IN (1) [ RunTime:0.000150s ]
[ sql ] [ SQL ] SHOW COLUMNS FROM `user` [ RunTime:0.000564s ]
[ sql ] [ SQL ] SELECT COUNT(*) AS tp_count FROM `user` LIMIT 1 [ RunTime:0.000119s ]
[ sql ] [ SQL ] SELECT COUNT(*) AS tp_count FROM `user` WHERE  `register_time` BETWEEN 1586016000 AND 1586102400 LIMIT 1 [ RunTime:0.000127s ]
[ sql ] [ SQL ] SELECT COUNT(*) AS tp_count FROM `user` WHERE  `is_certification` = 1 LIMIT 1 [ RunTime:0.000122s ]
[ sql ] [ SQL ] SELECT COUNT(*) AS tp_count FROM `user` WHERE  `is_certification` = -1 LIMIT 1 [ RunTime:0.000114s ]
[ sql ] [ SQL ] SHOW COLUMNS FROM `orders` [ RunTime:0.000483s ]
[ sql ] [ SQL ] SELECT SUM(`charge_number`) AS tp_sum FROM `orders` WHERE  `status` = 4  AND `finish_time` < 1586016000  AND `finish_time` >= 1585929600 LIMIT 1 [ RunTime:0.000150s ]
[ sql ] [ SQL ] SELECT count(*) as total,`level` FROM user GROUP BY `level` [ RunTime:0.000126s ]
[ sql ] [ SQL ] SHOW COLUMNS FROM `user_product` [ RunTime:0.000458s ]
[ sql ] [ SQL ] SELECT COUNT(*) AS tp_count FROM `user_product` WHERE  `status` = 1 LIMIT 1 [ RunTime:0.000131s ]
[ sql ] [ SQL ] SELECT COUNT(*) AS tp_count FROM `user_product` WHERE  `status` = 0 LIMIT 1 [ RunTime:0.000118s ]
[ sql ] [ SQL ] SELECT SUM(`number`) AS tp_sum FROM `orders` WHERE  `status` = 1 LIMIT 1 [ RunTime:0.000114s ]
[ sql ] [ SQL ] SELECT SUM(`number`) AS tp_sum FROM `orders` WHERE  `status` = 2 LIMIT 1 [ RunTime:0.000110s ]
[ sql ] [ SQL ] SELECT SUM(`number`) AS tp_sum FROM `orders` WHERE  `status` = 3 LIMIT 1 [ RunTime:0.000116s ]
[ sql ] [ SQL ] SELECT SUM(`number`) AS tp_sum FROM `orders` WHERE  `status` = 4 LIMIT 1 [ RunTime:0.000122s ]
