---------------------------------------------------------------
[ 2020-04-14T15:13:29+08:00 ] 203.205.141.47 GET /
[ info ] web.4656.top/ [运行时间：0.204561s][吞吐率：4.89req/s] [内存消耗：2,365.59kb] [文件加载：79]
[ info ] [ LANG ] D:\wwwroot\web.4656.top\thinkphp\lang\zh-cn.php
[ info ] [ ROUTE ] array (
)
[ info ] [ HEADER ] array (
  'connection' => 'close',
  'cache-control' => 'max-age=0',
  'cookie' => 'ZDEDebuggerPresent=php,phtml,php3',
  'accept-language' => 'zh-CN,zh;q=0.9',
  'accept-encoding' => 'gzip, deflate',
  'accept' => 'text/html,application/xhtml+xml,application/xml;q=0.9,image/webp,image/apng,*/*;q=0.8',
  'user-agent' => 'Mozilla/5.0 (Windows NT 6.1; WOW64) AppleWebKit/537.36 (KHTML, like Gecko) Chrome/72.0.3626.121 Safari/537.36',
  'upgrade-insecure-requests' => '1',
  'host' => 'web.4656.top',
  'if-none-match' => '"3f2-5a33adb30beae-gzip"',
)
[ info ] [ PARAM ] array (
)
[ info ] [ CACHE ] INIT File
[ info ] [ LOG ] INIT File
[ error ] [4]语法错误: unexpected '?'[D:\wwwroot\web.4656.top\application\common\service\Users\Identity.php:63]
---------------------------------------------------------------
[ 2020-04-14T15:15:30+08:00 ] 171.212.137.228 GET /
[ info ] web.4656.top/ [运行时间：0.031171s][吞吐率：32.08req/s] [内存消耗：2,365.24kb] [文件加载：79]
[ info ] [ LANG ] D:\wwwroot\web.4656.top\thinkphp\lang\zh-cn.php
[ info ] [ ROUTE ] array (
)
[ info ] [ HEADER ] array (
  'cookie' => '__guid=112860290.2366204553651755500.1585646810138.7888; monitor_count=12',
  'accept-language' => 'zh-CN,zh;q=0.9',
  'accept-encoding' => 'gzip, deflate',
  'accept' => 'text/html,application/xhtml+xml,application/xml;q=0.9,image/webp,image/apng,*/*;q=0.8',
  'user-agent' => 'Mozilla/5.0 (Windows NT 10.0; WOW64) AppleWebKit/537.36 (KHTML, like Gecko) Chrome/69.0.3497.100 Safari/537.36/11.1.1033.0',
  'upgrade-insecure-requests' => '1',
  'connection' => 'close',
  'host' => 'web.4656.top',
)
[ info ] [ PARAM ] array (
)
[ info ] [ CACHE ] INIT File
[ info ] [ LOG ] INIT File
[ error ] [4]语法错误: unexpected '?'[D:\wwwroot\web.4656.top\application\common\service\Users\Identity.php:63]
---------------------------------------------------------------
[ 2020-04-14T15:16:01+08:00 ] 203.205.141.47 GET /
[ info ] web.4656.top/ [运行时间：0.077929s][吞吐率：12.83req/s] [内存消耗：1,697.02kb] [文件加载：74]
[ info ] [ LANG ] D:\wwwroot\web.4656.top\thinkphp\lang\zh-cn.php
[ info ] [ ROUTE ] array (
)
[ info ] [ HEADER ] array (
  'connection' => 'close',
  'cache-control' => 'max-age=0',
  'cookie' => 'ZDEDebuggerPresent=php,phtml,php3',
  'accept-language' => 'zh-CN,zh;q=0.9',
  'accept-encoding' => 'gzip, deflate',
  'accept' => 'text/html,application/xhtml+xml,application/xml;q=0.9,image/webp,image/apng,*/*;q=0.8',
  'user-agent' => 'Mozilla/5.0 (Windows NT 6.1; WOW64) AppleWebKit/537.36 (KHTML, like Gecko) Chrome/72.0.3626.121 Safari/537.36',
  'upgrade-insecure-requests' => '1',
  'host' => 'web.4656.top',
)
[ info ] [ PARAM ] array (
)
[ info ] [ CACHE ] INIT File
[ info ] [ SESSION ] INIT array (
  'id' => '',
  'var_session_id' => '',
  'prefix' => 'think',
  'type' => '',
  'auto_start' => true,
  'httponly' => true,
  'secure' => false,
)
[ info ] [ LOG ] INIT File
---------------------------------------------------------------
[ 2020-04-14T15:16:01+08:00 ] 203.205.141.47 GET /index/publics/index.html
[ info ] web.4656.top/index/publics/index.html [运行时间：0.062344s][吞吐率：16.04req/s] [内存消耗：1,699.06kb] [文件加载：71]
[ info ] [ LANG ] D:\wwwroot\web.4656.top\thinkphp\lang\zh-cn.php
[ info ] [ ROUTE ] array (
)
[ info ] [ HEADER ] array (
  'connection' => 'close',
  'cache-control' => 'max-age=0',
  'cookie' => 'ZDEDebuggerPresent=php,phtml,php3; PHPSESSID=331cc5d6208af16aa81acb66f147078a',
  'accept-language' => 'zh-CN,zh;q=0.9',
  'accept-encoding' => 'gzip, deflate',
  'accept' => 'text/html,application/xhtml+xml,application/xml;q=0.9,image/webp,image/apng,*/*;q=0.8',
  'user-agent' => 'Mozilla/5.0 (Windows NT 6.1; WOW64) AppleWebKit/537.36 (KHTML, like Gecko) Chrome/72.0.3626.121 Safari/537.36',
  'upgrade-insecure-requests' => '1',
  'host' => 'web.4656.top',
)
[ info ] [ PARAM ] array (
)
[ info ] [ CACHE ] INIT File
[ info ] [ VIEW ] D:\wwwroot\web.4656.top\application\index\view\publics\login.html [ array (
) ]
[ info ] [ LOG ] INIT File
---------------------------------------------------------------
[ 2020-04-14T15:16:17+08:00 ] 171.212.137.228 GET /
[ info ] web.4656.top/ [运行时间：0.031172s][吞吐率：32.08req/s] [内存消耗：1,697.06kb] [文件加载：74]
[ info ] [ LANG ] D:\wwwroot\web.4656.top\thinkphp\lang\zh-cn.php
[ info ] [ ROUTE ] array (
)
[ info ] [ HEADER ] array (
  'cookie' => '__guid=112860290.2366204553651755500.1585646810138.7888; monitor_count=13',
  'accept-language' => 'zh-CN,zh;q=0.9',
  'accept-encoding' => 'gzip, deflate',
  'accept' => 'text/html,application/xhtml+xml,application/xml;q=0.9,image/webp,image/apng,*/*;q=0.8',
  'user-agent' => 'Mozilla/5.0 (Windows NT 10.0; WOW64) AppleWebKit/537.36 (KHTML, like Gecko) Chrome/69.0.3497.100 Safari/537.36/11.1.1033.0',
  'upgrade-insecure-requests' => '1',
  'cache-control' => 'max-age=0',
  'connection' => 'close',
  'host' => 'web.4656.top',
)
[ info ] [ PARAM ] array (
)
[ info ] [ CACHE ] INIT File
[ info ] [ SESSION ] INIT array (
  'id' => '',
  'var_session_id' => '',
  'prefix' => 'think',
  'type' => '',
  'auto_start' => true,
  'httponly' => true,
  'secure' => false,
)
[ info ] [ LOG ] INIT File
---------------------------------------------------------------
[ 2020-04-14T15:16:17+08:00 ] 171.212.137.228 GET /index/publics/index.html
[ info ] web.4656.top/index/publics/index.html [运行时间：0.031172s][吞吐率：32.08req/s] [内存消耗：1,699.36kb] [文件加载：71]
[ info ] [ LANG ] D:\wwwroot\web.4656.top\thinkphp\lang\zh-cn.php
[ info ] [ ROUTE ] array (
)
[ info ] [ HEADER ] array (
  'cookie' => '__guid=112860290.2366204553651755500.1585646810138.7888; monitor_count=13; PHPSESSID=25031cb462042ac21cacd136b7af38df',
  'accept-language' => 'zh-CN,zh;q=0.9',
  'accept-encoding' => 'gzip, deflate',
  'accept' => 'text/html,application/xhtml+xml,application/xml;q=0.9,image/webp,image/apng,*/*;q=0.8',
  'user-agent' => 'Mozilla/5.0 (Windows NT 10.0; WOW64) AppleWebKit/537.36 (KHTML, like Gecko) Chrome/69.0.3497.100 Safari/537.36/11.1.1033.0',
  'upgrade-insecure-requests' => '1',
  'cache-control' => 'max-age=0',
  'connection' => 'close',
  'host' => 'web.4656.top',
)
[ info ] [ PARAM ] array (
)
[ info ] [ CACHE ] INIT File
[ info ] [ VIEW ] D:\wwwroot\web.4656.top\application\index\view\publics\login.html [ array (
) ]
[ info ] [ LOG ] INIT File
---------------------------------------------------------------
[ 2020-04-14T15:16:23+08:00 ] 180.163.220.5 GET /index/publics/index.html
[ info ] web.4656.top/index/publics/index.html [运行时间：0.031172s][吞吐率：32.08req/s] [内存消耗：1,699.59kb] [文件加载：71]
[ info ] [ LANG ] D:\wwwroot\web.4656.top\thinkphp\lang\zh-cn.php
[ info ] [ ROUTE ] array (
)
[ info ] [ HEADER ] array (
  'accept-encoding' => 'gzip, deflate',
  'referer' => 'http://baidu.com/',
  'accept' => 'text/html,application/xhtml+xml,application/xml;q=0.9,image/webp,image/apng,*/*;q=0.8',
  'user-agent' => 'Mozilla/5.0 (Linux; U; Android 8.1.0; zh-CN; EML-AL00 Build/HUAWEIEML-AL00) AppleWebKit/537.36 (KHTML, like Gecko) Version/4.0 Chrome/57.0.2987.108 baidu.sogo.uc.UCBrowser/11.9.4.974 UWS/2.13.1.48 Mobile Safari/537.36 AliApp(DingTalk/4.5.11) com.alibaba.android.rimet/10487439 Channel/227200 language/zh-CN',
  'upgrade-insecure-requests' => '1',
  'cache-control' => 'no-cache',
  'pragma' => 'no-cache',
  'connection' => 'close',
  'host' => 'web.4656.top',
)
[ info ] [ PARAM ] array (
)
[ info ] [ CACHE ] INIT File
[ info ] [ VIEW ] D:\wwwroot\web.4656.top\application\index\view\publics\login.html [ array (
) ]
[ info ] [ LOG ] INIT File
---------------------------------------------------------------
[ 2020-04-14T15:16:40+08:00 ] 180.163.220.68 GET /index/publics/index.html
[ info ] web.4656.top/index/publics/index.html [运行时间：0.031172s][吞吐率：32.08req/s] [内存消耗：1,699.59kb] [文件加载：71]
[ info ] [ LANG ] D:\wwwroot\web.4656.top\thinkphp\lang\zh-cn.php
[ info ] [ ROUTE ] array (
)
[ info ] [ HEADER ] array (
  'accept-encoding' => 'gzip, deflate',
  'referer' => 'http://baidu.com/',
  'accept' => 'text/html,application/xhtml+xml,application/xml;q=0.9,image/webp,image/apng,*/*;q=0.8',
  'user-agent' => 'Mozilla/5.0 (Linux; U; Android 8.1.0; zh-CN; EML-AL00 Build/HUAWEIEML-AL00) AppleWebKit/537.36 (KHTML, like Gecko) Version/4.0 Chrome/57.0.2987.108 baidu.sogo.uc.UCBrowser/11.9.4.974 UWS/2.13.1.48 Mobile Safari/537.36 AliApp(DingTalk/4.5.11) com.alibaba.android.rimet/10487439 Channel/227200 language/zh-CN',
  'upgrade-insecure-requests' => '1',
  'cache-control' => 'no-cache',
  'pragma' => 'no-cache',
  'connection' => 'close',
  'host' => 'web.4656.top',
)
[ info ] [ PARAM ] array (
)
[ info ] [ CACHE ] INIT File
[ info ] [ VIEW ] D:\wwwroot\web.4656.top\application\index\view\publics\login.html [ array (
) ]
[ info ] [ LOG ] INIT File
---------------------------------------------------------------
[ 2020-04-14T16:49:27+08:00 ] 171.212.137.228 GET /index/publics/index.html
[ info ] web.4656.top/index/publics/index.html [运行时间：0.015586s][吞吐率：64.16req/s] [内存消耗：1,699.52kb] [文件加载：71]
[ info ] [ LANG ] D:\wwwroot\web.4656.top\thinkphp\lang\zh-cn.php
[ info ] [ ROUTE ] array (
)
[ info ] [ HEADER ] array (
  'cookie' => '__guid=112860290.2366204553651755500.1585646810138.7888; PHPSESSID=25031cb462042ac21cacd136b7af38df; monitor_count=14',
  'accept-language' => 'zh-CN,zh;q=0.9',
  'accept-encoding' => 'gzip, deflate',
  'accept' => 'text/html,application/xhtml+xml,application/xml;q=0.9,image/webp,image/apng,*/*;q=0.8',
  'user-agent' => 'Mozilla/5.0 (Linux; Android 5.0; SM-G900P Build/LRX21T) AppleWebKit/537.36 (KHTML, like Gecko) Chrome/69.0.3497.100 Mobile Safari/537.36',
  'upgrade-insecure-requests' => '1',
  'cache-control' => 'max-age=0',
  'connection' => 'close',
  'host' => 'web.4656.top',
)
[ info ] [ PARAM ] array (
)
[ info ] [ CACHE ] INIT File
[ info ] [ VIEW ] D:\wwwroot\web.4656.top\application\index\view\publics\login.html [ array (
) ]
[ info ] [ LOG ] INIT File
---------------------------------------------------------------
[ 2020-04-14T16:49:28+08:00 ] 171.212.137.228 GET /index/publics/index.html
[ info ] web.4656.top/index/publics/index.html [运行时间：0.015586s][吞吐率：64.16req/s] [内存消耗：1,699.52kb] [文件加载：71]
[ info ] [ LANG ] D:\wwwroot\web.4656.top\thinkphp\lang\zh-cn.php
[ info ] [ ROUTE ] array (
)
[ info ] [ HEADER ] array (
  'cookie' => '__guid=112860290.2366204553651755500.1585646810138.7888; PHPSESSID=25031cb462042ac21cacd136b7af38df; monitor_count=15',
  'accept-language' => 'zh-CN,zh;q=0.9',
  'accept-encoding' => 'gzip, deflate',
  'accept' => 'text/html,application/xhtml+xml,application/xml;q=0.9,image/webp,image/apng,*/*;q=0.8',
  'user-agent' => 'Mozilla/5.0 (Linux; Android 5.0; SM-G900P Build/LRX21T) AppleWebKit/537.36 (KHTML, like Gecko) Chrome/69.0.3497.100 Mobile Safari/537.36',
  'upgrade-insecure-requests' => '1',
  'cache-control' => 'max-age=0',
  'connection' => 'close',
  'host' => 'web.4656.top',
)
[ info ] [ PARAM ] array (
)
[ info ] [ CACHE ] INIT File
[ info ] [ VIEW ] D:\wwwroot\web.4656.top\application\index\view\publics\login.html [ array (
) ]
[ info ] [ LOG ] INIT File
---------------------------------------------------------------
[ 2020-04-14T17:11:17+08:00 ] 101.89.29.92 GET /index/publics/index.html
[ info ] web.4656.top/index/publics/index.html [运行时间：0.015585s][吞吐率：64.16req/s] [内存消耗：1,697.45kb] [文件加载：71]
[ info ] [ LANG ] D:\wwwroot\web.4656.top\thinkphp\lang\zh-cn.php
[ info ] [ ROUTE ] array (
)
[ info ] [ HEADER ] array (
  'connection' => 'close',
  'host' => 'web.4656.top',
  'accept-language' => 'zh-CN,zh;q=0.8,en-US;q=0.6,en;q=0.4',
  'accept' => '*/*',
  'user-agent' => 'Mozilla/5.0 (Windows NT 6.1; WOW64; rv:50.0) Gecko/20100101 Firefox/50.0',
)
[ info ] [ PARAM ] array (
)
[ info ] [ CACHE ] INIT File
[ info ] [ VIEW ] D:\wwwroot\web.4656.top\application\index\view\publics\login.html [ array (
) ]
[ info ] [ LOG ] INIT File
---------------------------------------------------------------
[ 2020-04-14T17:11:25+08:00 ] 61.129.6.227 GET /index/publics/index.html
[ info ] web.4656.top/index/publics/index.html [运行时间：0.015585s][吞吐率：64.16req/s] [内存消耗：1,698.08kb] [文件加载：71]
[ info ] [ LANG ] D:\wwwroot\web.4656.top\thinkphp\lang\zh-cn.php
[ info ] [ ROUTE ] array (
)
[ info ] [ HEADER ] array (
  'connection' => 'close',
  'host' => 'web.4656.top',
  'accept-language' => 'en-US,*',
  'accept-encoding' => 'gzip, deflate',
  'user-agent' => 'Mozilla/5.0 (Linux; U; Android 4.4.4; zh-cn; MX4 Pro Build/KTU84P) AppleWebKit/534.30 (KHTML, like Gecko) Version/4.0 Mobile Safari/534.30',
  'referer' => '',
  'accept' => 'text/html,application/xhtml+xml,application/xml;q=0.9,*/*;q=0.8',
)
[ info ] [ PARAM ] array (
)
[ info ] [ CACHE ] INIT File
[ info ] [ VIEW ] D:\wwwroot\web.4656.top\application\index\view\publics\login.html [ array (
) ]
[ info ] [ LOG ] INIT File
---------------------------------------------------------------
[ 2020-04-14T17:49:14+08:00 ] 61.129.6.251 GET /
[ info ] web.4656.top/ [运行时间：0.062342s][吞吐率：16.04req/s] [内存消耗：1,695.56kb] [文件加载：74]
[ info ] [ LANG ] D:\wwwroot\web.4656.top\thinkphp\lang\zh-cn.php
[ info ] [ ROUTE ] array (
)
[ info ] [ HEADER ] array (
  'connection' => 'close',
  'host' => 'web.4656.top',
  'accept-language' => 'zh-CN,zh;q=0.8,en-US;q=0.6,en;q=0.4',
  'accept' => '*/*',
  'user-agent' => 'Mozilla/5.0 (Macintosh; Intel Mac OS X 10_12_4) AppleWebKit/537.36 (KHTML, like Gecko) 			Chrome/55.0.2883.95 Safari/537.36',
)
[ info ] [ PARAM ] array (
)
[ info ] [ CACHE ] INIT File
[ info ] [ SESSION ] INIT array (
  'id' => '',
  'var_session_id' => '',
  'prefix' => 'think',
  'type' => '',
  'auto_start' => true,
  'httponly' => true,
  'secure' => false,
)
[ info ] [ LOG ] INIT File
---------------------------------------------------------------
[ 2020-04-14T17:49:15+08:00 ] 101.91.60.108 GET /
[ info ] web.4656.top/ [运行时间：0.046756s][吞吐率：21.39req/s] [内存消耗：1,696.08kb] [文件加载：74]
[ info ] [ LANG ] D:\wwwroot\web.4656.top\thinkphp\lang\zh-cn.php
[ info ] [ ROUTE ] array (
)
[ info ] [ HEADER ] array (
  'connection' => 'close',
  'host' => 'web.4656.top',
  'accept-language' => 'en-US,*',
  'accept-encoding' => 'gzip, deflate',
  'user-agent' => 'Mozilla/5.0 (Linux; U; Android 4.4.4; zh-cn; MX4 Pro Build/KTU84P) AppleWebKit/534.30 (KHTML, like Gecko) Version/4.0 Mobile Safari/534.30',
  'referer' => '',
  'accept' => 'text/html,application/xhtml+xml,application/xml;q=0.9,*/*;q=0.8',
)
[ info ] [ PARAM ] array (
)
[ info ] [ CACHE ] INIT File
[ info ] [ SESSION ] INIT array (
  'id' => '',
  'var_session_id' => '',
  'prefix' => 'think',
  'type' => '',
  'auto_start' => true,
  'httponly' => true,
  'secure' => false,
)
[ info ] [ LOG ] INIT File
---------------------------------------------------------------
[ 2020-04-14T17:49:15+08:00 ] 101.91.60.108 GET /index/publics/index.html
[ info ] web.4656.top/index/publics/index.html [运行时间：0.015585s][吞吐率：64.16req/s] [内存消耗：1,698.50kb] [文件加载：71]
[ info ] [ LANG ] D:\wwwroot\web.4656.top\thinkphp\lang\zh-cn.php
[ info ] [ ROUTE ] array (
)
[ info ] [ HEADER ] array (
  'connection' => 'close',
  'host' => 'web.4656.top',
  'accept-language' => 'en-US,*',
  'accept-encoding' => 'gzip, deflate',
  'cookie' => 'PHPSESSID=1a612e046d7302d1dded4cb3f88c9aba',
  'user-agent' => 'Mozilla/5.0 (Linux; U; Android 4.4.4; zh-cn; MX4 Pro Build/KTU84P) AppleWebKit/534.30 (KHTML, like Gecko) Version/4.0 Mobile Safari/534.30',
  'referer' => '',
  'accept' => 'text/html,application/xhtml+xml,application/xml;q=0.9,*/*;q=0.8',
)
[ info ] [ PARAM ] array (
)
[ info ] [ CACHE ] INIT File
[ info ] [ VIEW ] D:\wwwroot\web.4656.top\application\index\view\publics\login.html [ array (
) ]
[ info ] [ LOG ] INIT File
---------------------------------------------------------------
[ 2020-04-14T17:55:56+08:00 ] 171.212.137.228 GET /index/publics/change.html
[ info ] web.4656.top/index/publics/change.html [运行时间：0.047731s][吞吐率：20.95req/s] [内存消耗：1,835.50kb] [文件加载：73]
[ info ] [ LANG ] D:\wwwroot\web.4656.top\thinkphp\lang\zh-cn.php
[ info ] [ ROUTE ] array (
)
[ info ] [ HEADER ] array (
  'cookie' => '__guid=112860290.2366204553651755500.1585646810138.7888; PHPSESSID=25031cb462042ac21cacd136b7af38df; monitor_count=16',
  'accept-language' => 'zh-CN,zh;q=0.9',
  'accept-encoding' => 'gzip, deflate',
  'referer' => 'http://web.4656.top/index/publics/index.html',
  'accept' => 'text/html,application/xhtml+xml,application/xml;q=0.9,image/webp,image/apng,*/*;q=0.8',
  'user-agent' => 'Mozilla/5.0 (Linux; Android 5.0; SM-G900P Build/LRX21T) AppleWebKit/537.36 (KHTML, like Gecko) Chrome/69.0.3497.100 Mobile Safari/537.36',
  'upgrade-insecure-requests' => '1',
  'connection' => 'close',
  'host' => 'web.4656.top',
)
[ info ] [ PARAM ] array (
)
[ info ] [ CACHE ] INIT File
[ info ] [ VIEW ] D:\wwwroot\web.4656.top\application\index\view\publics\change.html [ array (
) ]
[ info ] [ LOG ] INIT File
---------------------------------------------------------------
[ 2020-04-14T17:56:06+08:00 ] 27.115.124.6 GET /index/publics/change.html
[ info ] web.4656.top/index/publics/change.html [运行时间：0.015586s][吞吐率：64.16req/s] [内存消耗：1,698.94kb] [文件加载：71]
[ info ] [ LANG ] D:\wwwroot\web.4656.top\thinkphp\lang\zh-cn.php
[ info ] [ ROUTE ] array (
)
[ info ] [ HEADER ] array (
  'accept-encoding' => 'gzip, deflate',
  'accept' => 'text/html,application/xhtml+xml,application/xml;q=0.9,image/webp,image/apng,*/*;q=0.8',
  'upgrade-insecure-requests' => '1',
  'user-agent' => 'Mozilla/5.0 (Linux; U; Android 8.1.0; zh-CN; EML-AL00 Build/HUAWEIEML-AL00) AppleWebKit/537.36 (KHTML, like Gecko) Version/4.0 Chrome/57.0.2987.108 baidu.sogo.uc.UCBrowser/11.9.4.974 UWS/2.13.1.48 Mobile Safari/537.36 AliApp(DingTalk/4.5.11) com.alibaba.android.rimet/10487439 Channel/227200 language/zh-CN',
  'connection' => 'close',
  'host' => 'web.4656.top',
)
[ info ] [ PARAM ] array (
)
[ info ] [ CACHE ] INIT File
[ info ] [ VIEW ] D:\wwwroot\web.4656.top\application\index\view\publics\change.html [ array (
) ]
[ info ] [ LOG ] INIT File
---------------------------------------------------------------
[ 2020-04-14T17:56:08+08:00 ] 27.115.124.6 GET /index/publics/change.html
[ info ] web.4656.top/index/publics/change.html [运行时间：0.015585s][吞吐率：64.16req/s] [内存消耗：1,699.60kb] [文件加载：71]
[ info ] [ LANG ] D:\wwwroot\web.4656.top\thinkphp\lang\zh-cn.php
[ info ] [ ROUTE ] array (
)
[ info ] [ HEADER ] array (
  'accept-encoding' => 'gzip, deflate',
  'referer' => 'http://baidu.com/',
  'accept' => 'text/html,application/xhtml+xml,application/xml;q=0.9,image/webp,image/apng,*/*;q=0.8',
  'user-agent' => 'Mozilla/5.0 (Linux; U; Android 8.1.0; zh-CN; EML-AL00 Build/HUAWEIEML-AL00) AppleWebKit/537.36 (KHTML, like Gecko) Version/4.0 Chrome/57.0.2987.108 baidu.sogo.uc.UCBrowser/11.9.4.974 UWS/2.13.1.48 Mobile Safari/537.36 AliApp(DingTalk/4.5.11) com.alibaba.android.rimet/10487439 Channel/227200 language/zh-CN',
  'upgrade-insecure-requests' => '1',
  'cache-control' => 'no-cache',
  'pragma' => 'no-cache',
  'connection' => 'close',
  'host' => 'web.4656.top',
)
[ info ] [ PARAM ] array (
)
[ info ] [ CACHE ] INIT File
[ info ] [ VIEW ] D:\wwwroot\web.4656.top\application\index\view\publics\change.html [ array (
) ]
[ info ] [ LOG ] INIT File
---------------------------------------------------------------
[ 2020-04-14T17:56:09+08:00 ] 171.212.137.228 POST /index/publics/sendchange.html
[ info ] web.4656.top/index/publics/sendchange.html [运行时间：0.732527s][吞吐率：1.37req/s] [内存消耗：2,536.63kb] [文件加载：82]
[ info ] [ LANG ] D:\wwwroot\web.4656.top\thinkphp\lang\zh-cn.php
[ info ] [ ROUTE ] array (
)
[ info ] [ HEADER ] array (
  'cookie' => '__guid=112860290.2366204553651755500.1585646810138.7888; PHPSESSID=25031cb462042ac21cacd136b7af38df; monitor_count=17',
  'accept-language' => 'zh-CN,zh;q=0.9',
  'accept-encoding' => 'gzip, deflate',
  'referer' => 'http://web.4656.top/index/publics/change.html',
  'content-type' => 'application/x-www-form-urlencoded; charset=UTF-8',
  'user-agent' => 'Mozilla/5.0 (Linux; Android 5.0; SM-G900P Build/LRX21T) AppleWebKit/537.36 (KHTML, like Gecko) Chrome/69.0.3497.100 Mobile Safari/537.36',
  'x-requested-with' => 'XMLHttpRequest',
  'origin' => 'http://web.4656.top',
  'accept' => 'application/json, text/javascript, */*; q=0.01',
  'content-length' => '18',
  'connection' => 'close',
  'host' => 'web.4656.top',
)
[ info ] [ PARAM ] array (
  'mobile' => '18180177839',
)
[ info ] [ CACHE ] INIT File
[ info ] [ DB ] INIT mysql
[ info ] [ LOG ] INIT File
[ sql ] [ DB ] CONNECT:[ UseTime:0.124686s ] mysql:host=127.0.0.1;port=3306;dbname=qk_wubowei_xyz;charset=utf8
[ error ] [10501]SQLSTATE[42S02]: Base table or view not found: 1146 Table 'qk_wubowei_xyz.user' doesn't exist[D:\wwwroot\web.4656.top\thinkphp\library\think\db\Connection.php:700]
---------------------------------------------------------------
[ 2020-04-14T17:56:18+08:00 ] 171.212.137.228 GET /index/publics/register.html
[ info ] web.4656.top/index/publics/register.html [运行时间：0.046757s][吞吐率：21.39req/s] [内存消耗：1,837.87kb] [文件加载：73]
[ info ] [ LANG ] D:\wwwroot\web.4656.top\thinkphp\lang\zh-cn.php
[ info ] [ ROUTE ] array (
)
[ info ] [ HEADER ] array (
  'cookie' => '__guid=112860290.2366204553651755500.1585646810138.7888; PHPSESSID=25031cb462042ac21cacd136b7af38df; monitor_count=18',
  'accept-language' => 'zh-CN,zh;q=0.9',
  'accept-encoding' => 'gzip, deflate',
  'referer' => 'http://web.4656.top/index/publics/index.html',
  'accept' => 'text/html,application/xhtml+xml,application/xml;q=0.9,image/webp,image/apng,*/*;q=0.8',
  'user-agent' => 'Mozilla/5.0 (Linux; Android 5.0; SM-G900P Build/LRX21T) AppleWebKit/537.36 (KHTML, like Gecko) Chrome/69.0.3497.100 Mobile Safari/537.36',
  'upgrade-insecure-requests' => '1',
  'connection' => 'close',
  'host' => 'web.4656.top',
)
[ info ] [ PARAM ] array (
)
[ info ] [ CACHE ] INIT File
[ info ] [ VIEW ] D:\wwwroot\web.4656.top\application\index\view\publics\register.html [ array (
  0 => 'code',
) ]
[ info ] [ LOG ] INIT File
---------------------------------------------------------------
[ 2020-04-14T17:56:25+08:00 ] 180.163.220.5 GET /index/publics/register.html
[ info ] web.4656.top/index/publics/register.html [运行时间：0.031172s][吞吐率：32.08req/s] [内存消耗：1,699.73kb] [文件加载：71]
[ info ] [ LANG ] D:\wwwroot\web.4656.top\thinkphp\lang\zh-cn.php
[ info ] [ ROUTE ] array (
)
[ info ] [ HEADER ] array (
  'accept-encoding' => 'gzip, deflate',
  'accept' => 'text/html,application/xhtml+xml,application/xml;q=0.9,image/webp,image/apng,*/*;q=0.8',
  'upgrade-insecure-requests' => '1',
  'user-agent' => 'Mozilla/5.0 (Linux; U; Android 8.1.0; zh-CN; EML-AL00 Build/HUAWEIEML-AL00) AppleWebKit/537.36 (KHTML, like Gecko) Version/4.0 Chrome/57.0.2987.108 baidu.sogo.uc.UCBrowser/11.9.4.974 UWS/2.13.1.48 Mobile Safari/537.36 AliApp(DingTalk/4.5.11) com.alibaba.android.rimet/10487439 Channel/227200 language/zh-CN',
  'connection' => 'close',
  'host' => 'web.4656.top',
)
[ info ] [ PARAM ] array (
)
[ info ] [ CACHE ] INIT File
[ info ] [ VIEW ] D:\wwwroot\web.4656.top\application\index\view\publics\register.html [ array (
  0 => 'code',
) ]
[ info ] [ LOG ] INIT File
---------------------------------------------------------------
[ 2020-04-14T17:56:26+08:00 ] 27.115.124.6 GET /index/publics/change.html
[ info ] web.4656.top/index/publics/change.html [运行时间：0.015586s][吞吐率：64.16req/s] [内存消耗：1,698.94kb] [文件加载：71]
[ info ] [ LANG ] D:\wwwroot\web.4656.top\thinkphp\lang\zh-cn.php
[ info ] [ ROUTE ] array (
)
[ info ] [ HEADER ] array (
  'accept-encoding' => 'gzip, deflate',
  'accept' => 'text/html,application/xhtml+xml,application/xml;q=0.9,image/webp,image/apng,*/*;q=0.8',
  'upgrade-insecure-requests' => '1',
  'user-agent' => 'Mozilla/5.0 (Linux; U; Android 8.1.0; zh-CN; EML-AL00 Build/HUAWEIEML-AL00) AppleWebKit/537.36 (KHTML, like Gecko) Version/4.0 Chrome/57.0.2987.108 baidu.sogo.uc.UCBrowser/11.9.4.974 UWS/2.13.1.48 Mobile Safari/537.36 AliApp(DingTalk/4.5.11) com.alibaba.android.rimet/10487439 Channel/227200 language/zh-CN',
  'connection' => 'close',
  'host' => 'web.4656.top',
)
[ info ] [ PARAM ] array (
)
[ info ] [ CACHE ] INIT File
[ info ] [ VIEW ] D:\wwwroot\web.4656.top\application\index\view\publics\change.html [ array (
) ]
[ info ] [ LOG ] INIT File
---------------------------------------------------------------
[ 2020-04-14T17:56:26+08:00 ] 27.115.124.6 GET /index/publics/change.html
[ info ] web.4656.top/index/publics/change.html [运行时间：0.015586s][吞吐率：64.16req/s] [内存消耗：1,699.60kb] [文件加载：71]
[ info ] [ LANG ] D:\wwwroot\web.4656.top\thinkphp\lang\zh-cn.php
[ info ] [ ROUTE ] array (
)
[ info ] [ HEADER ] array (
  'accept-encoding' => 'gzip, deflate',
  'referer' => 'http://baidu.com/',
  'accept' => 'text/html,application/xhtml+xml,application/xml;q=0.9,image/webp,image/apng,*/*;q=0.8',
  'user-agent' => 'Mozilla/5.0 (Linux; U; Android 8.1.0; zh-CN; EML-AL00 Build/HUAWEIEML-AL00) AppleWebKit/537.36 (KHTML, like Gecko) Version/4.0 Chrome/57.0.2987.108 baidu.sogo.uc.UCBrowser/11.9.4.974 UWS/2.13.1.48 Mobile Safari/537.36 AliApp(DingTalk/4.5.11) com.alibaba.android.rimet/10487439 Channel/227200 language/zh-CN',
  'upgrade-insecure-requests' => '1',
  'cache-control' => 'no-cache',
  'pragma' => 'no-cache',
  'connection' => 'close',
  'host' => 'web.4656.top',
)
[ info ] [ PARAM ] array (
)
[ info ] [ CACHE ] INIT File
[ info ] [ VIEW ] D:\wwwroot\web.4656.top\application\index\view\publics\change.html [ array (
) ]
[ info ] [ LOG ] INIT File
---------------------------------------------------------------
[ 2020-04-14T17:56:29+08:00 ] 180.163.220.67 GET /index/publics/register.html
[ info ] web.4656.top/index/publics/register.html [运行时间：0.022404s][吞吐率：44.63req/s] [内存消耗：1,700.40kb] [文件加载：71]
[ info ] [ LANG ] D:\wwwroot\web.4656.top\thinkphp\lang\zh-cn.php
[ info ] [ ROUTE ] array (
)
[ info ] [ HEADER ] array (
  'accept-encoding' => 'gzip, deflate',
  'referer' => 'http://baidu.com/',
  'accept' => 'text/html,application/xhtml+xml,application/xml;q=0.9,image/webp,image/apng,*/*;q=0.8',
  'user-agent' => 'Mozilla/5.0 (Linux; U; Android 8.1.0; zh-CN; EML-AL00 Build/HUAWEIEML-AL00) AppleWebKit/537.36 (KHTML, like Gecko) Version/4.0 Chrome/57.0.2987.108 baidu.sogo.uc.UCBrowser/11.9.4.974 UWS/2.13.1.48 Mobile Safari/537.36 AliApp(DingTalk/4.5.11) com.alibaba.android.rimet/10487439 Channel/227200 language/zh-CN',
  'upgrade-insecure-requests' => '1',
  'cache-control' => 'no-cache',
  'pragma' => 'no-cache',
  'connection' => 'close',
  'host' => 'web.4656.top',
)
[ info ] [ PARAM ] array (
)
[ info ] [ CACHE ] INIT File
[ info ] [ VIEW ] D:\wwwroot\web.4656.top\application\index\view\publics\register.html [ array (
  0 => 'code',
) ]
[ info ] [ LOG ] INIT File
---------------------------------------------------------------
[ 2020-04-14T17:56:46+08:00 ] 180.163.220.66 GET /index/publics/register.html
[ info ] web.4656.top/index/publics/register.html [运行时间：0.015586s][吞吐率：64.16req/s] [内存消耗：1,699.73kb] [文件加载：71]
[ info ] [ LANG ] D:\wwwroot\web.4656.top\thinkphp\lang\zh-cn.php
[ info ] [ ROUTE ] array (
)
[ info ] [ HEADER ] array (
  'accept-encoding' => 'gzip, deflate',
  'accept' => 'text/html,application/xhtml+xml,application/xml;q=0.9,image/webp,image/apng,*/*;q=0.8',
  'upgrade-insecure-requests' => '1',
  'user-agent' => 'Mozilla/5.0 (Linux; U; Android 8.1.0; zh-CN; EML-AL00 Build/HUAWEIEML-AL00) AppleWebKit/537.36 (KHTML, like Gecko) Version/4.0 Chrome/57.0.2987.108 baidu.sogo.uc.UCBrowser/11.9.4.974 UWS/2.13.1.48 Mobile Safari/537.36 AliApp(DingTalk/4.5.11) com.alibaba.android.rimet/10487439 Channel/227200 language/zh-CN',
  'connection' => 'close',
  'host' => 'web.4656.top',
)
[ info ] [ PARAM ] array (
)
[ info ] [ CACHE ] INIT File
[ info ] [ VIEW ] D:\wwwroot\web.4656.top\application\index\view\publics\register.html [ array (
  0 => 'code',
) ]
[ info ] [ LOG ] INIT File
---------------------------------------------------------------
[ 2020-04-14T17:56:46+08:00 ] 180.163.220.67 GET /index/publics/register.html
[ info ] web.4656.top/index/publics/register.html [运行时间：0.031172s][吞吐率：32.08req/s] [内存消耗：1,700.40kb] [文件加载：71]
[ info ] [ LANG ] D:\wwwroot\web.4656.top\thinkphp\lang\zh-cn.php
[ info ] [ ROUTE ] array (
)
[ info ] [ HEADER ] array (
  'accept-encoding' => 'gzip, deflate',
  'referer' => 'http://baidu.com/',
  'accept' => 'text/html,application/xhtml+xml,application/xml;q=0.9,image/webp,image/apng,*/*;q=0.8',
  'user-agent' => 'Mozilla/5.0 (Linux; U; Android 8.1.0; zh-CN; EML-AL00 Build/HUAWEIEML-AL00) AppleWebKit/537.36 (KHTML, like Gecko) Version/4.0 Chrome/57.0.2987.108 baidu.sogo.uc.UCBrowser/11.9.4.974 UWS/2.13.1.48 Mobile Safari/537.36 AliApp(DingTalk/4.5.11) com.alibaba.android.rimet/10487439 Channel/227200 language/zh-CN',
  'upgrade-insecure-requests' => '1',
  'cache-control' => 'no-cache',
  'pragma' => 'no-cache',
  'connection' => 'close',
  'host' => 'web.4656.top',
)
[ info ] [ PARAM ] array (
)
[ info ] [ CACHE ] INIT File
[ info ] [ VIEW ] D:\wwwroot\web.4656.top\application\index\view\publics\register.html [ array (
  0 => 'code',
) ]
[ info ] [ LOG ] INIT File
---------------------------------------------------------------
[ 2020-04-14T18:04:15+08:00 ] 61.129.7.235 GET /
[ info ] web.4656.top/ [运行时间：0.046757s][吞吐率：21.39req/s] [内存消耗：1,695.50kb] [文件加载：74]
[ info ] [ LANG ] D:\wwwroot\web.4656.top\thinkphp\lang\zh-cn.php
[ info ] [ ROUTE ] array (
)
[ info ] [ HEADER ] array (
  'connection' => 'close',
  'host' => 'web.4656.top',
  'accept-language' => 'zh-CN,zh;q=0.8,en-US;q=0.6,en;q=0.4',
  'accept' => '*/*',
  'user-agent' => 'Mozilla/5.0 (Windows NT 6.1; WOW64) AppleWebKit/537.36 (KHTML, like Gecko) Chrome/43.0.2357.124 Safari/537.36',
)
[ info ] [ PARAM ] array (
)
[ info ] [ CACHE ] INIT File
[ info ] [ SESSION ] INIT array (
  'id' => '',
  'var_session_id' => '',
  'prefix' => 'think',
  'type' => '',
  'auto_start' => true,
  'httponly' => true,
  'secure' => false,
)
[ info ] [ LOG ] INIT File
---------------------------------------------------------------
[ 2020-04-14T18:22:55+08:00 ] 61.129.6.159 GET /public/index
[ info ] web.4656.top/public/index [运行时间：0.015585s][吞吐率：64.16req/s] [内存消耗：1,025.20kb] [文件加载：52]
[ info ] [ LANG ] D:\wwwroot\web.4656.top\thinkphp\lang\zh-cn.php
[ info ] [ ROUTE ] array (
)
[ info ] [ HEADER ] array (
  'connection' => 'close',
  'host' => 'web.4656.top',
  'accept-language' => 'zh-CN,zh;q=0.8,en-US;q=0.6,en;q=0.4',
  'accept' => '*/*',
  'user-agent' => 'Mozilla/5.0 (Windows NT 6.1; WOW64) AppleWebKit/537.36 (KHTML, like Gecko) Chrome/56.0.2924.87 Safari/537.36',
)
[ info ] [ PARAM ] array (
)
[ info ] [ LOG ] INIT File
---------------------------------------------------------------
[ 2020-04-14T18:23:00+08:00 ] 101.89.29.94 GET /public/index
[ info ] web.4656.top/public/index [运行时间：0.015585s][吞吐率：64.16req/s] [内存消耗：1,025.78kb] [文件加载：52]
[ info ] [ LANG ] D:\wwwroot\web.4656.top\thinkphp\lang\zh-cn.php
[ info ] [ ROUTE ] array (
)
[ info ] [ HEADER ] array (
  'connection' => 'close',
  'host' => 'web.4656.top',
  'accept-language' => 'en-US,*',
  'accept-encoding' => 'gzip, deflate',
  'user-agent' => 'Mozilla/5.0 (Linux; U; Android 4.4.4; zh-cn; MX4 Pro Build/KTU84P) AppleWebKit/534.30 (KHTML, like Gecko) Version/4.0 Mobile Safari/534.30',
  'referer' => '',
  'accept' => 'text/html,application/xhtml+xml,application/xml;q=0.9,*/*;q=0.8',
)
[ info ] [ PARAM ] array (
)
[ info ] [ LOG ] INIT File
---------------------------------------------------------------
[ 2020-04-14T23:12:03+08:00 ] 171.212.137.228 GET /
[ info ] web.4656.top/ [运行时间：0.015586s][吞吐率：64.16req/s] [内存消耗：1,696.67kb] [文件加载：74]
[ info ] [ LANG ] D:\wwwroot\web.4656.top\thinkphp\lang\zh-cn.php
[ info ] [ ROUTE ] array (
)
[ info ] [ HEADER ] array (
  'cookie' => '__guid=112860290.2366204553651755500.1585646810138.7888; monitor_count=19',
  'accept-language' => 'zh-CN,zh;q=0.9',
  'accept-encoding' => 'gzip, deflate',
  'accept' => 'text/html,application/xhtml+xml,application/xml;q=0.9,image/webp,image/apng,*/*;q=0.8',
  'user-agent' => 'Mozilla/5.0 (Windows NT 10.0; WOW64) AppleWebKit/537.36 (KHTML, like Gecko) Chrome/69.0.3497.100 Safari/537.36/11.1.1033.0',
  'upgrade-insecure-requests' => '1',
  'connection' => 'close',
  'host' => 'web.4656.top',
)
[ info ] [ PARAM ] array (
)
[ info ] [ CACHE ] INIT File
[ info ] [ SESSION ] INIT array (
  'id' => '',
  'var_session_id' => '',
  'prefix' => 'think',
  'type' => '',
  'auto_start' => true,
  'httponly' => true,
  'secure' => false,
)
[ info ] [ LOG ] INIT File
---------------------------------------------------------------
[ 2020-04-14T23:12:03+08:00 ] 171.212.137.228 GET /index/publics/index.html
[ info ] web.4656.top/index/publics/index.html [运行时间：0.031172s][吞吐率：32.08req/s] [内存消耗：1,698.72kb] [文件加载：71]
[ info ] [ LANG ] D:\wwwroot\web.4656.top\thinkphp\lang\zh-cn.php
[ info ] [ ROUTE ] array (
)
[ info ] [ HEADER ] array (
  'cookie' => '__guid=112860290.2366204553651755500.1585646810138.7888; monitor_count=19; PHPSESSID=1533678cfc86de7628455b35182b74b6',
  'accept-language' => 'zh-CN,zh;q=0.9',
  'accept-encoding' => 'gzip, deflate',
  'accept' => 'text/html,application/xhtml+xml,application/xml;q=0.9,image/webp,image/apng,*/*;q=0.8',
  'user-agent' => 'Mozilla/5.0 (Windows NT 10.0; WOW64) AppleWebKit/537.36 (KHTML, like Gecko) Chrome/69.0.3497.100 Safari/537.36/11.1.1033.0',
  'upgrade-insecure-requests' => '1',
  'connection' => 'close',
  'host' => 'web.4656.top',
)
[ info ] [ PARAM ] array (
)
[ info ] [ CACHE ] INIT File
[ info ] [ VIEW ] D:\wwwroot\web.4656.top\application\index\view\publics\login.html [ array (
) ]
[ info ] [ LOG ] INIT File
---------------------------------------------------------------
[ 2020-04-14T23:12:17+08:00 ] 171.212.137.228 POST /index/publics/login.html
[ info ] web.4656.top/index/publics/login.html [运行时间：0.124687s][吞吐率：8.02req/s] [内存消耗：2,767.23kb] [文件加载：85]
[ info ] [ LANG ] D:\wwwroot\web.4656.top\thinkphp\lang\zh-cn.php
[ info ] [ ROUTE ] array (
)
[ info ] [ HEADER ] array (
  'cookie' => '__guid=112860290.2366204553651755500.1585646810138.7888; PHPSESSID=1533678cfc86de7628455b35182b74b6; monitor_count=20',
  'accept-language' => 'zh-CN,zh;q=0.9',
  'accept-encoding' => 'gzip, deflate',
  'referer' => 'http://web.4656.top/index/publics/index.html',
  'content-type' => 'application/x-www-form-urlencoded; charset=UTF-8',
  'user-agent' => 'Mozilla/5.0 (Linux; Android 5.0; SM-G900P Build/LRX21T) AppleWebKit/537.36 (KHTML, like Gecko) Chrome/69.0.3497.100 Mobile Safari/537.36',
  'x-requested-with' => 'XMLHttpRequest',
  'origin' => 'http://web.4656.top',
  'accept' => 'application/json, text/javascript, */*; q=0.01',
  'content-length' => '35',
  'connection' => 'close',
  'host' => 'web.4656.top',
)
[ info ] [ PARAM ] array (
  'account' => '15222222222',
  'password' => '123456',
)
[ info ] [ CACHE ] INIT File
[ info ] [ DB ] INIT mysql
[ info ] [ LOG ] INIT File
[ sql ] [ DB ] CONNECT:[ UseTime:0.000000s ] mysql:host=127.0.0.1;port=3306;dbname=qk_wubowei_xyz;charset=utf8
[ error ] [10501]SQLSTATE[42S02]: Base table or view not found: 1146 Table 'qk_wubowei_xyz.user' doesn't exist[D:\wwwroot\web.4656.top\thinkphp\library\think\db\Connection.php:700]
---------------------------------------------------------------
[ 2020-04-14T23:12:38+08:00 ] 171.212.137.228 GET /admin/login/index.html
[ info ] web.4656.top/admin/login/index.html [运行时间：0.031171s][吞吐率：32.08req/s] [内存消耗：1,411.82kb] [文件加载：62]
[ info ] [ LANG ] D:\wwwroot\web.4656.top\thinkphp\lang\zh-cn.php
[ info ] [ ROUTE ] array (
)
[ info ] [ HEADER ] array (
  'cookie' => '__guid=112860290.2366204553651755500.1585646810138.7888; PHPSESSID=1533678cfc86de7628455b35182b74b6; monitor_count=20',
  'connection' => 'close',
  'host' => 'web.4656.top',
  'accept-encoding' => 'gzip, deflate',
  'user-agent' => 'Mozilla/5.0 (Windows NT 10.0; WOW64; Trident/7.0; rv:11.0) like Gecko',
  'accept-language' => 'zh-CN',
  'accept' => 'text/html, application/xhtml+xml, image/jxr, */*',
)
[ info ] [ PARAM ] array (
)
[ info ] [ VIEW ] D:\wwwroot\web.4656.top\application\admin\view\login\index.html [ array (
) ]
[ info ] [ LOG ] INIT File
---------------------------------------------------------------
[ 2020-04-14T23:12:44+08:00 ] 171.212.137.228 POST /admin/login/login.html
[ info ] web.4656.top/admin/login/login.html [运行时间：0.077929s][吞吐率：12.83req/s] [内存消耗：2,574.76kb] [文件加载：79]
[ info ] [ LANG ] D:\wwwroot\web.4656.top\thinkphp\lang\zh-cn.php
[ info ] [ ROUTE ] array (
)
[ info ] [ HEADER ] array (
  'cookie' => '__guid=112860290.2366204553651755500.1585646810138.7888; PHPSESSID=1533678cfc86de7628455b35182b74b6; monitor_count=20',
  'cache-control' => 'no-cache',
  'connection' => 'close',
  'content-length' => '30',
  'host' => 'web.4656.top',
  'user-agent' => 'Mozilla/5.0 (Windows NT 10.0; WOW64; Trident/7.0; rv:11.0) like Gecko',
  'accept-encoding' => 'gzip, deflate',
  'accept-language' => 'zh-CN',
  'referer' => 'http://web.4656.top/admin/login/index.html',
  'x-requested-with' => 'XMLHttpRequest',
  'accept' => 'application/json, text/javascript, */*; q=0.01',
  'content-type' => 'application/x-www-form-urlencoded; charset=UTF-8',
)
[ info ] [ PARAM ] array (
  'username' => 'admin',
  'password' => '123456',
)
[ info ] [ DB ] INIT mysql
[ info ] [ LOG ] INIT File
[ sql ] [ DB ] CONNECT:[ UseTime:0.015586s ] mysql:host=127.0.0.1;port=3306;dbname=qk_wubowei_xyz;charset=utf8
[ error ] [10501]SQLSTATE[42S02]: Base table or view not found: 1146 Table 'qk_wubowei_xyz.manage_user' doesn't exist[D:\wwwroot\web.4656.top\thinkphp\library\think\db\Connection.php:700]
---------------------------------------------------------------
[ 2020-04-14T23:12:46+08:00 ] 171.212.137.228 POST /admin/login/login.html
[ info ] web.4656.top/admin/login/login.html [运行时间：0.046757s][吞吐率：21.39req/s] [内存消耗：2,574.76kb] [文件加载：79]
[ info ] [ LANG ] D:\wwwroot\web.4656.top\thinkphp\lang\zh-cn.php
[ info ] [ ROUTE ] array (
)
[ info ] [ HEADER ] array (
  'cookie' => '__guid=112860290.2366204553651755500.1585646810138.7888; PHPSESSID=1533678cfc86de7628455b35182b74b6; monitor_count=20',
  'cache-control' => 'no-cache',
  'connection' => 'close',
  'content-length' => '30',
  'host' => 'web.4656.top',
  'user-agent' => 'Mozilla/5.0 (Windows NT 10.0; WOW64; Trident/7.0; rv:11.0) like Gecko',
  'accept-encoding' => 'gzip, deflate',
  'accept-language' => 'zh-CN',
  'referer' => 'http://web.4656.top/admin/login/index.html',
  'x-requested-with' => 'XMLHttpRequest',
  'accept' => 'application/json, text/javascript, */*; q=0.01',
  'content-type' => 'application/x-www-form-urlencoded; charset=UTF-8',
)
[ info ] [ PARAM ] array (
  'username' => 'admin',
  'password' => '123456',
)
[ info ] [ DB ] INIT mysql
[ info ] [ LOG ] INIT File
[ sql ] [ DB ] CONNECT:[ UseTime:0.000000s ] mysql:host=127.0.0.1;port=3306;dbname=qk_wubowei_xyz;charset=utf8
[ error ] [10501]SQLSTATE[42S02]: Base table or view not found: 1146 Table 'qk_wubowei_xyz.manage_user' doesn't exist[D:\wwwroot\web.4656.top\thinkphp\library\think\db\Connection.php:700]
---------------------------------------------------------------
[ 2020-04-14T23:12:47+08:00 ] 171.212.137.228 POST /admin/login/login.html
[ info ] web.4656.top/admin/login/login.html [运行时间：0.046757s][吞吐率：21.39req/s] [内存消耗：2,574.76kb] [文件加载：79]
[ info ] [ LANG ] D:\wwwroot\web.4656.top\thinkphp\lang\zh-cn.php
[ info ] [ ROUTE ] array (
)
[ info ] [ HEADER ] array (
  'cookie' => '__guid=112860290.2366204553651755500.1585646810138.7888; PHPSESSID=1533678cfc86de7628455b35182b74b6; monitor_count=20',
  'cache-control' => 'no-cache',
  'connection' => 'close',
  'content-length' => '30',
  'host' => 'web.4656.top',
  'user-agent' => 'Mozilla/5.0 (Windows NT 10.0; WOW64; Trident/7.0; rv:11.0) like Gecko',
  'accept-encoding' => 'gzip, deflate',
  'accept-language' => 'zh-CN',
  'referer' => 'http://web.4656.top/admin/login/index.html',
  'x-requested-with' => 'XMLHttpRequest',
  'accept' => 'application/json, text/javascript, */*; q=0.01',
  'content-type' => 'application/x-www-form-urlencoded; charset=UTF-8',
)
[ info ] [ PARAM ] array (
  'username' => 'admin',
  'password' => '123456',
)
[ info ] [ DB ] INIT mysql
[ info ] [ LOG ] INIT File
[ sql ] [ DB ] CONNECT:[ UseTime:0.000000s ] mysql:host=127.0.0.1;port=3306;dbname=qk_wubowei_xyz;charset=utf8
[ error ] [10501]SQLSTATE[42S02]: Base table or view not found: 1146 Table 'qk_wubowei_xyz.manage_user' doesn't exist[D:\wwwroot\web.4656.top\thinkphp\library\think\db\Connection.php:700]
---------------------------------------------------------------
[ 2020-04-14T23:12:47+08:00 ] 171.212.137.228 POST /admin/login/login.html
[ info ] web.4656.top/admin/login/login.html [运行时间：0.031172s][吞吐率：32.08req/s] [内存消耗：2,574.76kb] [文件加载：79]
[ info ] [ LANG ] D:\wwwroot\web.4656.top\thinkphp\lang\zh-cn.php
[ info ] [ ROUTE ] array (
)
[ info ] [ HEADER ] array (
  'cookie' => '__guid=112860290.2366204553651755500.1585646810138.7888; PHPSESSID=1533678cfc86de7628455b35182b74b6; monitor_count=20',
  'cache-control' => 'no-cache',
  'connection' => 'close',
  'content-length' => '30',
  'host' => 'web.4656.top',
  'user-agent' => 'Mozilla/5.0 (Windows NT 10.0; WOW64; Trident/7.0; rv:11.0) like Gecko',
  'accept-encoding' => 'gzip, deflate',
  'accept-language' => 'zh-CN',
  'referer' => 'http://web.4656.top/admin/login/index.html',
  'x-requested-with' => 'XMLHttpRequest',
  'accept' => 'application/json, text/javascript, */*; q=0.01',
  'content-type' => 'application/x-www-form-urlencoded; charset=UTF-8',
)
[ info ] [ PARAM ] array (
  'username' => 'admin',
  'password' => '123456',
)
[ info ] [ DB ] INIT mysql
[ info ] [ LOG ] INIT File
[ sql ] [ DB ] CONNECT:[ UseTime:0.000000s ] mysql:host=127.0.0.1;port=3306;dbname=qk_wubowei_xyz;charset=utf8
[ error ] [10501]SQLSTATE[42S02]: Base table or view not found: 1146 Table 'qk_wubowei_xyz.manage_user' doesn't exist[D:\wwwroot\web.4656.top\thinkphp\library\think\db\Connection.php:700]
---------------------------------------------------------------
[ 2020-04-14T23:12:47+08:00 ] 171.212.137.228 POST /admin/login/login.html
[ info ] web.4656.top/admin/login/login.html [运行时间：0.031172s][吞吐率：32.08req/s] [内存消耗：2,574.76kb] [文件加载：79]
[ info ] [ LANG ] D:\wwwroot\web.4656.top\thinkphp\lang\zh-cn.php
[ info ] [ ROUTE ] array (
)
[ info ] [ HEADER ] array (
  'cookie' => '__guid=112860290.2366204553651755500.1585646810138.7888; PHPSESSID=1533678cfc86de7628455b35182b74b6; monitor_count=20',
  'cache-control' => 'no-cache',
  'connection' => 'close',
  'content-length' => '30',
  'host' => 'web.4656.top',
  'user-agent' => 'Mozilla/5.0 (Windows NT 10.0; WOW64; Trident/7.0; rv:11.0) like Gecko',
  'accept-encoding' => 'gzip, deflate',
  'accept-language' => 'zh-CN',
  'referer' => 'http://web.4656.top/admin/login/index.html',
  'x-requested-with' => 'XMLHttpRequest',
  'accept' => 'application/json, text/javascript, */*; q=0.01',
  'content-type' => 'application/x-www-form-urlencoded; charset=UTF-8',
)
[ info ] [ PARAM ] array (
  'username' => 'admin',
  'password' => '123456',
)
[ info ] [ DB ] INIT mysql
[ info ] [ LOG ] INIT File
[ sql ] [ DB ] CONNECT:[ UseTime:0.000000s ] mysql:host=127.0.0.1;port=3306;dbname=qk_wubowei_xyz;charset=utf8
[ error ] [10501]SQLSTATE[42S02]: Base table or view not found: 1146 Table 'qk_wubowei_xyz.manage_user' doesn't exist[D:\wwwroot\web.4656.top\thinkphp\library\think\db\Connection.php:700]
---------------------------------------------------------------
[ 2020-04-14T23:12:48+08:00 ] 171.212.137.228 POST /admin/login/login.html
[ info ] web.4656.top/admin/login/login.html [运行时间：0.031171s][吞吐率：32.08req/s] [内存消耗：2,574.76kb] [文件加载：79]
[ info ] [ LANG ] D:\wwwroot\web.4656.top\thinkphp\lang\zh-cn.php
[ info ] [ ROUTE ] array (
)
[ info ] [ HEADER ] array (
  'cookie' => '__guid=112860290.2366204553651755500.1585646810138.7888; PHPSESSID=1533678cfc86de7628455b35182b74b6; monitor_count=20',
  'cache-control' => 'no-cache',
  'connection' => 'close',
  'content-length' => '30',
  'host' => 'web.4656.top',
  'user-agent' => 'Mozilla/5.0 (Windows NT 10.0; WOW64; Trident/7.0; rv:11.0) like Gecko',
  'accept-encoding' => 'gzip, deflate',
  'accept-language' => 'zh-CN',
  'referer' => 'http://web.4656.top/admin/login/index.html',
  'x-requested-with' => 'XMLHttpRequest',
  'accept' => 'application/json, text/javascript, */*; q=0.01',
  'content-type' => 'application/x-www-form-urlencoded; charset=UTF-8',
)
[ info ] [ PARAM ] array (
  'username' => 'admin',
  'password' => '123456',
)
[ info ] [ DB ] INIT mysql
[ info ] [ LOG ] INIT File
[ sql ] [ DB ] CONNECT:[ UseTime:0.000000s ] mysql:host=127.0.0.1;port=3306;dbname=qk_wubowei_xyz;charset=utf8
[ error ] [10501]SQLSTATE[42S02]: Base table or view not found: 1146 Table 'qk_wubowei_xyz.manage_user' doesn't exist[D:\wwwroot\web.4656.top\thinkphp\library\think\db\Connection.php:700]
---------------------------------------------------------------
[ 2020-04-14T23:12:48+08:00 ] 171.212.137.228 POST /admin/login/login.html
[ info ] web.4656.top/admin/login/login.html [运行时间：0.046757s][吞吐率：21.39req/s] [内存消耗：2,574.76kb] [文件加载：79]
[ info ] [ LANG ] D:\wwwroot\web.4656.top\thinkphp\lang\zh-cn.php
[ info ] [ ROUTE ] array (
)
[ info ] [ HEADER ] array (
  'cookie' => '__guid=112860290.2366204553651755500.1585646810138.7888; PHPSESSID=1533678cfc86de7628455b35182b74b6; monitor_count=20',
  'cache-control' => 'no-cache',
  'connection' => 'close',
  'content-length' => '30',
  'host' => 'web.4656.top',
  'user-agent' => 'Mozilla/5.0 (Windows NT 10.0; WOW64; Trident/7.0; rv:11.0) like Gecko',
  'accept-encoding' => 'gzip, deflate',
  'accept-language' => 'zh-CN',
  'referer' => 'http://web.4656.top/admin/login/index.html',
  'x-requested-with' => 'XMLHttpRequest',
  'accept' => 'application/json, text/javascript, */*; q=0.01',
  'content-type' => 'application/x-www-form-urlencoded; charset=UTF-8',
)
[ info ] [ PARAM ] array (
  'username' => 'admin',
  'password' => '123456',
)
[ info ] [ DB ] INIT mysql
[ info ] [ LOG ] INIT File
[ sql ] [ DB ] CONNECT:[ UseTime:0.000000s ] mysql:host=127.0.0.1;port=3306;dbname=qk_wubowei_xyz;charset=utf8
[ error ] [10501]SQLSTATE[42S02]: Base table or view not found: 1146 Table 'qk_wubowei_xyz.manage_user' doesn't exist[D:\wwwroot\web.4656.top\thinkphp\library\think\db\Connection.php:700]
---------------------------------------------------------------
[ 2020-04-14T23:12:48+08:00 ] 171.212.137.228 POST /admin/login/login.html
[ info ] web.4656.top/admin/login/login.html [运行时间：0.031172s][吞吐率：32.08req/s] [内存消耗：2,574.76kb] [文件加载：79]
[ info ] [ LANG ] D:\wwwroot\web.4656.top\thinkphp\lang\zh-cn.php
[ info ] [ ROUTE ] array (
)
[ info ] [ HEADER ] array (
  'cookie' => '__guid=112860290.2366204553651755500.1585646810138.7888; PHPSESSID=1533678cfc86de7628455b35182b74b6; monitor_count=20',
  'cache-control' => 'no-cache',
  'connection' => 'close',
  'content-length' => '30',
  'host' => 'web.4656.top',
  'user-agent' => 'Mozilla/5.0 (Windows NT 10.0; WOW64; Trident/7.0; rv:11.0) like Gecko',
  'accept-encoding' => 'gzip, deflate',
  'accept-language' => 'zh-CN',
  'referer' => 'http://web.4656.top/admin/login/index.html',
  'x-requested-with' => 'XMLHttpRequest',
  'accept' => 'application/json, text/javascript, */*; q=0.01',
  'content-type' => 'application/x-www-form-urlencoded; charset=UTF-8',
)
[ info ] [ PARAM ] array (
  'username' => 'admin',
  'password' => '123456',
)
[ info ] [ DB ] INIT mysql
[ info ] [ LOG ] INIT File
[ sql ] [ DB ] CONNECT:[ UseTime:0.000000s ] mysql:host=127.0.0.1;port=3306;dbname=qk_wubowei_xyz;charset=utf8
[ error ] [10501]SQLSTATE[42S02]: Base table or view not found: 1146 Table 'qk_wubowei_xyz.manage_user' doesn't exist[D:\wwwroot\web.4656.top\thinkphp\library\think\db\Connection.php:700]
---------------------------------------------------------------
[ 2020-04-14T23:12:48+08:00 ] 171.212.137.228 POST /admin/login/login.html
[ info ] web.4656.top/admin/login/login.html [运行时间：0.062343s][吞吐率：16.04req/s] [内存消耗：2,574.76kb] [文件加载：79]
[ info ] [ LANG ] D:\wwwroot\web.4656.top\thinkphp\lang\zh-cn.php
[ info ] [ ROUTE ] array (
)
[ info ] [ HEADER ] array (
  'cookie' => '__guid=112860290.2366204553651755500.1585646810138.7888; PHPSESSID=1533678cfc86de7628455b35182b74b6; monitor_count=20',
  'cache-control' => 'no-cache',
  'connection' => 'close',
  'content-length' => '30',
  'host' => 'web.4656.top',
  'user-agent' => 'Mozilla/5.0 (Windows NT 10.0; WOW64; Trident/7.0; rv:11.0) like Gecko',
  'accept-encoding' => 'gzip, deflate',
  'accept-language' => 'zh-CN',
  'referer' => 'http://web.4656.top/admin/login/index.html',
  'x-requested-with' => 'XMLHttpRequest',
  'accept' => 'application/json, text/javascript, */*; q=0.01',
  'content-type' => 'application/x-www-form-urlencoded; charset=UTF-8',
)
[ info ] [ PARAM ] array (
  'username' => 'admin',
  'password' => '123456',
)
[ info ] [ DB ] INIT mysql
[ info ] [ LOG ] INIT File
[ sql ] [ DB ] CONNECT:[ UseTime:0.015586s ] mysql:host=127.0.0.1;port=3306;dbname=qk_wubowei_xyz;charset=utf8
[ error ] [10501]SQLSTATE[42S02]: Base table or view not found: 1146 Table 'qk_wubowei_xyz.manage_user' doesn't exist[D:\wwwroot\web.4656.top\thinkphp\library\think\db\Connection.php:700]
---------------------------------------------------------------
[ 2020-04-14T23:12:48+08:00 ] 171.212.137.228 POST /admin/login/login.html
[ info ] web.4656.top/admin/login/login.html [运行时间：0.031172s][吞吐率：32.08req/s] [内存消耗：2,574.76kb] [文件加载：79]
[ info ] [ LANG ] D:\wwwroot\web.4656.top\thinkphp\lang\zh-cn.php
[ info ] [ ROUTE ] array (
)
[ info ] [ HEADER ] array (
  'cookie' => '__guid=112860290.2366204553651755500.1585646810138.7888; PHPSESSID=1533678cfc86de7628455b35182b74b6; monitor_count=20',
  'cache-control' => 'no-cache',
  'connection' => 'close',
  'content-length' => '30',
  'host' => 'web.4656.top',
  'user-agent' => 'Mozilla/5.0 (Windows NT 10.0; WOW64; Trident/7.0; rv:11.0) like Gecko',
  'accept-encoding' => 'gzip, deflate',
  'accept-language' => 'zh-CN',
  'referer' => 'http://web.4656.top/admin/login/index.html',
  'x-requested-with' => 'XMLHttpRequest',
  'accept' => 'application/json, text/javascript, */*; q=0.01',
  'content-type' => 'application/x-www-form-urlencoded; charset=UTF-8',
)
[ info ] [ PARAM ] array (
  'username' => 'admin',
  'password' => '123456',
)
[ info ] [ DB ] INIT mysql
[ info ] [ LOG ] INIT File
[ sql ] [ DB ] CONNECT:[ UseTime:0.000000s ] mysql:host=127.0.0.1;port=3306;dbname=qk_wubowei_xyz;charset=utf8
[ error ] [10501]SQLSTATE[42S02]: Base table or view not found: 1146 Table 'qk_wubowei_xyz.manage_user' doesn't exist[D:\wwwroot\web.4656.top\thinkphp\library\think\db\Connection.php:700]
---------------------------------------------------------------
[ 2020-04-14T23:12:49+08:00 ] 171.212.137.228 POST /admin/login/login.html
[ info ] web.4656.top/admin/login/login.html [运行时间：0.031171s][吞吐率：32.08req/s] [内存消耗：2,574.76kb] [文件加载：79]
[ info ] [ LANG ] D:\wwwroot\web.4656.top\thinkphp\lang\zh-cn.php
[ info ] [ ROUTE ] array (
)
[ info ] [ HEADER ] array (
  'cookie' => '__guid=112860290.2366204553651755500.1585646810138.7888; PHPSESSID=1533678cfc86de7628455b35182b74b6; monitor_count=20',
  'cache-control' => 'no-cache',
  'connection' => 'close',
  'content-length' => '30',
  'host' => 'web.4656.top',
  'user-agent' => 'Mozilla/5.0 (Windows NT 10.0; WOW64; Trident/7.0; rv:11.0) like Gecko',
  'accept-encoding' => 'gzip, deflate',
  'accept-language' => 'zh-CN',
  'referer' => 'http://web.4656.top/admin/login/index.html',
  'x-requested-with' => 'XMLHttpRequest',
  'accept' => 'application/json, text/javascript, */*; q=0.01',
  'content-type' => 'application/x-www-form-urlencoded; charset=UTF-8',
)
[ info ] [ PARAM ] array (
  'username' => 'admin',
  'password' => '123456',
)
[ info ] [ DB ] INIT mysql
[ info ] [ LOG ] INIT File
[ sql ] [ DB ] CONNECT:[ UseTime:0.000000s ] mysql:host=127.0.0.1;port=3306;dbname=qk_wubowei_xyz;charset=utf8
[ error ] [10501]SQLSTATE[42S02]: Base table or view not found: 1146 Table 'qk_wubowei_xyz.manage_user' doesn't exist[D:\wwwroot\web.4656.top\thinkphp\library\think\db\Connection.php:700]
---------------------------------------------------------------
[ 2020-04-14T23:12:49+08:00 ] 171.212.137.228 POST /admin/login/login.html
[ info ] web.4656.top/admin/login/login.html [运行时间：0.046757s][吞吐率：21.39req/s] [内存消耗：2,574.76kb] [文件加载：79]
[ info ] [ LANG ] D:\wwwroot\web.4656.top\thinkphp\lang\zh-cn.php
[ info ] [ ROUTE ] array (
)
[ info ] [ HEADER ] array (
  'cookie' => '__guid=112860290.2366204553651755500.1585646810138.7888; PHPSESSID=1533678cfc86de7628455b35182b74b6; monitor_count=20',
  'cache-control' => 'no-cache',
  'connection' => 'close',
  'content-length' => '30',
  'host' => 'web.4656.top',
  'user-agent' => 'Mozilla/5.0 (Windows NT 10.0; WOW64; Trident/7.0; rv:11.0) like Gecko',
  'accept-encoding' => 'gzip, deflate',
  'accept-language' => 'zh-CN',
  'referer' => 'http://web.4656.top/admin/login/index.html',
  'x-requested-with' => 'XMLHttpRequest',
  'accept' => 'application/json, text/javascript, */*; q=0.01',
  'content-type' => 'application/x-www-form-urlencoded; charset=UTF-8',
)
[ info ] [ PARAM ] array (
  'username' => 'admin',
  'password' => '123456',
)
[ info ] [ DB ] INIT mysql
[ info ] [ LOG ] INIT File
[ sql ] [ DB ] CONNECT:[ UseTime:0.000000s ] mysql:host=127.0.0.1;port=3306;dbname=qk_wubowei_xyz;charset=utf8
[ error ] [10501]SQLSTATE[42S02]: Base table or view not found: 1146 Table 'qk_wubowei_xyz.manage_user' doesn't exist[D:\wwwroot\web.4656.top\thinkphp\library\think\db\Connection.php:700]
---------------------------------------------------------------
[ 2020-04-14T23:14:06+08:00 ] 171.212.137.228 POST /admin/login/login.html
[ info ] web.4656.top/admin/login/login.html [运行时间：0.031171s][吞吐率：32.08req/s] [内存消耗：2,574.76kb] [文件加载：79]
[ info ] [ LANG ] D:\wwwroot\web.4656.top\thinkphp\lang\zh-cn.php
[ info ] [ ROUTE ] array (
)
[ info ] [ HEADER ] array (
  'cookie' => '__guid=112860290.2366204553651755500.1585646810138.7888; PHPSESSID=1533678cfc86de7628455b35182b74b6; monitor_count=20',
  'cache-control' => 'no-cache',
  'connection' => 'close',
  'content-length' => '30',
  'host' => 'web.4656.top',
  'user-agent' => 'Mozilla/5.0 (Windows NT 10.0; WOW64; Trident/7.0; rv:11.0) like Gecko',
  'accept-encoding' => 'gzip, deflate',
  'accept-language' => 'zh-CN',
  'referer' => 'http://web.4656.top/admin/login/index.html',
  'x-requested-with' => 'XMLHttpRequest',
  'accept' => 'application/json, text/javascript, */*; q=0.01',
  'content-type' => 'application/x-www-form-urlencoded; charset=UTF-8',
)
[ info ] [ PARAM ] array (
  'username' => 'admin',
  'password' => '123456',
)
[ info ] [ DB ] INIT mysql
[ info ] [ LOG ] INIT File
[ sql ] [ DB ] CONNECT:[ UseTime:0.000000s ] mysql:host=127.0.0.1;port=3306;dbname=qk_wubowei_xyz;charset=utf8
[ error ] [10501]SQLSTATE[42S02]: Base table or view not found: 1146 Table 'qk_wubowei_xyz.manage_user' doesn't exist[D:\wwwroot\web.4656.top\thinkphp\library\think\db\Connection.php:700]
---------------------------------------------------------------
[ 2020-04-14T23:14:06+08:00 ] 171.212.137.228 POST /admin/login/login.html
[ info ] web.4656.top/admin/login/login.html [运行时间：0.031172s][吞吐率：32.08req/s] [内存消耗：2,574.76kb] [文件加载：79]
[ info ] [ LANG ] D:\wwwroot\web.4656.top\thinkphp\lang\zh-cn.php
[ info ] [ ROUTE ] array (
)
[ info ] [ HEADER ] array (
  'cookie' => '__guid=112860290.2366204553651755500.1585646810138.7888; PHPSESSID=1533678cfc86de7628455b35182b74b6; monitor_count=20',
  'cache-control' => 'no-cache',
  'connection' => 'close',
  'content-length' => '30',
  'host' => 'web.4656.top',
  'user-agent' => 'Mozilla/5.0 (Windows NT 10.0; WOW64; Trident/7.0; rv:11.0) like Gecko',
  'accept-encoding' => 'gzip, deflate',
  'accept-language' => 'zh-CN',
  'referer' => 'http://web.4656.top/admin/login/index.html',
  'x-requested-with' => 'XMLHttpRequest',
  'accept' => 'application/json, text/javascript, */*; q=0.01',
  'content-type' => 'application/x-www-form-urlencoded; charset=UTF-8',
)
[ info ] [ PARAM ] array (
  'username' => 'admin',
  'password' => '123456',
)
[ info ] [ DB ] INIT mysql
[ info ] [ LOG ] INIT File
[ sql ] [ DB ] CONNECT:[ UseTime:0.000000s ] mysql:host=127.0.0.1;port=3306;dbname=qk_wubowei_xyz;charset=utf8
[ error ] [10501]SQLSTATE[42S02]: Base table or view not found: 1146 Table 'qk_wubowei_xyz.manage_user' doesn't exist[D:\wwwroot\web.4656.top\thinkphp\library\think\db\Connection.php:700]
---------------------------------------------------------------
[ 2020-04-14T23:14:06+08:00 ] 171.212.137.228 POST /admin/login/login.html
[ info ] web.4656.top/admin/login/login.html [运行时间：0.031172s][吞吐率：32.08req/s] [内存消耗：2,574.76kb] [文件加载：79]
[ info ] [ LANG ] D:\wwwroot\web.4656.top\thinkphp\lang\zh-cn.php
[ info ] [ ROUTE ] array (
)
[ info ] [ HEADER ] array (
  'cookie' => '__guid=112860290.2366204553651755500.1585646810138.7888; PHPSESSID=1533678cfc86de7628455b35182b74b6; monitor_count=20',
  'cache-control' => 'no-cache',
  'connection' => 'close',
  'content-length' => '30',
  'host' => 'web.4656.top',
  'user-agent' => 'Mozilla/5.0 (Windows NT 10.0; WOW64; Trident/7.0; rv:11.0) like Gecko',
  'accept-encoding' => 'gzip, deflate',
  'accept-language' => 'zh-CN',
  'referer' => 'http://web.4656.top/admin/login/index.html',
  'x-requested-with' => 'XMLHttpRequest',
  'accept' => 'application/json, text/javascript, */*; q=0.01',
  'content-type' => 'application/x-www-form-urlencoded; charset=UTF-8',
)
[ info ] [ PARAM ] array (
  'username' => 'admin',
  'password' => '123456',
)
[ info ] [ DB ] INIT mysql
[ info ] [ LOG ] INIT File
[ sql ] [ DB ] CONNECT:[ UseTime:0.000000s ] mysql:host=127.0.0.1;port=3306;dbname=qk_wubowei_xyz;charset=utf8
[ error ] [10501]SQLSTATE[42S02]: Base table or view not found: 1146 Table 'qk_wubowei_xyz.manage_user' doesn't exist[D:\wwwroot\web.4656.top\thinkphp\library\think\db\Connection.php:700]
---------------------------------------------------------------
[ 2020-04-14T23:14:06+08:00 ] 171.212.137.228 POST /admin/login/login.html
[ info ] web.4656.top/admin/login/login.html [运行时间：0.046757s][吞吐率：21.39req/s] [内存消耗：2,574.76kb] [文件加载：79]
[ info ] [ LANG ] D:\wwwroot\web.4656.top\thinkphp\lang\zh-cn.php
[ info ] [ ROUTE ] array (
)
[ info ] [ HEADER ] array (
  'cookie' => '__guid=112860290.2366204553651755500.1585646810138.7888; PHPSESSID=1533678cfc86de7628455b35182b74b6; monitor_count=20',
  'cache-control' => 'no-cache',
  'connection' => 'close',
  'content-length' => '30',
  'host' => 'web.4656.top',
  'user-agent' => 'Mozilla/5.0 (Windows NT 10.0; WOW64; Trident/7.0; rv:11.0) like Gecko',
  'accept-encoding' => 'gzip, deflate',
  'accept-language' => 'zh-CN',
  'referer' => 'http://web.4656.top/admin/login/index.html',
  'x-requested-with' => 'XMLHttpRequest',
  'accept' => 'application/json, text/javascript, */*; q=0.01',
  'content-type' => 'application/x-www-form-urlencoded; charset=UTF-8',
)
[ info ] [ PARAM ] array (
  'username' => 'admin',
  'password' => '123456',
)
[ info ] [ DB ] INIT mysql
[ info ] [ LOG ] INIT File
[ sql ] [ DB ] CONNECT:[ UseTime:0.000000s ] mysql:host=127.0.0.1;port=3306;dbname=qk_wubowei_xyz;charset=utf8
[ error ] [10501]SQLSTATE[42S02]: Base table or view not found: 1146 Table 'qk_wubowei_xyz.manage_user' doesn't exist[D:\wwwroot\web.4656.top\thinkphp\library\think\db\Connection.php:700]
---------------------------------------------------------------
[ 2020-04-14T23:14:07+08:00 ] 171.212.137.228 POST /admin/login/login.html
[ info ] web.4656.top/admin/login/login.html [运行时间：0.046757s][吞吐率：21.39req/s] [内存消耗：2,574.76kb] [文件加载：79]
[ info ] [ LANG ] D:\wwwroot\web.4656.top\thinkphp\lang\zh-cn.php
[ info ] [ ROUTE ] array (
)
[ info ] [ HEADER ] array (
  'cookie' => '__guid=112860290.2366204553651755500.1585646810138.7888; PHPSESSID=1533678cfc86de7628455b35182b74b6; monitor_count=20',
  'cache-control' => 'no-cache',
  'connection' => 'close',
  'content-length' => '30',
  'host' => 'web.4656.top',
  'user-agent' => 'Mozilla/5.0 (Windows NT 10.0; WOW64; Trident/7.0; rv:11.0) like Gecko',
  'accept-encoding' => 'gzip, deflate',
  'accept-language' => 'zh-CN',
  'referer' => 'http://web.4656.top/admin/login/index.html',
  'x-requested-with' => 'XMLHttpRequest',
  'accept' => 'application/json, text/javascript, */*; q=0.01',
  'content-type' => 'application/x-www-form-urlencoded; charset=UTF-8',
)
[ info ] [ PARAM ] array (
  'username' => 'admin',
  'password' => '123456',
)
[ info ] [ DB ] INIT mysql
[ info ] [ LOG ] INIT File
[ sql ] [ DB ] CONNECT:[ UseTime:0.000000s ] mysql:host=127.0.0.1;port=3306;dbname=qk_wubowei_xyz;charset=utf8
[ error ] [10501]SQLSTATE[42S02]: Base table or view not found: 1146 Table 'qk_wubowei_xyz.manage_user' doesn't exist[D:\wwwroot\web.4656.top\thinkphp\library\think\db\Connection.php:700]
---------------------------------------------------------------
[ 2020-04-14T23:14:07+08:00 ] 171.212.137.228 POST /admin/login/login.html
[ info ] web.4656.top/admin/login/login.html [运行时间：0.046758s][吞吐率：21.39req/s] [内存消耗：2,574.76kb] [文件加载：79]
[ info ] [ LANG ] D:\wwwroot\web.4656.top\thinkphp\lang\zh-cn.php
[ info ] [ ROUTE ] array (
)
[ info ] [ HEADER ] array (
  'cookie' => '__guid=112860290.2366204553651755500.1585646810138.7888; PHPSESSID=1533678cfc86de7628455b35182b74b6; monitor_count=20',
  'cache-control' => 'no-cache',
  'connection' => 'close',
  'content-length' => '30',
  'host' => 'web.4656.top',
  'user-agent' => 'Mozilla/5.0 (Windows NT 10.0; WOW64; Trident/7.0; rv:11.0) like Gecko',
  'accept-encoding' => 'gzip, deflate',
  'accept-language' => 'zh-CN',
  'referer' => 'http://web.4656.top/admin/login/index.html',
  'x-requested-with' => 'XMLHttpRequest',
  'accept' => 'application/json, text/javascript, */*; q=0.01',
  'content-type' => 'application/x-www-form-urlencoded; charset=UTF-8',
)
[ info ] [ PARAM ] array (
  'username' => 'admin',
  'password' => '123456',
)
[ info ] [ DB ] INIT mysql
[ info ] [ LOG ] INIT File
[ sql ] [ DB ] CONNECT:[ UseTime:0.000000s ] mysql:host=127.0.0.1;port=3306;dbname=qk_wubowei_xyz;charset=utf8
[ error ] [10501]SQLSTATE[42S02]: Base table or view not found: 1146 Table 'qk_wubowei_xyz.manage_user' doesn't exist[D:\wwwroot\web.4656.top\thinkphp\library\think\db\Connection.php:700]
---------------------------------------------------------------
[ 2020-04-14T23:14:07+08:00 ] 171.212.137.228 POST /admin/login/login.html
[ info ] web.4656.top/admin/login/login.html [运行时间：0.046757s][吞吐率：21.39req/s] [内存消耗：2,574.76kb] [文件加载：79]
[ info ] [ LANG ] D:\wwwroot\web.4656.top\thinkphp\lang\zh-cn.php
[ info ] [ ROUTE ] array (
)
[ info ] [ HEADER ] array (
  'cookie' => '__guid=112860290.2366204553651755500.1585646810138.7888; PHPSESSID=1533678cfc86de7628455b35182b74b6; monitor_count=20',
  'cache-control' => 'no-cache',
  'connection' => 'close',
  'content-length' => '30',
  'host' => 'web.4656.top',
  'user-agent' => 'Mozilla/5.0 (Windows NT 10.0; WOW64; Trident/7.0; rv:11.0) like Gecko',
  'accept-encoding' => 'gzip, deflate',
  'accept-language' => 'zh-CN',
  'referer' => 'http://web.4656.top/admin/login/index.html',
  'x-requested-with' => 'XMLHttpRequest',
  'accept' => 'application/json, text/javascript, */*; q=0.01',
  'content-type' => 'application/x-www-form-urlencoded; charset=UTF-8',
)
[ info ] [ PARAM ] array (
  'username' => 'admin',
  'password' => '123456',
)
[ info ] [ DB ] INIT mysql
[ info ] [ LOG ] INIT File
[ sql ] [ DB ] CONNECT:[ UseTime:0.000000s ] mysql:host=127.0.0.1;port=3306;dbname=qk_wubowei_xyz;charset=utf8
[ error ] [10501]SQLSTATE[42S02]: Base table or view not found: 1146 Table 'qk_wubowei_xyz.manage_user' doesn't exist[D:\wwwroot\web.4656.top\thinkphp\library\think\db\Connection.php:700]
---------------------------------------------------------------
[ 2020-04-14T23:14:10+08:00 ] 171.212.137.228 GET /index/publics/index.html
[ info ] web.4656.top/index/publics/index.html [运行时间：0.024352s][吞吐率：41.06req/s] [内存消耗：1,699.52kb] [文件加载：71]
[ info ] [ LANG ] D:\wwwroot\web.4656.top\thinkphp\lang\zh-cn.php
[ info ] [ ROUTE ] array (
)
[ info ] [ HEADER ] array (
  'cookie' => '__guid=112860290.2366204553651755500.1585646810138.7888; PHPSESSID=1533678cfc86de7628455b35182b74b6; monitor_count=20',
  'accept-language' => 'zh-CN,zh;q=0.9',
  'accept-encoding' => 'gzip, deflate',
  'accept' => 'text/html,application/xhtml+xml,application/xml;q=0.9,image/webp,image/apng,*/*;q=0.8',
  'user-agent' => 'Mozilla/5.0 (Linux; Android 5.0; SM-G900P Build/LRX21T) AppleWebKit/537.36 (KHTML, like Gecko) Chrome/69.0.3497.100 Mobile Safari/537.36',
  'upgrade-insecure-requests' => '1',
  'cache-control' => 'max-age=0',
  'connection' => 'close',
  'host' => 'web.4656.top',
)
[ info ] [ PARAM ] array (
)
[ info ] [ CACHE ] INIT File
[ info ] [ VIEW ] D:\wwwroot\web.4656.top\application\index\view\publics\login.html [ array (
) ]
[ info ] [ LOG ] INIT File
---------------------------------------------------------------
[ 2020-04-14T23:14:16+08:00 ] 171.212.137.228 POST /admin/login/login.html
[ info ] web.4656.top/admin/login/login.html [运行时间：0.031171s][吞吐率：32.08req/s] [内存消耗：2,574.76kb] [文件加载：79]
[ info ] [ LANG ] D:\wwwroot\web.4656.top\thinkphp\lang\zh-cn.php
[ info ] [ ROUTE ] array (
)
[ info ] [ HEADER ] array (
  'cookie' => '__guid=112860290.2366204553651755500.1585646810138.7888; PHPSESSID=1533678cfc86de7628455b35182b74b6; monitor_count=21',
  'cache-control' => 'no-cache',
  'connection' => 'close',
  'content-length' => '30',
  'host' => 'web.4656.top',
  'user-agent' => 'Mozilla/5.0 (Windows NT 10.0; WOW64; Trident/7.0; rv:11.0) like Gecko',
  'accept-encoding' => 'gzip, deflate',
  'accept-language' => 'zh-CN',
  'referer' => 'http://web.4656.top/admin/login/index.html',
  'x-requested-with' => 'XMLHttpRequest',
  'accept' => 'application/json, text/javascript, */*; q=0.01',
  'content-type' => 'application/x-www-form-urlencoded; charset=UTF-8',
)
[ info ] [ PARAM ] array (
  'username' => 'admin',
  'password' => '123456',
)
[ info ] [ DB ] INIT mysql
[ info ] [ LOG ] INIT File
[ sql ] [ DB ] CONNECT:[ UseTime:0.000000s ] mysql:host=127.0.0.1;port=3306;dbname=qk_wubowei_xyz;charset=utf8
[ error ] [10501]SQLSTATE[42S02]: Base table or view not found: 1146 Table 'qk_wubowei_xyz.manage_user' doesn't exist[D:\wwwroot\web.4656.top\thinkphp\library\think\db\Connection.php:700]
---------------------------------------------------------------
[ 2020-04-14T23:14:16+08:00 ] 171.212.137.228 POST /admin/login/login.html
[ info ] web.4656.top/admin/login/login.html [运行时间：0.046757s][吞吐率：21.39req/s] [内存消耗：2,574.76kb] [文件加载：79]
[ info ] [ LANG ] D:\wwwroot\web.4656.top\thinkphp\lang\zh-cn.php
[ info ] [ ROUTE ] array (
)
[ info ] [ HEADER ] array (
  'cookie' => '__guid=112860290.2366204553651755500.1585646810138.7888; PHPSESSID=1533678cfc86de7628455b35182b74b6; monitor_count=21',
  'cache-control' => 'no-cache',
  'connection' => 'close',
  'content-length' => '30',
  'host' => 'web.4656.top',
  'user-agent' => 'Mozilla/5.0 (Windows NT 10.0; WOW64; Trident/7.0; rv:11.0) like Gecko',
  'accept-encoding' => 'gzip, deflate',
  'accept-language' => 'zh-CN',
  'referer' => 'http://web.4656.top/admin/login/index.html',
  'x-requested-with' => 'XMLHttpRequest',
  'accept' => 'application/json, text/javascript, */*; q=0.01',
  'content-type' => 'application/x-www-form-urlencoded; charset=UTF-8',
)
[ info ] [ PARAM ] array (
  'username' => 'admin',
  'password' => '123456',
)
[ info ] [ DB ] INIT mysql
[ info ] [ LOG ] INIT File
[ sql ] [ DB ] CONNECT:[ UseTime:0.000000s ] mysql:host=127.0.0.1;port=3306;dbname=qk_wubowei_xyz;charset=utf8
[ error ] [10501]SQLSTATE[42S02]: Base table or view not found: 1146 Table 'qk_wubowei_xyz.manage_user' doesn't exist[D:\wwwroot\web.4656.top\thinkphp\library\think\db\Connection.php:700]
---------------------------------------------------------------
[ 2020-04-14T23:14:19+08:00 ] 171.212.137.228 POST /admin/login/login.html
[ info ] web.4656.top/admin/login/login.html [运行时间：0.046758s][吞吐率：21.39req/s] [内存消耗：2,574.76kb] [文件加载：79]
[ info ] [ LANG ] D:\wwwroot\web.4656.top\thinkphp\lang\zh-cn.php
[ info ] [ ROUTE ] array (
)
[ info ] [ HEADER ] array (
  'cookie' => '__guid=112860290.2366204553651755500.1585646810138.7888; PHPSESSID=1533678cfc86de7628455b35182b74b6; monitor_count=21',
  'cache-control' => 'no-cache',
  'connection' => 'close',
  'content-length' => '30',
  'host' => 'web.4656.top',
  'user-agent' => 'Mozilla/5.0 (Windows NT 10.0; WOW64; Trident/7.0; rv:11.0) like Gecko',
  'accept-encoding' => 'gzip, deflate',
  'accept-language' => 'zh-CN',
  'referer' => 'http://web.4656.top/admin/login/index.html',
  'x-requested-with' => 'XMLHttpRequest',
  'accept' => 'application/json, text/javascript, */*; q=0.01',
  'content-type' => 'application/x-www-form-urlencoded; charset=UTF-8',
)
[ info ] [ PARAM ] array (
  'username' => 'admin',
  'password' => '123456',
)
[ info ] [ DB ] INIT mysql
[ info ] [ LOG ] INIT File
[ sql ] [ DB ] CONNECT:[ UseTime:0.000000s ] mysql:host=127.0.0.1;port=3306;dbname=qk_wubowei_xyz;charset=utf8
[ error ] [10501]SQLSTATE[42S02]: Base table or view not found: 1146 Table 'qk_wubowei_xyz.manage_user' doesn't exist[D:\wwwroot\web.4656.top\thinkphp\library\think\db\Connection.php:700]
---------------------------------------------------------------
[ 2020-04-14T23:14:19+08:00 ] 171.212.137.228 POST /admin/login/login.html
[ info ] web.4656.top/admin/login/login.html [运行时间：0.031171s][吞吐率：32.08req/s] [内存消耗：2,574.76kb] [文件加载：79]
[ info ] [ LANG ] D:\wwwroot\web.4656.top\thinkphp\lang\zh-cn.php
[ info ] [ ROUTE ] array (
)
[ info ] [ HEADER ] array (
  'cookie' => '__guid=112860290.2366204553651755500.1585646810138.7888; PHPSESSID=1533678cfc86de7628455b35182b74b6; monitor_count=21',
  'cache-control' => 'no-cache',
  'connection' => 'close',
  'content-length' => '30',
  'host' => 'web.4656.top',
  'user-agent' => 'Mozilla/5.0 (Windows NT 10.0; WOW64; Trident/7.0; rv:11.0) like Gecko',
  'accept-encoding' => 'gzip, deflate',
  'accept-language' => 'zh-CN',
  'referer' => 'http://web.4656.top/admin/login/index.html',
  'x-requested-with' => 'XMLHttpRequest',
  'accept' => 'application/json, text/javascript, */*; q=0.01',
  'content-type' => 'application/x-www-form-urlencoded; charset=UTF-8',
)
[ info ] [ PARAM ] array (
  'username' => 'admin',
  'password' => '123456',
)
[ info ] [ DB ] INIT mysql
[ info ] [ LOG ] INIT File
[ sql ] [ DB ] CONNECT:[ UseTime:0.000000s ] mysql:host=127.0.0.1;port=3306;dbname=qk_wubowei_xyz;charset=utf8
[ error ] [10501]SQLSTATE[42S02]: Base table or view not found: 1146 Table 'qk_wubowei_xyz.manage_user' doesn't exist[D:\wwwroot\web.4656.top\thinkphp\library\think\db\Connection.php:700]
---------------------------------------------------------------
[ 2020-04-14T23:14:19+08:00 ] 171.212.137.228 POST /admin/login/login.html
[ info ] web.4656.top/admin/login/login.html [运行时间：0.046757s][吞吐率：21.39req/s] [内存消耗：2,574.76kb] [文件加载：79]
[ info ] [ LANG ] D:\wwwroot\web.4656.top\thinkphp\lang\zh-cn.php
[ info ] [ ROUTE ] array (
)
[ info ] [ HEADER ] array (
  'cookie' => '__guid=112860290.2366204553651755500.1585646810138.7888; PHPSESSID=1533678cfc86de7628455b35182b74b6; monitor_count=21',
  'cache-control' => 'no-cache',
  'connection' => 'close',
  'content-length' => '30',
  'host' => 'web.4656.top',
  'user-agent' => 'Mozilla/5.0 (Windows NT 10.0; WOW64; Trident/7.0; rv:11.0) like Gecko',
  'accept-encoding' => 'gzip, deflate',
  'accept-language' => 'zh-CN',
  'referer' => 'http://web.4656.top/admin/login/index.html',
  'x-requested-with' => 'XMLHttpRequest',
  'accept' => 'application/json, text/javascript, */*; q=0.01',
  'content-type' => 'application/x-www-form-urlencoded; charset=UTF-8',
)
[ info ] [ PARAM ] array (
  'username' => 'admin',
  'password' => '123456',
)
[ info ] [ DB ] INIT mysql
[ info ] [ LOG ] INIT File
[ sql ] [ DB ] CONNECT:[ UseTime:0.000000s ] mysql:host=127.0.0.1;port=3306;dbname=qk_wubowei_xyz;charset=utf8
[ error ] [10501]SQLSTATE[42S02]: Base table or view not found: 1146 Table 'qk_wubowei_xyz.manage_user' doesn't exist[D:\wwwroot\web.4656.top\thinkphp\library\think\db\Connection.php:700]
---------------------------------------------------------------
[ 2020-04-14T23:14:19+08:00 ] 171.212.137.228 POST /admin/login/login.html
[ info ] web.4656.top/admin/login/login.html [运行时间：0.031171s][吞吐率：32.08req/s] [内存消耗：2,574.76kb] [文件加载：79]
[ info ] [ LANG ] D:\wwwroot\web.4656.top\thinkphp\lang\zh-cn.php
[ info ] [ ROUTE ] array (
)
[ info ] [ HEADER ] array (
  'cookie' => '__guid=112860290.2366204553651755500.1585646810138.7888; PHPSESSID=1533678cfc86de7628455b35182b74b6; monitor_count=21',
  'cache-control' => 'no-cache',
  'connection' => 'close',
  'content-length' => '30',
  'host' => 'web.4656.top',
  'user-agent' => 'Mozilla/5.0 (Windows NT 10.0; WOW64; Trident/7.0; rv:11.0) like Gecko',
  'accept-encoding' => 'gzip, deflate',
  'accept-language' => 'zh-CN',
  'referer' => 'http://web.4656.top/admin/login/index.html',
  'x-requested-with' => 'XMLHttpRequest',
  'accept' => 'application/json, text/javascript, */*; q=0.01',
  'content-type' => 'application/x-www-form-urlencoded; charset=UTF-8',
)
[ info ] [ PARAM ] array (
  'username' => 'admin',
  'password' => '123456',
)
[ info ] [ DB ] INIT mysql
[ info ] [ LOG ] INIT File
[ sql ] [ DB ] CONNECT:[ UseTime:0.000000s ] mysql:host=127.0.0.1;port=3306;dbname=qk_wubowei_xyz;charset=utf8
[ error ] [10501]SQLSTATE[42S02]: Base table or view not found: 1146 Table 'qk_wubowei_xyz.manage_user' doesn't exist[D:\wwwroot\web.4656.top\thinkphp\library\think\db\Connection.php:700]
---------------------------------------------------------------
[ 2020-04-14T23:14:19+08:00 ] 171.212.137.228 POST /admin/login/login.html
[ info ] web.4656.top/admin/login/login.html [运行时间：0.031172s][吞吐率：32.08req/s] [内存消耗：2,574.76kb] [文件加载：79]
[ info ] [ LANG ] D:\wwwroot\web.4656.top\thinkphp\lang\zh-cn.php
[ info ] [ ROUTE ] array (
)
[ info ] [ HEADER ] array (
  'cookie' => '__guid=112860290.2366204553651755500.1585646810138.7888; PHPSESSID=1533678cfc86de7628455b35182b74b6; monitor_count=21',
  'cache-control' => 'no-cache',
  'connection' => 'close',
  'content-length' => '30',
  'host' => 'web.4656.top',
  'user-agent' => 'Mozilla/5.0 (Windows NT 10.0; WOW64; Trident/7.0; rv:11.0) like Gecko',
  'accept-encoding' => 'gzip, deflate',
  'accept-language' => 'zh-CN',
  'referer' => 'http://web.4656.top/admin/login/index.html',
  'x-requested-with' => 'XMLHttpRequest',
  'accept' => 'application/json, text/javascript, */*; q=0.01',
  'content-type' => 'application/x-www-form-urlencoded; charset=UTF-8',
)
[ info ] [ PARAM ] array (
  'username' => 'admin',
  'password' => '123456',
)
[ info ] [ DB ] INIT mysql
[ info ] [ LOG ] INIT File
[ sql ] [ DB ] CONNECT:[ UseTime:0.000000s ] mysql:host=127.0.0.1;port=3306;dbname=qk_wubowei_xyz;charset=utf8
[ error ] [10501]SQLSTATE[42S02]: Base table or view not found: 1146 Table 'qk_wubowei_xyz.manage_user' doesn't exist[D:\wwwroot\web.4656.top\thinkphp\library\think\db\Connection.php:700]
---------------------------------------------------------------
[ 2020-04-14T23:14:20+08:00 ] 171.212.137.228 POST /admin/login/login.html
[ info ] web.4656.top/admin/login/login.html [运行时间：0.031172s][吞吐率：32.08req/s] [内存消耗：2,574.76kb] [文件加载：79]
[ info ] [ LANG ] D:\wwwroot\web.4656.top\thinkphp\lang\zh-cn.php
[ info ] [ ROUTE ] array (
)
[ info ] [ HEADER ] array (
  'cookie' => '__guid=112860290.2366204553651755500.1585646810138.7888; PHPSESSID=1533678cfc86de7628455b35182b74b6; monitor_count=21',
  'cache-control' => 'no-cache',
  'connection' => 'close',
  'content-length' => '30',
  'host' => 'web.4656.top',
  'user-agent' => 'Mozilla/5.0 (Windows NT 10.0; WOW64; Trident/7.0; rv:11.0) like Gecko',
  'accept-encoding' => 'gzip, deflate',
  'accept-language' => 'zh-CN',
  'referer' => 'http://web.4656.top/admin/login/index.html',
  'x-requested-with' => 'XMLHttpRequest',
  'accept' => 'application/json, text/javascript, */*; q=0.01',
  'content-type' => 'application/x-www-form-urlencoded; charset=UTF-8',
)
[ info ] [ PARAM ] array (
  'username' => 'admin',
  'password' => '123456',
)
[ info ] [ DB ] INIT mysql
[ info ] [ LOG ] INIT File
[ sql ] [ DB ] CONNECT:[ UseTime:0.015586s ] mysql:host=127.0.0.1;port=3306;dbname=qk_wubowei_xyz;charset=utf8
[ error ] [10501]SQLSTATE[42S02]: Base table or view not found: 1146 Table 'qk_wubowei_xyz.manage_user' doesn't exist[D:\wwwroot\web.4656.top\thinkphp\library\think\db\Connection.php:700]
---------------------------------------------------------------
[ 2020-04-14T23:14:20+08:00 ] 171.212.137.228 POST /admin/login/login.html
[ info ] web.4656.top/admin/login/login.html [运行时间：0.031172s][吞吐率：32.08req/s] [内存消耗：2,574.76kb] [文件加载：79]
[ info ] [ LANG ] D:\wwwroot\web.4656.top\thinkphp\lang\zh-cn.php
[ info ] [ ROUTE ] array (
)
[ info ] [ HEADER ] array (
  'cookie' => '__guid=112860290.2366204553651755500.1585646810138.7888; PHPSESSID=1533678cfc86de7628455b35182b74b6; monitor_count=21',
  'cache-control' => 'no-cache',
  'connection' => 'close',
  'content-length' => '30',
  'host' => 'web.4656.top',
  'user-agent' => 'Mozilla/5.0 (Windows NT 10.0; WOW64; Trident/7.0; rv:11.0) like Gecko',
  'accept-encoding' => 'gzip, deflate',
  'accept-language' => 'zh-CN',
  'referer' => 'http://web.4656.top/admin/login/index.html',
  'x-requested-with' => 'XMLHttpRequest',
  'accept' => 'application/json, text/javascript, */*; q=0.01',
  'content-type' => 'application/x-www-form-urlencoded; charset=UTF-8',
)
[ info ] [ PARAM ] array (
  'username' => 'admin',
  'password' => '123456',
)
[ info ] [ DB ] INIT mysql
[ info ] [ LOG ] INIT File
[ sql ] [ DB ] CONNECT:[ UseTime:0.000000s ] mysql:host=127.0.0.1;port=3306;dbname=qk_wubowei_xyz;charset=utf8
[ error ] [10501]SQLSTATE[42S02]: Base table or view not found: 1146 Table 'qk_wubowei_xyz.manage_user' doesn't exist[D:\wwwroot\web.4656.top\thinkphp\library\think\db\Connection.php:700]
---------------------------------------------------------------
[ 2020-04-14T23:14:20+08:00 ] 171.212.137.228 POST /admin/login/login.html
[ info ] web.4656.top/admin/login/login.html [运行时间：0.031172s][吞吐率：32.08req/s] [内存消耗：2,574.76kb] [文件加载：79]
[ info ] [ LANG ] D:\wwwroot\web.4656.top\thinkphp\lang\zh-cn.php
[ info ] [ ROUTE ] array (
)
[ info ] [ HEADER ] array (
  'cookie' => '__guid=112860290.2366204553651755500.1585646810138.7888; PHPSESSID=1533678cfc86de7628455b35182b74b6; monitor_count=21',
  'cache-control' => 'no-cache',
  'connection' => 'close',
  'content-length' => '30',
  'host' => 'web.4656.top',
  'user-agent' => 'Mozilla/5.0 (Windows NT 10.0; WOW64; Trident/7.0; rv:11.0) like Gecko',
  'accept-encoding' => 'gzip, deflate',
  'accept-language' => 'zh-CN',
  'referer' => 'http://web.4656.top/admin/login/index.html',
  'x-requested-with' => 'XMLHttpRequest',
  'accept' => 'application/json, text/javascript, */*; q=0.01',
  'content-type' => 'application/x-www-form-urlencoded; charset=UTF-8',
)
[ info ] [ PARAM ] array (
  'username' => 'admin',
  'password' => '123456',
)
[ info ] [ DB ] INIT mysql
[ info ] [ LOG ] INIT File
[ sql ] [ DB ] CONNECT:[ UseTime:0.000000s ] mysql:host=127.0.0.1;port=3306;dbname=qk_wubowei_xyz;charset=utf8
[ error ] [10501]SQLSTATE[42S02]: Base table or view not found: 1146 Table 'qk_wubowei_xyz.manage_user' doesn't exist[D:\wwwroot\web.4656.top\thinkphp\library\think\db\Connection.php:700]
---------------------------------------------------------------
[ 2020-04-14T23:14:23+08:00 ] 171.212.137.228 POST /admin/login/login.html
[ info ] web.4656.top/admin/login/login.html [运行时间：0.031172s][吞吐率：32.08req/s] [内存消耗：2,574.76kb] [文件加载：79]
[ info ] [ LANG ] D:\wwwroot\web.4656.top\thinkphp\lang\zh-cn.php
[ info ] [ ROUTE ] array (
)
[ info ] [ HEADER ] array (
  'cookie' => '__guid=112860290.2366204553651755500.1585646810138.7888; PHPSESSID=1533678cfc86de7628455b35182b74b6; monitor_count=21',
  'cache-control' => 'no-cache',
  'connection' => 'close',
  'content-length' => '30',
  'host' => 'web.4656.top',
  'user-agent' => 'Mozilla/5.0 (Windows NT 10.0; WOW64; Trident/7.0; rv:11.0) like Gecko',
  'accept-encoding' => 'gzip, deflate',
  'accept-language' => 'zh-CN',
  'referer' => 'http://web.4656.top/admin/login/index.html',
  'x-requested-with' => 'XMLHttpRequest',
  'accept' => 'application/json, text/javascript, */*; q=0.01',
  'content-type' => 'application/x-www-form-urlencoded; charset=UTF-8',
)
[ info ] [ PARAM ] array (
  'username' => 'admin',
  'password' => '123456',
)
[ info ] [ DB ] INIT mysql
[ info ] [ LOG ] INIT File
[ sql ] [ DB ] CONNECT:[ UseTime:0.000000s ] mysql:host=127.0.0.1;port=3306;dbname=qk_wubowei_xyz;charset=utf8
[ error ] [10501]SQLSTATE[42S02]: Base table or view not found: 1146 Table 'qk_wubowei_xyz.manage_user' doesn't exist[D:\wwwroot\web.4656.top\thinkphp\library\think\db\Connection.php:700]
---------------------------------------------------------------
[ 2020-04-14T23:16:23+08:00 ] 171.212.137.228 POST /admin/login/login.html
[ info ] web.4656.top/admin/login/login.html [运行时间：0.046757s][吞吐率：21.39req/s] [内存消耗：2,574.76kb] [文件加载：79]
[ info ] [ LANG ] D:\wwwroot\web.4656.top\thinkphp\lang\zh-cn.php
[ info ] [ ROUTE ] array (
)
[ info ] [ HEADER ] array (
  'cookie' => '__guid=112860290.2366204553651755500.1585646810138.7888; PHPSESSID=1533678cfc86de7628455b35182b74b6; monitor_count=21',
  'cache-control' => 'no-cache',
  'connection' => 'close',
  'content-length' => '30',
  'host' => 'web.4656.top',
  'user-agent' => 'Mozilla/5.0 (Windows NT 10.0; WOW64; Trident/7.0; rv:11.0) like Gecko',
  'accept-encoding' => 'gzip, deflate',
  'accept-language' => 'zh-CN',
  'referer' => 'http://web.4656.top/admin/login/index.html',
  'x-requested-with' => 'XMLHttpRequest',
  'accept' => 'application/json, text/javascript, */*; q=0.01',
  'content-type' => 'application/x-www-form-urlencoded; charset=UTF-8',
)
[ info ] [ PARAM ] array (
  'username' => 'admin',
  'password' => '123456',
)
[ info ] [ DB ] INIT mysql
[ info ] [ LOG ] INIT File
[ sql ] [ DB ] CONNECT:[ UseTime:0.000000s ] mysql:host=127.0.0.1;port=3306;dbname=qk_wubowei_xyz;charset=utf8
[ error ] [10501]SQLSTATE[42S02]: Base table or view not found: 1146 Table 'qk_wubowei_xyz.manage_user' doesn't exist[D:\wwwroot\web.4656.top\thinkphp\library\think\db\Connection.php:700]
---------------------------------------------------------------
[ 2020-04-14T23:16:24+08:00 ] 171.212.137.228 POST /admin/login/login.html
[ info ] web.4656.top/admin/login/login.html [运行时间：0.031171s][吞吐率：32.08req/s] [内存消耗：2,574.76kb] [文件加载：79]
[ info ] [ LANG ] D:\wwwroot\web.4656.top\thinkphp\lang\zh-cn.php
[ info ] [ ROUTE ] array (
)
[ info ] [ HEADER ] array (
  'cookie' => '__guid=112860290.2366204553651755500.1585646810138.7888; PHPSESSID=1533678cfc86de7628455b35182b74b6; monitor_count=21',
  'cache-control' => 'no-cache',
  'connection' => 'close',
  'content-length' => '30',
  'host' => 'web.4656.top',
  'user-agent' => 'Mozilla/5.0 (Windows NT 10.0; WOW64; Trident/7.0; rv:11.0) like Gecko',
  'accept-encoding' => 'gzip, deflate',
  'accept-language' => 'zh-CN',
  'referer' => 'http://web.4656.top/admin/login/index.html',
  'x-requested-with' => 'XMLHttpRequest',
  'accept' => 'application/json, text/javascript, */*; q=0.01',
  'content-type' => 'application/x-www-form-urlencoded; charset=UTF-8',
)
[ info ] [ PARAM ] array (
  'username' => 'admin',
  'password' => '123456',
)
[ info ] [ DB ] INIT mysql
[ info ] [ LOG ] INIT File
[ sql ] [ DB ] CONNECT:[ UseTime:0.000000s ] mysql:host=127.0.0.1;port=3306;dbname=qk_wubowei_xyz;charset=utf8
[ error ] [10501]SQLSTATE[42S02]: Base table or view not found: 1146 Table 'qk_wubowei_xyz.manage_user' doesn't exist[D:\wwwroot\web.4656.top\thinkphp\library\think\db\Connection.php:700]
---------------------------------------------------------------
[ 2020-04-14T23:16:24+08:00 ] 171.212.137.228 POST /admin/login/login.html
[ info ] web.4656.top/admin/login/login.html [运行时间：0.046757s][吞吐率：21.39req/s] [内存消耗：2,574.76kb] [文件加载：79]
[ info ] [ LANG ] D:\wwwroot\web.4656.top\thinkphp\lang\zh-cn.php
[ info ] [ ROUTE ] array (
)
[ info ] [ HEADER ] array (
  'cookie' => '__guid=112860290.2366204553651755500.1585646810138.7888; PHPSESSID=1533678cfc86de7628455b35182b74b6; monitor_count=21',
  'cache-control' => 'no-cache',
  'connection' => 'close',
  'content-length' => '30',
  'host' => 'web.4656.top',
  'user-agent' => 'Mozilla/5.0 (Windows NT 10.0; WOW64; Trident/7.0; rv:11.0) like Gecko',
  'accept-encoding' => 'gzip, deflate',
  'accept-language' => 'zh-CN',
  'referer' => 'http://web.4656.top/admin/login/index.html',
  'x-requested-with' => 'XMLHttpRequest',
  'accept' => 'application/json, text/javascript, */*; q=0.01',
  'content-type' => 'application/x-www-form-urlencoded; charset=UTF-8',
)
[ info ] [ PARAM ] array (
  'username' => 'admin',
  'password' => '123456',
)
[ info ] [ DB ] INIT mysql
[ info ] [ LOG ] INIT File
[ sql ] [ DB ] CONNECT:[ UseTime:0.000000s ] mysql:host=127.0.0.1;port=3306;dbname=qk_wubowei_xyz;charset=utf8
[ error ] [10501]SQLSTATE[42S02]: Base table or view not found: 1146 Table 'qk_wubowei_xyz.manage_user' doesn't exist[D:\wwwroot\web.4656.top\thinkphp\library\think\db\Connection.php:700]
---------------------------------------------------------------
[ 2020-04-14T23:16:24+08:00 ] 171.212.137.228 POST /admin/login/login.html
[ info ] web.4656.top/admin/login/login.html [运行时间：0.046757s][吞吐率：21.39req/s] [内存消耗：2,574.76kb] [文件加载：79]
[ info ] [ LANG ] D:\wwwroot\web.4656.top\thinkphp\lang\zh-cn.php
[ info ] [ ROUTE ] array (
)
[ info ] [ HEADER ] array (
  'cookie' => '__guid=112860290.2366204553651755500.1585646810138.7888; PHPSESSID=1533678cfc86de7628455b35182b74b6; monitor_count=21',
  'cache-control' => 'no-cache',
  'connection' => 'close',
  'content-length' => '30',
  'host' => 'web.4656.top',
  'user-agent' => 'Mozilla/5.0 (Windows NT 10.0; WOW64; Trident/7.0; rv:11.0) like Gecko',
  'accept-encoding' => 'gzip, deflate',
  'accept-language' => 'zh-CN',
  'referer' => 'http://web.4656.top/admin/login/index.html',
  'x-requested-with' => 'XMLHttpRequest',
  'accept' => 'application/json, text/javascript, */*; q=0.01',
  'content-type' => 'application/x-www-form-urlencoded; charset=UTF-8',
)
[ info ] [ PARAM ] array (
  'username' => 'admin',
  'password' => '123456',
)
[ info ] [ DB ] INIT mysql
[ info ] [ LOG ] INIT File
[ sql ] [ DB ] CONNECT:[ UseTime:0.000000s ] mysql:host=127.0.0.1;port=3306;dbname=qk_wubowei_xyz;charset=utf8
[ error ] [10501]SQLSTATE[42S02]: Base table or view not found: 1146 Table 'qk_wubowei_xyz.manage_user' doesn't exist[D:\wwwroot\web.4656.top\thinkphp\library\think\db\Connection.php:700]
---------------------------------------------------------------
[ 2020-04-14T23:16:24+08:00 ] 171.212.137.228 POST /admin/login/login.html
[ info ] web.4656.top/admin/login/login.html [运行时间：0.046757s][吞吐率：21.39req/s] [内存消耗：2,574.76kb] [文件加载：79]
[ info ] [ LANG ] D:\wwwroot\web.4656.top\thinkphp\lang\zh-cn.php
[ info ] [ ROUTE ] array (
)
[ info ] [ HEADER ] array (
  'cookie' => '__guid=112860290.2366204553651755500.1585646810138.7888; PHPSESSID=1533678cfc86de7628455b35182b74b6; monitor_count=21',
  'cache-control' => 'no-cache',
  'connection' => 'close',
  'content-length' => '30',
  'host' => 'web.4656.top',
  'user-agent' => 'Mozilla/5.0 (Windows NT 10.0; WOW64; Trident/7.0; rv:11.0) like Gecko',
  'accept-encoding' => 'gzip, deflate',
  'accept-language' => 'zh-CN',
  'referer' => 'http://web.4656.top/admin/login/index.html',
  'x-requested-with' => 'XMLHttpRequest',
  'accept' => 'application/json, text/javascript, */*; q=0.01',
  'content-type' => 'application/x-www-form-urlencoded; charset=UTF-8',
)
[ info ] [ PARAM ] array (
  'username' => 'admin',
  'password' => '123456',
)
[ info ] [ DB ] INIT mysql
[ info ] [ LOG ] INIT File
[ sql ] [ DB ] CONNECT:[ UseTime:0.000000s ] mysql:host=127.0.0.1;port=3306;dbname=qk_wubowei_xyz;charset=utf8
[ error ] [10501]SQLSTATE[42S02]: Base table or view not found: 1146 Table 'qk_wubowei_xyz.manage_user' doesn't exist[D:\wwwroot\web.4656.top\thinkphp\library\think\db\Connection.php:700]
---------------------------------------------------------------
[ 2020-04-14T23:16:25+08:00 ] 171.212.137.228 POST /admin/login/login.html
[ info ] web.4656.top/admin/login/login.html [运行时间：0.031172s][吞吐率：32.08req/s] [内存消耗：2,574.76kb] [文件加载：79]
[ info ] [ LANG ] D:\wwwroot\web.4656.top\thinkphp\lang\zh-cn.php
[ info ] [ ROUTE ] array (
)
[ info ] [ HEADER ] array (
  'cookie' => '__guid=112860290.2366204553651755500.1585646810138.7888; PHPSESSID=1533678cfc86de7628455b35182b74b6; monitor_count=21',
  'cache-control' => 'no-cache',
  'connection' => 'close',
  'content-length' => '30',
  'host' => 'web.4656.top',
  'user-agent' => 'Mozilla/5.0 (Windows NT 10.0; WOW64; Trident/7.0; rv:11.0) like Gecko',
  'accept-encoding' => 'gzip, deflate',
  'accept-language' => 'zh-CN',
  'referer' => 'http://web.4656.top/admin/login/index.html',
  'x-requested-with' => 'XMLHttpRequest',
  'accept' => 'application/json, text/javascript, */*; q=0.01',
  'content-type' => 'application/x-www-form-urlencoded; charset=UTF-8',
)
[ info ] [ PARAM ] array (
  'username' => 'admin',
  'password' => '123456',
)
[ info ] [ DB ] INIT mysql
[ info ] [ LOG ] INIT File
[ sql ] [ DB ] CONNECT:[ UseTime:0.000000s ] mysql:host=127.0.0.1;port=3306;dbname=qk_wubowei_xyz;charset=utf8
[ error ] [10501]SQLSTATE[42S02]: Base table or view not found: 1146 Table 'qk_wubowei_xyz.manage_user' doesn't exist[D:\wwwroot\web.4656.top\thinkphp\library\think\db\Connection.php:700]
---------------------------------------------------------------
[ 2020-04-14T23:16:25+08:00 ] 171.212.137.228 POST /admin/login/login.html
[ info ] web.4656.top/admin/login/login.html [运行时间：0.046757s][吞吐率：21.39req/s] [内存消耗：2,574.76kb] [文件加载：79]
[ info ] [ LANG ] D:\wwwroot\web.4656.top\thinkphp\lang\zh-cn.php
[ info ] [ ROUTE ] array (
)
[ info ] [ HEADER ] array (
  'cookie' => '__guid=112860290.2366204553651755500.1585646810138.7888; PHPSESSID=1533678cfc86de7628455b35182b74b6; monitor_count=21',
  'cache-control' => 'no-cache',
  'connection' => 'close',
  'content-length' => '30',
  'host' => 'web.4656.top',
  'user-agent' => 'Mozilla/5.0 (Windows NT 10.0; WOW64; Trident/7.0; rv:11.0) like Gecko',
  'accept-encoding' => 'gzip, deflate',
  'accept-language' => 'zh-CN',
  'referer' => 'http://web.4656.top/admin/login/index.html',
  'x-requested-with' => 'XMLHttpRequest',
  'accept' => 'application/json, text/javascript, */*; q=0.01',
  'content-type' => 'application/x-www-form-urlencoded; charset=UTF-8',
)
[ info ] [ PARAM ] array (
  'username' => 'admin',
  'password' => '123456',
)
[ info ] [ DB ] INIT mysql
[ info ] [ LOG ] INIT File
[ sql ] [ DB ] CONNECT:[ UseTime:0.000000s ] mysql:host=127.0.0.1;port=3306;dbname=qk_wubowei_xyz;charset=utf8
[ error ] [10501]SQLSTATE[42S02]: Base table or view not found: 1146 Table 'qk_wubowei_xyz.manage_user' doesn't exist[D:\wwwroot\web.4656.top\thinkphp\library\think\db\Connection.php:700]
---------------------------------------------------------------
[ 2020-04-14T23:16:26+08:00 ] 171.212.137.228 POST /admin/login/login.html
[ info ] web.4656.top/admin/login/login.html [运行时间：0.046758s][吞吐率：21.39req/s] [内存消耗：2,574.76kb] [文件加载：79]
[ info ] [ LANG ] D:\wwwroot\web.4656.top\thinkphp\lang\zh-cn.php
[ info ] [ ROUTE ] array (
)
[ info ] [ HEADER ] array (
  'cookie' => '__guid=112860290.2366204553651755500.1585646810138.7888; PHPSESSID=1533678cfc86de7628455b35182b74b6; monitor_count=21',
  'cache-control' => 'no-cache',
  'connection' => 'close',
  'content-length' => '30',
  'host' => 'web.4656.top',
  'user-agent' => 'Mozilla/5.0 (Windows NT 10.0; WOW64; Trident/7.0; rv:11.0) like Gecko',
  'accept-encoding' => 'gzip, deflate',
  'accept-language' => 'zh-CN',
  'referer' => 'http://web.4656.top/admin/login/index.html',
  'x-requested-with' => 'XMLHttpRequest',
  'accept' => 'application/json, text/javascript, */*; q=0.01',
  'content-type' => 'application/x-www-form-urlencoded; charset=UTF-8',
)
[ info ] [ PARAM ] array (
  'username' => 'admin',
  'password' => '123456',
)
[ info ] [ DB ] INIT mysql
[ info ] [ LOG ] INIT File
[ sql ] [ DB ] CONNECT:[ UseTime:0.000000s ] mysql:host=127.0.0.1;port=3306;dbname=qk_wubowei_xyz;charset=utf8
[ error ] [10501]SQLSTATE[42S02]: Base table or view not found: 1146 Table 'qk_wubowei_xyz.manage_user' doesn't exist[D:\wwwroot\web.4656.top\thinkphp\library\think\db\Connection.php:700]
